[5.137s] Invoking command in '/home/jake/moveit2_ws_main/src/generate_parameter_library/generate_parameter_library_py': PYTHONPATH=/home/jake/moveit2_ws_main/build/generate_parameter_library_py/prefix_override:/usr/lib/python3/dist-packages/colcon_core/task/python/colcon_distutils_commands:/home/jake/moveit2_ws_main/install/generate_parameter_library_py/lib/python3.10/site-packages:${PYTHONPATH} /usr/bin/python3 -W ignore:setup.py install is deprecated setup.py egg_info --egg-base ../../../build/generate_parameter_library_py build --build-base /home/jake/moveit2_ws_main/build/generate_parameter_library_py/build install --record /home/jake/moveit2_ws_main/build/generate_parameter_library_py/install.log --single-version-externally-managed install_data
[7.036s] running egg_info
[7.036s] creating ../../../build/generate_parameter_library_py/generate_parameter_library_py.egg-info
[7.036s] writing ../../../build/generate_parameter_library_py/generate_parameter_library_py.egg-info/PKG-INFO
[7.036s] writing dependency_links to ../../../build/generate_parameter_library_py/generate_parameter_library_py.egg-info/dependency_links.txt
[7.037s] writing entry points to ../../../build/generate_parameter_library_py/generate_parameter_library_py.egg-info/entry_points.txt
[7.038s] writing requirements to ../../../build/generate_parameter_library_py/generate_parameter_library_py.egg-info/requires.txt
[7.039s] writing top-level names to ../../../build/generate_parameter_library_py/generate_parameter_library_py.egg-info/top_level.txt
[7.039s] writing manifest file '../../../build/generate_parameter_library_py/generate_parameter_library_py.egg-info/SOURCES.txt'
[7.039s] reading manifest file '../../../build/generate_parameter_library_py/generate_parameter_library_py.egg-info/SOURCES.txt'
[7.039s] writing manifest file '../../../build/generate_parameter_library_py/generate_parameter_library_py.egg-info/SOURCES.txt'
[7.039s] running build
[7.040s] running build_py
[7.041s] creating /home/jake/moveit2_ws_main/build/generate_parameter_library_py/build
[7.041s] creating /home/jake/moveit2_ws_main/build/generate_parameter_library_py/build/lib
[7.041s] creating /home/jake/moveit2_ws_main/build/generate_parameter_library_py/build/lib/generate_parameter_library_py
[7.042s] copying generate_parameter_library_py/parse_yaml.py -> /home/jake/moveit2_ws_main/build/generate_parameter_library_py/build/lib/generate_parameter_library_py
[7.042s] copying generate_parameter_library_py/generate_markdown.py -> /home/jake/moveit2_ws_main/build/generate_parameter_library_py/build/lib/generate_parameter_library_py
[7.042s] copying generate_parameter_library_py/python_validators.py -> /home/jake/moveit2_ws_main/build/generate_parameter_library_py/build/lib/generate_parameter_library_py
[7.042s] copying generate_parameter_library_py/cpp_convertions.py -> /home/jake/moveit2_ws_main/build/generate_parameter_library_py/build/lib/generate_parameter_library_py
[7.043s] copying generate_parameter_library_py/generate_cpp_header.py -> /home/jake/moveit2_ws_main/build/generate_parameter_library_py/build/lib/generate_parameter_library_py
[7.043s] copying generate_parameter_library_py/__init__.py -> /home/jake/moveit2_ws_main/build/generate_parameter_library_py/build/lib/generate_parameter_library_py
[7.043s] copying generate_parameter_library_py/python_convertions.py -> /home/jake/moveit2_ws_main/build/generate_parameter_library_py/build/lib/generate_parameter_library_py
[7.044s] copying generate_parameter_library_py/string_filters_cpp.py -> /home/jake/moveit2_ws_main/build/generate_parameter_library_py/build/lib/generate_parameter_library_py
[7.044s] copying generate_parameter_library_py/generate_python_module.py -> /home/jake/moveit2_ws_main/build/generate_parameter_library_py/build/lib/generate_parameter_library_py
[7.044s] copying generate_parameter_library_py/setup_helper.py -> /home/jake/moveit2_ws_main/build/generate_parameter_library_py/build/lib/generate_parameter_library_py
[7.045s] creating /home/jake/moveit2_ws_main/build/generate_parameter_library_py/build/lib/generate_parameter_library_py/jinja_templates
[7.045s] creating /home/jake/moveit2_ws_main/build/generate_parameter_library_py/build/lib/generate_parameter_library_py/jinja_templates/cpp
[7.045s] copying generate_parameter_library_py/jinja_templates/cpp/declare_parameter -> /home/jake/moveit2_ws_main/build/generate_parameter_library_py/build/lib/generate_parameter_library_py/jinja_templates/cpp
[7.046s] copying generate_parameter_library_py/jinja_templates/cpp/declare_runtime_parameter -> /home/jake/moveit2_ws_main/build/generate_parameter_library_py/build/lib/generate_parameter_library_py/jinja_templates/cpp
[7.046s] copying generate_parameter_library_py/jinja_templates/cpp/declare_struct -> /home/jake/moveit2_ws_main/build/generate_parameter_library_py/build/lib/generate_parameter_library_py/jinja_templates/cpp
[7.046s] copying generate_parameter_library_py/jinja_templates/cpp/declare_variable -> /home/jake/moveit2_ws_main/build/generate_parameter_library_py/build/lib/generate_parameter_library_py/jinja_templates/cpp
[7.047s] copying generate_parameter_library_py/jinja_templates/cpp/parameter_library_header -> /home/jake/moveit2_ws_main/build/generate_parameter_library_py/build/lib/generate_parameter_library_py/jinja_templates/cpp
[7.047s] copying generate_parameter_library_py/jinja_templates/cpp/parameter_validation -> /home/jake/moveit2_ws_main/build/generate_parameter_library_py/build/lib/generate_parameter_library_py/jinja_templates/cpp
[7.047s] copying generate_parameter_library_py/jinja_templates/cpp/remove_runtime_parameter -> /home/jake/moveit2_ws_main/build/generate_parameter_library_py/build/lib/generate_parameter_library_py/jinja_templates/cpp
[7.048s] copying generate_parameter_library_py/jinja_templates/cpp/set_parameter -> /home/jake/moveit2_ws_main/build/generate_parameter_library_py/build/lib/generate_parameter_library_py/jinja_templates/cpp
[7.048s] copying generate_parameter_library_py/jinja_templates/cpp/set_runtime_parameter -> /home/jake/moveit2_ws_main/build/generate_parameter_library_py/build/lib/generate_parameter_library_py/jinja_templates/cpp
[7.048s] copying generate_parameter_library_py/jinja_templates/cpp/set_stack_params -> /home/jake/moveit2_ws_main/build/generate_parameter_library_py/build/lib/generate_parameter_library_py/jinja_templates/cpp
[7.049s] copying generate_parameter_library_py/jinja_templates/cpp/update_parameter -> /home/jake/moveit2_ws_main/build/generate_parameter_library_py/build/lib/generate_parameter_library_py/jinja_templates/cpp
[7.049s] copying generate_parameter_library_py/jinja_templates/cpp/update_runtime_parameter -> /home/jake/moveit2_ws_main/build/generate_parameter_library_py/build/lib/generate_parameter_library_py/jinja_templates/cpp
[7.049s] creating /home/jake/moveit2_ws_main/build/generate_parameter_library_py/build/lib/generate_parameter_library_py/jinja_templates/markdown
[7.050s] copying generate_parameter_library_py/jinja_templates/markdown/default_config -> /home/jake/moveit2_ws_main/build/generate_parameter_library_py/build/lib/generate_parameter_library_py/jinja_templates/markdown
[7.050s] copying generate_parameter_library_py/jinja_templates/markdown/documentation -> /home/jake/moveit2_ws_main/build/generate_parameter_library_py/build/lib/generate_parameter_library_py/jinja_templates/markdown
[7.051s] copying generate_parameter_library_py/jinja_templates/markdown/parameter_detail -> /home/jake/moveit2_ws_main/build/generate_parameter_library_py/build/lib/generate_parameter_library_py/jinja_templates/markdown
[7.051s] creating /home/jake/moveit2_ws_main/build/generate_parameter_library_py/build/lib/generate_parameter_library_py/jinja_templates/rst
[7.052s] copying generate_parameter_library_py/jinja_templates/rst/default_config -> /home/jake/moveit2_ws_main/build/generate_parameter_library_py/build/lib/generate_parameter_library_py/jinja_templates/rst
[7.052s] copying generate_parameter_library_py/jinja_templates/rst/documentation -> /home/jake/moveit2_ws_main/build/generate_parameter_library_py/build/lib/generate_parameter_library_py/jinja_templates/rst
[7.053s] copying generate_parameter_library_py/jinja_templates/rst/parameter_detail -> /home/jake/moveit2_ws_main/build/generate_parameter_library_py/build/lib/generate_parameter_library_py/jinja_templates/rst
[7.053s] creating /home/jake/moveit2_ws_main/build/generate_parameter_library_py/build/lib/generate_parameter_library_py/jinja_templates/python
[7.054s] copying generate_parameter_library_py/jinja_templates/python/declare_parameter -> /home/jake/moveit2_ws_main/build/generate_parameter_library_py/build/lib/generate_parameter_library_py/jinja_templates/python
[7.054s] copying generate_parameter_library_py/jinja_templates/python/declare_runtime_parameter -> /home/jake/moveit2_ws_main/build/generate_parameter_library_py/build/lib/generate_parameter_library_py/jinja_templates/python
[7.055s] copying generate_parameter_library_py/jinja_templates/python/declare_struct -> /home/jake/moveit2_ws_main/build/generate_parameter_library_py/build/lib/generate_parameter_library_py/jinja_templates/python
[7.055s] copying generate_parameter_library_py/jinja_templates/python/declare_variable -> /home/jake/moveit2_ws_main/build/generate_parameter_library_py/build/lib/generate_parameter_library_py/jinja_templates/python
[7.056s] copying generate_parameter_library_py/jinja_templates/python/parameter_library_header -> /home/jake/moveit2_ws_main/build/generate_parameter_library_py/build/lib/generate_parameter_library_py/jinja_templates/python
[7.056s] copying generate_parameter_library_py/jinja_templates/python/parameter_validation -> /home/jake/moveit2_ws_main/build/generate_parameter_library_py/build/lib/generate_parameter_library_py/jinja_templates/python
[7.057s] copying generate_parameter_library_py/jinja_templates/python/remove_runtime_parameter -> /home/jake/moveit2_ws_main/build/generate_parameter_library_py/build/lib/generate_parameter_library_py/jinja_templates/python
[7.057s] copying generate_parameter_library_py/jinja_templates/python/set_parameter -> /home/jake/moveit2_ws_main/build/generate_parameter_library_py/build/lib/generate_parameter_library_py/jinja_templates/python
[7.058s] copying generate_parameter_library_py/jinja_templates/python/set_runtime_parameter -> /home/jake/moveit2_ws_main/build/generate_parameter_library_py/build/lib/generate_parameter_library_py/jinja_templates/python
[7.058s] copying generate_parameter_library_py/jinja_templates/python/set_stack_params -> /home/jake/moveit2_ws_main/build/generate_parameter_library_py/build/lib/generate_parameter_library_py/jinja_templates/python
[7.059s] copying generate_parameter_library_py/jinja_templates/python/update_parameter -> /home/jake/moveit2_ws_main/build/generate_parameter_library_py/build/lib/generate_parameter_library_py/jinja_templates/python
[7.059s] copying generate_parameter_library_py/jinja_templates/python/update_runtime_parameter -> /home/jake/moveit2_ws_main/build/generate_parameter_library_py/build/lib/generate_parameter_library_py/jinja_templates/python
[7.059s] running install
[7.060s] running install_lib
[7.060s] creating /home/jake/moveit2_ws_main/install/generate_parameter_library_py/lib/python3.10/site-packages/generate_parameter_library_py
[7.060s] copying /home/jake/moveit2_ws_main/build/generate_parameter_library_py/build/lib/generate_parameter_library_py/parse_yaml.py -> /home/jake/moveit2_ws_main/install/generate_parameter_library_py/lib/python3.10/site-packages/generate_parameter_library_py
[7.061s] copying /home/jake/moveit2_ws_main/build/generate_parameter_library_py/build/lib/generate_parameter_library_py/generate_markdown.py -> /home/jake/moveit2_ws_main/install/generate_parameter_library_py/lib/python3.10/site-packages/generate_parameter_library_py
[7.061s] copying /home/jake/moveit2_ws_main/build/generate_parameter_library_py/build/lib/generate_parameter_library_py/python_validators.py -> /home/jake/moveit2_ws_main/install/generate_parameter_library_py/lib/python3.10/site-packages/generate_parameter_library_py
[7.061s] copying /home/jake/moveit2_ws_main/build/generate_parameter_library_py/build/lib/generate_parameter_library_py/cpp_convertions.py -> /home/jake/moveit2_ws_main/install/generate_parameter_library_py/lib/python3.10/site-packages/generate_parameter_library_py
[7.062s] copying /home/jake/moveit2_ws_main/build/generate_parameter_library_py/build/lib/generate_parameter_library_py/generate_cpp_header.py -> /home/jake/moveit2_ws_main/install/generate_parameter_library_py/lib/python3.10/site-packages/generate_parameter_library_py
[7.062s] copying /home/jake/moveit2_ws_main/build/generate_parameter_library_py/build/lib/generate_parameter_library_py/__init__.py -> /home/jake/moveit2_ws_main/install/generate_parameter_library_py/lib/python3.10/site-packages/generate_parameter_library_py
[7.063s] copying /home/jake/moveit2_ws_main/build/generate_parameter_library_py/build/lib/generate_parameter_library_py/python_convertions.py -> /home/jake/moveit2_ws_main/install/generate_parameter_library_py/lib/python3.10/site-packages/generate_parameter_library_py
[7.063s] creating /home/jake/moveit2_ws_main/install/generate_parameter_library_py/lib/python3.10/site-packages/generate_parameter_library_py/jinja_templates
[7.063s] creating /home/jake/moveit2_ws_main/install/generate_parameter_library_py/lib/python3.10/site-packages/generate_parameter_library_py/jinja_templates/markdown
[7.064s] copying /home/jake/moveit2_ws_main/build/generate_parameter_library_py/build/lib/generate_parameter_library_py/jinja_templates/markdown/documentation -> /home/jake/moveit2_ws_main/install/generate_parameter_library_py/lib/python3.10/site-packages/generate_parameter_library_py/jinja_templates/markdown
[7.065s] copying /home/jake/moveit2_ws_main/build/generate_parameter_library_py/build/lib/generate_parameter_library_py/jinja_templates/markdown/default_config -> /home/jake/moveit2_ws_main/install/generate_parameter_library_py/lib/python3.10/site-packages/generate_parameter_library_py/jinja_templates/markdown
[7.065s] copying /home/jake/moveit2_ws_main/build/generate_parameter_library_py/build/lib/generate_parameter_library_py/jinja_templates/markdown/parameter_detail -> /home/jake/moveit2_ws_main/install/generate_parameter_library_py/lib/python3.10/site-packages/generate_parameter_library_py/jinja_templates/markdown
[7.065s] creating /home/jake/moveit2_ws_main/install/generate_parameter_library_py/lib/python3.10/site-packages/generate_parameter_library_py/jinja_templates/python
[7.066s] copying /home/jake/moveit2_ws_main/build/generate_parameter_library_py/build/lib/generate_parameter_library_py/jinja_templates/python/parameter_library_header -> /home/jake/moveit2_ws_main/install/generate_parameter_library_py/lib/python3.10/site-packages/generate_parameter_library_py/jinja_templates/python
[7.066s] copying /home/jake/moveit2_ws_main/build/generate_parameter_library_py/build/lib/generate_parameter_library_py/jinja_templates/python/update_runtime_parameter -> /home/jake/moveit2_ws_main/install/generate_parameter_library_py/lib/python3.10/site-packages/generate_parameter_library_py/jinja_templates/python
[7.066s] copying /home/jake/moveit2_ws_main/build/generate_parameter_library_py/build/lib/generate_parameter_library_py/jinja_templates/python/set_parameter -> /home/jake/moveit2_ws_main/install/generate_parameter_library_py/lib/python3.10/site-packages/generate_parameter_library_py/jinja_templates/python
[7.067s] copying /home/jake/moveit2_ws_main/build/generate_parameter_library_py/build/lib/generate_parameter_library_py/jinja_templates/python/update_parameter -> /home/jake/moveit2_ws_main/install/generate_parameter_library_py/lib/python3.10/site-packages/generate_parameter_library_py/jinja_templates/python
[7.067s] copying /home/jake/moveit2_ws_main/build/generate_parameter_library_py/build/lib/generate_parameter_library_py/jinja_templates/python/set_runtime_parameter -> /home/jake/moveit2_ws_main/install/generate_parameter_library_py/lib/python3.10/site-packages/generate_parameter_library_py/jinja_templates/python
[7.068s] copying /home/jake/moveit2_ws_main/build/generate_parameter_library_py/build/lib/generate_parameter_library_py/jinja_templates/python/set_stack_params -> /home/jake/moveit2_ws_main/install/generate_parameter_library_py/lib/python3.10/site-packages/generate_parameter_library_py/jinja_templates/python
[7.068s] copying /home/jake/moveit2_ws_main/build/generate_parameter_library_py/build/lib/generate_parameter_library_py/jinja_templates/python/declare_struct -> /home/jake/moveit2_ws_main/install/generate_parameter_library_py/lib/python3.10/site-packages/generate_parameter_library_py/jinja_templates/python
[7.068s] copying /home/jake/moveit2_ws_main/build/generate_parameter_library_py/build/lib/generate_parameter_library_py/jinja_templates/python/parameter_validation -> /home/jake/moveit2_ws_main/install/generate_parameter_library_py/lib/python3.10/site-packages/generate_parameter_library_py/jinja_templates/python
[7.068s] copying /home/jake/moveit2_ws_main/build/generate_parameter_library_py/build/lib/generate_parameter_library_py/jinja_templates/python/declare_variable -> /home/jake/moveit2_ws_main/install/generate_parameter_library_py/lib/python3.10/site-packages/generate_parameter_library_py/jinja_templates/python
[7.069s] copying /home/jake/moveit2_ws_main/build/generate_parameter_library_py/build/lib/generate_parameter_library_py/jinja_templates/python/declare_runtime_parameter -> /home/jake/moveit2_ws_main/install/generate_parameter_library_py/lib/python3.10/site-packages/generate_parameter_library_py/jinja_templates/python
[7.069s] copying /home/jake/moveit2_ws_main/build/generate_parameter_library_py/build/lib/generate_parameter_library_py/jinja_templates/python/declare_parameter -> /home/jake/moveit2_ws_main/install/generate_parameter_library_py/lib/python3.10/site-packages/generate_parameter_library_py/jinja_templates/python
[7.069s] copying /home/jake/moveit2_ws_main/build/generate_parameter_library_py/build/lib/generate_parameter_library_py/jinja_templates/python/remove_runtime_parameter -> /home/jake/moveit2_ws_main/install/generate_parameter_library_py/lib/python3.10/site-packages/generate_parameter_library_py/jinja_templates/python
[7.069s] creating /home/jake/moveit2_ws_main/install/generate_parameter_library_py/lib/python3.10/site-packages/generate_parameter_library_py/jinja_templates/rst
[7.070s] copying /home/jake/moveit2_ws_main/build/generate_parameter_library_py/build/lib/generate_parameter_library_py/jinja_templates/rst/documentation -> /home/jake/moveit2_ws_main/install/generate_parameter_library_py/lib/python3.10/site-packages/generate_parameter_library_py/jinja_templates/rst
[7.071s] copying /home/jake/moveit2_ws_main/build/generate_parameter_library_py/build/lib/generate_parameter_library_py/jinja_templates/rst/default_config -> /home/jake/moveit2_ws_main/install/generate_parameter_library_py/lib/python3.10/site-packages/generate_parameter_library_py/jinja_templates/rst
[7.071s] copying /home/jake/moveit2_ws_main/build/generate_parameter_library_py/build/lib/generate_parameter_library_py/jinja_templates/rst/parameter_detail -> /home/jake/moveit2_ws_main/install/generate_parameter_library_py/lib/python3.10/site-packages/generate_parameter_library_py/jinja_templates/rst
[7.072s] creating /home/jake/moveit2_ws_main/install/generate_parameter_library_py/lib/python3.10/site-packages/generate_parameter_library_py/jinja_templates/cpp
[7.072s] copying /home/jake/moveit2_ws_main/build/generate_parameter_library_py/build/lib/generate_parameter_library_py/jinja_templates/cpp/parameter_library_header -> /home/jake/moveit2_ws_main/install/generate_parameter_library_py/lib/python3.10/site-packages/generate_parameter_library_py/jinja_templates/cpp
[7.072s] copying /home/jake/moveit2_ws_main/build/generate_parameter_library_py/build/lib/generate_parameter_library_py/jinja_templates/cpp/update_runtime_parameter -> /home/jake/moveit2_ws_main/install/generate_parameter_library_py/lib/python3.10/site-packages/generate_parameter_library_py/jinja_templates/cpp
[7.072s] copying /home/jake/moveit2_ws_main/build/generate_parameter_library_py/build/lib/generate_parameter_library_py/jinja_templates/cpp/set_parameter -> /home/jake/moveit2_ws_main/install/generate_parameter_library_py/lib/python3.10/site-packages/generate_parameter_library_py/jinja_templates/cpp
[7.072s] copying /home/jake/moveit2_ws_main/build/generate_parameter_library_py/build/lib/generate_parameter_library_py/jinja_templates/cpp/update_parameter -> /home/jake/moveit2_ws_main/install/generate_parameter_library_py/lib/python3.10/site-packages/generate_parameter_library_py/jinja_templates/cpp
[7.073s] copying /home/jake/moveit2_ws_main/build/generate_parameter_library_py/build/lib/generate_parameter_library_py/jinja_templates/cpp/set_runtime_parameter -> /home/jake/moveit2_ws_main/install/generate_parameter_library_py/lib/python3.10/site-packages/generate_parameter_library_py/jinja_templates/cpp
[7.073s] copying /home/jake/moveit2_ws_main/build/generate_parameter_library_py/build/lib/generate_parameter_library_py/jinja_templates/cpp/set_stack_params -> /home/jake/moveit2_ws_main/install/generate_parameter_library_py/lib/python3.10/site-packages/generate_parameter_library_py/jinja_templates/cpp
[7.075s] copying /home/jake/moveit2_ws_main/build/generate_parameter_library_py/build/lib/generate_parameter_library_py/jinja_templates/cpp/declare_struct -> /home/jake/moveit2_ws_main/install/generate_parameter_library_py/lib/python3.10/site-packages/generate_parameter_library_py/jinja_templates/cpp
[7.075s] copying /home/jake/moveit2_ws_main/build/generate_parameter_library_py/build/lib/generate_parameter_library_py/jinja_templates/cpp/parameter_validation -> /home/jake/moveit2_ws_main/install/generate_parameter_library_py/lib/python3.10/site-packages/generate_parameter_library_py/jinja_templates/cpp
[7.075s] copying /home/jake/moveit2_ws_main/build/generate_parameter_library_py/build/lib/generate_parameter_library_py/jinja_templates/cpp/declare_variable -> /home/jake/moveit2_ws_main/install/generate_parameter_library_py/lib/python3.10/site-packages/generate_parameter_library_py/jinja_templates/cpp
[7.075s] copying /home/jake/moveit2_ws_main/build/generate_parameter_library_py/build/lib/generate_parameter_library_py/jinja_templates/cpp/declare_runtime_parameter -> /home/jake/moveit2_ws_main/install/generate_parameter_library_py/lib/python3.10/site-packages/generate_parameter_library_py/jinja_templates/cpp
[7.076s] copying /home/jake/moveit2_ws_main/build/generate_parameter_library_py/build/lib/generate_parameter_library_py/jinja_templates/cpp/declare_parameter -> /home/jake/moveit2_ws_main/install/generate_parameter_library_py/lib/python3.10/site-packages/generate_parameter_library_py/jinja_templates/cpp
[7.076s] copying /home/jake/moveit2_ws_main/build/generate_parameter_library_py/build/lib/generate_parameter_library_py/jinja_templates/cpp/remove_runtime_parameter -> /home/jake/moveit2_ws_main/install/generate_parameter_library_py/lib/python3.10/site-packages/generate_parameter_library_py/jinja_templates/cpp
[7.076s] copying /home/jake/moveit2_ws_main/build/generate_parameter_library_py/build/lib/generate_parameter_library_py/string_filters_cpp.py -> /home/jake/moveit2_ws_main/install/generate_parameter_library_py/lib/python3.10/site-packages/generate_parameter_library_py
[7.076s] copying /home/jake/moveit2_ws_main/build/generate_parameter_library_py/build/lib/generate_parameter_library_py/generate_python_module.py -> /home/jake/moveit2_ws_main/install/generate_parameter_library_py/lib/python3.10/site-packages/generate_parameter_library_py
[7.076s] copying /home/jake/moveit2_ws_main/build/generate_parameter_library_py/build/lib/generate_parameter_library_py/setup_helper.py -> /home/jake/moveit2_ws_main/install/generate_parameter_library_py/lib/python3.10/site-packages/generate_parameter_library_py
[7.077s] byte-compiling /home/jake/moveit2_ws_main/install/generate_parameter_library_py/lib/python3.10/site-packages/generate_parameter_library_py/parse_yaml.py to parse_yaml.cpython-310.pyc
[7.077s] byte-compiling /home/jake/moveit2_ws_main/install/generate_parameter_library_py/lib/python3.10/site-packages/generate_parameter_library_py/generate_markdown.py to generate_markdown.cpython-310.pyc
[7.077s] byte-compiling /home/jake/moveit2_ws_main/install/generate_parameter_library_py/lib/python3.10/site-packages/generate_parameter_library_py/python_validators.py to python_validators.cpython-310.pyc
[7.078s] byte-compiling /home/jake/moveit2_ws_main/install/generate_parameter_library_py/lib/python3.10/site-packages/generate_parameter_library_py/cpp_convertions.py to cpp_convertions.cpython-310.pyc
[7.080s] byte-compiling /home/jake/moveit2_ws_main/install/generate_parameter_library_py/lib/python3.10/site-packages/generate_parameter_library_py/generate_cpp_header.py to generate_cpp_header.cpython-310.pyc
[7.081s] byte-compiling /home/jake/moveit2_ws_main/install/generate_parameter_library_py/lib/python3.10/site-packages/generate_parameter_library_py/__init__.py to __init__.cpython-310.pyc
[7.081s] byte-compiling /home/jake/moveit2_ws_main/install/generate_parameter_library_py/lib/python3.10/site-packages/generate_parameter_library_py/python_convertions.py to python_convertions.cpython-310.pyc
[7.084s] byte-compiling /home/jake/moveit2_ws_main/install/generate_parameter_library_py/lib/python3.10/site-packages/generate_parameter_library_py/string_filters_cpp.py to string_filters_cpp.cpython-310.pyc
[7.085s] byte-compiling /home/jake/moveit2_ws_main/install/generate_parameter_library_py/lib/python3.10/site-packages/generate_parameter_library_py/generate_python_module.py to generate_python_module.cpython-310.pyc
[7.086s] byte-compiling /home/jake/moveit2_ws_main/install/generate_parameter_library_py/lib/python3.10/site-packages/generate_parameter_library_py/setup_helper.py to setup_helper.cpython-310.pyc
[7.086s] running install_data
[7.087s] copying package.xml -> /home/jake/moveit2_ws_main/install/generate_parameter_library_py/share/generate_parameter_library_py
[7.087s] creating /home/jake/moveit2_ws_main/install/generate_parameter_library_py/share/generate_parameter_library_py/test
[7.087s] copying generate_parameter_library_py/test/wrong_default_type.yaml -> /home/jake/moveit2_ws_main/install/generate_parameter_library_py/share/generate_parameter_library_py/test
[7.088s] copying generate_parameter_library_py/test/missing_type.yaml -> /home/jake/moveit2_ws_main/install/generate_parameter_library_py/share/generate_parameter_library_py/test
[7.088s] copying generate_parameter_library_py/test/invalid_syntax.yaml -> /home/jake/moveit2_ws_main/install/generate_parameter_library_py/share/generate_parameter_library_py/test
[7.088s] copying generate_parameter_library_py/test/invalid_parameter_type.yaml -> /home/jake/moveit2_ws_main/install/generate_parameter_library_py/share/generate_parameter_library_py/test
[7.089s] copying generate_parameter_library_py/test/valid_parameters.yaml -> /home/jake/moveit2_ws_main/install/generate_parameter_library_py/share/generate_parameter_library_py/test
[7.089s] copying generate_parameter_library_py/test/valid_parameters_with_none_type.yaml -> /home/jake/moveit2_ws_main/install/generate_parameter_library_py/share/generate_parameter_library_py/test
[7.089s] creating /home/jake/moveit2_ws_main/install/generate_parameter_library_py/share/ament_index
[7.090s] creating /home/jake/moveit2_ws_main/install/generate_parameter_library_py/share/ament_index/resource_index
[7.090s] creating /home/jake/moveit2_ws_main/install/generate_parameter_library_py/share/ament_index/resource_index/packages
[7.090s] copying resource/generate_parameter_library_py -> /home/jake/moveit2_ws_main/install/generate_parameter_library_py/share/ament_index/resource_index/packages
[7.090s] running install_egg_info
[7.098s] Copying ../../../build/generate_parameter_library_py/generate_parameter_library_py.egg-info to /home/jake/moveit2_ws_main/install/generate_parameter_library_py/lib/python3.10/site-packages/generate_parameter_library_py-0.3.7-py3.10.egg-info
[7.100s] running install_scripts
[7.229s] Installing generate_parameter_library_cpp script to /home/jake/moveit2_ws_main/install/generate_parameter_library_py/bin
[7.229s] Installing generate_parameter_library_markdown script to /home/jake/moveit2_ws_main/install/generate_parameter_library_py/bin
[7.229s] Installing generate_parameter_library_python script to /home/jake/moveit2_ws_main/install/generate_parameter_library_py/bin
[7.231s] writing list of installed files to '/home/jake/moveit2_ws_main/build/generate_parameter_library_py/install.log'
[7.309s] Invoked command in '/home/jake/moveit2_ws_main/src/generate_parameter_library/generate_parameter_library_py' returned '0': PYTHONPATH=/home/jake/moveit2_ws_main/build/generate_parameter_library_py/prefix_override:/usr/lib/python3/dist-packages/colcon_core/task/python/colcon_distutils_commands:/home/jake/moveit2_ws_main/install/generate_parameter_library_py/lib/python3.10/site-packages:${PYTHONPATH} /usr/bin/python3 -W ignore:setup.py install is deprecated setup.py egg_info --egg-base ../../../build/generate_parameter_library_py build --build-base /home/jake/moveit2_ws_main/build/generate_parameter_library_py/build install --record /home/jake/moveit2_ws_main/build/generate_parameter_library_py/install.log --single-version-externally-managed install_data
