[0.778s] Invoking command in '/home/jake/moveit2_ws_main/build/moveit_resources_pr2_description': CMAKE_PREFIX_PATH=${CMAKE_PREFIX_PATH}:/home/jake/ros2_iron/install/rqt_bag_plugins:/home/jake/ros2_iron/install/rqt_bag:/home/jake/ros2_iron/install/rosbag2_examples_py:/home/jake/ros2_iron/install/launch_testing_examples:/home/jake/ros2_iron/install/ros2bag:/home/jake/ros2_iron/install/tracetools_test:/home/jake/ros2_iron/install/tracetools_launch:/home/jake/ros2_iron/install/topic_monitor:/home/jake/ros2_iron/install/tf2_tools:/home/jake/ros2_iron/install/examples_tf2_py:/home/jake/ros2_iron/install/tf2_ros_py:/home/jake/ros2_iron/install/examples_rclpy_pointcloud_publisher:/home/jake/ros2_iron/install/sensor_msgs_py:/home/jake/ros2_iron/install/quality_of_service_demo_py:/home/jake/ros2_iron/install/rqt_plot:/home/jake/ros2_iron/install/ros2doctor:/home/jake/ros2_iron/install/lifecycle_py:/home/jake/ros2_iron/install/examples_rclpy_minimal_subscriber:/home/jake/ros2_iron/install/examples_rclpy_minimal_service:/home/jake/ros2_iron/install/examples_rclpy_minimal_publisher:/home/jake/ros2_iron/install/examples_rclpy_minimal_client:/home/jake/ros2_iron/install/examples_rclpy_executors:/home/jake/ros2_iron/install/demo_nodes_py:/home/jake/ros2_iron/install/rqt:/home/jake/ros2_iron/install/ros2component:/home/jake/ros2_iron/install/sros2:/home/jake/ros2_iron/install/rqt_topic:/home/jake/ros2_iron/install/rqt_srv:/home/jake/ros2_iron/install/rqt_shell:/home/jake/ros2_iron/install/rqt_service_caller:/home/jake/ros2_iron/install/rqt_reconfigure:/home/jake/ros2_iron/install/rqt_py_console:/home/jake/ros2_iron/install/rqt_publisher:/home/jake/ros2_iron/install/rqt_action:/home/jake/ros2_iron/install/rqt_msg:/home/jake/ros2_iron/install/rqt_console:/home/jake/ros2_iron/install/rqt_graph:/home/jake/ros2_iron/install/rqt_gui_py:/home/jake/ros2_iron/install/rqt_gui:/home/jake/ros2_iron/install/ros2trace:/home/jake/ros2_iron/install/ros2topic:/home/jake/ros2_iron/install/ros2test:/home/jake/ros2_iron/install/ros2param:/home/jake/ros2_iron/install/ros2lifecycle:/home/jake/ros2_iron/install/ros2service:/home/jake/ros2_iron/install/ros2run:/home/jake/ros2_iron/install/ros2launch:/home/jake/ros2_iron/install/ros2pkg:/home/jake/ros2_iron/install/ros2node:/home/jake/ros2_iron/install/ros2multicast:/home/jake/ros2_iron/install/ros2interface:/home/jake/ros2_iron/install/ros2action:/home/jake/ros2_iron/install/ros2cli:/home/jake/ros2_iron/install/launch_testing_ros:/home/jake/ros2_iron/install/launch_ros:/home/jake/ros2_iron/install/examples_rclpy_minimal_action_server:/home/jake/ros2_iron/install/examples_rclpy_minimal_action_client:/home/jake/ros2_iron/install/examples_rclpy_guard_conditions:/home/jake/ros2_iron/install/action_tutorials_py:/home/jake/ros2_iron/install/ament_uncrustify:/home/jake/ros2_iron/install/tracetools_trace:/home/jake/ros2_iron/install/tracetools_read:/home/jake/ros2_iron/install/test_tracetools_launch:/home/jake/ros2_iron/install/test_ros2trace:/home/jake/ros2_iron/install/test_launch_ros:/home/jake/ros2_iron/install/rpyutils:/home/jake/ros2_iron/install/rosidl_runtime_py:/home/jake/ros2_iron/install/rosidl_pycommon:/home/jake/ros2_iron/install/rosidl_cli:/home/jake/ros2_iron/install/launch_pytest:/home/jake/ros2_iron/install/launch_testing:/home/jake/ros2_iron/install/launch_yaml:/home/jake/ros2_iron/install/launch_xml:/home/jake/ros2_iron/install/launch:/home/jake/ros2_iron/install/osrf_pycommon:/home/jake/ros2_iron/install/domain_coordinator:/home/jake/ros2_iron/install/ament_xmllint:/home/jake/ros2_iron/install/ament_pyflakes:/home/jake/ros2_iron/install/ament_pycodestyle:/home/jake/ros2_iron/install/ament_pep257:/home/jake/ros2_iron/install/ament_pclint:/home/jake/ros2_iron/install/ament_package:/home/jake/ros2_iron/install/ament_mypy:/home/jake/ros2_iron/install/ament_lint_cmake:/home/jake/ros2_iron/install/ament_flake8:/home/jake/ros2_iron/install/ament_copyright:/home/jake/ros2_iron/install/ament_lint:/home/jake/ros2_iron/install/ament_index_python:/home/jake/ros2_iron/install/ament_cpplint:/home/jake/ros2_iron/install/ament_cppcheck:/home/jake/ros2_iron/install/ament_clang_tidy:/home/jake/ros2_iron/install/ament_clang_format:/opt/ros/iron /usr/bin/cmake --build /home/jake/moveit2_ws_main/build/moveit_resources_pr2_description
[1.922s] Invoked command in '/home/jake/moveit2_ws_main/build/moveit_resources_pr2_description' returned '0': CMAKE_PREFIX_PATH=${CMAKE_PREFIX_PATH}:/home/jake/ros2_iron/install/rqt_bag_plugins:/home/jake/ros2_iron/install/rqt_bag:/home/jake/ros2_iron/install/rosbag2_examples_py:/home/jake/ros2_iron/install/launch_testing_examples:/home/jake/ros2_iron/install/ros2bag:/home/jake/ros2_iron/install/tracetools_test:/home/jake/ros2_iron/install/tracetools_launch:/home/jake/ros2_iron/install/topic_monitor:/home/jake/ros2_iron/install/tf2_tools:/home/jake/ros2_iron/install/examples_tf2_py:/home/jake/ros2_iron/install/tf2_ros_py:/home/jake/ros2_iron/install/examples_rclpy_pointcloud_publisher:/home/jake/ros2_iron/install/sensor_msgs_py:/home/jake/ros2_iron/install/quality_of_service_demo_py:/home/jake/ros2_iron/install/rqt_plot:/home/jake/ros2_iron/install/ros2doctor:/home/jake/ros2_iron/install/lifecycle_py:/home/jake/ros2_iron/install/examples_rclpy_minimal_subscriber:/home/jake/ros2_iron/install/examples_rclpy_minimal_service:/home/jake/ros2_iron/install/examples_rclpy_minimal_publisher:/home/jake/ros2_iron/install/examples_rclpy_minimal_client:/home/jake/ros2_iron/install/examples_rclpy_executors:/home/jake/ros2_iron/install/demo_nodes_py:/home/jake/ros2_iron/install/rqt:/home/jake/ros2_iron/install/ros2component:/home/jake/ros2_iron/install/sros2:/home/jake/ros2_iron/install/rqt_topic:/home/jake/ros2_iron/install/rqt_srv:/home/jake/ros2_iron/install/rqt_shell:/home/jake/ros2_iron/install/rqt_service_caller:/home/jake/ros2_iron/install/rqt_reconfigure:/home/jake/ros2_iron/install/rqt_py_console:/home/jake/ros2_iron/install/rqt_publisher:/home/jake/ros2_iron/install/rqt_action:/home/jake/ros2_iron/install/rqt_msg:/home/jake/ros2_iron/install/rqt_console:/home/jake/ros2_iron/install/rqt_graph:/home/jake/ros2_iron/install/rqt_gui_py:/home/jake/ros2_iron/install/rqt_gui:/home/jake/ros2_iron/install/ros2trace:/home/jake/ros2_iron/install/ros2topic:/home/jake/ros2_iron/install/ros2test:/home/jake/ros2_iron/install/ros2param:/home/jake/ros2_iron/install/ros2lifecycle:/home/jake/ros2_iron/install/ros2service:/home/jake/ros2_iron/install/ros2run:/home/jake/ros2_iron/install/ros2launch:/home/jake/ros2_iron/install/ros2pkg:/home/jake/ros2_iron/install/ros2node:/home/jake/ros2_iron/install/ros2multicast:/home/jake/ros2_iron/install/ros2interface:/home/jake/ros2_iron/install/ros2action:/home/jake/ros2_iron/install/ros2cli:/home/jake/ros2_iron/install/launch_testing_ros:/home/jake/ros2_iron/install/launch_ros:/home/jake/ros2_iron/install/examples_rclpy_minimal_action_server:/home/jake/ros2_iron/install/examples_rclpy_minimal_action_client:/home/jake/ros2_iron/install/examples_rclpy_guard_conditions:/home/jake/ros2_iron/install/action_tutorials_py:/home/jake/ros2_iron/install/ament_uncrustify:/home/jake/ros2_iron/install/tracetools_trace:/home/jake/ros2_iron/install/tracetools_read:/home/jake/ros2_iron/install/test_tracetools_launch:/home/jake/ros2_iron/install/test_ros2trace:/home/jake/ros2_iron/install/test_launch_ros:/home/jake/ros2_iron/install/rpyutils:/home/jake/ros2_iron/install/rosidl_runtime_py:/home/jake/ros2_iron/install/rosidl_pycommon:/home/jake/ros2_iron/install/rosidl_cli:/home/jake/ros2_iron/install/launch_pytest:/home/jake/ros2_iron/install/launch_testing:/home/jake/ros2_iron/install/launch_yaml:/home/jake/ros2_iron/install/launch_xml:/home/jake/ros2_iron/install/launch:/home/jake/ros2_iron/install/osrf_pycommon:/home/jake/ros2_iron/install/domain_coordinator:/home/jake/ros2_iron/install/ament_xmllint:/home/jake/ros2_iron/install/ament_pyflakes:/home/jake/ros2_iron/install/ament_pycodestyle:/home/jake/ros2_iron/install/ament_pep257:/home/jake/ros2_iron/install/ament_pclint:/home/jake/ros2_iron/install/ament_package:/home/jake/ros2_iron/install/ament_mypy:/home/jake/ros2_iron/install/ament_lint_cmake:/home/jake/ros2_iron/install/ament_flake8:/home/jake/ros2_iron/install/ament_copyright:/home/jake/ros2_iron/install/ament_lint:/home/jake/ros2_iron/install/ament_index_python:/home/jake/ros2_iron/install/ament_cpplint:/home/jake/ros2_iron/install/ament_cppcheck:/home/jake/ros2_iron/install/ament_clang_tidy:/home/jake/ros2_iron/install/ament_clang_format:/opt/ros/iron /usr/bin/cmake --build /home/jake/moveit2_ws_main/build/moveit_resources_pr2_description
[2.243s] Invoking command in '/home/jake/moveit2_ws_main/build/moveit_resources_pr2_description': CMAKE_PREFIX_PATH=${CMAKE_PREFIX_PATH}:/home/jake/ros2_iron/install/rqt_bag_plugins:/home/jake/ros2_iron/install/rqt_bag:/home/jake/ros2_iron/install/rosbag2_examples_py:/home/jake/ros2_iron/install/launch_testing_examples:/home/jake/ros2_iron/install/ros2bag:/home/jake/ros2_iron/install/tracetools_test:/home/jake/ros2_iron/install/tracetools_launch:/home/jake/ros2_iron/install/topic_monitor:/home/jake/ros2_iron/install/tf2_tools:/home/jake/ros2_iron/install/examples_tf2_py:/home/jake/ros2_iron/install/tf2_ros_py:/home/jake/ros2_iron/install/examples_rclpy_pointcloud_publisher:/home/jake/ros2_iron/install/sensor_msgs_py:/home/jake/ros2_iron/install/quality_of_service_demo_py:/home/jake/ros2_iron/install/rqt_plot:/home/jake/ros2_iron/install/ros2doctor:/home/jake/ros2_iron/install/lifecycle_py:/home/jake/ros2_iron/install/examples_rclpy_minimal_subscriber:/home/jake/ros2_iron/install/examples_rclpy_minimal_service:/home/jake/ros2_iron/install/examples_rclpy_minimal_publisher:/home/jake/ros2_iron/install/examples_rclpy_minimal_client:/home/jake/ros2_iron/install/examples_rclpy_executors:/home/jake/ros2_iron/install/demo_nodes_py:/home/jake/ros2_iron/install/rqt:/home/jake/ros2_iron/install/ros2component:/home/jake/ros2_iron/install/sros2:/home/jake/ros2_iron/install/rqt_topic:/home/jake/ros2_iron/install/rqt_srv:/home/jake/ros2_iron/install/rqt_shell:/home/jake/ros2_iron/install/rqt_service_caller:/home/jake/ros2_iron/install/rqt_reconfigure:/home/jake/ros2_iron/install/rqt_py_console:/home/jake/ros2_iron/install/rqt_publisher:/home/jake/ros2_iron/install/rqt_action:/home/jake/ros2_iron/install/rqt_msg:/home/jake/ros2_iron/install/rqt_console:/home/jake/ros2_iron/install/rqt_graph:/home/jake/ros2_iron/install/rqt_gui_py:/home/jake/ros2_iron/install/rqt_gui:/home/jake/ros2_iron/install/ros2trace:/home/jake/ros2_iron/install/ros2topic:/home/jake/ros2_iron/install/ros2test:/home/jake/ros2_iron/install/ros2param:/home/jake/ros2_iron/install/ros2lifecycle:/home/jake/ros2_iron/install/ros2service:/home/jake/ros2_iron/install/ros2run:/home/jake/ros2_iron/install/ros2launch:/home/jake/ros2_iron/install/ros2pkg:/home/jake/ros2_iron/install/ros2node:/home/jake/ros2_iron/install/ros2multicast:/home/jake/ros2_iron/install/ros2interface:/home/jake/ros2_iron/install/ros2action:/home/jake/ros2_iron/install/ros2cli:/home/jake/ros2_iron/install/launch_testing_ros:/home/jake/ros2_iron/install/launch_ros:/home/jake/ros2_iron/install/examples_rclpy_minimal_action_server:/home/jake/ros2_iron/install/examples_rclpy_minimal_action_client:/home/jake/ros2_iron/install/examples_rclpy_guard_conditions:/home/jake/ros2_iron/install/action_tutorials_py:/home/jake/ros2_iron/install/ament_uncrustify:/home/jake/ros2_iron/install/tracetools_trace:/home/jake/ros2_iron/install/tracetools_read:/home/jake/ros2_iron/install/test_tracetools_launch:/home/jake/ros2_iron/install/test_ros2trace:/home/jake/ros2_iron/install/test_launch_ros:/home/jake/ros2_iron/install/rpyutils:/home/jake/ros2_iron/install/rosidl_runtime_py:/home/jake/ros2_iron/install/rosidl_pycommon:/home/jake/ros2_iron/install/rosidl_cli:/home/jake/ros2_iron/install/launch_pytest:/home/jake/ros2_iron/install/launch_testing:/home/jake/ros2_iron/install/launch_yaml:/home/jake/ros2_iron/install/launch_xml:/home/jake/ros2_iron/install/launch:/home/jake/ros2_iron/install/osrf_pycommon:/home/jake/ros2_iron/install/domain_coordinator:/home/jake/ros2_iron/install/ament_xmllint:/home/jake/ros2_iron/install/ament_pyflakes:/home/jake/ros2_iron/install/ament_pycodestyle:/home/jake/ros2_iron/install/ament_pep257:/home/jake/ros2_iron/install/ament_pclint:/home/jake/ros2_iron/install/ament_package:/home/jake/ros2_iron/install/ament_mypy:/home/jake/ros2_iron/install/ament_lint_cmake:/home/jake/ros2_iron/install/ament_flake8:/home/jake/ros2_iron/install/ament_copyright:/home/jake/ros2_iron/install/ament_lint:/home/jake/ros2_iron/install/ament_index_python:/home/jake/ros2_iron/install/ament_cpplint:/home/jake/ros2_iron/install/ament_cppcheck:/home/jake/ros2_iron/install/ament_clang_tidy:/home/jake/ros2_iron/install/ament_clang_format:/opt/ros/iron /usr/bin/cmake --install /home/jake/moveit2_ws_main/build/moveit_resources_pr2_description
[2.364s] -- Install configuration: "Release"
[2.364s] -- Up-to-date: /home/jake/moveit2_ws_main/install/moveit_resources_pr2_description/share/ament_index/resource_index/package_run_dependencies/moveit_resources_pr2_description
[2.365s] -- Up-to-date: /home/jake/moveit2_ws_main/install/moveit_resources_pr2_description/share/ament_index/resource_index/parent_prefix_path/moveit_resources_pr2_description
[2.365s] -- Up-to-date: /home/jake/moveit2_ws_main/install/moveit_resources_pr2_description/share/moveit_resources_pr2_description/environment/ament_prefix_path.dsv
[2.365s] -- Up-to-date: /home/jake/moveit2_ws_main/install/moveit_resources_pr2_description/share/moveit_resources_pr2_description/environment/path.dsv
[2.366s] -- Up-to-date: /home/jake/moveit2_ws_main/install/moveit_resources_pr2_description/share/moveit_resources_pr2_description/local_setup.bash
[2.366s] -- Up-to-date: /home/jake/moveit2_ws_main/install/moveit_resources_pr2_description/share/moveit_resources_pr2_description/local_setup.sh
[2.366s] -- Up-to-date: /home/jake/moveit2_ws_main/install/moveit_resources_pr2_description/share/moveit_resources_pr2_description/local_setup.zsh
[2.366s] -- Up-to-date: /home/jake/moveit2_ws_main/install/moveit_resources_pr2_description/share/moveit_resources_pr2_description/local_setup.dsv
[2.366s] -- Installing: /home/jake/moveit2_ws_main/install/moveit_resources_pr2_description/share/moveit_resources_pr2_description/package.dsv
[2.373s] -- Up-to-date: /home/jake/moveit2_ws_main/install/moveit_resources_pr2_description/share/ament_index/resource_index/packages/moveit_resources_pr2_description
[2.373s] -- Up-to-date: /home/jake/moveit2_ws_main/install/moveit_resources_pr2_description/share/moveit_resources_pr2_description/cmake/moveit_resources_pr2_descriptionConfig.cmake
[2.374s] -- Up-to-date: /home/jake/moveit2_ws_main/install/moveit_resources_pr2_description/share/moveit_resources_pr2_description/cmake/moveit_resources_pr2_descriptionConfig-version.cmake
[2.378s] -- Up-to-date: /home/jake/moveit2_ws_main/install/moveit_resources_pr2_description/share/moveit_resources_pr2_description/package.xml
[2.378s] -- Up-to-date: /home/jake/moveit2_ws_main/install/moveit_resources_pr2_description/share/moveit_resources_pr2_description/srdf
[2.378s] -- Up-to-date: /home/jake/moveit2_ws_main/install/moveit_resources_pr2_description/share/moveit_resources_pr2_description/srdf/robot.xml
[2.378s] -- Up-to-date: /home/jake/moveit2_ws_main/install/moveit_resources_pr2_description/share/moveit_resources_pr2_description/urdf
[2.379s] -- Up-to-date: /home/jake/moveit2_ws_main/install/moveit_resources_pr2_description/share/moveit_resources_pr2_description/urdf/meshes
[2.379s] -- Up-to-date: /home/jake/moveit2_ws_main/install/moveit_resources_pr2_description/share/moveit_resources_pr2_description/urdf/meshes/gripper_v0
[2.379s] -- Up-to-date: /home/jake/moveit2_ws_main/install/moveit_resources_pr2_description/share/moveit_resources_pr2_description/urdf/meshes/gripper_v0/finger_tip_pad2_r.stl
[2.380s] -- Up-to-date: /home/jake/moveit2_ws_main/install/moveit_resources_pr2_description/share/moveit_resources_pr2_description/urdf/meshes/gripper_v0/l_finger_tip.dae
[2.380s] -- Up-to-date: /home/jake/moveit2_ws_main/install/moveit_resources_pr2_description/share/moveit_resources_pr2_description/urdf/meshes/gripper_v0/finger_tip_H_UV_100430.dae
[2.380s] -- Up-to-date: /home/jake/moveit2_ws_main/install/moveit_resources_pr2_description/share/moveit_resources_pr2_description/urdf/meshes/gripper_v0/float_H_UV_100430.dae
[2.380s] -- Up-to-date: /home/jake/moveit2_ws_main/install/moveit_resources_pr2_description/share/moveit_resources_pr2_description/urdf/meshes/gripper_v0/l_finger_normals.tif
[2.380s] -- Up-to-date: /home/jake/moveit2_ws_main/install/moveit_resources_pr2_description/share/moveit_resources_pr2_description/urdf/meshes/gripper_v0/finger_H_Color_100430.tif
[2.381s] -- Up-to-date: /home/jake/moveit2_ws_main/install/moveit_resources_pr2_description/share/moveit_resources_pr2_description/urdf/meshes/gripper_v0/upper_finger_r.stl
[2.385s] -- Up-to-date: /home/jake/moveit2_ws_main/install/moveit_resources_pr2_description/share/moveit_resources_pr2_description/urdf/meshes/gripper_v0/palm_H_Color_100430.tif
[2.385s] -- Up-to-date: /home/jake/moveit2_ws_main/install/moveit_resources_pr2_description/share/moveit_resources_pr2_description/urdf/meshes/gripper_v0/l_floating.stl
[2.386s] -- Up-to-date: /home/jake/moveit2_ws_main/install/moveit_resources_pr2_description/share/moveit_resources_pr2_description/urdf/meshes/gripper_v0/gripper_palm.stl
[2.386s] -- Up-to-date: /home/jake/moveit2_ws_main/install/moveit_resources_pr2_description/share/moveit_resources_pr2_description/urdf/meshes/gripper_v0/finger_tip_pad2_l.stl
[2.386s] -- Up-to-date: /home/jake/moveit2_ws_main/install/moveit_resources_pr2_description/share/moveit_resources_pr2_description/urdf/meshes/gripper_v0/l_float_normals.tif
[2.387s] -- Up-to-date: /home/jake/moveit2_ws_main/install/moveit_resources_pr2_description/share/moveit_resources_pr2_description/urdf/meshes/gripper_v0/gripper_palm.dae
[2.387s] -- Up-to-date: /home/jake/moveit2_ws_main/install/moveit_resources_pr2_description/share/moveit_resources_pr2_description/urdf/meshes/gripper_v0/l_finger_color.tif
[2.387s] -- Up-to-date: /home/jake/moveit2_ws_main/install/moveit_resources_pr2_description/share/moveit_resources_pr2_description/urdf/meshes/gripper_v0/upper_finger_l.stl
[2.388s] -- Up-to-date: /home/jake/moveit2_ws_main/install/moveit_resources_pr2_description/share/moveit_resources_pr2_description/urdf/meshes/gripper_v0/finger_tip_r.stl
[2.388s] -- Up-to-date: /home/jake/moveit2_ws_main/install/moveit_resources_pr2_description/share/moveit_resources_pr2_description/urdf/meshes/gripper_v0/finger_tip_l.stl
[2.388s] -- Up-to-date: /home/jake/moveit2_ws_main/install/moveit_resources_pr2_description/share/moveit_resources_pr2_description/urdf/meshes/gripper_v0/gripper_palm_color.tif
[2.389s] -- Up-to-date: /home/jake/moveit2_ws_main/install/moveit_resources_pr2_description/share/moveit_resources_pr2_description/urdf/meshes/gripper_v0/l_float_color.tif
[2.390s] -- Up-to-date: /home/jake/moveit2_ws_main/install/moveit_resources_pr2_description/share/moveit_resources_pr2_description/urdf/meshes/gripper_v0/gripper_palm_normals.tif
[2.390s] -- Up-to-date: /home/jake/moveit2_ws_main/install/moveit_resources_pr2_description/share/moveit_resources_pr2_description/urdf/meshes/gripper_v0/l_finger_tip_color.tif
[2.390s] -- Up-to-date: /home/jake/moveit2_ws_main/install/moveit_resources_pr2_description/share/moveit_resources_pr2_description/urdf/meshes/gripper_v0/float_H_Color_100430.tif
[2.391s] -- Up-to-date: /home/jake/moveit2_ws_main/install/moveit_resources_pr2_description/share/moveit_resources_pr2_description/urdf/meshes/gripper_v0/l_finger_tip.stl
[2.391s] -- Up-to-date: /home/jake/moveit2_ws_main/install/moveit_resources_pr2_description/share/moveit_resources_pr2_description/urdf/meshes/gripper_v0/convex
[2.391s] -- Up-to-date: /home/jake/moveit2_ws_main/install/moveit_resources_pr2_description/share/moveit_resources_pr2_description/urdf/meshes/gripper_v0/convex/l_finger_tip.dae
[2.391s] -- Up-to-date: /home/jake/moveit2_ws_main/install/moveit_resources_pr2_description/share/moveit_resources_pr2_description/urdf/meshes/gripper_v0/convex/finger_tip_pad2_l.xml
[2.391s] -- Up-to-date: /home/jake/moveit2_ws_main/install/moveit_resources_pr2_description/share/moveit_resources_pr2_description/urdf/meshes/gripper_v0/convex/finger_tip_r_convex.stla
[2.392s] -- Up-to-date: /home/jake/moveit2_ws_main/install/moveit_resources_pr2_description/share/moveit_resources_pr2_description/urdf/meshes/gripper_v0/convex/l_finger_tip.xml
[2.392s] -- Up-to-date: /home/jake/moveit2_ws_main/install/moveit_resources_pr2_description/share/moveit_resources_pr2_description/urdf/meshes/gripper_v0/convex/gripper_palm_convex.stlb
[2.392s] -- Up-to-date: /home/jake/moveit2_ws_main/install/moveit_resources_pr2_description/share/moveit_resources_pr2_description/urdf/meshes/gripper_v0/convex/upper_finger_l.xml
[2.393s] -- Up-to-date: /home/jake/moveit2_ws_main/install/moveit_resources_pr2_description/share/moveit_resources_pr2_description/urdf/meshes/gripper_v0/convex/finger_tip_pad2_l_convex.stla
[2.393s] -- Up-to-date: /home/jake/moveit2_ws_main/install/moveit_resources_pr2_description/share/moveit_resources_pr2_description/urdf/meshes/gripper_v0/convex/upper_finger_r.dae
[2.393s] -- Up-to-date: /home/jake/moveit2_ws_main/install/moveit_resources_pr2_description/share/moveit_resources_pr2_description/urdf/meshes/gripper_v0/convex/l_finger_tip_convex.stlb
[2.393s] -- Up-to-date: /home/jake/moveit2_ws_main/install/moveit_resources_pr2_description/share/moveit_resources_pr2_description/urdf/meshes/gripper_v0/convex/finger_tip_r.xml
[2.398s] -- Up-to-date: /home/jake/moveit2_ws_main/install/moveit_resources_pr2_description/share/moveit_resources_pr2_description/urdf/meshes/gripper_v0/convex/finger_tip_pad2_r_convex.stla
[2.398s] -- Up-to-date: /home/jake/moveit2_ws_main/install/moveit_resources_pr2_description/share/moveit_resources_pr2_description/urdf/meshes/gripper_v0/convex/upper_finger_l_convex.stla
[2.399s] -- Up-to-date: /home/jake/moveit2_ws_main/install/moveit_resources_pr2_description/share/moveit_resources_pr2_description/urdf/meshes/gripper_v0/convex/finger_tip_l_convex.stla
[2.399s] -- Up-to-date: /home/jake/moveit2_ws_main/install/moveit_resources_pr2_description/share/moveit_resources_pr2_description/urdf/meshes/gripper_v0/convex/l_floating_convex.stlb
[2.400s] -- Up-to-date: /home/jake/moveit2_ws_main/install/moveit_resources_pr2_description/share/moveit_resources_pr2_description/urdf/meshes/gripper_v0/convex/upper_finger_r_convex.stla
[2.400s] -- Up-to-date: /home/jake/moveit2_ws_main/install/moveit_resources_pr2_description/share/moveit_resources_pr2_description/urdf/meshes/gripper_v0/convex/upper_finger_l_convex.stlb
[2.403s] -- Up-to-date: /home/jake/moveit2_ws_main/install/moveit_resources_pr2_description/share/moveit_resources_pr2_description/urdf/meshes/gripper_v0/convex/l_floating.dae
[2.404s] -- Up-to-date: /home/jake/moveit2_ws_main/install/moveit_resources_pr2_description/share/moveit_resources_pr2_description/urdf/meshes/gripper_v0/convex/gripper_palm.dae
[2.404s] -- Up-to-date: /home/jake/moveit2_ws_main/install/moveit_resources_pr2_description/share/moveit_resources_pr2_description/urdf/meshes/gripper_v0/convex/upper_finger_r.xml
[2.405s] -- Up-to-date: /home/jake/moveit2_ws_main/install/moveit_resources_pr2_description/share/moveit_resources_pr2_description/urdf/meshes/gripper_v0/convex/finger_tip_l.dae
[2.405s] -- Up-to-date: /home/jake/moveit2_ws_main/install/moveit_resources_pr2_description/share/moveit_resources_pr2_description/urdf/meshes/gripper_v0/convex/upper_finger_r_convex.stlb
[2.405s] -- Up-to-date: /home/jake/moveit2_ws_main/install/moveit_resources_pr2_description/share/moveit_resources_pr2_description/urdf/meshes/gripper_v0/convex/l_finger_tip_convex.stla
[2.406s] -- Up-to-date: /home/jake/moveit2_ws_main/install/moveit_resources_pr2_description/share/moveit_resources_pr2_description/urdf/meshes/gripper_v0/convex/l_floating_convex.stla
[2.406s] -- Up-to-date: /home/jake/moveit2_ws_main/install/moveit_resources_pr2_description/share/moveit_resources_pr2_description/urdf/meshes/gripper_v0/convex/finger_tip_l_convex.stlb
[2.406s] -- Up-to-date: /home/jake/moveit2_ws_main/install/moveit_resources_pr2_description/share/moveit_resources_pr2_description/urdf/meshes/gripper_v0/convex/upper_finger_l.dae
[2.407s] -- Up-to-date: /home/jake/moveit2_ws_main/install/moveit_resources_pr2_description/share/moveit_resources_pr2_description/urdf/meshes/gripper_v0/convex/finger_tip_pad2_l.dae
[2.407s] -- Up-to-date: /home/jake/moveit2_ws_main/install/moveit_resources_pr2_description/share/moveit_resources_pr2_description/urdf/meshes/gripper_v0/convex/finger_tip_r_convex.stlb
[2.407s] -- Up-to-date: /home/jake/moveit2_ws_main/install/moveit_resources_pr2_description/share/moveit_resources_pr2_description/urdf/meshes/gripper_v0/convex/gripper_palm.xml
[2.407s] -- Up-to-date: /home/jake/moveit2_ws_main/install/moveit_resources_pr2_description/share/moveit_resources_pr2_description/urdf/meshes/gripper_v0/convex/finger_tip_pad2_r.dae
[2.408s] -- Up-to-date: /home/jake/moveit2_ws_main/install/moveit_resources_pr2_description/share/moveit_resources_pr2_description/urdf/meshes/gripper_v0/convex/finger_tip_pad2_r.xml
[2.408s] -- Up-to-date: /home/jake/moveit2_ws_main/install/moveit_resources_pr2_description/share/moveit_resources_pr2_description/urdf/meshes/gripper_v0/convex/l_finger_convex.stla
[2.408s] -- Up-to-date: /home/jake/moveit2_ws_main/install/moveit_resources_pr2_description/share/moveit_resources_pr2_description/urdf/meshes/gripper_v0/convex/finger_tip_pad2_l_convex.stlb
[2.409s] -- Up-to-date: /home/jake/moveit2_ws_main/install/moveit_resources_pr2_description/share/moveit_resources_pr2_description/urdf/meshes/gripper_v0/convex/l_floating.xml
[2.411s] -- Up-to-date: /home/jake/moveit2_ws_main/install/moveit_resources_pr2_description/share/moveit_resources_pr2_description/urdf/meshes/gripper_v0/convex/l_finger.xml
[2.411s] -- Up-to-date: /home/jake/moveit2_ws_main/install/moveit_resources_pr2_description/share/moveit_resources_pr2_description/urdf/meshes/gripper_v0/convex/l_finger_convex.stlb
[2.415s] -- Up-to-date: /home/jake/moveit2_ws_main/install/moveit_resources_pr2_description/share/moveit_resources_pr2_description/urdf/meshes/gripper_v0/convex/finger_tip_pad2_r_convex.stlb
[2.416s] -- Up-to-date: /home/jake/moveit2_ws_main/install/moveit_resources_pr2_description/share/moveit_resources_pr2_description/urdf/meshes/gripper_v0/convex/gripper_palm_convex.stla
[2.416s] -- Up-to-date: /home/jake/moveit2_ws_main/install/moveit_resources_pr2_description/share/moveit_resources_pr2_description/urdf/meshes/gripper_v0/convex/finger_tip_r.dae
[2.420s] -- Up-to-date: /home/jake/moveit2_ws_main/install/moveit_resources_pr2_description/share/moveit_resources_pr2_description/urdf/meshes/gripper_v0/convex/l_finger.dae
[2.420s] -- Up-to-date: /home/jake/moveit2_ws_main/install/moveit_resources_pr2_description/share/moveit_resources_pr2_description/urdf/meshes/gripper_v0/convex/finger_tip_l.xml
[2.420s] -- Up-to-date: /home/jake/moveit2_ws_main/install/moveit_resources_pr2_description/share/moveit_resources_pr2_description/urdf/meshes/gripper_v0/l_finger_tip_normals.tif
[2.420s] -- Up-to-date: /home/jake/moveit2_ws_main/install/moveit_resources_pr2_description/share/moveit_resources_pr2_description/urdf/meshes/gripper_v0/l_finger.stl
[2.421s] -- Up-to-date: /home/jake/moveit2_ws_main/install/moveit_resources_pr2_description/share/moveit_resources_pr2_description/urdf/meshes/gripper_v0/finger_H_UV_100430.dae
[2.421s] -- Up-to-date: /home/jake/moveit2_ws_main/install/moveit_resources_pr2_description/share/moveit_resources_pr2_description/urdf/meshes/gripper_v0/palm_H_UV_100430.dae
[2.421s] -- Up-to-date: /home/jake/moveit2_ws_main/install/moveit_resources_pr2_description/share/moveit_resources_pr2_description/urdf/meshes/gripper_v0/fingertip_H_Color_100430.tif
[2.421s] -- Up-to-date: /home/jake/moveit2_ws_main/install/moveit_resources_pr2_description/share/moveit_resources_pr2_description/urdf/meshes/gripper_v0/l_float.dae
[2.422s] -- Up-to-date: /home/jake/moveit2_ws_main/install/moveit_resources_pr2_description/share/moveit_resources_pr2_description/urdf/meshes/gripper_v0/l_finger.dae
[2.422s] -- Up-to-date: /home/jake/moveit2_ws_main/install/moveit_resources_pr2_description/share/moveit_resources_pr2_description/urdf/meshes/base_v0
[2.422s] -- Up-to-date: /home/jake/moveit2_ws_main/install/moveit_resources_pr2_description/share/moveit_resources_pr2_description/urdf/meshes/base_v0/wheel_h.dae
[2.422s] -- Up-to-date: /home/jake/moveit2_ws_main/install/moveit_resources_pr2_description/share/moveit_resources_pr2_description/urdf/meshes/base_v0/base_color.tif
[2.422s] -- Up-to-date: /home/jake/moveit2_ws_main/install/moveit_resources_pr2_description/share/moveit_resources_pr2_description/urdf/meshes/base_v0/caster_L.stl
[2.423s] -- Up-to-date: /home/jake/moveit2_ws_main/install/moveit_resources_pr2_description/share/moveit_resources_pr2_description/urdf/meshes/base_v0/wheel.dae
[2.423s] -- Up-to-date: /home/jake/moveit2_ws_main/install/moveit_resources_pr2_description/share/moveit_resources_pr2_description/urdf/meshes/base_v0/base_normals.tif
[2.423s] -- Up-to-date: /home/jake/moveit2_ws_main/install/moveit_resources_pr2_description/share/moveit_resources_pr2_description/urdf/meshes/base_v0/base.stl
[2.423s] -- Up-to-date: /home/jake/moveit2_ws_main/install/moveit_resources_pr2_description/share/moveit_resources_pr2_description/urdf/meshes/base_v0/caster.stl
[2.423s] -- Up-to-date: /home/jake/moveit2_ws_main/install/moveit_resources_pr2_description/share/moveit_resources_pr2_description/urdf/meshes/base_v0/pr2_wheel.stl
[2.429s] -- Up-to-date: /home/jake/moveit2_ws_main/install/moveit_resources_pr2_description/share/moveit_resources_pr2_description/urdf/meshes/base_v0/wheel_normals.tif
[2.430s] -- Up-to-date: /home/jake/moveit2_ws_main/install/moveit_resources_pr2_description/share/moveit_resources_pr2_description/urdf/meshes/base_v0/base_L.stl
[2.430s] -- Up-to-date: /home/jake/moveit2_ws_main/install/moveit_resources_pr2_description/share/moveit_resources_pr2_description/urdf/meshes/base_v0/wheel.stl
[2.430s] -- Up-to-date: /home/jake/moveit2_ws_main/install/moveit_resources_pr2_description/share/moveit_resources_pr2_description/urdf/meshes/base_v0/base.dae
[2.430s] -- Up-to-date: /home/jake/moveit2_ws_main/install/moveit_resources_pr2_description/share/moveit_resources_pr2_description/urdf/meshes/base_v0/convex
[2.430s] -- Up-to-date: /home/jake/moveit2_ws_main/install/moveit_resources_pr2_description/share/moveit_resources_pr2_description/urdf/meshes/base_v0/convex/pr2_wheel.xml
[2.431s] -- Up-to-date: /home/jake/moveit2_ws_main/install/moveit_resources_pr2_description/share/moveit_resources_pr2_description/urdf/meshes/base_v0/convex/pr2_wheel.dae
[2.431s] -- Up-to-date: /home/jake/moveit2_ws_main/install/moveit_resources_pr2_description/share/moveit_resources_pr2_description/urdf/meshes/base_v0/convex/wheel_convex.stlb
[2.431s] -- Up-to-date: /home/jake/moveit2_ws_main/install/moveit_resources_pr2_description/share/moveit_resources_pr2_description/urdf/meshes/base_v0/convex/caster_L.xml
[2.432s] -- Up-to-date: /home/jake/moveit2_ws_main/install/moveit_resources_pr2_description/share/moveit_resources_pr2_description/urdf/meshes/base_v0/convex/base_L.dae
[2.432s] -- Up-to-date: /home/jake/moveit2_ws_main/install/moveit_resources_pr2_description/share/moveit_resources_pr2_description/urdf/meshes/base_v0/convex/wheel.dae
[2.432s] -- Up-to-date: /home/jake/moveit2_ws_main/install/moveit_resources_pr2_description/share/moveit_resources_pr2_description/urdf/meshes/base_v0/convex/base_L_convex.stlb
[2.432s] -- Up-to-date: /home/jake/moveit2_ws_main/install/moveit_resources_pr2_description/share/moveit_resources_pr2_description/urdf/meshes/base_v0/convex/caster.xml
[2.434s] -- Up-to-date: /home/jake/moveit2_ws_main/install/moveit_resources_pr2_description/share/moveit_resources_pr2_description/urdf/meshes/base_v0/convex/caster.dae
[2.435s] -- Up-to-date: /home/jake/moveit2_ws_main/install/moveit_resources_pr2_description/share/moveit_resources_pr2_description/urdf/meshes/base_v0/convex/caster_convex.stlb
[2.435s] -- Up-to-date: /home/jake/moveit2_ws_main/install/moveit_resources_pr2_description/share/moveit_resources_pr2_description/urdf/meshes/base_v0/convex/pr2_wheel_convex.stla
[2.435s] -- Up-to-date: /home/jake/moveit2_ws_main/install/moveit_resources_pr2_description/share/moveit_resources_pr2_description/urdf/meshes/base_v0/convex/base.xml
[2.435s] -- Up-to-date: /home/jake/moveit2_ws_main/install/moveit_resources_pr2_description/share/moveit_resources_pr2_description/urdf/meshes/base_v0/convex/pr2_wheel_convex.stlb
[2.435s] -- Up-to-date: /home/jake/moveit2_ws_main/install/moveit_resources_pr2_description/share/moveit_resources_pr2_description/urdf/meshes/base_v0/convex/caster_L_convex.stlb
[2.436s] -- Up-to-date: /home/jake/moveit2_ws_main/install/moveit_resources_pr2_description/share/moveit_resources_pr2_description/urdf/meshes/base_v0/convex/wheel_convex.stla
[2.436s] -- Up-to-date: /home/jake/moveit2_ws_main/install/moveit_resources_pr2_description/share/moveit_resources_pr2_description/urdf/meshes/base_v0/convex/wheel.xml
[2.436s] -- Up-to-date: /home/jake/moveit2_ws_main/install/moveit_resources_pr2_description/share/moveit_resources_pr2_description/urdf/meshes/base_v0/convex/base.dae
[2.436s] -- Up-to-date: /home/jake/moveit2_ws_main/install/moveit_resources_pr2_description/share/moveit_resources_pr2_description/urdf/meshes/base_v0/convex/base_L.xml
[2.436s] -- Up-to-date: /home/jake/moveit2_ws_main/install/moveit_resources_pr2_description/share/moveit_resources_pr2_description/urdf/meshes/base_v0/convex/base_convex.stla
[2.437s] -- Up-to-date: /home/jake/moveit2_ws_main/install/moveit_resources_pr2_description/share/moveit_resources_pr2_description/urdf/meshes/base_v0/convex/caster_L_convex.stla
[2.437s] -- Up-to-date: /home/jake/moveit2_ws_main/install/moveit_resources_pr2_description/share/moveit_resources_pr2_description/urdf/meshes/base_v0/convex/caster_L.dae
[2.437s] -- Up-to-date: /home/jake/moveit2_ws_main/install/moveit_resources_pr2_description/share/moveit_resources_pr2_description/urdf/meshes/base_v0/convex/caster_convex.stla
[2.437s] -- Up-to-date: /home/jake/moveit2_ws_main/install/moveit_resources_pr2_description/share/moveit_resources_pr2_description/urdf/meshes/base_v0/convex/base_L_convex.stla
[2.440s] -- Up-to-date: /home/jake/moveit2_ws_main/install/moveit_resources_pr2_description/share/moveit_resources_pr2_description/urdf/meshes/base_v0/convex/base_convex.stlb
[2.440s] -- Up-to-date: /home/jake/moveit2_ws_main/install/moveit_resources_pr2_description/share/moveit_resources_pr2_description/urdf/meshes/base_v0/wheel_color.tif
[2.440s] -- Up-to-date: /home/jake/moveit2_ws_main/install/moveit_resources_pr2_description/share/moveit_resources_pr2_description/urdf/meshes/base_v0/wheel_h_color.tif
[2.440s] -- Up-to-date: /home/jake/moveit2_ws_main/install/moveit_resources_pr2_description/share/moveit_resources_pr2_description/urdf/meshes/shoulder_v0
[2.440s] -- Up-to-date: /home/jake/moveit2_ws_main/install/moveit_resources_pr2_description/share/moveit_resources_pr2_description/urdf/meshes/shoulder_v0/upper_arm_roll.stl
[2.441s] -- Up-to-date: /home/jake/moveit2_ws_main/install/moveit_resources_pr2_description/share/moveit_resources_pr2_description/urdf/meshes/shoulder_v0/upper_arm_roll_normals.tif
[2.441s] -- Up-to-date: /home/jake/moveit2_ws_main/install/moveit_resources_pr2_description/share/moveit_resources_pr2_description/urdf/meshes/shoulder_v0/upper_arm_roll_L.stl
[2.441s] -- Up-to-date: /home/jake/moveit2_ws_main/install/moveit_resources_pr2_description/share/moveit_resources_pr2_description/urdf/meshes/shoulder_v0/shoulder_pan_color.tif
[2.441s] -- Up-to-date: /home/jake/moveit2_ws_main/install/moveit_resources_pr2_description/share/moveit_resources_pr2_description/urdf/meshes/shoulder_v0/shoulder_lift_normals.tif
[2.441s] -- Up-to-date: /home/jake/moveit2_ws_main/install/moveit_resources_pr2_description/share/moveit_resources_pr2_description/urdf/meshes/shoulder_v0/shoulder_yaw.stl
[2.444s] -- Up-to-date: /home/jake/moveit2_ws_main/install/moveit_resources_pr2_description/share/moveit_resources_pr2_description/urdf/meshes/shoulder_v0/shoulder_pan.stl
[2.444s] -- Up-to-date: /home/jake/moveit2_ws_main/install/moveit_resources_pr2_description/share/moveit_resources_pr2_description/urdf/meshes/shoulder_v0/upper_arm_roll_color.tif
[2.444s] -- Up-to-date: /home/jake/moveit2_ws_main/install/moveit_resources_pr2_description/share/moveit_resources_pr2_description/urdf/meshes/shoulder_v0/shoulder_pan_normals.tif
[2.444s] -- Up-to-date: /home/jake/moveit2_ws_main/install/moveit_resources_pr2_description/share/moveit_resources_pr2_description/urdf/meshes/shoulder_v0/shoulder_lift_color.tif
[2.445s] -- Up-to-date: /home/jake/moveit2_ws_main/install/moveit_resources_pr2_description/share/moveit_resources_pr2_description/urdf/meshes/shoulder_v0/shoulder_pan.dae
[2.445s] -- Up-to-date: /home/jake/moveit2_ws_main/install/moveit_resources_pr2_description/share/moveit_resources_pr2_description/urdf/meshes/shoulder_v0/convex
[2.445s] -- Up-to-date: /home/jake/moveit2_ws_main/install/moveit_resources_pr2_description/share/moveit_resources_pr2_description/urdf/meshes/shoulder_v0/convex/shoulder_yaw_convex.stlb
[2.445s] -- Up-to-date: /home/jake/moveit2_ws_main/install/moveit_resources_pr2_description/share/moveit_resources_pr2_description/urdf/meshes/shoulder_v0/convex/shoulder_lift_convex.stlb
[2.445s] -- Up-to-date: /home/jake/moveit2_ws_main/install/moveit_resources_pr2_description/share/moveit_resources_pr2_description/urdf/meshes/shoulder_v0/convex/shoulder_pan.xml
[2.445s] -- Up-to-date: /home/jake/moveit2_ws_main/install/moveit_resources_pr2_description/share/moveit_resources_pr2_description/urdf/meshes/shoulder_v0/convex/shoulder_yaw.dae
[2.445s] -- Up-to-date: /home/jake/moveit2_ws_main/install/moveit_resources_pr2_description/share/moveit_resources_pr2_description/urdf/meshes/shoulder_v0/convex/shoulder_yaw_convex.stla
[2.449s] -- Up-to-date: /home/jake/moveit2_ws_main/install/moveit_resources_pr2_description/share/moveit_resources_pr2_description/urdf/meshes/shoulder_v0/convex/upper_arm_roll.xml
[2.449s] -- Up-to-date: /home/jake/moveit2_ws_main/install/moveit_resources_pr2_description/share/moveit_resources_pr2_description/urdf/meshes/shoulder_v0/convex/upper_arm_roll_convex.stlb
[2.450s] -- Up-to-date: /home/jake/moveit2_ws_main/install/moveit_resources_pr2_description/share/moveit_resources_pr2_description/urdf/meshes/shoulder_v0/convex/upper_arm_roll_L_convex.stlb
[2.450s] -- Up-to-date: /home/jake/moveit2_ws_main/install/moveit_resources_pr2_description/share/moveit_resources_pr2_description/urdf/meshes/shoulder_v0/convex/shoulder_pan_convex.stla
[2.450s] -- Up-to-date: /home/jake/moveit2_ws_main/install/moveit_resources_pr2_description/share/moveit_resources_pr2_description/urdf/meshes/shoulder_v0/convex/shoulder_pan.dae
[2.450s] -- Up-to-date: /home/jake/moveit2_ws_main/install/moveit_resources_pr2_description/share/moveit_resources_pr2_description/urdf/meshes/shoulder_v0/convex/shoulder_lift.xml
[2.451s] -- Up-to-date: /home/jake/moveit2_ws_main/install/moveit_resources_pr2_description/share/moveit_resources_pr2_description/urdf/meshes/shoulder_v0/convex/shoulder_lift_convex.stla
[2.451s] -- Up-to-date: /home/jake/moveit2_ws_main/install/moveit_resources_pr2_description/share/moveit_resources_pr2_description/urdf/meshes/shoulder_v0/convex/upper_arm_roll_L.dae
[2.451s] -- Up-to-date: /home/jake/moveit2_ws_main/install/moveit_resources_pr2_description/share/moveit_resources_pr2_description/urdf/meshes/shoulder_v0/convex/upper_arm_roll.dae
[2.457s] -- Up-to-date: /home/jake/moveit2_ws_main/install/moveit_resources_pr2_description/share/moveit_resources_pr2_description/urdf/meshes/shoulder_v0/convex/upper_arm_roll_L_convex.stla
[2.457s] -- Up-to-date: /home/jake/moveit2_ws_main/install/moveit_resources_pr2_description/share/moveit_resources_pr2_description/urdf/meshes/shoulder_v0/convex/shoulder_pan_convex.stlb
[2.458s] -- Up-to-date: /home/jake/moveit2_ws_main/install/moveit_resources_pr2_description/share/moveit_resources_pr2_description/urdf/meshes/shoulder_v0/convex/shoulder_yaw.xml
[2.458s] -- Up-to-date: /home/jake/moveit2_ws_main/install/moveit_resources_pr2_description/share/moveit_resources_pr2_description/urdf/meshes/shoulder_v0/convex/upper_arm_roll_L.xml
[2.458s] -- Up-to-date: /home/jake/moveit2_ws_main/install/moveit_resources_pr2_description/share/moveit_resources_pr2_description/urdf/meshes/shoulder_v0/convex/shoulder_lift.dae
[2.459s] -- Up-to-date: /home/jake/moveit2_ws_main/install/moveit_resources_pr2_description/share/moveit_resources_pr2_description/urdf/meshes/shoulder_v0/convex/upper_arm_roll_convex.stla
[2.459s] -- Up-to-date: /home/jake/moveit2_ws_main/install/moveit_resources_pr2_description/share/moveit_resources_pr2_description/urdf/meshes/shoulder_v0/upper_arm_roll.dae
[2.463s] -- Up-to-date: /home/jake/moveit2_ws_main/install/moveit_resources_pr2_description/share/moveit_resources_pr2_description/urdf/meshes/shoulder_v0/shoulder_lift.stl
[2.467s] -- Up-to-date: /home/jake/moveit2_ws_main/install/moveit_resources_pr2_description/share/moveit_resources_pr2_description/urdf/meshes/shoulder_v0/shoulder_lift.dae
[2.468s] -- Up-to-date: /home/jake/moveit2_ws_main/install/moveit_resources_pr2_description/share/moveit_resources_pr2_description/urdf/meshes/forearm_v0
[2.468s] -- Up-to-date: /home/jake/moveit2_ws_main/install/moveit_resources_pr2_description/share/moveit_resources_pr2_description/urdf/meshes/forearm_v0/forearm.jpg
[2.468s] -- Up-to-date: /home/jake/moveit2_ws_main/install/moveit_resources_pr2_description/share/moveit_resources_pr2_description/urdf/meshes/forearm_v0/wrist_flex.stl
[2.469s] -- Up-to-date: /home/jake/moveit2_ws_main/install/moveit_resources_pr2_description/share/moveit_resources_pr2_description/urdf/meshes/forearm_v0/forearm_normals.tif
[2.469s] -- Up-to-date: /home/jake/moveit2_ws_main/install/moveit_resources_pr2_description/share/moveit_resources_pr2_description/urdf/meshes/forearm_v0/wrist_roll_L.stl
[2.469s] -- Up-to-date: /home/jake/moveit2_ws_main/install/moveit_resources_pr2_description/share/moveit_resources_pr2_description/urdf/meshes/forearm_v0/wrist_roll.stl
[2.470s] -- Up-to-date: /home/jake/moveit2_ws_main/install/moveit_resources_pr2_description/share/moveit_resources_pr2_description/urdf/meshes/forearm_v0/forearm_color.tif
[2.470s] -- Up-to-date: /home/jake/moveit2_ws_main/install/moveit_resources_pr2_description/share/moveit_resources_pr2_description/urdf/meshes/forearm_v0/wrist_color.tif
[2.470s] -- Up-to-date: /home/jake/moveit2_ws_main/install/moveit_resources_pr2_description/share/moveit_resources_pr2_description/urdf/meshes/forearm_v0/forearm.dae
[2.477s] -- Up-to-date: /home/jake/moveit2_ws_main/install/moveit_resources_pr2_description/share/moveit_resources_pr2_description/urdf/meshes/forearm_v0/wrist_flex.dae
[2.477s] -- Up-to-date: /home/jake/moveit2_ws_main/install/moveit_resources_pr2_description/share/moveit_resources_pr2_description/urdf/meshes/forearm_v0/wrist_normals.tif
[2.477s] -- Up-to-date: /home/jake/moveit2_ws_main/install/moveit_resources_pr2_description/share/moveit_resources_pr2_description/urdf/meshes/forearm_v0/convex
[2.477s] -- Up-to-date: /home/jake/moveit2_ws_main/install/moveit_resources_pr2_description/share/moveit_resources_pr2_description/urdf/meshes/forearm_v0/convex/forearm_convex.stla
[2.478s] -- Up-to-date: /home/jake/moveit2_ws_main/install/moveit_resources_pr2_description/share/moveit_resources_pr2_description/urdf/meshes/forearm_v0/convex/wrist_roll.dae
[2.478s] -- Up-to-date: /home/jake/moveit2_ws_main/install/moveit_resources_pr2_description/share/moveit_resources_pr2_description/urdf/meshes/forearm_v0/convex/wrist_flex_convex.stla
[2.478s] -- Up-to-date: /home/jake/moveit2_ws_main/install/moveit_resources_pr2_description/share/moveit_resources_pr2_description/urdf/meshes/forearm_v0/convex/wrist_roll_convex.stla
[2.479s] -- Up-to-date: /home/jake/moveit2_ws_main/install/moveit_resources_pr2_description/share/moveit_resources_pr2_description/urdf/meshes/forearm_v0/convex/forearm.dae
[2.479s] -- Up-to-date: /home/jake/moveit2_ws_main/install/moveit_resources_pr2_description/share/moveit_resources_pr2_description/urdf/meshes/forearm_v0/convex/wrist_roll_L_convex.stlb
[2.479s] -- Up-to-date: /home/jake/moveit2_ws_main/install/moveit_resources_pr2_description/share/moveit_resources_pr2_description/urdf/meshes/forearm_v0/convex/forearm.xml
[2.479s] -- Up-to-date: /home/jake/moveit2_ws_main/install/moveit_resources_pr2_description/share/moveit_resources_pr2_description/urdf/meshes/forearm_v0/convex/wrist_flex.dae
[2.480s] -- Up-to-date: /home/jake/moveit2_ws_main/install/moveit_resources_pr2_description/share/moveit_resources_pr2_description/urdf/meshes/forearm_v0/convex/wrist_flex.xml
[2.480s] -- Up-to-date: /home/jake/moveit2_ws_main/install/moveit_resources_pr2_description/share/moveit_resources_pr2_description/urdf/meshes/forearm_v0/convex/wrist_roll_L.xml
[2.480s] -- Up-to-date: /home/jake/moveit2_ws_main/install/moveit_resources_pr2_description/share/moveit_resources_pr2_description/urdf/meshes/forearm_v0/convex/wrist_flex_convex.stlb
[2.480s] -- Up-to-date: /home/jake/moveit2_ws_main/install/moveit_resources_pr2_description/share/moveit_resources_pr2_description/urdf/meshes/forearm_v0/convex/wrist_roll_L_convex.stla
[2.484s] -- Up-to-date: /home/jake/moveit2_ws_main/install/moveit_resources_pr2_description/share/moveit_resources_pr2_description/urdf/meshes/forearm_v0/convex/wrist_roll_L.dae
[2.484s] -- Up-to-date: /home/jake/moveit2_ws_main/install/moveit_resources_pr2_description/share/moveit_resources_pr2_description/urdf/meshes/forearm_v0/convex/forearm_convex.stlb
[2.484s] -- Up-to-date: /home/jake/moveit2_ws_main/install/moveit_resources_pr2_description/share/moveit_resources_pr2_description/urdf/meshes/forearm_v0/convex/wrist_roll_convex.stlb
[2.484s] -- Up-to-date: /home/jake/moveit2_ws_main/install/moveit_resources_pr2_description/share/moveit_resources_pr2_description/urdf/meshes/forearm_v0/convex/wrist_roll.xml
[2.485s] -- Up-to-date: /home/jake/moveit2_ws_main/install/moveit_resources_pr2_description/share/moveit_resources_pr2_description/urdf/meshes/forearm_v0/forearm.stl
[2.485s] -- Up-to-date: /home/jake/moveit2_ws_main/install/moveit_resources_pr2_description/share/moveit_resources_pr2_description/urdf/meshes/sensors
[2.485s] -- Up-to-date: /home/jake/moveit2_ws_main/install/moveit_resources_pr2_description/share/moveit_resources_pr2_description/urdf/meshes/sensors/kinect_v0
[2.485s] -- Up-to-date: /home/jake/moveit2_ws_main/install/moveit_resources_pr2_description/share/moveit_resources_pr2_description/urdf/meshes/sensors/kinect_v0/kinect.tga
[2.485s] -- Up-to-date: /home/jake/moveit2_ws_main/install/moveit_resources_pr2_description/share/moveit_resources_pr2_description/urdf/meshes/sensors/kinect_v0/kinect_color.tga
[2.486s] -- Up-to-date: /home/jake/moveit2_ws_main/install/moveit_resources_pr2_description/share/moveit_resources_pr2_description/urdf/meshes/sensors/kinect_v0/kinect.dae
[2.486s] -- Up-to-date: /home/jake/moveit2_ws_main/install/moveit_resources_pr2_description/share/moveit_resources_pr2_description/urdf/meshes/sensors/kinect_v0/kinect_mount.stl
[2.486s] -- Up-to-date: /home/jake/moveit2_ws_main/install/moveit_resources_pr2_description/share/moveit_resources_pr2_description/urdf/meshes/sensors/kinect_prosilica_v0
[2.486s] -- Up-to-date: /home/jake/moveit2_ws_main/install/moveit_resources_pr2_description/share/moveit_resources_pr2_description/urdf/meshes/sensors/kinect_prosilica_v0/115x100_swept_fwd--coarse.STL
[2.487s] -- Up-to-date: /home/jake/moveit2_ws_main/install/moveit_resources_pr2_description/share/moveit_resources_pr2_description/urdf/meshes/sensors/kinect_prosilica_v0/115x100_swept_fwd_no_sensors--coarse.STL
[2.487s] -- Up-to-date: /home/jake/moveit2_ws_main/install/moveit_resources_pr2_description/share/moveit_resources_pr2_description/urdf/meshes/sensors/kinect_prosilica_v0/68-04546_Kinect_Sensor--coarse.STL
[2.487s] -- Up-to-date: /home/jake/moveit2_ws_main/install/moveit_resources_pr2_description/share/moveit_resources_pr2_description/urdf/meshes/sensors/kinect_prosilica_v0/115x100_swept_back--coarse.STL
[2.487s] -- Up-to-date: /home/jake/moveit2_ws_main/install/moveit_resources_pr2_description/share/moveit_resources_pr2_description/urdf/meshes/sensors/kinect_prosilica_v0/115x100_swept_back_no_sensors--coarse.STL
[2.487s] -- Up-to-date: /home/jake/moveit2_ws_main/install/moveit_resources_pr2_description/share/moveit_resources_pr2_description/urdf/meshes/sensors/kinect_prosilica_v0/Prosilica_w_Lens--coarse.STL
[2.501s] -- Up-to-date: /home/jake/moveit2_ws_main/install/moveit_resources_pr2_description/share/moveit_resources_pr2_description/urdf/meshes/upper_arm_v0
[2.501s] -- Up-to-date: /home/jake/moveit2_ws_main/install/moveit_resources_pr2_description/share/moveit_resources_pr2_description/urdf/meshes/upper_arm_v0/forearm_roll_L.stl
[2.501s] -- Up-to-date: /home/jake/moveit2_ws_main/install/moveit_resources_pr2_description/share/moveit_resources_pr2_description/urdf/meshes/upper_arm_v0/upper_arm_normals.tif
[2.501s] -- Up-to-date: /home/jake/moveit2_ws_main/install/moveit_resources_pr2_description/share/moveit_resources_pr2_description/urdf/meshes/upper_arm_v0/elbow_flex_normals.tif
[2.502s] -- Up-to-date: /home/jake/moveit2_ws_main/install/moveit_resources_pr2_description/share/moveit_resources_pr2_description/urdf/meshes/upper_arm_v0/upper_arm.jpg
[2.502s] -- Up-to-date: /home/jake/moveit2_ws_main/install/moveit_resources_pr2_description/share/moveit_resources_pr2_description/urdf/meshes/upper_arm_v0/elbow_flex_color.tif
[2.502s] -- Up-to-date: /home/jake/moveit2_ws_main/install/moveit_resources_pr2_description/share/moveit_resources_pr2_description/urdf/meshes/upper_arm_v0/upper_arm.dae
[2.502s] -- Up-to-date: /home/jake/moveit2_ws_main/install/moveit_resources_pr2_description/share/moveit_resources_pr2_description/urdf/meshes/upper_arm_v0/forearm_roll.stl
[2.502s] -- Up-to-date: /home/jake/moveit2_ws_main/install/moveit_resources_pr2_description/share/moveit_resources_pr2_description/urdf/meshes/upper_arm_v0/elbow_flex.dae
[2.502s] -- Up-to-date: /home/jake/moveit2_ws_main/install/moveit_resources_pr2_description/share/moveit_resources_pr2_description/urdf/meshes/upper_arm_v0/convex
[2.503s] -- Up-to-date: /home/jake/moveit2_ws_main/install/moveit_resources_pr2_description/share/moveit_resources_pr2_description/urdf/meshes/upper_arm_v0/convex/forearm_roll_L.xml
[2.503s] -- Up-to-date: /home/jake/moveit2_ws_main/install/moveit_resources_pr2_description/share/moveit_resources_pr2_description/urdf/meshes/upper_arm_v0/convex/elbow_flex_convex.stla
[2.503s] -- Up-to-date: /home/jake/moveit2_ws_main/install/moveit_resources_pr2_description/share/moveit_resources_pr2_description/urdf/meshes/upper_arm_v0/convex/elbow_flex.xml
[2.503s] -- Up-to-date: /home/jake/moveit2_ws_main/install/moveit_resources_pr2_description/share/moveit_resources_pr2_description/urdf/meshes/upper_arm_v0/convex/forearm_roll.dae
[2.505s] -- Up-to-date: /home/jake/moveit2_ws_main/install/moveit_resources_pr2_description/share/moveit_resources_pr2_description/urdf/meshes/upper_arm_v0/convex/forearm_roll_L_convex.stla
[2.506s] -- Up-to-date: /home/jake/moveit2_ws_main/install/moveit_resources_pr2_description/share/moveit_resources_pr2_description/urdf/meshes/upper_arm_v0/convex/upper_arm_convex.stla
[2.507s] -- Up-to-date: /home/jake/moveit2_ws_main/install/moveit_resources_pr2_description/share/moveit_resources_pr2_description/urdf/meshes/upper_arm_v0/convex/forearm_roll_L_convex.stlb
[2.507s] -- Up-to-date: /home/jake/moveit2_ws_main/install/moveit_resources_pr2_description/share/moveit_resources_pr2_description/urdf/meshes/upper_arm_v0/convex/upper_arm.dae
[2.507s] -- Up-to-date: /home/jake/moveit2_ws_main/install/moveit_resources_pr2_description/share/moveit_resources_pr2_description/urdf/meshes/upper_arm_v0/convex/upper_arm.xml
[2.507s] -- Up-to-date: /home/jake/moveit2_ws_main/install/moveit_resources_pr2_description/share/moveit_resources_pr2_description/urdf/meshes/upper_arm_v0/convex/upper_arm_convex.stlb
[2.508s] -- Up-to-date: /home/jake/moveit2_ws_main/install/moveit_resources_pr2_description/share/moveit_resources_pr2_description/urdf/meshes/upper_arm_v0/convex/elbow_flex.dae
[2.508s] -- Up-to-date: /home/jake/moveit2_ws_main/install/moveit_resources_pr2_description/share/moveit_resources_pr2_description/urdf/meshes/upper_arm_v0/convex/forearm_roll_convex.stlb
[2.508s] -- Up-to-date: /home/jake/moveit2_ws_main/install/moveit_resources_pr2_description/share/moveit_resources_pr2_description/urdf/meshes/upper_arm_v0/convex/elbow_flex_convex.stlb
[2.508s] -- Up-to-date: /home/jake/moveit2_ws_main/install/moveit_resources_pr2_description/share/moveit_resources_pr2_description/urdf/meshes/upper_arm_v0/convex/forearm_roll_L.dae
[2.508s] -- Up-to-date: /home/jake/moveit2_ws_main/install/moveit_resources_pr2_description/share/moveit_resources_pr2_description/urdf/meshes/upper_arm_v0/convex/forearm_roll_convex.stla
[2.509s] -- Up-to-date: /home/jake/moveit2_ws_main/install/moveit_resources_pr2_description/share/moveit_resources_pr2_description/urdf/meshes/upper_arm_v0/convex/forearm_roll.xml
[2.509s] -- Up-to-date: /home/jake/moveit2_ws_main/install/moveit_resources_pr2_description/share/moveit_resources_pr2_description/urdf/meshes/upper_arm_v0/upper_arm.stl
[2.509s] -- Up-to-date: /home/jake/moveit2_ws_main/install/moveit_resources_pr2_description/share/moveit_resources_pr2_description/urdf/meshes/upper_arm_v0/elbow_flex.stl
[2.509s] -- Up-to-date: /home/jake/moveit2_ws_main/install/moveit_resources_pr2_description/share/moveit_resources_pr2_description/urdf/meshes/upper_arm_v0/upper_arm_color.tif
[2.509s] -- Up-to-date: /home/jake/moveit2_ws_main/install/moveit_resources_pr2_description/share/moveit_resources_pr2_description/urdf/meshes/tilting_laser_v0
[2.509s] -- Up-to-date: /home/jake/moveit2_ws_main/install/moveit_resources_pr2_description/share/moveit_resources_pr2_description/urdf/meshes/tilting_laser_v0/tilting_hokuyo.stl
[2.509s] -- Up-to-date: /home/jake/moveit2_ws_main/install/moveit_resources_pr2_description/share/moveit_resources_pr2_description/urdf/meshes/tilting_laser_v0/hok_tilt.stl
[2.510s] -- Up-to-date: /home/jake/moveit2_ws_main/install/moveit_resources_pr2_description/share/moveit_resources_pr2_description/urdf/meshes/tilting_laser_v0/tilting_hokuyo_normals.tif
[2.510s] -- Up-to-date: /home/jake/moveit2_ws_main/install/moveit_resources_pr2_description/share/moveit_resources_pr2_description/urdf/meshes/tilting_laser_v0/tilting_hokuyo_L.stl
[2.510s] -- Up-to-date: /home/jake/moveit2_ws_main/install/moveit_resources_pr2_description/share/moveit_resources_pr2_description/urdf/meshes/tilting_laser_v0/tilting_hokuyo_color.tif
[2.521s] -- Up-to-date: /home/jake/moveit2_ws_main/install/moveit_resources_pr2_description/share/moveit_resources_pr2_description/urdf/meshes/tilting_laser_v0/tilting_hokuyo.dae
[2.521s] -- Up-to-date: /home/jake/moveit2_ws_main/install/moveit_resources_pr2_description/share/moveit_resources_pr2_description/urdf/meshes/tilting_laser_v0/convex
[2.522s] -- Up-to-date: /home/jake/moveit2_ws_main/install/moveit_resources_pr2_description/share/moveit_resources_pr2_description/urdf/meshes/tilting_laser_v0/convex/hok_tilt_convex.stla
[2.522s] -- Up-to-date: /home/jake/moveit2_ws_main/install/moveit_resources_pr2_description/share/moveit_resources_pr2_description/urdf/meshes/tilting_laser_v0/convex/tilting_hokuyo_L.dae
[2.522s] -- Up-to-date: /home/jake/moveit2_ws_main/install/moveit_resources_pr2_description/share/moveit_resources_pr2_description/urdf/meshes/tilting_laser_v0/convex/tilting_hokuyo_L.xml
[2.522s] -- Up-to-date: /home/jake/moveit2_ws_main/install/moveit_resources_pr2_description/share/moveit_resources_pr2_description/urdf/meshes/tilting_laser_v0/convex/tilting_hokuyo.dae
[2.523s] -- Up-to-date: /home/jake/moveit2_ws_main/install/moveit_resources_pr2_description/share/moveit_resources_pr2_description/urdf/meshes/tilting_laser_v0/convex/tilting_hokuyo_convex.stla
[2.523s] -- Up-to-date: /home/jake/moveit2_ws_main/install/moveit_resources_pr2_description/share/moveit_resources_pr2_description/urdf/meshes/tilting_laser_v0/convex/hok_tilt_convex.stlb
[2.523s] -- Up-to-date: /home/jake/moveit2_ws_main/install/moveit_resources_pr2_description/share/moveit_resources_pr2_description/urdf/meshes/tilting_laser_v0/convex/tilting_hokuyo_convex.stlb
[2.523s] -- Up-to-date: /home/jake/moveit2_ws_main/install/moveit_resources_pr2_description/share/moveit_resources_pr2_description/urdf/meshes/tilting_laser_v0/convex/hok_tilt.dae
[2.524s] -- Up-to-date: /home/jake/moveit2_ws_main/install/moveit_resources_pr2_description/share/moveit_resources_pr2_description/urdf/meshes/tilting_laser_v0/convex/tilting_hokuyo_L_convex.stlb
[2.524s] -- Up-to-date: /home/jake/moveit2_ws_main/install/moveit_resources_pr2_description/share/moveit_resources_pr2_description/urdf/meshes/tilting_laser_v0/convex/tilting_hokuyo.xml
[2.524s] -- Up-to-date: /home/jake/moveit2_ws_main/install/moveit_resources_pr2_description/share/moveit_resources_pr2_description/urdf/meshes/tilting_laser_v0/convex/hok_tilt.xml
[2.524s] -- Up-to-date: /home/jake/moveit2_ws_main/install/moveit_resources_pr2_description/share/moveit_resources_pr2_description/urdf/meshes/tilting_laser_v0/convex/tilting_hokuyo_L_convex.stla
[2.525s] -- Up-to-date: /home/jake/moveit2_ws_main/install/moveit_resources_pr2_description/share/moveit_resources_pr2_description/urdf/meshes/head_v0
[2.525s] -- Up-to-date: /home/jake/moveit2_ws_main/install/moveit_resources_pr2_description/share/moveit_resources_pr2_description/urdf/meshes/head_v0/head_tilt_green.tif
[2.525s] -- Up-to-date: /home/jake/moveit2_ws_main/install/moveit_resources_pr2_description/share/moveit_resources_pr2_description/urdf/meshes/head_v0/head_pan_color.tif
[2.525s] -- Up-to-date: /home/jake/moveit2_ws_main/install/moveit_resources_pr2_description/share/moveit_resources_pr2_description/urdf/meshes/head_v0/head_pan_L.stl
[2.525s] -- Up-to-date: /home/jake/moveit2_ws_main/install/moveit_resources_pr2_description/share/moveit_resources_pr2_description/urdf/meshes/head_v0/head_pan_normals.tif
[2.526s] -- Up-to-date: /home/jake/moveit2_ws_main/install/moveit_resources_pr2_description/share/moveit_resources_pr2_description/urdf/meshes/head_v0/head_tilt.dae
[2.526s] -- Up-to-date: /home/jake/moveit2_ws_main/install/moveit_resources_pr2_description/share/moveit_resources_pr2_description/urdf/meshes/head_v0/head_tilt_color_yellow.tif
[2.526s] -- Up-to-date: /home/jake/moveit2_ws_main/install/moveit_resources_pr2_description/share/moveit_resources_pr2_description/urdf/meshes/head_v0/head_pan.stl
[2.526s] -- Up-to-date: /home/jake/moveit2_ws_main/install/moveit_resources_pr2_description/share/moveit_resources_pr2_description/urdf/meshes/head_v0/head_tilt_normals.tif
[2.527s] -- Up-to-date: /home/jake/moveit2_ws_main/install/moveit_resources_pr2_description/share/moveit_resources_pr2_description/urdf/meshes/head_v0/head_tilt.stl
[2.527s] -- Up-to-date: /home/jake/moveit2_ws_main/install/moveit_resources_pr2_description/share/moveit_resources_pr2_description/urdf/meshes/head_v0/convex
[2.527s] -- Up-to-date: /home/jake/moveit2_ws_main/install/moveit_resources_pr2_description/share/moveit_resources_pr2_description/urdf/meshes/head_v0/convex/head_pan_L.xml
[2.527s] -- Up-to-date: /home/jake/moveit2_ws_main/install/moveit_resources_pr2_description/share/moveit_resources_pr2_description/urdf/meshes/head_v0/convex/head_tilt_L_convex.stla
[2.527s] -- Up-to-date: /home/jake/moveit2_ws_main/install/moveit_resources_pr2_description/share/moveit_resources_pr2_description/urdf/meshes/head_v0/convex/head_pan_L_convex.stlb
[2.530s] -- Up-to-date: /home/jake/moveit2_ws_main/install/moveit_resources_pr2_description/share/moveit_resources_pr2_description/urdf/meshes/head_v0/convex/head_pan_convex.stla
[2.531s] -- Up-to-date: /home/jake/moveit2_ws_main/install/moveit_resources_pr2_description/share/moveit_resources_pr2_description/urdf/meshes/head_v0/convex/head_tilt_L.dae
[2.531s] -- Up-to-date: /home/jake/moveit2_ws_main/install/moveit_resources_pr2_description/share/moveit_resources_pr2_description/urdf/meshes/head_v0/convex/head_pan_L_convex.stla
[2.531s] -- Up-to-date: /home/jake/moveit2_ws_main/install/moveit_resources_pr2_description/share/moveit_resources_pr2_description/urdf/meshes/head_v0/convex/head_tilt.dae
[2.531s] -- Up-to-date: /home/jake/moveit2_ws_main/install/moveit_resources_pr2_description/share/moveit_resources_pr2_description/urdf/meshes/head_v0/convex/head_pan_L.dae
[2.532s] -- Up-to-date: /home/jake/moveit2_ws_main/install/moveit_resources_pr2_description/share/moveit_resources_pr2_description/urdf/meshes/head_v0/convex/head_pan_convex.stlb
[2.532s] -- Up-to-date: /home/jake/moveit2_ws_main/install/moveit_resources_pr2_description/share/moveit_resources_pr2_description/urdf/meshes/head_v0/convex/head_tilt_convex.stlb
[2.532s] -- Up-to-date: /home/jake/moveit2_ws_main/install/moveit_resources_pr2_description/share/moveit_resources_pr2_description/urdf/meshes/head_v0/convex/head_pan.dae
[2.533s] -- Up-to-date: /home/jake/moveit2_ws_main/install/moveit_resources_pr2_description/share/moveit_resources_pr2_description/urdf/meshes/head_v0/convex/head_tilt_L.xml
[2.533s] -- Up-to-date: /home/jake/moveit2_ws_main/install/moveit_resources_pr2_description/share/moveit_resources_pr2_description/urdf/meshes/head_v0/convex/head_pan.xml
[2.533s] -- Up-to-date: /home/jake/moveit2_ws_main/install/moveit_resources_pr2_description/share/moveit_resources_pr2_description/urdf/meshes/head_v0/convex/head_tilt_L_convex.stlb
[2.533s] -- Up-to-date: /home/jake/moveit2_ws_main/install/moveit_resources_pr2_description/share/moveit_resources_pr2_description/urdf/meshes/head_v0/convex/head_tilt_convex.stla
[2.535s] -- Up-to-date: /home/jake/moveit2_ws_main/install/moveit_resources_pr2_description/share/moveit_resources_pr2_description/urdf/meshes/head_v0/convex/head_tilt.xml
[2.535s] -- Up-to-date: /home/jake/moveit2_ws_main/install/moveit_resources_pr2_description/share/moveit_resources_pr2_description/urdf/meshes/head_v0/head_tilt_color_red.tif
[2.535s] -- Up-to-date: /home/jake/moveit2_ws_main/install/moveit_resources_pr2_description/share/moveit_resources_pr2_description/urdf/meshes/head_v0/head_tilt_L.stl
[2.535s] -- Up-to-date: /home/jake/moveit2_ws_main/install/moveit_resources_pr2_description/share/moveit_resources_pr2_description/urdf/meshes/head_v0/head_pan.dae
[2.536s] -- Up-to-date: /home/jake/moveit2_ws_main/install/moveit_resources_pr2_description/share/moveit_resources_pr2_description/urdf/meshes/head_v0/head_tilt_color.tif
[2.536s] -- Up-to-date: /home/jake/moveit2_ws_main/install/moveit_resources_pr2_description/share/moveit_resources_pr2_description/urdf/meshes/torso_v0
[2.536s] -- Up-to-date: /home/jake/moveit2_ws_main/install/moveit_resources_pr2_description/share/moveit_resources_pr2_description/urdf/meshes/torso_v0/torso_lift_color.tif
[2.536s] -- Up-to-date: /home/jake/moveit2_ws_main/install/moveit_resources_pr2_description/share/moveit_resources_pr2_description/urdf/meshes/torso_v0/torso_lift_normals.tif
[2.537s] -- Up-to-date: /home/jake/moveit2_ws_main/install/moveit_resources_pr2_description/share/moveit_resources_pr2_description/urdf/meshes/torso_v0/torso_lift.stl
[2.537s] -- Up-to-date: /home/jake/moveit2_ws_main/install/moveit_resources_pr2_description/share/moveit_resources_pr2_description/urdf/meshes/torso_v0/torso.stl
[2.537s] -- Up-to-date: /home/jake/moveit2_ws_main/install/moveit_resources_pr2_description/share/moveit_resources_pr2_description/urdf/meshes/torso_v0/torso_lift_L.stl
[2.537s] -- Up-to-date: /home/jake/moveit2_ws_main/install/moveit_resources_pr2_description/share/moveit_resources_pr2_description/urdf/meshes/torso_v0/convex
[2.538s] -- Up-to-date: /home/jake/moveit2_ws_main/install/moveit_resources_pr2_description/share/moveit_resources_pr2_description/urdf/meshes/torso_v0/convex/torso_lift_L.xml
[2.538s] -- Up-to-date: /home/jake/moveit2_ws_main/install/moveit_resources_pr2_description/share/moveit_resources_pr2_description/urdf/meshes/torso_v0/convex/torso.xml
[2.538s] -- Up-to-date: /home/jake/moveit2_ws_main/install/moveit_resources_pr2_description/share/moveit_resources_pr2_description/urdf/meshes/torso_v0/convex/torso_lift_L_convex.stla
[2.538s] -- Up-to-date: /home/jake/moveit2_ws_main/install/moveit_resources_pr2_description/share/moveit_resources_pr2_description/urdf/meshes/torso_v0/convex/torso.dae
[2.543s] -- Up-to-date: /home/jake/moveit2_ws_main/install/moveit_resources_pr2_description/share/moveit_resources_pr2_description/urdf/meshes/torso_v0/convex/torso_lift.xml
[2.543s] -- Up-to-date: /home/jake/moveit2_ws_main/install/moveit_resources_pr2_description/share/moveit_resources_pr2_description/urdf/meshes/torso_v0/convex/torso_lift_convex.stla
[2.544s] -- Up-to-date: /home/jake/moveit2_ws_main/install/moveit_resources_pr2_description/share/moveit_resources_pr2_description/urdf/meshes/torso_v0/convex/torso_lift_L_convex.stlb
[2.544s] -- Up-to-date: /home/jake/moveit2_ws_main/install/moveit_resources_pr2_description/share/moveit_resources_pr2_description/urdf/meshes/torso_v0/convex/torso_convex.stlb
[2.544s] -- Up-to-date: /home/jake/moveit2_ws_main/install/moveit_resources_pr2_description/share/moveit_resources_pr2_description/urdf/meshes/torso_v0/convex/torso_lift_L.dae
[2.544s] -- Up-to-date: /home/jake/moveit2_ws_main/install/moveit_resources_pr2_description/share/moveit_resources_pr2_description/urdf/meshes/torso_v0/convex/torso_convex.stla
[2.544s] -- Up-to-date: /home/jake/moveit2_ws_main/install/moveit_resources_pr2_description/share/moveit_resources_pr2_description/urdf/meshes/torso_v0/convex/torso_lift_convex.stlb
[2.545s] -- Up-to-date: /home/jake/moveit2_ws_main/install/moveit_resources_pr2_description/share/moveit_resources_pr2_description/urdf/meshes/torso_v0/convex/torso_lift.dae
[2.545s] -- Up-to-date: /home/jake/moveit2_ws_main/install/moveit_resources_pr2_description/share/moveit_resources_pr2_description/urdf/meshes/torso_v0/torso_lift.dae
[2.545s] -- Up-to-date: /home/jake/moveit2_ws_main/install/moveit_resources_pr2_description/share/moveit_resources_pr2_description/urdf/materials
[2.545s] -- Up-to-date: /home/jake/moveit2_ws_main/install/moveit_resources_pr2_description/share/moveit_resources_pr2_description/urdf/materials/textures
[2.546s] -- Up-to-date: /home/jake/moveit2_ws_main/install/moveit_resources_pr2_description/share/moveit_resources_pr2_description/urdf/materials/textures/pr2_wheel_right.png
[2.546s] -- Up-to-date: /home/jake/moveit2_ws_main/install/moveit_resources_pr2_description/share/moveit_resources_pr2_description/urdf/materials/textures/pr2_wheel_left.png
[2.546s] -- Up-to-date: /home/jake/moveit2_ws_main/install/moveit_resources_pr2_description/share/moveit_resources_pr2_description/urdf/materials/textures/pr2_caster_texture.png
[2.546s] -- Up-to-date: /home/jake/moveit2_ws_main/install/moveit_resources_pr2_description/share/moveit_resources_pr2_description/urdf/robot.xml
[2.546s] -- Up-to-date: /home/jake/moveit2_ws_main/install/moveit_resources_pr2_description/share/moveit_resources_pr2_description/kinect.dae
[2.590s] Invoked command in '/home/jake/moveit2_ws_main/build/moveit_resources_pr2_description' returned '0': CMAKE_PREFIX_PATH=${CMAKE_PREFIX_PATH}:/home/jake/ros2_iron/install/rqt_bag_plugins:/home/jake/ros2_iron/install/rqt_bag:/home/jake/ros2_iron/install/rosbag2_examples_py:/home/jake/ros2_iron/install/launch_testing_examples:/home/jake/ros2_iron/install/ros2bag:/home/jake/ros2_iron/install/tracetools_test:/home/jake/ros2_iron/install/tracetools_launch:/home/jake/ros2_iron/install/topic_monitor:/home/jake/ros2_iron/install/tf2_tools:/home/jake/ros2_iron/install/examples_tf2_py:/home/jake/ros2_iron/install/tf2_ros_py:/home/jake/ros2_iron/install/examples_rclpy_pointcloud_publisher:/home/jake/ros2_iron/install/sensor_msgs_py:/home/jake/ros2_iron/install/quality_of_service_demo_py:/home/jake/ros2_iron/install/rqt_plot:/home/jake/ros2_iron/install/ros2doctor:/home/jake/ros2_iron/install/lifecycle_py:/home/jake/ros2_iron/install/examples_rclpy_minimal_subscriber:/home/jake/ros2_iron/install/examples_rclpy_minimal_service:/home/jake/ros2_iron/install/examples_rclpy_minimal_publisher:/home/jake/ros2_iron/install/examples_rclpy_minimal_client:/home/jake/ros2_iron/install/examples_rclpy_executors:/home/jake/ros2_iron/install/demo_nodes_py:/home/jake/ros2_iron/install/rqt:/home/jake/ros2_iron/install/ros2component:/home/jake/ros2_iron/install/sros2:/home/jake/ros2_iron/install/rqt_topic:/home/jake/ros2_iron/install/rqt_srv:/home/jake/ros2_iron/install/rqt_shell:/home/jake/ros2_iron/install/rqt_service_caller:/home/jake/ros2_iron/install/rqt_reconfigure:/home/jake/ros2_iron/install/rqt_py_console:/home/jake/ros2_iron/install/rqt_publisher:/home/jake/ros2_iron/install/rqt_action:/home/jake/ros2_iron/install/rqt_msg:/home/jake/ros2_iron/install/rqt_console:/home/jake/ros2_iron/install/rqt_graph:/home/jake/ros2_iron/install/rqt_gui_py:/home/jake/ros2_iron/install/rqt_gui:/home/jake/ros2_iron/install/ros2trace:/home/jake/ros2_iron/install/ros2topic:/home/jake/ros2_iron/install/ros2test:/home/jake/ros2_iron/install/ros2param:/home/jake/ros2_iron/install/ros2lifecycle:/home/jake/ros2_iron/install/ros2service:/home/jake/ros2_iron/install/ros2run:/home/jake/ros2_iron/install/ros2launch:/home/jake/ros2_iron/install/ros2pkg:/home/jake/ros2_iron/install/ros2node:/home/jake/ros2_iron/install/ros2multicast:/home/jake/ros2_iron/install/ros2interface:/home/jake/ros2_iron/install/ros2action:/home/jake/ros2_iron/install/ros2cli:/home/jake/ros2_iron/install/launch_testing_ros:/home/jake/ros2_iron/install/launch_ros:/home/jake/ros2_iron/install/examples_rclpy_minimal_action_server:/home/jake/ros2_iron/install/examples_rclpy_minimal_action_client:/home/jake/ros2_iron/install/examples_rclpy_guard_conditions:/home/jake/ros2_iron/install/action_tutorials_py:/home/jake/ros2_iron/install/ament_uncrustify:/home/jake/ros2_iron/install/tracetools_trace:/home/jake/ros2_iron/install/tracetools_read:/home/jake/ros2_iron/install/test_tracetools_launch:/home/jake/ros2_iron/install/test_ros2trace:/home/jake/ros2_iron/install/test_launch_ros:/home/jake/ros2_iron/install/rpyutils:/home/jake/ros2_iron/install/rosidl_runtime_py:/home/jake/ros2_iron/install/rosidl_pycommon:/home/jake/ros2_iron/install/rosidl_cli:/home/jake/ros2_iron/install/launch_pytest:/home/jake/ros2_iron/install/launch_testing:/home/jake/ros2_iron/install/launch_yaml:/home/jake/ros2_iron/install/launch_xml:/home/jake/ros2_iron/install/launch:/home/jake/ros2_iron/install/osrf_pycommon:/home/jake/ros2_iron/install/domain_coordinator:/home/jake/ros2_iron/install/ament_xmllint:/home/jake/ros2_iron/install/ament_pyflakes:/home/jake/ros2_iron/install/ament_pycodestyle:/home/jake/ros2_iron/install/ament_pep257:/home/jake/ros2_iron/install/ament_pclint:/home/jake/ros2_iron/install/ament_package:/home/jake/ros2_iron/install/ament_mypy:/home/jake/ros2_iron/install/ament_lint_cmake:/home/jake/ros2_iron/install/ament_flake8:/home/jake/ros2_iron/install/ament_copyright:/home/jake/ros2_iron/install/ament_lint:/home/jake/ros2_iron/install/ament_index_python:/home/jake/ros2_iron/install/ament_cpplint:/home/jake/ros2_iron/install/ament_cppcheck:/home/jake/ros2_iron/install/ament_clang_tidy:/home/jake/ros2_iron/install/ament_clang_format:/opt/ros/iron /usr/bin/cmake --install /home/jake/moveit2_ws_main/build/moveit_resources_pr2_description
