-- The C compiler identification is GNU 11.4.0
-- The CXX compiler identification is GNU 11.4.0
-- Detecting C compiler ABI info
-- Detecting C compiler ABI info - done
-- Check for working C compiler: /usr/bin/cc - skipped
-- Detecting C compile features
-- Detecting C compile features - done
-- Detecting CXX compiler ABI info
-- Detecting CXX compiler ABI info - done
-- Check for working CXX compiler: /usr/bin/c++ - skipped
-- Detecting CXX compile features
-- Detecting CXX compile features - done
-- Found ament_cmake: 2.0.6 (/home/jake/ros2_iron/install/ament_cmake/share/ament_cmake/cmake)
-- Found Python3: /usr/bin/python3.10 (found version "3.10.12") found components: Interpreter 
-- Found generate_parameter_library: 0.3.7 (/home/jake/moveit2_ws_main/install/generate_parameter_library/share/generate_parameter_library/cmake)
-- Found parameter_traits: 0.3.7 (/home/jake/moveit2_ws_main/install/parameter_traits/share/parameter_traits/cmake)
-- Found rosidl_generator_c: 4.0.1 (/home/jake/ros2_iron/install/rosidl_generator_c/share/rosidl_generator_c/cmake)
-- Found rosidl_generator_cpp: 4.0.1 (/home/jake/ros2_iron/install/rosidl_generator_cpp/share/rosidl_generator_cpp/cmake)
-- Using all available rosidl_typesupport_c: rosidl_typesupport_introspection_c;rosidl_typesupport_fastrtps_c
-- Using all available rosidl_typesupport_cpp: rosidl_typesupport_introspection_cpp;rosidl_typesupport_fastrtps_cpp
-- Found rmw_implementation_cmake: 7.1.0 (/home/jake/ros2_iron/install/rmw_implementation_cmake/share/rmw_implementation_cmake/cmake)
-- Found rmw_fastrtps_cpp: 7.1.4 (/home/jake/ros2_iron/install/rmw_fastrtps_cpp/share/rmw_fastrtps_cpp/cmake)
-- Found OpenSSL: /usr/lib/x86_64-linux-gnu/libcrypto.so (found version "3.0.2")  
-- Found FastRTPS: /home/jake/ros2_iron/install/fastrtps/include  
-- Using RMW implementation 'rmw_fastrtps_cpp' as default
-- Found rclcpp_lifecycle: 21.0.7 (/home/jake/ros2_iron/install/rclcpp_lifecycle/share/rclcpp_lifecycle/cmake)
-- Found PythonInterp: /usr/bin/python (found version "3.10.12") 
-- Configuring done
-- Generating done
-- Build files have been written to: /home/jake/moveit2_ws_main/build/cmake_generate_parameter_module_example
[100%] [34m[1mRunning `/opt/ros/iron/bin/generate_parameter_library_python /home/jake/moveit2_ws_main/install/cmake_generate_parameter_module_example/local/lib/python3.10/dist-packages/cmake_generate_parameter_module_example/admittance_parameters.py /home/jake/moveit2_ws_main/src/generate_parameter_library/example_cmake_python/cmake_generate_parameter_module_example/parameters.yaml cmake_generate_parameter_module_example.custom_validation`[0m
[100%] Built target ament_cmake_python_copy_cmake_generate_parameter_module_example
running egg_info
creating cmake_generate_parameter_module_example.egg-info
writing cmake_generate_parameter_module_example.egg-info/PKG-INFO
writing dependency_links to cmake_generate_parameter_module_example.egg-info/dependency_links.txt
writing top-level names to cmake_generate_parameter_module_example.egg-info/top_level.txt
writing manifest file 'cmake_generate_parameter_module_example.egg-info/SOURCES.txt'
reading manifest file 'cmake_generate_parameter_module_example.egg-info/SOURCES.txt'
writing manifest file 'cmake_generate_parameter_module_example.egg-info/SOURCES.txt'
[100%] Built target ament_cmake_python_build_cmake_generate_parameter_module_example_egg
[100%] Built target admittance_parameters
-- Install configuration: "Release"
-- Installing: /home/jake/moveit2_ws_main/install/cmake_generate_parameter_module_example/share/cmake_generate_parameter_module_example/environment/pythonpath.sh
-- Installing: /home/jake/moveit2_ws_main/install/cmake_generate_parameter_module_example/share/cmake_generate_parameter_module_example/environment/pythonpath.dsv
-- Installing: /home/jake/moveit2_ws_main/install/cmake_generate_parameter_module_example/lib/python3.10/site-packages/cmake_generate_parameter_module_example-0.3.7-py3.10.egg-info
-- Installing: /home/jake/moveit2_ws_main/install/cmake_generate_parameter_module_example/lib/python3.10/site-packages/cmake_generate_parameter_module_example-0.3.7-py3.10.egg-info/dependency_links.txt
-- Installing: /home/jake/moveit2_ws_main/install/cmake_generate_parameter_module_example/lib/python3.10/site-packages/cmake_generate_parameter_module_example-0.3.7-py3.10.egg-info/top_level.txt
-- Installing: /home/jake/moveit2_ws_main/install/cmake_generate_parameter_module_example/lib/python3.10/site-packages/cmake_generate_parameter_module_example-0.3.7-py3.10.egg-info/SOURCES.txt
-- Installing: /home/jake/moveit2_ws_main/install/cmake_generate_parameter_module_example/lib/python3.10/site-packages/cmake_generate_parameter_module_example-0.3.7-py3.10.egg-info/PKG-INFO
-- Installing: /home/jake/moveit2_ws_main/install/cmake_generate_parameter_module_example/lib/python3.10/site-packages/cmake_generate_parameter_module_example
-- Installing: /home/jake/moveit2_ws_main/install/cmake_generate_parameter_module_example/lib/python3.10/site-packages/cmake_generate_parameter_module_example/custom_validation.py
-- Installing: /home/jake/moveit2_ws_main/install/cmake_generate_parameter_module_example/lib/python3.10/site-packages/cmake_generate_parameter_module_example/__init__.py
-- Installing: /home/jake/moveit2_ws_main/install/cmake_generate_parameter_module_example/lib/python3.10/site-packages/cmake_generate_parameter_module_example/minimal_publisher.py
-- Installing: /home/jake/moveit2_ws_main/install/cmake_generate_parameter_module_example/lib/python3.10/site-packages/cmake_generate_parameter_module_example/parameters.yaml
Listing '/home/jake/moveit2_ws_main/install/cmake_generate_parameter_module_example/lib/python3.10/site-packages/cmake_generate_parameter_module_example'...
Compiling '/home/jake/moveit2_ws_main/install/cmake_generate_parameter_module_example/lib/python3.10/site-packages/cmake_generate_parameter_module_example/__init__.py'...
Compiling '/home/jake/moveit2_ws_main/install/cmake_generate_parameter_module_example/lib/python3.10/site-packages/cmake_generate_parameter_module_example/custom_validation.py'...
Compiling '/home/jake/moveit2_ws_main/install/cmake_generate_parameter_module_example/lib/python3.10/site-packages/cmake_generate_parameter_module_example/minimal_publisher.py'...
-- Installing: /home/jake/moveit2_ws_main/install/cmake_generate_parameter_module_example/share/ament_index/resource_index/package_run_dependencies/cmake_generate_parameter_module_example
-- Installing: /home/jake/moveit2_ws_main/install/cmake_generate_parameter_module_example/share/ament_index/resource_index/parent_prefix_path/cmake_generate_parameter_module_example
-- Installing: /home/jake/moveit2_ws_main/install/cmake_generate_parameter_module_example/share/cmake_generate_parameter_module_example/environment/ament_prefix_path.sh
-- Installing: /home/jake/moveit2_ws_main/install/cmake_generate_parameter_module_example/share/cmake_generate_parameter_module_example/environment/ament_prefix_path.dsv
-- Installing: /home/jake/moveit2_ws_main/install/cmake_generate_parameter_module_example/share/cmake_generate_parameter_module_example/environment/path.sh
-- Installing: /home/jake/moveit2_ws_main/install/cmake_generate_parameter_module_example/share/cmake_generate_parameter_module_example/environment/path.dsv
-- Installing: /home/jake/moveit2_ws_main/install/cmake_generate_parameter_module_example/share/cmake_generate_parameter_module_example/local_setup.bash
-- Installing: /home/jake/moveit2_ws_main/install/cmake_generate_parameter_module_example/share/cmake_generate_parameter_module_example/local_setup.sh
-- Installing: /home/jake/moveit2_ws_main/install/cmake_generate_parameter_module_example/share/cmake_generate_parameter_module_example/local_setup.zsh
-- Installing: /home/jake/moveit2_ws_main/install/cmake_generate_parameter_module_example/share/cmake_generate_parameter_module_example/local_setup.dsv
-- Installing: /home/jake/moveit2_ws_main/install/cmake_generate_parameter_module_example/share/cmake_generate_parameter_module_example/package.dsv
-- Installing: /home/jake/moveit2_ws_main/install/cmake_generate_parameter_module_example/share/ament_index/resource_index/packages/cmake_generate_parameter_module_example
-- Installing: /home/jake/moveit2_ws_main/install/cmake_generate_parameter_module_example/share/cmake_generate_parameter_module_example/cmake/cmake_generate_parameter_module_exampleConfig.cmake
-- Installing: /home/jake/moveit2_ws_main/install/cmake_generate_parameter_module_example/share/cmake_generate_parameter_module_example/cmake/cmake_generate_parameter_module_exampleConfig-version.cmake
-- Installing: /home/jake/moveit2_ws_main/install/cmake_generate_parameter_module_example/share/cmake_generate_parameter_module_example/package.xml
