[1.427s] Invoking command in '/home/jake/moveit2_ws_main/src/moveit2/moveit_configs_utils': PYTHONPATH=/home/jake/moveit2_ws_main/build/moveit_configs_utils/prefix_override:/usr/lib/python3/dist-packages/colcon_core/task/python/colcon_distutils_commands:/home/jake/moveit2_ws_main/install/moveit_configs_utils/lib/python3.10/site-packages:${PYTHONPATH} /usr/bin/python3 -W ignore:setup.py install is deprecated setup.py egg_info --egg-base ../../../build/moveit_configs_utils build --build-base /home/jake/moveit2_ws_main/build/moveit_configs_utils/build install --record /home/jake/moveit2_ws_main/build/moveit_configs_utils/install.log --single-version-externally-managed install_data
[1.942s] running egg_info
[1.943s] writing ../../../build/moveit_configs_utils/moveit_configs_utils.egg-info/PKG-INFO
[1.943s] writing dependency_links to ../../../build/moveit_configs_utils/moveit_configs_utils.egg-info/dependency_links.txt
[1.943s] writing entry points to ../../../build/moveit_configs_utils/moveit_configs_utils.egg-info/entry_points.txt
[1.943s] writing requirements to ../../../build/moveit_configs_utils/moveit_configs_utils.egg-info/requires.txt
[1.943s] writing top-level names to ../../../build/moveit_configs_utils/moveit_configs_utils.egg-info/top_level.txt
[1.945s] reading manifest file '../../../build/moveit_configs_utils/moveit_configs_utils.egg-info/SOURCES.txt'
[1.950s] writing manifest file '../../../build/moveit_configs_utils/moveit_configs_utils.egg-info/SOURCES.txt'
[1.950s] running build
[1.950s] running build_py
[1.950s] copying moveit_configs_utils/launches.py -> /home/jake/moveit2_ws_main/build/moveit_configs_utils/build/lib/moveit_configs_utils
[1.951s] running install
[1.951s] running install_lib
[1.952s] copying /home/jake/moveit2_ws_main/build/moveit_configs_utils/build/lib/moveit_configs_utils/launches.py -> /home/jake/moveit2_ws_main/install/moveit_configs_utils/lib/python3.10/site-packages/moveit_configs_utils
[1.954s] byte-compiling /home/jake/moveit2_ws_main/install/moveit_configs_utils/lib/python3.10/site-packages/moveit_configs_utils/launches.py to launches.cpython-310.pyc
[1.956s] running install_data
[1.956s] running install_egg_info
[1.960s] removing '/home/jake/moveit2_ws_main/install/moveit_configs_utils/lib/python3.10/site-packages/moveit_configs_utils-2.11.0-py3.10.egg-info' (and everything under it)
[1.960s] Copying ../../../build/moveit_configs_utils/moveit_configs_utils.egg-info to /home/jake/moveit2_ws_main/install/moveit_configs_utils/lib/python3.10/site-packages/moveit_configs_utils-2.11.0-py3.10.egg-info
[1.961s] running install_scripts
[2.000s] writing list of installed files to '/home/jake/moveit2_ws_main/build/moveit_configs_utils/install.log'
[2.019s] Invoked command in '/home/jake/moveit2_ws_main/src/moveit2/moveit_configs_utils' returned '0': PYTHONPATH=/home/jake/moveit2_ws_main/build/moveit_configs_utils/prefix_override:/usr/lib/python3/dist-packages/colcon_core/task/python/colcon_distutils_commands:/home/jake/moveit2_ws_main/install/moveit_configs_utils/lib/python3.10/site-packages:${PYTHONPATH} /usr/bin/python3 -W ignore:setup.py install is deprecated setup.py egg_info --egg-base ../../../build/moveit_configs_utils build --build-base /home/jake/moveit2_ws_main/build/moveit_configs_utils/build install --record /home/jake/moveit2_ws_main/build/moveit_configs_utils/install.log --single-version-externally-managed install_data
