[4.124s] Invoking command in '/home/jake/moveit2_ws_main/src/generate_parameter_library/generate_parameter_library_py': PYTHONPATH=/home/jake/moveit2_ws_main/build/generate_parameter_library_py/prefix_override:/usr/lib/python3/dist-packages/colcon_core/task/python/colcon_distutils_commands:/home/jake/moveit2_ws_main/install/generate_parameter_library_py/lib/python3.10/site-packages:${PYTHONPATH} /usr/bin/python3 -W ignore:setup.py install is deprecated setup.py egg_info --egg-base ../../../build/generate_parameter_library_py build --build-base /home/jake/moveit2_ws_main/build/generate_parameter_library_py/build install --record /home/jake/moveit2_ws_main/build/generate_parameter_library_py/install.log --single-version-externally-managed install_data
[4.959s] running egg_info
[4.961s] writing ../../../build/generate_parameter_library_py/generate_parameter_library_py.egg-info/PKG-INFO
[4.961s] writing dependency_links to ../../../build/generate_parameter_library_py/generate_parameter_library_py.egg-info/dependency_links.txt
[4.961s] writing entry points to ../../../build/generate_parameter_library_py/generate_parameter_library_py.egg-info/entry_points.txt
[4.962s] writing requirements to ../../../build/generate_parameter_library_py/generate_parameter_library_py.egg-info/requires.txt
[4.962s] writing top-level names to ../../../build/generate_parameter_library_py/generate_parameter_library_py.egg-info/top_level.txt
[4.966s] reading manifest file '../../../build/generate_parameter_library_py/generate_parameter_library_py.egg-info/SOURCES.txt'
[4.968s] writing manifest file '../../../build/generate_parameter_library_py/generate_parameter_library_py.egg-info/SOURCES.txt'
[4.969s] running build
[4.969s] running build_py
[4.973s] running install
[4.973s] running install_lib
[4.980s] running install_data
[4.980s] running install_egg_info
[4.985s] removing '/home/jake/moveit2_ws_main/install/generate_parameter_library_py/lib/python3.10/site-packages/generate_parameter_library_py-0.3.7-py3.10.egg-info' (and everything under it)
[4.985s] Copying ../../../build/generate_parameter_library_py/generate_parameter_library_py.egg-info to /home/jake/moveit2_ws_main/install/generate_parameter_library_py/lib/python3.10/site-packages/generate_parameter_library_py-0.3.7-py3.10.egg-info
[4.986s] running install_scripts
[5.054s] Installing generate_parameter_library_cpp script to /home/jake/moveit2_ws_main/install/generate_parameter_library_py/bin
[5.054s] Installing generate_parameter_library_markdown script to /home/jake/moveit2_ws_main/install/generate_parameter_library_py/bin
[5.054s] Installing generate_parameter_library_python script to /home/jake/moveit2_ws_main/install/generate_parameter_library_py/bin
[5.055s] writing list of installed files to '/home/jake/moveit2_ws_main/build/generate_parameter_library_py/install.log'
[5.081s] Invoked command in '/home/jake/moveit2_ws_main/src/generate_parameter_library/generate_parameter_library_py' returned '0': PYTHONPATH=/home/jake/moveit2_ws_main/build/generate_parameter_library_py/prefix_override:/usr/lib/python3/dist-packages/colcon_core/task/python/colcon_distutils_commands:/home/jake/moveit2_ws_main/install/generate_parameter_library_py/lib/python3.10/site-packages:${PYTHONPATH} /usr/bin/python3 -W ignore:setup.py install is deprecated setup.py egg_info --egg-base ../../../build/generate_parameter_library_py build --build-base /home/jake/moveit2_ws_main/build/generate_parameter_library_py/build install --record /home/jake/moveit2_ws_main/build/generate_parameter_library_py/install.log --single-version-externally-managed install_data
