-- The CXX compiler identification is GNU 11.4.0
-- Detecting CXX compiler ABI info
-- Detecting CXX compiler ABI info - done
-- Check for working CXX compiler: /usr/bin/c++ - skipped
-- Detecting CXX compile features
-- Detecting CXX compile features - done
-- Found ament_cmake: 2.0.6 (/home/jake/ros2_iron/install/ament_cmake/share/ament_cmake/cmake)
-- Found Python3: /usr/bin/python3.10 (found version "3.10.12") found components: Interpreter 
-- Found moveit_core: 2.11.0 (/home/jake/moveit2_ws_main/install/moveit_core/share/moveit_core/cmake)
-- Found Boost: /usr/lib/x86_64-linux-gnu/cmake/Boost-1.74.0/BoostConfig.cmake (found version "1.74.0") found components: chrono date_time filesystem iostreams program_options regex serialization system thread 
-- Found parameter_traits: 0.3.7 (/home/jake/moveit2_ws_main/install/parameter_traits/share/parameter_traits/cmake)
-- Found rosidl_generator_c: 4.0.1 (/home/jake/ros2_iron/install/rosidl_generator_c/share/rosidl_generator_c/cmake)
-- Found rosidl_generator_cpp: 4.0.1 (/home/jake/ros2_iron/install/rosidl_generator_cpp/share/rosidl_generator_cpp/cmake)
-- Using all available rosidl_typesupport_c: rosidl_typesupport_introspection_c;rosidl_typesupport_fastrtps_c
-- Using all available rosidl_typesupport_cpp: rosidl_typesupport_introspection_cpp;rosidl_typesupport_fastrtps_cpp
-- Found rmw_implementation_cmake: 7.1.0 (/home/jake/ros2_iron/install/rmw_implementation_cmake/share/rmw_implementation_cmake/cmake)
-- Found rmw_fastrtps_cpp: 7.1.4 (/home/jake/ros2_iron/install/rmw_fastrtps_cpp/share/rmw_fastrtps_cpp/cmake)
-- Found OpenSSL: /usr/lib/x86_64-linux-gnu/libcrypto.so (found version "3.0.2")  
-- Found FastRTPS: /home/jake/ros2_iron/install/fastrtps/include  
-- Using RMW implementation 'rmw_fastrtps_cpp' as default
-- Found Eigen3: TRUE (found version "3.4.0") 
-- Found rclcpp_lifecycle: 21.0.7 (/home/jake/ros2_iron/install/rclcpp_lifecycle/share/rclcpp_lifecycle/cmake)
-- Found Boost: /usr/lib/x86_64-linux-gnu/cmake/Boost-1.74.0/BoostConfig.cmake (found version "1.74.0") found components: filesystem 
-- library: /usr/lib/x86_64-linux-gnu/libcurl.so
-- Ensuring Eigen3 include directory is part of orocos-kdl CMake target
-- Found tf2_eigen_kdl: 0.31.8 (/home/jake/ros2_iron/install/tf2_eigen_kdl/share/tf2_eigen_kdl/cmake)
-- Configuring done
-- Generating done
-- Build files have been written to: /home/jake/moveit2_ws_main/build/moveit_resources_prbt_ikfast_manipulator_plugin
[ 33%] [34m[1mRunning `/opt/ros/iron/bin/generate_parameter_library_cpp /home/jake/moveit2_ws_main/build/moveit_resources_prbt_ikfast_manipulator_plugin/prbt_ikfast_kinematics_parameters/include//prbt_ikfast_kinematics_parameters.hpp /home/jake/moveit2_ws_main/src/moveit2/moveit_planners/test_configs/prbt_ikfast_manipulator_plugin/src/prbt_ikfast_kinematics_parameters.yaml `[0m
[ 33%] Built target prbt_ikfast_kinematics_parameters
[ 66%] [32mBuilding CXX object CMakeFiles/prbt_manipulator_moveit_ikfast_plugin.dir/src/prbt_manipulator_ikfast_moveit_plugin.cpp.o[0m
[100%] [32m[1mLinking CXX shared library libprbt_manipulator_moveit_ikfast_plugin.so[0m
[100%] Built target prbt_manipulator_moveit_ikfast_plugin
