-- The C compiler identification is GNU 11.4.0
-- The CXX compiler identification is GNU 11.4.0
-- Detecting C compiler ABI info
-- Detecting C compiler ABI info - done
-- Check for working C compiler: /usr/bin/cc - skipped
-- Detecting C compile features
-- Detecting C compile features - done
-- Detecting CXX compiler ABI info
-- Detecting CXX compiler ABI info - done
-- Check for working CXX compiler: /usr/bin/c++ - skipped
-- Detecting CXX compile features
-- Detecting CXX compile features - done
-- Found ament_cmake: 2.0.6 (/home/jake/ros2_iron/install/ament_cmake/share/ament_cmake/cmake)
-- Found Python3: /usr/bin/python3.10 (found version "3.10.12") found components: Interpreter 
-- Found rclcpp: 21.0.7 (/home/jake/ros2_iron/install/rclcpp/share/rclcpp/cmake)
-- Found rosidl_generator_c: 4.0.1 (/home/jake/ros2_iron/install/rosidl_generator_c/share/rosidl_generator_c/cmake)
-- Found rosidl_generator_cpp: 4.0.1 (/home/jake/ros2_iron/install/rosidl_generator_cpp/share/rosidl_generator_cpp/cmake)
-- Using all available rosidl_typesupport_c: rosidl_typesupport_introspection_c;rosidl_typesupport_fastrtps_c
-- Using all available rosidl_typesupport_cpp: rosidl_typesupport_introspection_cpp;rosidl_typesupport_fastrtps_cpp
-- Found rmw_implementation_cmake: 7.1.0 (/home/jake/ros2_iron/install/rmw_implementation_cmake/share/rmw_implementation_cmake/cmake)
-- Found rmw_fastrtps_cpp: 7.1.4 (/home/jake/ros2_iron/install/rmw_fastrtps_cpp/share/rmw_fastrtps_cpp/cmake)
-- Found OpenSSL: /usr/lib/x86_64-linux-gnu/libcrypto.so (found version "3.0.2")  
-- Found FastRTPS: /home/jake/ros2_iron/install/fastrtps/include  
-- Using RMW implementation 'rmw_fastrtps_cpp' as default
-- Found tcb_span: 1.0.2 (/opt/ros/iron/share/tcb_span/cmake)
-- Found tl_expected: 1.0.2 (/opt/ros/iron/share/tl_expected/cmake)
-- Found ament_lint_auto: 0.14.4 (/home/jake/ros2_iron/install/ament_lint_auto/share/ament_lint_auto/cmake)
-- Added test 'copyright' to check source files copyright and LICENSE
-- Added test 'cppcheck' to perform static code analysis on C / C++ code
-- Configured cppcheck include dirs: $<BUILD_INTERFACE:/home/jake/moveit2_ws_main/src/generate_parameter_library/parameter_traits/include>
-- Configured cppcheck exclude dirs and/or files: 
-- Added test 'lint_cmake' to check CMake code style
-- Added test 'xmllint' to check XML markup files
-- Configuring done
-- Generating done
-- Build files have been written to: /home/jake/moveit2_ws_main/build/parameter_traits
-- Install configuration: "Release"
-- Installing: /home/jake/moveit2_ws_main/install/parameter_traits/include/parameter_traits
-- Installing: /home/jake/moveit2_ws_main/install/parameter_traits/include/parameter_traits/parameter_traits
-- Installing: /home/jake/moveit2_ws_main/install/parameter_traits/include/parameter_traits/parameter_traits/parameter_traits.hpp
-- Installing: /home/jake/moveit2_ws_main/install/parameter_traits/share/parameter_traits/environment/library_path.sh
-- Installing: /home/jake/moveit2_ws_main/install/parameter_traits/share/parameter_traits/environment/library_path.dsv
-- Installing: /home/jake/moveit2_ws_main/install/parameter_traits/share/ament_index/resource_index/package_run_dependencies/parameter_traits
-- Installing: /home/jake/moveit2_ws_main/install/parameter_traits/share/ament_index/resource_index/parent_prefix_path/parameter_traits
-- Installing: /home/jake/moveit2_ws_main/install/parameter_traits/share/parameter_traits/environment/ament_prefix_path.sh
-- Installing: /home/jake/moveit2_ws_main/install/parameter_traits/share/parameter_traits/environment/ament_prefix_path.dsv
-- Installing: /home/jake/moveit2_ws_main/install/parameter_traits/share/parameter_traits/environment/path.sh
-- Installing: /home/jake/moveit2_ws_main/install/parameter_traits/share/parameter_traits/environment/path.dsv
-- Installing: /home/jake/moveit2_ws_main/install/parameter_traits/share/parameter_traits/local_setup.bash
-- Installing: /home/jake/moveit2_ws_main/install/parameter_traits/share/parameter_traits/local_setup.sh
-- Installing: /home/jake/moveit2_ws_main/install/parameter_traits/share/parameter_traits/local_setup.zsh
-- Installing: /home/jake/moveit2_ws_main/install/parameter_traits/share/parameter_traits/local_setup.dsv
-- Installing: /home/jake/moveit2_ws_main/install/parameter_traits/share/parameter_traits/package.dsv
-- Installing: /home/jake/moveit2_ws_main/install/parameter_traits/share/ament_index/resource_index/packages/parameter_traits
-- Installing: /home/jake/moveit2_ws_main/install/parameter_traits/share/parameter_traits/cmake/export_parameter_traitsExport.cmake
-- Installing: /home/jake/moveit2_ws_main/install/parameter_traits/share/parameter_traits/cmake/ament_cmake_export_targets-extras.cmake
-- Installing: /home/jake/moveit2_ws_main/install/parameter_traits/share/parameter_traits/cmake/ament_cmake_export_dependencies-extras.cmake
-- Installing: /home/jake/moveit2_ws_main/install/parameter_traits/share/parameter_traits/cmake/parameter_traitsConfig.cmake
-- Installing: /home/jake/moveit2_ws_main/install/parameter_traits/share/parameter_traits/cmake/parameter_traitsConfig-version.cmake
-- Installing: /home/jake/moveit2_ws_main/install/parameter_traits/share/parameter_traits/package.xml
