-- Found ament_cmake: 2.0.6 (/home/jake/ros2_iron/install/ament_cmake/share/ament_cmake/cmake)
-- Found Python3: /usr/bin/python3.10 (found version "3.10.12") found components: Interpreter 
-- Found ament_lint_auto: 0.14.4 (/home/jake/ros2_iron/install/ament_lint_auto/share/ament_lint_auto/cmake)
-- Added test 'copyright' to check source files copyright and LICENSE
-- Added test 'lint_cmake' to check CMake code style
-- Added test 'xmllint' to check XML markup files
-- Configuring done
-- Generating done
-- Build files have been written to: /home/jake/moveit2_ws_main/build/generate_parameter_library
-- Install configuration: "Release"
-- Installing: /home/jake/moveit2_ws_main/install/generate_parameter_library/share/generate_parameter_library/cmake
-- Installing: /home/jake/moveit2_ws_main/install/generate_parameter_library/share/generate_parameter_library/cmake/generate_parameter_library.cmake
-- Installing: /home/jake/moveit2_ws_main/install/generate_parameter_library/share/ament_index/resource_index/package_run_dependencies/generate_parameter_library
-- Installing: /home/jake/moveit2_ws_main/install/generate_parameter_library/share/ament_index/resource_index/parent_prefix_path/generate_parameter_library
-- Installing: /home/jake/moveit2_ws_main/install/generate_parameter_library/share/generate_parameter_library/environment/ament_prefix_path.sh
-- Installing: /home/jake/moveit2_ws_main/install/generate_parameter_library/share/generate_parameter_library/environment/ament_prefix_path.dsv
-- Installing: /home/jake/moveit2_ws_main/install/generate_parameter_library/share/generate_parameter_library/environment/path.sh
-- Installing: /home/jake/moveit2_ws_main/install/generate_parameter_library/share/generate_parameter_library/environment/path.dsv
-- Installing: /home/jake/moveit2_ws_main/install/generate_parameter_library/share/generate_parameter_library/local_setup.bash
-- Installing: /home/jake/moveit2_ws_main/install/generate_parameter_library/share/generate_parameter_library/local_setup.sh
-- Installing: /home/jake/moveit2_ws_main/install/generate_parameter_library/share/generate_parameter_library/local_setup.zsh
-- Installing: /home/jake/moveit2_ws_main/install/generate_parameter_library/share/generate_parameter_library/local_setup.dsv
-- Installing: /home/jake/moveit2_ws_main/install/generate_parameter_library/share/generate_parameter_library/package.dsv
-- Installing: /home/jake/moveit2_ws_main/install/generate_parameter_library/share/ament_index/resource_index/packages/generate_parameter_library
-- Installing: /home/jake/moveit2_ws_main/install/generate_parameter_library/share/generate_parameter_library/cmake/generate_parameter_library-extras.cmake
-- Installing: /home/jake/moveit2_ws_main/install/generate_parameter_library/share/generate_parameter_library/cmake/generate_parameter_libraryConfig.cmake
-- Installing: /home/jake/moveit2_ws_main/install/generate_parameter_library/share/generate_parameter_library/cmake/generate_parameter_libraryConfig-version.cmake
-- Installing: /home/jake/moveit2_ws_main/install/generate_parameter_library/share/generate_parameter_library/package.xml
