[01m[K/home/jake/moveit2_ws_main/src/moveit2_tutorials/motion_planning_pipeline/src/pendulum_motion_planning_pipeline_tutorial.cpp:[m[K In function ‘[01m[Kint main(int, char**)[m[K’:
[01m[K/home/jake/moveit2_ws_main/src/moveit2_tutorials/motion_planning_pipeline/src/pendulum_motion_planning_pipeline_tutorial.cpp:386:28:[m[K [01;31m[Kerror: [m[Kredeclaration of ‘[01m[Kmoveit::core::RobotState goal_state[m[K’
  386 |   moveit::core::RobotState [01;31m[Kgoal_state[m[K(*robot_state);
      |                            [01;31m[K^~~~~~~~~~[m[K
[01m[K/home/jake/moveit2_ws_main/src/moveit2_tutorials/motion_planning_pipeline/src/pendulum_motion_planning_pipeline_tutorial.cpp:230:28:[m[K [01;36m[Knote: [m[K‘[01m[Kmoveit::core::RobotState goal_state[m[K’ previously declared here
  230 |   moveit::core::RobotState [01;36m[Kgoal_state[m[K(*robot_state);
      |                            [01;36m[K^~~~~~~~~~[m[K
[01m[K/home/jake/moveit2_ws_main/src/moveit2_tutorials/motion_planning_pipeline/src/pendulum_motion_planning_pipeline_tutorial.cpp:387:23:[m[K [01;31m[Kerror: [m[Kredeclaration of ‘[01m[Kstd::vector<double> joint_values[m[K’
  387 |   std::vector<double> [01;31m[Kjoint_values[m[K = { -1.0 };
      |                       [01;31m[K^~~~~~~~~~~~[m[K
[01m[K/home/jake/moveit2_ws_main/src/moveit2_tutorials/motion_planning_pipeline/src/pendulum_motion_planning_pipeline_tutorial.cpp:231:23:[m[K [01;36m[Knote: [m[K‘[01m[Kstd::vector<double> joint_values[m[K’ previously declared here
  231 |   std::vector<double> [01;36m[Kjoint_values[m[K = { -1.0 };
      |                       [01;36m[K^~~~~~~~~~~~[m[K
[01m[K/home/jake/moveit2_ws_main/src/moveit2_tutorials/motion_planning_pipeline/src/pendulum_motion_planning_pipeline_tutorial.cpp:389:33:[m[K [01;31m[Kerror: [m[Kredeclaration of ‘[01m[Kmoveit_msgs::msg::Constraints joint_goal[m[K’
  389 |   moveit_msgs::msg::Constraints [01;31m[Kjoint_goal[m[K =
      |                                 [01;31m[K^~~~~~~~~~[m[K
[01m[K/home/jake/moveit2_ws_main/src/moveit2_tutorials/motion_planning_pipeline/src/pendulum_motion_planning_pipeline_tutorial.cpp:233:33:[m[K [01;36m[Knote: [m[K‘[01m[Kmoveit_msgs::msg::Constraints joint_goal[m[K’ previously declared here
  233 |   moveit_msgs::msg::Constraints [01;36m[Kjoint_goal[m[K =
      |                                 [01;36m[K^~~~~~~~~~[m[K
[01m[K/home/jake/moveit2_ws_main/src/moveit2_tutorials/motion_planning_pipeline/src/pendulum_motion_planning_pipeline_tutorial.cpp:408:69:[m[K [01;31m[Kerror: [m[Kredeclaration of ‘[01m[Krclcpp::Publisher<moveit_msgs::msg::DisplayTrajectory_<std::allocator<void> > >::SharedPtr display_publisher[m[K’
  408 |   rclcpp::Publisher<moveit_msgs::msg::DisplayTrajectory>::SharedPtr [01;31m[Kdisplay_publisher[m[K =
      |                                                                     [01;31m[K^~~~~~~~~~~~~~~~~[m[K
[01m[K/home/jake/moveit2_ws_main/src/moveit2_tutorials/motion_planning_pipeline/src/pendulum_motion_planning_pipeline_tutorial.cpp:260:69:[m[K [01;36m[Knote: [m[K‘[01m[Krclcpp::Publisher<moveit_msgs::msg::DisplayTrajectory_<std::allocator<void> > >::SharedPtr display_publisher[m[K’ previously declared here
  260 |   rclcpp::Publisher<moveit_msgs::msg::DisplayTrajectory>::SharedPtr [01;36m[Kdisplay_publisher[m[K =
      |                                                                     [01;36m[K^~~~~~~~~~~~~~~~~[m[K
[01m[K/home/jake/moveit2_ws_main/src/moveit2_tutorials/motion_planning_pipeline/src/pendulum_motion_planning_pipeline_tutorial.cpp:410:39:[m[K [01;31m[Kerror: [m[Kredeclaration of ‘[01m[Kmoveit_msgs::msg::DisplayTrajectory display_trajectory[m[K’
  410 |   moveit_msgs::msg::DisplayTrajectory [01;31m[Kdisplay_trajectory[m[K;
      |                                       [01;31m[K^~~~~~~~~~~~~~~~~~[m[K
[01m[K/home/jake/moveit2_ws_main/src/moveit2_tutorials/motion_planning_pipeline/src/pendulum_motion_planning_pipeline_tutorial.cpp:262:39:[m[K [01;36m[Knote: [m[K‘[01m[Kmoveit_msgs::msg::DisplayTrajectory display_trajectory[m[K’ previously declared here
  262 |   moveit_msgs::msg::DisplayTrajectory [01;36m[Kdisplay_trajectory[m[K;
      |                                       [01;36m[K^~~~~~~~~~~~~~~~~~[m[K
gmake[2]: *** [motion_planning_pipeline/CMakeFiles/pendulum_motion_planning_pipeline_tutorial.dir/build.make:76: motion_planning_pipeline/CMakeFiles/pendulum_motion_planning_pipeline_tutorial.dir/src/pendulum_motion_planning_pipeline_tutorial.cpp.o] Error 1
gmake[1]: *** [CMakeFiles/Makefile2:224: motion_planning_pipeline/CMakeFiles/pendulum_motion_planning_pipeline_tutorial.dir/all] Error 2
gmake: *** [Makefile:146: all] Error 2
