[5.051s] Invoking command in '/home/jake/moveit2_ws_main/src/moveit2/moveit_configs_utils': PYTHONPATH=/home/jake/moveit2_ws_main/build/moveit_configs_utils/prefix_override:/usr/lib/python3/dist-packages/colcon_core/task/python/colcon_distutils_commands:/home/jake/moveit2_ws_main/install/moveit_configs_utils/lib/python3.10/site-packages:${PYTHONPATH} /usr/bin/python3 -W ignore:setup.py install is deprecated setup.py egg_info --egg-base ../../../build/moveit_configs_utils build --build-base /home/jake/moveit2_ws_main/build/moveit_configs_utils/build install --record /home/jake/moveit2_ws_main/build/moveit_configs_utils/install.log --single-version-externally-managed install_data
[7.123s] running egg_info
[7.124s] creating ../../../build/moveit_configs_utils/moveit_configs_utils.egg-info
[7.124s] writing ../../../build/moveit_configs_utils/moveit_configs_utils.egg-info/PKG-INFO
[7.124s] writing dependency_links to ../../../build/moveit_configs_utils/moveit_configs_utils.egg-info/dependency_links.txt
[7.124s] writing entry points to ../../../build/moveit_configs_utils/moveit_configs_utils.egg-info/entry_points.txt
[7.125s] writing requirements to ../../../build/moveit_configs_utils/moveit_configs_utils.egg-info/requires.txt
[7.125s] writing top-level names to ../../../build/moveit_configs_utils/moveit_configs_utils.egg-info/top_level.txt
[7.125s] writing manifest file '../../../build/moveit_configs_utils/moveit_configs_utils.egg-info/SOURCES.txt'
[7.125s] reading manifest file '../../../build/moveit_configs_utils/moveit_configs_utils.egg-info/SOURCES.txt'
[7.125s] writing manifest file '../../../build/moveit_configs_utils/moveit_configs_utils.egg-info/SOURCES.txt'
[7.125s] running build
[7.126s] running build_py
[7.126s] creating /home/jake/moveit2_ws_main/build/moveit_configs_utils/build
[7.127s] creating /home/jake/moveit2_ws_main/build/moveit_configs_utils/build/lib
[7.127s] creating /home/jake/moveit2_ws_main/build/moveit_configs_utils/build/lib/moveit_configs_utils
[7.127s] copying moveit_configs_utils/launch_utils.py -> /home/jake/moveit2_ws_main/build/moveit_configs_utils/build/lib/moveit_configs_utils
[7.128s] copying moveit_configs_utils/__init__.py -> /home/jake/moveit2_ws_main/build/moveit_configs_utils/build/lib/moveit_configs_utils
[7.128s] copying moveit_configs_utils/moveit_configs_builder.py -> /home/jake/moveit2_ws_main/build/moveit_configs_utils/build/lib/moveit_configs_utils
[7.128s] copying moveit_configs_utils/launches.py -> /home/jake/moveit2_ws_main/build/moveit_configs_utils/build/lib/moveit_configs_utils
[7.128s] creating /home/jake/moveit2_ws_main/build/moveit_configs_utils/build/lib/moveit_configs_utils/substitutions
[7.128s] copying moveit_configs_utils/substitutions/__init__.py -> /home/jake/moveit2_ws_main/build/moveit_configs_utils/build/lib/moveit_configs_utils/substitutions
[7.128s] copying moveit_configs_utils/substitutions/xacro.py -> /home/jake/moveit2_ws_main/build/moveit_configs_utils/build/lib/moveit_configs_utils/substitutions
[7.129s] running install
[7.129s] running install_lib
[7.129s] creating /home/jake/moveit2_ws_main/install/moveit_configs_utils/lib/python3.10/site-packages/moveit_configs_utils
[7.129s] copying /home/jake/moveit2_ws_main/build/moveit_configs_utils/build/lib/moveit_configs_utils/launch_utils.py -> /home/jake/moveit2_ws_main/install/moveit_configs_utils/lib/python3.10/site-packages/moveit_configs_utils
[7.130s] copying /home/jake/moveit2_ws_main/build/moveit_configs_utils/build/lib/moveit_configs_utils/__init__.py -> /home/jake/moveit2_ws_main/install/moveit_configs_utils/lib/python3.10/site-packages/moveit_configs_utils
[7.130s] creating /home/jake/moveit2_ws_main/install/moveit_configs_utils/lib/python3.10/site-packages/moveit_configs_utils/substitutions
[7.130s] copying /home/jake/moveit2_ws_main/build/moveit_configs_utils/build/lib/moveit_configs_utils/substitutions/__init__.py -> /home/jake/moveit2_ws_main/install/moveit_configs_utils/lib/python3.10/site-packages/moveit_configs_utils/substitutions
[7.130s] copying /home/jake/moveit2_ws_main/build/moveit_configs_utils/build/lib/moveit_configs_utils/substitutions/xacro.py -> /home/jake/moveit2_ws_main/install/moveit_configs_utils/lib/python3.10/site-packages/moveit_configs_utils/substitutions
[7.130s] copying /home/jake/moveit2_ws_main/build/moveit_configs_utils/build/lib/moveit_configs_utils/moveit_configs_builder.py -> /home/jake/moveit2_ws_main/install/moveit_configs_utils/lib/python3.10/site-packages/moveit_configs_utils
[7.131s] copying /home/jake/moveit2_ws_main/build/moveit_configs_utils/build/lib/moveit_configs_utils/launches.py -> /home/jake/moveit2_ws_main/install/moveit_configs_utils/lib/python3.10/site-packages/moveit_configs_utils
[7.131s] byte-compiling /home/jake/moveit2_ws_main/install/moveit_configs_utils/lib/python3.10/site-packages/moveit_configs_utils/launch_utils.py to launch_utils.cpython-310.pyc
[7.131s] byte-compiling /home/jake/moveit2_ws_main/install/moveit_configs_utils/lib/python3.10/site-packages/moveit_configs_utils/__init__.py to __init__.cpython-310.pyc
[7.131s] byte-compiling /home/jake/moveit2_ws_main/install/moveit_configs_utils/lib/python3.10/site-packages/moveit_configs_utils/substitutions/__init__.py to __init__.cpython-310.pyc
[7.132s] byte-compiling /home/jake/moveit2_ws_main/install/moveit_configs_utils/lib/python3.10/site-packages/moveit_configs_utils/substitutions/xacro.py to xacro.cpython-310.pyc
[7.132s] byte-compiling /home/jake/moveit2_ws_main/install/moveit_configs_utils/lib/python3.10/site-packages/moveit_configs_utils/moveit_configs_builder.py to moveit_configs_builder.cpython-310.pyc
[7.132s] byte-compiling /home/jake/moveit2_ws_main/install/moveit_configs_utils/lib/python3.10/site-packages/moveit_configs_utils/launches.py to launches.cpython-310.pyc
[7.132s] running install_data
[7.133s] creating /home/jake/moveit2_ws_main/install/moveit_configs_utils/share/ament_index
[7.133s] creating /home/jake/moveit2_ws_main/install/moveit_configs_utils/share/ament_index/resource_index
[7.133s] creating /home/jake/moveit2_ws_main/install/moveit_configs_utils/share/ament_index/resource_index/packages
[7.134s] copying resource/moveit_configs_utils -> /home/jake/moveit2_ws_main/install/moveit_configs_utils/share/ament_index/resource_index/packages
[7.134s] copying package.xml -> /home/jake/moveit2_ws_main/install/moveit_configs_utils/share/moveit_configs_utils
[7.134s] creating /home/jake/moveit2_ws_main/install/moveit_configs_utils/share/moveit_configs_utils/default_configs
[7.134s] copying default_configs/chomp_planning.yaml -> /home/jake/moveit2_ws_main/install/moveit_configs_utils/share/moveit_configs_utils/default_configs
[7.135s] copying default_configs/ompl_defaults.yaml -> /home/jake/moveit2_ws_main/install/moveit_configs_utils/share/moveit_configs_utils/default_configs
[7.135s] copying default_configs/ompl_planning.yaml -> /home/jake/moveit2_ws_main/install/moveit_configs_utils/share/moveit_configs_utils/default_configs
[7.135s] copying default_configs/pilz_industrial_motion_planner_planning.yaml -> /home/jake/moveit2_ws_main/install/moveit_configs_utils/share/moveit_configs_utils/default_configs
[7.136s] copying default_configs/stomp_planning.yaml -> /home/jake/moveit2_ws_main/install/moveit_configs_utils/share/moveit_configs_utils/default_configs
[7.137s] running install_egg_info
[7.137s] Copying ../../../build/moveit_configs_utils/moveit_configs_utils.egg-info to /home/jake/moveit2_ws_main/install/moveit_configs_utils/lib/python3.10/site-packages/moveit_configs_utils-2.11.0-py3.10.egg-info
[7.138s] running install_scripts
[7.138s] writing list of installed files to '/home/jake/moveit2_ws_main/build/moveit_configs_utils/install.log'
[7.209s] Invoked command in '/home/jake/moveit2_ws_main/src/moveit2/moveit_configs_utils' returned '0': PYTHONPATH=/home/jake/moveit2_ws_main/build/moveit_configs_utils/prefix_override:/usr/lib/python3/dist-packages/colcon_core/task/python/colcon_distutils_commands:/home/jake/moveit2_ws_main/install/moveit_configs_utils/lib/python3.10/site-packages:${PYTHONPATH} /usr/bin/python3 -W ignore:setup.py install is deprecated setup.py egg_info --egg-base ../../../build/moveit_configs_utils build --build-base /home/jake/moveit2_ws_main/build/moveit_configs_utils/build install --record /home/jake/moveit2_ws_main/build/moveit_configs_utils/install.log --single-version-externally-managed install_data
