-- The C compiler identification is GNU 11.4.0
-- The CXX compiler identification is GNU 11.4.0
-- Detecting C compiler ABI info
-- Detecting C compiler ABI info - done
-- Check for working C compiler: /usr/bin/cc - skipped
-- Detecting C compile features
-- Detecting C compile features - done
-- Detecting CXX compiler ABI info
-- Detecting CXX compiler ABI info - done
-- Check for working CXX compiler: /usr/bin/c++ - skipped
-- Detecting CXX compile features
-- Detecting CXX compile features - done
-- Found ament_cmake: 2.0.6 (/home/jake/ros2_iron/install/ament_cmake/share/ament_cmake/cmake)
-- Found Python3: /usr/bin/python3.10 (found version "3.10.12") found components: Interpreter 
-- Configuring done
-- Generating done
-- Build files have been written to: /home/jake/moveit2_ws_main/build/jakes_pendulum_moveit_config
-- Install configuration: "Release"
-- Installing: /home/jake/moveit2_ws_main/install/jakes_pendulum_moveit_config/share/ament_index/resource_index/package_run_dependencies/jakes_pendulum_moveit_config
-- Installing: /home/jake/moveit2_ws_main/install/jakes_pendulum_moveit_config/share/ament_index/resource_index/parent_prefix_path/jakes_pendulum_moveit_config
-- Installing: /home/jake/moveit2_ws_main/install/jakes_pendulum_moveit_config/share/jakes_pendulum_moveit_config/environment/ament_prefix_path.sh
-- Installing: /home/jake/moveit2_ws_main/install/jakes_pendulum_moveit_config/share/jakes_pendulum_moveit_config/environment/ament_prefix_path.dsv
-- Installing: /home/jake/moveit2_ws_main/install/jakes_pendulum_moveit_config/share/jakes_pendulum_moveit_config/environment/path.sh
-- Installing: /home/jake/moveit2_ws_main/install/jakes_pendulum_moveit_config/share/jakes_pendulum_moveit_config/environment/path.dsv
-- Installing: /home/jake/moveit2_ws_main/install/jakes_pendulum_moveit_config/share/jakes_pendulum_moveit_config/local_setup.bash
-- Installing: /home/jake/moveit2_ws_main/install/jakes_pendulum_moveit_config/share/jakes_pendulum_moveit_config/local_setup.sh
-- Installing: /home/jake/moveit2_ws_main/install/jakes_pendulum_moveit_config/share/jakes_pendulum_moveit_config/local_setup.zsh
-- Installing: /home/jake/moveit2_ws_main/install/jakes_pendulum_moveit_config/share/jakes_pendulum_moveit_config/local_setup.dsv
-- Installing: /home/jake/moveit2_ws_main/install/jakes_pendulum_moveit_config/share/jakes_pendulum_moveit_config/package.dsv
-- Installing: /home/jake/moveit2_ws_main/install/jakes_pendulum_moveit_config/share/ament_index/resource_index/packages/jakes_pendulum_moveit_config
-- Installing: /home/jake/moveit2_ws_main/install/jakes_pendulum_moveit_config/share/jakes_pendulum_moveit_config/cmake/jakes_pendulum_moveit_configConfig.cmake
-- Installing: /home/jake/moveit2_ws_main/install/jakes_pendulum_moveit_config/share/jakes_pendulum_moveit_config/cmake/jakes_pendulum_moveit_configConfig-version.cmake
-- Installing: /home/jake/moveit2_ws_main/install/jakes_pendulum_moveit_config/share/jakes_pendulum_moveit_config/package.xml
-- Installing: /home/jake/moveit2_ws_main/install/jakes_pendulum_moveit_config/share/jakes_pendulum_moveit_config/launch
-- Installing: /home/jake/moveit2_ws_main/install/jakes_pendulum_moveit_config/share/jakes_pendulum_moveit_config/launch/static_virtual_joint_tfs.launch.py
-- Installing: /home/jake/moveit2_ws_main/install/jakes_pendulum_moveit_config/share/jakes_pendulum_moveit_config/launch/rsp.launch.py
-- Installing: /home/jake/moveit2_ws_main/install/jakes_pendulum_moveit_config/share/jakes_pendulum_moveit_config/launch/demo.launch.py
-- Installing: /home/jake/moveit2_ws_main/install/jakes_pendulum_moveit_config/share/jakes_pendulum_moveit_config/launch/move_group.launch.py
-- Installing: /home/jake/moveit2_ws_main/install/jakes_pendulum_moveit_config/share/jakes_pendulum_moveit_config/launch/setup_assistant.launch.py
-- Installing: /home/jake/moveit2_ws_main/install/jakes_pendulum_moveit_config/share/jakes_pendulum_moveit_config/launch/moveit_rviz.launch.py
-- Installing: /home/jake/moveit2_ws_main/install/jakes_pendulum_moveit_config/share/jakes_pendulum_moveit_config/launch/warehouse_db.launch.py
-- Installing: /home/jake/moveit2_ws_main/install/jakes_pendulum_moveit_config/share/jakes_pendulum_moveit_config/launch/spawn_controllers.launch.py
-- Installing: /home/jake/moveit2_ws_main/install/jakes_pendulum_moveit_config/share/jakes_pendulum_moveit_config/config
-- Installing: /home/jake/moveit2_ws_main/install/jakes_pendulum_moveit_config/share/jakes_pendulum_moveit_config/config/moveit.rviz
-- Installing: /home/jake/moveit2_ws_main/install/jakes_pendulum_moveit_config/share/jakes_pendulum_moveit_config/config/jakes_pendulum.urdf.xacro
-- Installing: /home/jake/moveit2_ws_main/install/jakes_pendulum_moveit_config/share/jakes_pendulum_moveit_config/config/joint_limits.yaml
-- Installing: /home/jake/moveit2_ws_main/install/jakes_pendulum_moveit_config/share/jakes_pendulum_moveit_config/config/jakes_pendulum.srdf
-- Installing: /home/jake/moveit2_ws_main/install/jakes_pendulum_moveit_config/share/jakes_pendulum_moveit_config/config/pilz_cartesian_limits.yaml
-- Installing: /home/jake/moveit2_ws_main/install/jakes_pendulum_moveit_config/share/jakes_pendulum_moveit_config/config/jakes_pendulum.ros2_control.xacro
-- Installing: /home/jake/moveit2_ws_main/install/jakes_pendulum_moveit_config/share/jakes_pendulum_moveit_config/config/initial_positions.yaml
-- Installing: /home/jake/moveit2_ws_main/install/jakes_pendulum_moveit_config/share/jakes_pendulum_moveit_config/config/moveit_controllers.yaml
-- Installing: /home/jake/moveit2_ws_main/install/jakes_pendulum_moveit_config/share/jakes_pendulum_moveit_config/config/ros2_controllers.yaml
-- Installing: /home/jake/moveit2_ws_main/install/jakes_pendulum_moveit_config/share/jakes_pendulum_moveit_config/config/kinematics.yaml
-- Installing: /home/jake/moveit2_ws_main/install/jakes_pendulum_moveit_config/share/jakes_pendulum_moveit_config/.setup_assistant
