[2.070s] Invoking command in '/home/jake/moveit2_ws_main/src/generate_parameter_library/example_python': AMENT_PREFIX_PATH=/home/jake/moveit2_ws_main/install/generate_parameter_library:/home/jake/moveit2_ws_main/install/parameter_traits:/home/jake/moveit2_ws_main/install/generate_parameter_library_py:${AMENT_PREFIX_PATH} CMAKE_PREFIX_PATH=/home/jake/moveit2_ws_main/install/generate_parameter_library:/home/jake/moveit2_ws_main/install/parameter_traits:${CMAKE_PREFIX_PATH} LD_LIBRARY_PATH=/home/jake/moveit2_ws_main/install/parameter_traits/lib:${LD_LIBRARY_PATH} PATH=/home/jake/moveit2_ws_main/install/generate_parameter_library_py/bin:${PATH} PYTHONPATH=/home/jake/moveit2_ws_main/build/generate_parameter_module_example/prefix_override:/usr/lib/python3/dist-packages/colcon_core/task/python/colcon_distutils_commands:/home/jake/moveit2_ws_main/install/generate_parameter_module_example/lib/python3.10/site-packages:/home/jake/moveit2_ws_main/install/generate_parameter_library_py/lib/python3.10/site-packages:${PYTHONPATH} /usr/bin/python3 -W ignore:setup.py install is deprecated setup.py egg_info --egg-base ../../../build/generate_parameter_module_example build --build-base /home/jake/moveit2_ws_main/build/generate_parameter_module_example/build install --record /home/jake/moveit2_ws_main/build/generate_parameter_module_example/install.log --single-version-externally-managed install_data
[4.181s] running egg_info
[4.182s] writing ../../../build/generate_parameter_module_example/generate_parameter_module_example.egg-info/PKG-INFO
[4.182s] writing dependency_links to ../../../build/generate_parameter_module_example/generate_parameter_module_example.egg-info/dependency_links.txt
[4.182s] writing entry points to ../../../build/generate_parameter_module_example/generate_parameter_module_example.egg-info/entry_points.txt
[4.183s] writing requirements to ../../../build/generate_parameter_module_example/generate_parameter_module_example.egg-info/requires.txt
[4.183s] writing top-level names to ../../../build/generate_parameter_module_example/generate_parameter_module_example.egg-info/top_level.txt
[4.185s] reading manifest file '../../../build/generate_parameter_module_example/generate_parameter_module_example.egg-info/SOURCES.txt'
[4.187s] writing manifest file '../../../build/generate_parameter_module_example/generate_parameter_module_example.egg-info/SOURCES.txt'
[4.187s] running build
[4.187s] running build_py
[4.187s] running install
[4.187s] running install_lib
[4.191s] running install_data
[4.191s] running install_egg_info
[4.195s] removing '/home/jake/moveit2_ws_main/install/generate_parameter_module_example/lib/python3.10/site-packages/generate_parameter_module_example-0.3.7-py3.10.egg-info' (and everything under it)
[4.195s] Copying ../../../build/generate_parameter_module_example/generate_parameter_module_example.egg-info to /home/jake/moveit2_ws_main/install/generate_parameter_module_example/lib/python3.10/site-packages/generate_parameter_module_example-0.3.7-py3.10.egg-info
[4.196s] running install_scripts
[4.222s] Installing test_node script to /home/jake/moveit2_ws_main/install/generate_parameter_module_example/lib/generate_parameter_module_example
[4.222s] writing list of installed files to '/home/jake/moveit2_ws_main/build/generate_parameter_module_example/install.log'
[4.248s] Invoked command in '/home/jake/moveit2_ws_main/src/generate_parameter_library/example_python' returned '0': AMENT_PREFIX_PATH=/home/jake/moveit2_ws_main/install/generate_parameter_library:/home/jake/moveit2_ws_main/install/parameter_traits:/home/jake/moveit2_ws_main/install/generate_parameter_library_py:${AMENT_PREFIX_PATH} CMAKE_PREFIX_PATH=/home/jake/moveit2_ws_main/install/generate_parameter_library:/home/jake/moveit2_ws_main/install/parameter_traits:${CMAKE_PREFIX_PATH} LD_LIBRARY_PATH=/home/jake/moveit2_ws_main/install/parameter_traits/lib:${LD_LIBRARY_PATH} PATH=/home/jake/moveit2_ws_main/install/generate_parameter_library_py/bin:${PATH} PYTHONPATH=/home/jake/moveit2_ws_main/build/generate_parameter_module_example/prefix_override:/usr/lib/python3/dist-packages/colcon_core/task/python/colcon_distutils_commands:/home/jake/moveit2_ws_main/install/generate_parameter_module_example/lib/python3.10/site-packages:/home/jake/moveit2_ws_main/install/generate_parameter_library_py/lib/python3.10/site-packages:${PYTHONPATH} /usr/bin/python3 -W ignore:setup.py install is deprecated setup.py egg_info --egg-base ../../../build/generate_parameter_module_example build --build-base /home/jake/moveit2_ws_main/build/generate_parameter_module_example/build install --record /home/jake/moveit2_ws_main/build/generate_parameter_module_example/install.log --single-version-externally-managed install_data
