-- The C compiler identification is GNU 11.4.0
-- The CXX compiler identification is GNU 11.4.0
-- Detecting C compiler ABI info
-- Detecting C compiler ABI info - done
-- Check for working C compiler: /usr/bin/cc - skipped
-- Detecting C compile features
-- Detecting C compile features - done
-- Detecting CXX compiler ABI info
-- Detecting CXX compiler ABI info - done
-- Check for working CXX compiler: /usr/bin/c++ - skipped
-- Detecting CXX compile features
-- Detecting CXX compile features - done
-- Found eigen3_cmake_module: 0.2.2 (/home/jake/ros2_iron/install/eigen3_cmake_module/share/eigen3_cmake_module/cmake)
-- Found Eigen3: TRUE (found version "3.4.0") 
-- Found ament_cmake: 2.0.6 (/home/jake/ros2_iron/install/ament_cmake/share/ament_cmake/cmake)
-- Found Python3: /usr/bin/python3.10 (found version "3.10.12") found components: Interpreter 
-- Found console_bridge_vendor: 1.6.0 (/home/jake/ros2_iron/install/console_bridge_vendor/share/console_bridge_vendor/cmake)
-- Found eigen_stl_containers: 1.0.0 (/opt/ros/iron/share/eigen_stl_containers/cmake)
-- Found geometry_msgs: 5.0.1 (/home/jake/ros2_iron/install/geometry_msgs/share/geometry_msgs/cmake)
-- Found rosidl_generator_c: 4.0.1 (/home/jake/ros2_iron/install/rosidl_generator_c/share/rosidl_generator_c/cmake)
-- Found rosidl_generator_cpp: 4.0.1 (/home/jake/ros2_iron/install/rosidl_generator_cpp/share/rosidl_generator_cpp/cmake)
-- Using all available rosidl_typesupport_c: rosidl_typesupport_introspection_c;rosidl_typesupport_fastrtps_c
-- Using all available rosidl_typesupport_cpp: rosidl_typesupport_introspection_cpp;rosidl_typesupport_fastrtps_cpp
-- Found QHULL: /usr/lib/x86_64-linux-gnu/libqhull_r.so  
-- QHULL found (include: /usr/include/libqhull_r, lib: optimized;/usr/lib/x86_64-linux-gnu/libqhull_r.so;debug;/usr/lib/x86_64-linux-gnu/libqhull_r.so)
-- Found random_numbers: 2.0.1 (/opt/ros/iron/share/random_numbers/cmake)
-- Found rclcpp: 21.0.7 (/home/jake/ros2_iron/install/rclcpp/share/rclcpp/cmake)
-- Found rmw_implementation_cmake: 7.1.0 (/home/jake/ros2_iron/install/rmw_implementation_cmake/share/rmw_implementation_cmake/cmake)
-- Found rmw_fastrtps_cpp: 7.1.4 (/home/jake/ros2_iron/install/rmw_fastrtps_cpp/share/rmw_fastrtps_cpp/cmake)
-- Found OpenSSL: /usr/lib/x86_64-linux-gnu/libcrypto.so (found version "3.0.2")  
-- Found FastRTPS: /home/jake/ros2_iron/install/fastrtps/include  
-- Using RMW implementation 'rmw_fastrtps_cpp' as default
-- Found resource_retriever: 3.2.3 (/home/jake/ros2_iron/install/resource_retriever/share/resource_retriever/cmake)
-- library: /usr/lib/x86_64-linux-gnu/libcurl.so
-- Found shape_msgs: 5.0.1 (/home/jake/ros2_iron/install/shape_msgs/share/shape_msgs/cmake)
-- Found visualization_msgs: 5.0.1 (/home/jake/ros2_iron/install/visualization_msgs/share/visualization_msgs/cmake)
-- Found Boost: /usr/lib/x86_64-linux-gnu/cmake/Boost-1.74.0/BoostConfig.cmake (found version "1.74.0") found components: filesystem 
-- Found ament_cmake_gtest: 2.0.6 (/home/jake/ros2_iron/install/ament_cmake_gtest/share/ament_cmake_gtest/cmake)
-- Found gtest sources under '/home/jake/ros2_iron/install/gtest_vendor/src/gtest_vendor': C++ tests using 'Google Test' will be built
-- Looking for pthread.h
-- Looking for pthread.h - found
-- Performing Test CMAKE_HAVE_LIBC_PTHREAD
-- Performing Test CMAKE_HAVE_LIBC_PTHREAD - Success
-- Found Threads: TRUE  
-- Found ament_lint_auto: 0.14.4 (/home/jake/ros2_iron/install/ament_lint_auto/share/ament_lint_auto/cmake)
-- Added test 'copyright' to check source files copyright and LICENSE
-- Configuring done
-- Generating done
-- Build files have been written to: /home/jake/moveit2_ws_main/build/geometric_shapes
[  3%] [32mBuilding CXX object CMakeFiles/geometric_shapes.dir/src/aabb.cpp.o[0m
[  9%] [32mBuilding CXX object CMakeFiles/geometric_shapes.dir/src/bodies.cpp.o[0m
[  6%] [32mBuilding CXX object gtest/CMakeFiles/gtest_main.dir/src/gtest_main.cc.o[0m
[ 12%] [32mBuilding CXX object CMakeFiles/geometric_shapes.dir/src/shape_operations.cpp.o[0m
[ 15%] [32mBuilding CXX object CMakeFiles/geometric_shapes.dir/src/mesh_operations.cpp.o[0m
[ 18%] [32mBuilding CXX object CMakeFiles/geometric_shapes.dir/src/body_operations.cpp.o[0m
[ 21%] [32mBuilding CXX object CMakeFiles/geometric_shapes.dir/src/shape_to_marker.cpp.o[0m
[ 24%] [32mBuilding CXX object CMakeFiles/geometric_shapes.dir/src/shape_extents.cpp.o[0m
[ 27%] [32mBuilding CXX object CMakeFiles/geometric_shapes.dir/src/shapes.cpp.o[0m
[ 30%] [32mBuilding CXX object gtest/CMakeFiles/gtest.dir/src/gtest-all.cc.o[0m
[ 33%] [32m[1mLinking CXX static library libgtest_main.a[0m
[ 33%] Built target gtest_main
In file included from [01m[K/usr/include/eigen3/Eigen/Core:294[m[K,
                 from [01m[K/usr/include/eigen3/Eigen/Geometry:11[m[K,
                 from [01m[K/home/jake/moveit2_ws_main/src/geometric_shapes/include/geometric_shapes/aabb.h:34[m[K,
                 from [01m[K/home/jake/moveit2_ws_main/src/geometric_shapes/include/geometric_shapes/bodies.h:35[m[K,
                 from [01m[K/home/jake/moveit2_ws_main/src/geometric_shapes/src/bodies.cpp:31[m[K:
In member function ‘[01m[KEigen::PlainObjectBase<Derived>& Eigen::PlainObjectBase<Derived>::operator=(Eigen::PlainObjectBase<Derived>&&) [with Derived = Eigen::Matrix<double, 3, 1>][m[K’,
    inlined from ‘[01m[KEigen::Matrix<_Scalar, _Rows, _Cols, _Options, _MaxRows, _MaxCols>& Eigen::Matrix<_Scalar, _Rows, _Cols, _Options, _MaxRows, _MaxCols>::operator=(Eigen::Matrix<_Scalar, _Rows, _Cols, _Options, _MaxRows, _MaxCols>&&) [with _Scalar = double; int _Rows = 3; int _Cols = 1; int _Options = 0; int _MaxRows = 3; int _MaxCols = 1][m[K’ at [01m[K/usr/include/eigen3/Eigen/src/Core/Matrix.h:281:22[m[K,
    inlined from ‘[01m[Kvirtual void bodies::ConvexMesh::useDimensions(const shapes::Shape*)[m[K’ at [01m[K/home/jake/moveit2_ws_main/src/geometric_shapes/src/bodies.cpp:852:46[m[K:
[01m[K/usr/include/eigen3/Eigen/src/Core/PlainObjectBase.h:504:7:[m[K [01;35m[Kwarning: [m[K‘[01m[K*(Eigen::DenseStorage<double, 3, 3, 1, 0>*)((char*)&<unnamed> + offsetof(Eigen::Vector3d, Eigen::Matrix<double, 3, 1, 0, 3, 1>::<unnamed>.Eigen::PlainObjectBase<Eigen::Matrix<double, 3, 1, 0, 3, 1> >::<unnamed>.Eigen::MatrixBase<Eigen::Matrix<double, 3, 1, 0, 3, 1> >::<unnamed>.Eigen::DenseBase<Eigen::Matrix<double, 3, 1, 0, 3, 1> >::<unnamed>.Eigen::DenseCoeffsBase<Eigen::Matrix<double, 3, 1, 0, 3, 1>, 3>::<unnamed>.Eigen::DenseCoeffsBase<Eigen::Matrix<double, 3, 1, 0, 3, 1>, 1>::<unnamed>.Eigen::DenseCoeffsBase<Eigen::Matrix<double, 3, 1, 0, 3, 1>, 0>::<unnamed>))[m[K’ may be used uninitialized [[01;35m[K]8;;https://gcc.gnu.org/onlinedocs/gcc/Warning-Options.html#index-Wmaybe-uninitialized-Wmaybe-uninitialized]8;;[m[K]
  504 |       [01;35m[Km_storage[m[K = std::move(other.m_storage);
      |       [01;35m[K^~~~~~~~~[m[K
[01m[K/home/jake/moveit2_ws_main/src/geometric_shapes/src/bodies.cpp:[m[K In member function ‘[01m[Kvirtual void bodies::ConvexMesh::useDimensions(const shapes::Shape*)[m[K’:
[01m[K/home/jake/moveit2_ws_main/src/geometric_shapes/src/bodies.cpp:852:46:[m[K [01;36m[Knote: [m[K‘[01m[K<anonymous>[m[K’ declared here
  852 |   mesh_data_->mesh_center_ = Eigen::Vector3d([01;36m[K)[m[K;
      |                                              [01;36m[K^[m[K
[ 36%] [32m[1mLinking CXX static library libgtest.a[0m
[ 39%] [32m[1mLinking CXX shared library libgeometric_shapes.so[0m
[ 39%] Built target gtest
[ 42%] [32mBuilding CXX object test/CMakeFiles/test_basics.dir/test_basics.cpp.o[0m
[ 42%] Built target geometric_shapes
[ 45%] [32mBuilding CXX object test/CMakeFiles/test_bounding_sphere.dir/test_bounding_sphere.cpp.o[0m
[ 48%] [32mBuilding CXX object test/CMakeFiles/test_bounding_box.dir/test_bounding_box.cpp.o[0m
[ 51%] [32mBuilding CXX object test/CMakeFiles/test_loaded_meshes.dir/test_loaded_meshes.cpp.o[0m
[ 54%] [32mBuilding CXX object test/CMakeFiles/test_bounding_cylinder.dir/test_bounding_cylinder.cpp.o[0m
[ 57%] [32mBuilding CXX object test/CMakeFiles/test_ray_intersection.dir/test_ray_intersection.cpp.o[0m
[ 60%] [32mBuilding CXX object test/CMakeFiles/test_create_mesh.dir/test_create_mesh.cpp.o[0m
[ 63%] [32mBuilding CXX object test/CMakeFiles/test_shapes.dir/test_shapes.cpp.o[0m
[ 66%] [32mBuilding CXX object test/CMakeFiles/test_body_operations.dir/test_body_operations.cpp.o[0m
[ 69%] [32mBuilding CXX object test/CMakeFiles/test_point_inclusion.dir/test_point_inclusion.cpp.o[0m
[ 72%] [32m[1mLinking CXX executable test_create_mesh[0m
[ 72%] Built target test_create_mesh
[ 75%] [32m[1mLinking CXX executable test_basics[0m
[ 75%] Built target test_basics
[ 78%] [32m[1mLinking CXX executable test_bounding_sphere[0m
[ 81%] [32m[1mLinking CXX executable test_loaded_meshes[0m
[ 81%] Built target test_bounding_sphere
[ 81%] Built target test_loaded_meshes
[ 84%] [32m[1mLinking CXX executable test_bounding_box[0m
[ 84%] Built target test_bounding_box
[ 87%] [32m[1mLinking CXX executable test_shapes[0m
[ 90%] [32m[1mLinking CXX executable test_body_operations[0m
[ 90%] Built target test_shapes
[ 90%] Built target test_body_operations
[ 93%] [32m[1mLinking CXX executable test_bounding_cylinder[0m
[ 93%] Built target test_bounding_cylinder
[ 96%] [32m[1mLinking CXX executable test_point_inclusion[0m
[ 96%] Built target test_point_inclusion
[100%] [32m[1mLinking CXX executable test_ray_intersection[0m
[100%] Built target test_ray_intersection
-- Install configuration: "Release"
-- Installing: /home/jake/moveit2_ws_main/install/geometric_shapes/lib/libgeometric_shapes.so.2.2.1
-- Set runtime path of "/home/jake/moveit2_ws_main/install/geometric_shapes/lib/libgeometric_shapes.so.2.2.1" to ""
-- Installing: /home/jake/moveit2_ws_main/install/geometric_shapes/lib/libgeometric_shapes.so
-- Installing: /home/jake/moveit2_ws_main/install/geometric_shapes/include
-- Installing: /home/jake/moveit2_ws_main/install/geometric_shapes/include/geometric_shapes
-- Installing: /home/jake/moveit2_ws_main/install/geometric_shapes/include/geometric_shapes/bodies.h
-- Installing: /home/jake/moveit2_ws_main/install/geometric_shapes/include/geometric_shapes/shape_extents.h
-- Installing: /home/jake/moveit2_ws_main/install/geometric_shapes/include/geometric_shapes/solid_primitive_dims.h
-- Installing: /home/jake/moveit2_ws_main/install/geometric_shapes/include/geometric_shapes/shapes.h
-- Installing: /home/jake/moveit2_ws_main/install/geometric_shapes/include/geometric_shapes/shape_to_marker.h
-- Installing: /home/jake/moveit2_ws_main/install/geometric_shapes/include/geometric_shapes/body_operations.h
-- Installing: /home/jake/moveit2_ws_main/install/geometric_shapes/include/geometric_shapes/mesh_operations.h
-- Installing: /home/jake/moveit2_ws_main/install/geometric_shapes/include/geometric_shapes/shape_messages.h
-- Installing: /home/jake/moveit2_ws_main/install/geometric_shapes/include/geometric_shapes/aabb.h
-- Installing: /home/jake/moveit2_ws_main/install/geometric_shapes/include/geometric_shapes/check_isometry.h
-- Installing: /home/jake/moveit2_ws_main/install/geometric_shapes/include/geometric_shapes/shape_operations.h
-- Installing: /home/jake/moveit2_ws_main/install/geometric_shapes/share/geometric_shapes/environment/library_path.sh
-- Installing: /home/jake/moveit2_ws_main/install/geometric_shapes/share/geometric_shapes/environment/library_path.dsv
-- Installing: /home/jake/moveit2_ws_main/install/geometric_shapes/share/ament_index/resource_index/package_run_dependencies/geometric_shapes
-- Installing: /home/jake/moveit2_ws_main/install/geometric_shapes/share/ament_index/resource_index/parent_prefix_path/geometric_shapes
-- Installing: /home/jake/moveit2_ws_main/install/geometric_shapes/share/geometric_shapes/environment/ament_prefix_path.sh
-- Installing: /home/jake/moveit2_ws_main/install/geometric_shapes/share/geometric_shapes/environment/ament_prefix_path.dsv
-- Installing: /home/jake/moveit2_ws_main/install/geometric_shapes/share/geometric_shapes/environment/path.sh
-- Installing: /home/jake/moveit2_ws_main/install/geometric_shapes/share/geometric_shapes/environment/path.dsv
-- Installing: /home/jake/moveit2_ws_main/install/geometric_shapes/share/geometric_shapes/local_setup.bash
-- Installing: /home/jake/moveit2_ws_main/install/geometric_shapes/share/geometric_shapes/local_setup.sh
-- Installing: /home/jake/moveit2_ws_main/install/geometric_shapes/share/geometric_shapes/local_setup.zsh
-- Installing: /home/jake/moveit2_ws_main/install/geometric_shapes/share/geometric_shapes/local_setup.dsv
-- Installing: /home/jake/moveit2_ws_main/install/geometric_shapes/share/geometric_shapes/package.dsv
-- Installing: /home/jake/moveit2_ws_main/install/geometric_shapes/share/ament_index/resource_index/packages/geometric_shapes
-- Installing: /home/jake/moveit2_ws_main/install/geometric_shapes/share/geometric_shapes/cmake/export_geometric_shapesExport.cmake
-- Installing: /home/jake/moveit2_ws_main/install/geometric_shapes/share/geometric_shapes/cmake/export_geometric_shapesExport-release.cmake
-- Installing: /home/jake/moveit2_ws_main/install/geometric_shapes/share/geometric_shapes/cmake/ConfigExtras.cmake
-- Installing: /home/jake/moveit2_ws_main/install/geometric_shapes/share/geometric_shapes/cmake/ament_cmake_export_targets-extras.cmake
-- Installing: /home/jake/moveit2_ws_main/install/geometric_shapes/share/geometric_shapes/cmake/ament_cmake_export_dependencies-extras.cmake
-- Installing: /home/jake/moveit2_ws_main/install/geometric_shapes/share/geometric_shapes/cmake/geometric_shapesConfig.cmake
-- Installing: /home/jake/moveit2_ws_main/install/geometric_shapes/share/geometric_shapes/cmake/geometric_shapesConfig-version.cmake
-- Installing: /home/jake/moveit2_ws_main/install/geometric_shapes/share/geometric_shapes/package.xml
