[4.166s] Invoking command in '/home/jake/moveit2_ws_main/src/generate_parameter_library/generate_parameter_library_py': PYTHONPATH=/home/jake/moveit2_ws_main/build/generate_parameter_library_py/prefix_override:/usr/lib/python3/dist-packages/colcon_core/task/python/colcon_distutils_commands:/home/jake/moveit2_ws_main/install/generate_parameter_library_py/lib/python3.10/site-packages:${PYTHONPATH} /usr/bin/python3 -W ignore:setup.py install is deprecated setup.py egg_info --egg-base ../../../build/generate_parameter_library_py build --build-base /home/jake/moveit2_ws_main/build/generate_parameter_library_py/build install --record /home/jake/moveit2_ws_main/build/generate_parameter_library_py/install.log --single-version-externally-managed install_data
[5.023s] running egg_info
[5.024s] writing ../../../build/generate_parameter_library_py/generate_parameter_library_py.egg-info/PKG-INFO
[5.024s] writing dependency_links to ../../../build/generate_parameter_library_py/generate_parameter_library_py.egg-info/dependency_links.txt
[5.025s] writing entry points to ../../../build/generate_parameter_library_py/generate_parameter_library_py.egg-info/entry_points.txt
[5.025s] writing requirements to ../../../build/generate_parameter_library_py/generate_parameter_library_py.egg-info/requires.txt
[5.026s] writing top-level names to ../../../build/generate_parameter_library_py/generate_parameter_library_py.egg-info/top_level.txt
[5.029s] reading manifest file '../../../build/generate_parameter_library_py/generate_parameter_library_py.egg-info/SOURCES.txt'
[5.032s] writing manifest file '../../../build/generate_parameter_library_py/generate_parameter_library_py.egg-info/SOURCES.txt'
[5.032s] running build
[5.032s] running build_py
[5.036s] running install
[5.037s] running install_lib
[5.043s] running install_data
[5.044s] running install_egg_info
[5.049s] removing '/home/jake/moveit2_ws_main/install/generate_parameter_library_py/lib/python3.10/site-packages/generate_parameter_library_py-0.3.7-py3.10.egg-info' (and everything under it)
[5.050s] Copying ../../../build/generate_parameter_library_py/generate_parameter_library_py.egg-info to /home/jake/moveit2_ws_main/install/generate_parameter_library_py/lib/python3.10/site-packages/generate_parameter_library_py-0.3.7-py3.10.egg-info
[5.050s] running install_scripts
[5.125s] Installing generate_parameter_library_cpp script to /home/jake/moveit2_ws_main/install/generate_parameter_library_py/bin
[5.125s] Installing generate_parameter_library_markdown script to /home/jake/moveit2_ws_main/install/generate_parameter_library_py/bin
[5.125s] Installing generate_parameter_library_python script to /home/jake/moveit2_ws_main/install/generate_parameter_library_py/bin
[5.126s] writing list of installed files to '/home/jake/moveit2_ws_main/build/generate_parameter_library_py/install.log'
[5.156s] Invoked command in '/home/jake/moveit2_ws_main/src/generate_parameter_library/generate_parameter_library_py' returned '0': PYTHONPATH=/home/jake/moveit2_ws_main/build/generate_parameter_library_py/prefix_override:/usr/lib/python3/dist-packages/colcon_core/task/python/colcon_distutils_commands:/home/jake/moveit2_ws_main/install/generate_parameter_library_py/lib/python3.10/site-packages:${PYTHONPATH} /usr/bin/python3 -W ignore:setup.py install is deprecated setup.py egg_info --egg-base ../../../build/generate_parameter_library_py build --build-base /home/jake/moveit2_ws_main/build/generate_parameter_library_py/build install --record /home/jake/moveit2_ws_main/build/generate_parameter_library_py/install.log --single-version-externally-managed install_data
