-- Found moveit_common: 2.11.0 (/home/jake/moveit2_ws_main/install/moveit_common/share/moveit_common/cmake)
-- Found ament_cmake: 2.0.6 (/home/jake/ros2_iron/install/ament_cmake/share/ament_cmake/cmake)
-- Found ament_index_cpp: 1.5.2 (/home/jake/ros2_iron/install/ament_index_cpp/share/ament_index_cpp/cmake)
-- Found generate_parameter_library: 0.3.7 (/home/jake/moveit2_ws_main/install/generate_parameter_library/share/generate_parameter_library/cmake)
-- Found parameter_traits: 0.3.7 (/home/jake/moveit2_ws_main/install/parameter_traits/share/parameter_traits/cmake)
-- Found rosidl_generator_c: 4.0.1 (/home/jake/ros2_iron/install/rosidl_generator_c/share/rosidl_generator_c/cmake)
-- Found rosidl_generator_cpp: 4.0.1 (/home/jake/ros2_iron/install/rosidl_generator_cpp/share/rosidl_generator_cpp/cmake)
-- Using all available rosidl_typesupport_c: rosidl_typesupport_introspection_c;rosidl_typesupport_fastrtps_c
-- Using all available rosidl_typesupport_cpp: rosidl_typesupport_introspection_cpp;rosidl_typesupport_fastrtps_cpp
-- Found rmw_implementation_cmake: 7.1.0 (/home/jake/ros2_iron/install/rmw_implementation_cmake/share/rmw_implementation_cmake/cmake)
-- Found rmw_fastrtps_cpp: 7.1.4 (/home/jake/ros2_iron/install/rmw_fastrtps_cpp/share/rmw_fastrtps_cpp/cmake)
-- Using RMW implementation 'rmw_fastrtps_cpp' as default
-- Found rclcpp_lifecycle: 21.0.7 (/home/jake/ros2_iron/install/rclcpp_lifecycle/share/rclcpp_lifecycle/cmake)
-- Found message_filters: 4.7.1 (/home/jake/ros2_iron/install/message_filters/share/message_filters/cmake)
-- Found moveit_core: 2.11.0 (/home/jake/moveit2_ws_main/install/moveit_core/share/moveit_core/cmake)
-- Found Boost: /usr/lib/x86_64-linux-gnu/cmake/Boost-1.74.0/BoostConfig.cmake (found version "1.74.0") found components: chrono date_time filesystem iostreams program_options regex serialization system thread 
-- Found Boost: /usr/lib/x86_64-linux-gnu/cmake/Boost-1.74.0/BoostConfig.cmake (found version "1.74.0") found components: filesystem 
-- library: /usr/lib/x86_64-linux-gnu/libcurl.so
-- Ensuring Eigen3 include directory is part of orocos-kdl CMake target
-- Found moveit_ros_occupancy_map_monitor: 2.11.0 (/home/jake/moveit2_ws_main/install/moveit_ros_occupancy_map_monitor/share/moveit_ros_occupancy_map_monitor/cmake)
-- Found Boost: /usr/lib/x86_64-linux-gnu/cmake/Boost-1.74.0/BoostConfig.cmake (found version "1.74.0") found components: system filesystem date_time program_options thread chrono 
-- Found ament_cmake_gtest: 2.0.6 (/home/jake/ros2_iron/install/ament_cmake_gtest/share/ament_cmake_gtest/cmake)
-- Found gtest sources under '/home/jake/ros2_iron/install/gtest_vendor/src/gtest_vendor': C++ tests using 'Google Test' will be built
-- Found ament_cmake_gtest: 2.0.6 (/home/jake/ros2_iron/install/ament_cmake_gtest/share/ament_cmake_gtest/cmake)
-- Found ament_cmake_gmock: 2.0.6 (/home/jake/ros2_iron/install/ament_cmake_gmock/share/ament_cmake_gmock/cmake)
-- Found ros_testing: 0.5.2 (/home/jake/ros2_iron/install/ros_testing/share/ros_testing/cmake)
-- Found launch_testing_ament_cmake: 2.0.4 (/home/jake/ros2_iron/install/launch_testing_ament_cmake/share/launch_testing_ament_cmake/cmake)
-- Found python_cmake_module: 0.10.2 (/home/jake/ros2_iron/install/python_cmake_module/share/python_cmake_module/cmake)
-- Using PYTHON_EXECUTABLE: /usr/bin/python3
-- Using PYTHON_INCLUDE_DIRS: /usr/include/python3.10
-- Using PYTHON_LIBRARIES: /usr/lib/x86_64-linux-gnu/libpython3.10.so
-- Found gmock sources under '/home/jake/ros2_iron/install/gmock_vendor/src/gmock_vendor': C++ tests using 'Google Mock' will be built
-- Found gtest sources under '/home/jake/ros2_iron/install/gtest_vendor/src/gtest_vendor': C++ tests using 'Google Test' will be built
-- Found launch_testing_ament_cmake: 2.0.4 (/home/jake/ros2_iron/install/launch_testing_ament_cmake/share/launch_testing_ament_cmake/cmake)
-- Found python_cmake_module: 0.10.2 (/home/jake/ros2_iron/install/python_cmake_module/share/python_cmake_module/cmake)
-- Using PYTHON_EXECUTABLE: /usr/bin/python3
-- Using PYTHON_INCLUDE_DIRS: /usr/include/python3.10
-- Using PYTHON_LIBRARIES: /usr/lib/x86_64-linux-gnu/libpython3.10.so
-- Configuring done
-- Generating done
-- Build files have been written to: /home/jake/moveit2_ws_main/build/moveit_ros_planning
[35m[1mConsolidate compiler generated dependencies of target gtest[0m
[35m[1mConsolidate compiler generated dependencies of target gtest_main[0m
[35m[1mConsolidate compiler generated dependencies of target moveit_pipeline_test_plugins[0m
[35m[1mConsolidate compiler generated dependencies of target moveit_collision_plugin_loader[0m
[35m[1mConsolidate compiler generated dependencies of target gmock[0m
[35m[1mConsolidate compiler generated dependencies of target srdf_publisher[0m
[35m[1mConsolidate compiler generated dependencies of target moveit_rdf_loader[0m
[35m[1mConsolidate compiler generated dependencies of target gmock_main[0m
[  1%] Built target default_request_adapter_parameters
[  3%] Built target kinematics_parameters
[  3%] Built target default_response_adapter_parameters
[  4%] Built target planning_pipeline_parameters
[  7%] Built target gtest
[  9%] Built target gtest_main
[ 13%] Built target gmock
[ 15%] Built target gmock_main
[35m[1mConsolidate compiler generated dependencies of target srdf_publisher_node[0m
[ 19%] Built target moveit_rdf_loader
[ 24%] Built target moveit_pipeline_test_plugins
[ 24%] Built target srdf_publisher
[35m[1mConsolidate compiler generated dependencies of target moveit_planning_pipeline[0m
[35m[1mConsolidate compiler generated dependencies of target moveit_default_planning_response_adapter_plugins[0m
[35m[1mConsolidate compiler generated dependencies of target moveit_default_planning_request_adapter_plugins[0m
[ 26%] Built target moveit_collision_plugin_loader
[35m[1mConsolidate compiler generated dependencies of target moveit_constraint_sampler_manager_loader[0m
[35m[1mConsolidate compiler generated dependencies of target moveit_kinematics_plugin_loader[0m
[ 28%] Built target srdf_publisher_node
[ 31%] Built target moveit_planning_pipeline
[ 37%] Built target moveit_default_planning_response_adapter_plugins
[ 44%] Built target moveit_default_planning_request_adapter_plugins
[ 46%] Built target moveit_kinematics_plugin_loader
[ 49%] Built target moveit_constraint_sampler_manager_loader
[35m[1mConsolidate compiler generated dependencies of target moveit_planning_pipeline_test[0m
[35m[1mConsolidate compiler generated dependencies of target moveit_planning_pipeline_interfaces[0m
[35m[1mConsolidate compiler generated dependencies of target moveit_robot_model_loader[0m
[ 51%] Built target moveit_planning_pipeline_test
[ 57%] Built target moveit_planning_pipeline_interfaces
[ 60%] Built target moveit_robot_model_loader
[35m[1mConsolidate compiler generated dependencies of target moveit_print_planning_model_info[0m
[35m[1mConsolidate compiler generated dependencies of target moveit_planning_scene_monitor[0m
[ 62%] Built target moveit_print_planning_model_info
[ 63%] [32mBuilding CXX object planning_scene_monitor/CMakeFiles/moveit_planning_scene_monitor.dir/src/current_state_monitor.cpp.o[0m
[ 65%] [32m[1mLinking CXX shared library libmoveit_planning_scene_monitor.so[0m
[ 69%] Built target moveit_planning_scene_monitor
[35m[1mConsolidate compiler generated dependencies of target current_state_monitor_tests[0m
[35m[1mConsolidate compiler generated dependencies of target planning_scene_monitor_test[0m
[35m[1mConsolidate compiler generated dependencies of target moveit_trajectory_execution_manager[0m
[35m[1mConsolidate compiler generated dependencies of target moveit_print_planning_scene_info[0m
[35m[1mConsolidate compiler generated dependencies of target moveit_publish_scene_from_text[0m
[35m[1mConsolidate compiler generated dependencies of target moveit_visualize_robot_collision_volume[0m
[35m[1mConsolidate compiler generated dependencies of target demo_scene[0m
[35m[1mConsolidate compiler generated dependencies of target trajectory_monitor_tests[0m
[35m[1mConsolidate compiler generated dependencies of target moveit_evaluate_collision_checking_speed[0m
[35m[1mConsolidate compiler generated dependencies of target moveit_display_random_state[0m
[ 71%] [32m[1mLinking CXX executable current_state_monitor_tests[0m
[ 72%] [32m[1mLinking CXX executable moveit_print_planning_scene_info[0m
[ 73%] [32m[1mLinking CXX shared library libmoveit_trajectory_execution_manager.so[0m
[ 74%] [32m[1mLinking CXX executable planning_scene_monitor_test[0m
[ 75%] [32m[1mLinking CXX executable demo_scene[0m
[ 77%] [32m[1mLinking CXX executable moveit_publish_scene_from_text[0m
[ 78%] [32m[1mLinking CXX executable trajectory_monitor_tests[0m
[ 79%] [32m[1mLinking CXX executable moveit_display_random_state[0m
[ 80%] [32m[1mLinking CXX executable moveit_visualize_robot_collision_volume[0m
[ 81%] [32m[1mLinking CXX executable moveit_evaluate_collision_checking_speed[0m
[ 83%] Built target moveit_trajectory_execution_manager
[35m[1mConsolidate compiler generated dependencies of target moveit_plan_execution[0m
[35m[1mConsolidate compiler generated dependencies of target moveit_cpp[0m
[ 84%] [32m[1mLinking CXX shared library libmoveit_plan_execution.so[0m
[ 85%] [32m[1mLinking CXX shared library libmoveit_cpp.so[0m
[ 86%] Built target planning_scene_monitor_test
[ 87%] Built target demo_scene
[ 89%] Built target moveit_print_planning_scene_info
[ 90%] Built target moveit_evaluate_collision_checking_speed
[ 91%] Built target moveit_publish_scene_from_text
[ 92%] Built target moveit_display_random_state
[ 93%] Built target current_state_monitor_tests
[ 95%] Built target moveit_visualize_robot_collision_volume
[ 96%] Built target trajectory_monitor_tests
[ 97%] Built target moveit_plan_execution
[100%] Built target moveit_cpp
-- Install configuration: "Release"
-- Up-to-date: /home/jake/moveit2_ws_main/install/moveit_ros_planning/include/moveit_ros_planning
-- Up-to-date: /home/jake/moveit2_ws_main/install/moveit_ros_planning/include/moveit_ros_planning/moveit
-- Up-to-date: /home/jake/moveit2_ws_main/install/moveit_ros_planning/include/moveit_ros_planning/moveit/collision_plugin_loader
-- Up-to-date: /home/jake/moveit2_ws_main/install/moveit_ros_planning/include/moveit_ros_planning/moveit/collision_plugin_loader/collision_plugin_loader.h
-- Up-to-date: /home/jake/moveit2_ws_main/install/moveit_ros_planning/include/moveit_ros_planning
-- Up-to-date: /home/jake/moveit2_ws_main/install/moveit_ros_planning/include/moveit_ros_planning/moveit
-- Up-to-date: /home/jake/moveit2_ws_main/install/moveit_ros_planning/include/moveit_ros_planning/moveit/constraint_sampler_manager_loader
-- Up-to-date: /home/jake/moveit2_ws_main/install/moveit_ros_planning/include/moveit_ros_planning/moveit/constraint_sampler_manager_loader/constraint_sampler_manager_loader.h
-- Up-to-date: /home/jake/moveit2_ws_main/install/moveit_ros_planning/include/kinematics_parameters
-- Up-to-date: /home/jake/moveit2_ws_main/install/moveit_ros_planning/include/kinematics_parameters/kinematics_parameters.hpp
-- Up-to-date: /home/jake/moveit2_ws_main/install/moveit_ros_planning/include/moveit_ros_planning
-- Up-to-date: /home/jake/moveit2_ws_main/install/moveit_ros_planning/include/moveit_ros_planning/moveit
-- Up-to-date: /home/jake/moveit2_ws_main/install/moveit_ros_planning/include/moveit_ros_planning/moveit/kinematics_plugin_loader
-- Up-to-date: /home/jake/moveit2_ws_main/install/moveit_ros_planning/include/moveit_ros_planning/moveit/kinematics_plugin_loader/kinematics_plugin_loader.h
-- Up-to-date: /home/jake/moveit2_ws_main/install/moveit_ros_planning/include/moveit_ros_planning
-- Up-to-date: /home/jake/moveit2_ws_main/install/moveit_ros_planning/include/moveit_ros_planning/moveit
-- Up-to-date: /home/jake/moveit2_ws_main/install/moveit_ros_planning/include/moveit_ros_planning/moveit/moveit_cpp
-- Up-to-date: /home/jake/moveit2_ws_main/install/moveit_ros_planning/include/moveit_ros_planning/moveit/moveit_cpp/moveit_cpp.h
-- Up-to-date: /home/jake/moveit2_ws_main/install/moveit_ros_planning/include/moveit_ros_planning/moveit/moveit_cpp/planning_component.h
-- Up-to-date: /home/jake/moveit2_ws_main/install/moveit_ros_planning/include/moveit_ros_planning
-- Up-to-date: /home/jake/moveit2_ws_main/install/moveit_ros_planning/include/moveit_ros_planning/moveit
-- Up-to-date: /home/jake/moveit2_ws_main/install/moveit_ros_planning/include/moveit_ros_planning/moveit/plan_execution
-- Up-to-date: /home/jake/moveit2_ws_main/install/moveit_ros_planning/include/moveit_ros_planning/moveit/plan_execution/plan_execution.h
-- Up-to-date: /home/jake/moveit2_ws_main/install/moveit_ros_planning/include/moveit_ros_planning/moveit/plan_execution/plan_representation.h
-- Up-to-date: /home/jake/moveit2_ws_main/install/moveit_ros_planning/lib/moveit_ros_planning/moveit_print_planning_model_info
-- Installing: /home/jake/moveit2_ws_main/install/moveit_ros_planning/lib/moveit_ros_planning/moveit_print_planning_scene_info
-- Set runtime path of "/home/jake/moveit2_ws_main/install/moveit_ros_planning/lib/moveit_ros_planning/moveit_print_planning_scene_info" to ""
-- Installing: /home/jake/moveit2_ws_main/install/moveit_ros_planning/lib/moveit_ros_planning/moveit_display_random_state
-- Set runtime path of "/home/jake/moveit2_ws_main/install/moveit_ros_planning/lib/moveit_ros_planning/moveit_display_random_state" to ""
-- Installing: /home/jake/moveit2_ws_main/install/moveit_ros_planning/lib/moveit_ros_planning/moveit_visualize_robot_collision_volume
-- Set runtime path of "/home/jake/moveit2_ws_main/install/moveit_ros_planning/lib/moveit_ros_planning/moveit_visualize_robot_collision_volume" to ""
-- Installing: /home/jake/moveit2_ws_main/install/moveit_ros_planning/lib/moveit_ros_planning/moveit_evaluate_collision_checking_speed
-- Set runtime path of "/home/jake/moveit2_ws_main/install/moveit_ros_planning/lib/moveit_ros_planning/moveit_evaluate_collision_checking_speed" to ""
-- Installing: /home/jake/moveit2_ws_main/install/moveit_ros_planning/lib/moveit_ros_planning/moveit_publish_scene_from_text
-- Set runtime path of "/home/jake/moveit2_ws_main/install/moveit_ros_planning/lib/moveit_ros_planning/moveit_publish_scene_from_text" to ""
-- Up-to-date: /home/jake/moveit2_ws_main/install/moveit_ros_planning/include/moveit_ros_planning
-- Up-to-date: /home/jake/moveit2_ws_main/install/moveit_ros_planning/include/moveit_ros_planning/moveit
-- Up-to-date: /home/jake/moveit2_ws_main/install/moveit_ros_planning/include/moveit_ros_planning/moveit/planning_pipeline_interfaces
-- Up-to-date: /home/jake/moveit2_ws_main/install/moveit_ros_planning/include/moveit_ros_planning/moveit/planning_pipeline_interfaces/planning_pipeline_interfaces.hpp
-- Up-to-date: /home/jake/moveit2_ws_main/install/moveit_ros_planning/include/moveit_ros_planning/moveit/planning_pipeline_interfaces/solution_selection_functions.hpp
-- Up-to-date: /home/jake/moveit2_ws_main/install/moveit_ros_planning/include/moveit_ros_planning/moveit/planning_pipeline_interfaces/stopping_criterion_functions.hpp
-- Up-to-date: /home/jake/moveit2_ws_main/install/moveit_ros_planning/include/moveit_ros_planning/moveit/planning_pipeline_interfaces/plan_responses_container.hpp
-- Up-to-date: /home/jake/moveit2_ws_main/install/moveit_ros_planning/include/moveit_ros_planning/moveit_planning_pipeline_interfaces_export.h
-- Up-to-date: /home/jake/moveit2_ws_main/install/moveit_ros_planning/include/planning_pipeline_parameters
-- Up-to-date: /home/jake/moveit2_ws_main/install/moveit_ros_planning/include/planning_pipeline_parameters/planning_pipeline_parameters.hpp
-- Up-to-date: /home/jake/moveit2_ws_main/install/moveit_ros_planning/lib/libmoveit_pipeline_test_plugins.so.2.11.0
-- Up-to-date: /home/jake/moveit2_ws_main/install/moveit_ros_planning/lib/libmoveit_pipeline_test_plugins.so
-- Up-to-date: /home/jake/moveit2_ws_main/install/moveit_ros_planning/include/moveit_ros_planning
-- Up-to-date: /home/jake/moveit2_ws_main/install/moveit_ros_planning/include/moveit_ros_planning/moveit
-- Up-to-date: /home/jake/moveit2_ws_main/install/moveit_ros_planning/include/moveit_ros_planning/moveit/planning_pipeline
-- Up-to-date: /home/jake/moveit2_ws_main/install/moveit_ros_planning/include/moveit_ros_planning/moveit/planning_pipeline/planning_pipeline.h
-- Up-to-date: /home/jake/moveit2_ws_main/install/moveit_ros_planning/include/moveit_ros_planning/moveit_planning_pipeline_export.h
-- Up-to-date: /home/jake/moveit2_ws_main/install/moveit_ros_planning/include/default_request_adapter_parameters
-- Up-to-date: /home/jake/moveit2_ws_main/install/moveit_ros_planning/include/default_request_adapter_parameters/default_request_adapter_parameters.hpp
-- Up-to-date: /home/jake/moveit2_ws_main/install/moveit_ros_planning/include/default_response_adapter_parameters
-- Up-to-date: /home/jake/moveit2_ws_main/install/moveit_ros_planning/include/default_response_adapter_parameters/default_response_adapter_parameters.hpp
-- Installing: /home/jake/moveit2_ws_main/install/moveit_ros_planning/lib/moveit_ros_planning/demo_scene
-- Set runtime path of "/home/jake/moveit2_ws_main/install/moveit_ros_planning/lib/moveit_ros_planning/demo_scene" to ""
-- Up-to-date: /home/jake/moveit2_ws_main/install/moveit_ros_planning/include/moveit_ros_planning
-- Up-to-date: /home/jake/moveit2_ws_main/install/moveit_ros_planning/include/moveit_ros_planning/moveit
-- Up-to-date: /home/jake/moveit2_ws_main/install/moveit_ros_planning/include/moveit_ros_planning/moveit/planning_scene_monitor
-- Up-to-date: /home/jake/moveit2_ws_main/install/moveit_ros_planning/include/moveit_ros_planning/moveit/planning_scene_monitor/trajectory_monitor_middleware_handle.hpp
-- Up-to-date: /home/jake/moveit2_ws_main/install/moveit_ros_planning/include/moveit_ros_planning/moveit/planning_scene_monitor/current_state_monitor_middleware_handle.hpp
-- Up-to-date: /home/jake/moveit2_ws_main/install/moveit_ros_planning/include/moveit_ros_planning/moveit/planning_scene_monitor/trajectory_monitor.h
-- Up-to-date: /home/jake/moveit2_ws_main/install/moveit_ros_planning/include/moveit_ros_planning/moveit/planning_scene_monitor/current_state_monitor.h
-- Up-to-date: /home/jake/moveit2_ws_main/install/moveit_ros_planning/include/moveit_ros_planning/moveit/planning_scene_monitor/planning_scene_monitor.h
-- Up-to-date: /home/jake/moveit2_ws_main/install/moveit_ros_planning/include/moveit_ros_planning/moveit_planning_scene_monitor_export.h
-- Up-to-date: /home/jake/moveit2_ws_main/install/moveit_ros_planning/include/moveit_ros_planning
-- Up-to-date: /home/jake/moveit2_ws_main/install/moveit_ros_planning/include/moveit_ros_planning/moveit
-- Up-to-date: /home/jake/moveit2_ws_main/install/moveit_ros_planning/include/moveit_ros_planning/moveit/rdf_loader
-- Up-to-date: /home/jake/moveit2_ws_main/install/moveit_ros_planning/include/moveit_ros_planning/moveit/rdf_loader/synchronized_string_parameter.h
-- Up-to-date: /home/jake/moveit2_ws_main/install/moveit_ros_planning/include/moveit_ros_planning/moveit/rdf_loader/rdf_loader.h
-- Up-to-date: /home/jake/moveit2_ws_main/install/moveit_ros_planning/share/moveit_ros_planning/rdf_loader/test/data
-- Up-to-date: /home/jake/moveit2_ws_main/install/moveit_ros_planning/share/moveit_ros_planning/rdf_loader/test/data/gonzo.srdf
-- Up-to-date: /home/jake/moveit2_ws_main/install/moveit_ros_planning/share/moveit_ros_planning/rdf_loader/test/data/kermit.urdf
-- Up-to-date: /home/jake/moveit2_ws_main/install/moveit_ros_planning/share/moveit_ros_planning/rdf_loader/test/data/robin.srdf.xacro
-- Up-to-date: /home/jake/moveit2_ws_main/install/moveit_ros_planning/share/moveit_ros_planning/rdf_loader/test/data/gonzo.urdf
-- Up-to-date: /home/jake/moveit2_ws_main/install/moveit_ros_planning/share/moveit_ros_planning/rdf_loader/test/data/kermit.srdf
-- Up-to-date: /home/jake/moveit2_ws_main/install/moveit_ros_planning/share/moveit_ros_planning/rdf_loader/test/launch
-- Up-to-date: /home/jake/moveit2_ws_main/install/moveit_ros_planning/share/moveit_ros_planning/rdf_loader/test/launch/test_rdf_integration.test.py
-- Up-to-date: /home/jake/moveit2_ws_main/install/moveit_ros_planning/include/moveit_ros_planning
-- Up-to-date: /home/jake/moveit2_ws_main/install/moveit_ros_planning/include/moveit_ros_planning/moveit
-- Up-to-date: /home/jake/moveit2_ws_main/install/moveit_ros_planning/include/moveit_ros_planning/moveit/robot_model_loader
-- Up-to-date: /home/jake/moveit2_ws_main/install/moveit_ros_planning/include/moveit_ros_planning/moveit/robot_model_loader/robot_model_loader.h
-- Up-to-date: /home/jake/moveit2_ws_main/install/moveit_ros_planning/include/moveit_ros_planning
-- Up-to-date: /home/jake/moveit2_ws_main/install/moveit_ros_planning/include/moveit_ros_planning/moveit
-- Up-to-date: /home/jake/moveit2_ws_main/install/moveit_ros_planning/include/moveit_ros_planning/moveit/trajectory_execution_manager
-- Up-to-date: /home/jake/moveit2_ws_main/install/moveit_ros_planning/include/moveit_ros_planning/moveit/trajectory_execution_manager/trajectory_execution_manager.h
-- Up-to-date: /home/jake/moveit2_ws_main/install/moveit_ros_planning/include/moveit_ros_planning/moveit_trajectory_execution_manager_export.h
-- Up-to-date: /home/jake/moveit2_ws_main/install/moveit_ros_planning/lib/libmoveit_collision_plugin_loader.so.2.11.0
-- Up-to-date: /home/jake/moveit2_ws_main/install/moveit_ros_planning/lib/libmoveit_collision_plugin_loader.so
-- Up-to-date: /home/jake/moveit2_ws_main/install/moveit_ros_planning/lib/libmoveit_constraint_sampler_manager_loader.so.2.11.0
-- Up-to-date: /home/jake/moveit2_ws_main/install/moveit_ros_planning/lib/libmoveit_constraint_sampler_manager_loader.so
-- Installing: /home/jake/moveit2_ws_main/install/moveit_ros_planning/lib/libmoveit_cpp.so.2.11.0
-- Set runtime path of "/home/jake/moveit2_ws_main/install/moveit_ros_planning/lib/libmoveit_cpp.so.2.11.0" to ""
-- Up-to-date: /home/jake/moveit2_ws_main/install/moveit_ros_planning/lib/libmoveit_cpp.so
-- Up-to-date: /home/jake/moveit2_ws_main/install/moveit_ros_planning/lib/libmoveit_default_planning_request_adapter_plugins.so.2.11.0
-- Up-to-date: /home/jake/moveit2_ws_main/install/moveit_ros_planning/lib/libmoveit_default_planning_request_adapter_plugins.so
-- Up-to-date: /home/jake/moveit2_ws_main/install/moveit_ros_planning/lib/libmoveit_default_planning_response_adapter_plugins.so.2.11.0
-- Up-to-date: /home/jake/moveit2_ws_main/install/moveit_ros_planning/lib/libmoveit_default_planning_response_adapter_plugins.so
-- Up-to-date: /home/jake/moveit2_ws_main/install/moveit_ros_planning/lib/libmoveit_kinematics_plugin_loader.so.2.11.0
-- Up-to-date: /home/jake/moveit2_ws_main/install/moveit_ros_planning/lib/libmoveit_kinematics_plugin_loader.so
-- Installing: /home/jake/moveit2_ws_main/install/moveit_ros_planning/lib/libmoveit_plan_execution.so.2.11.0
-- Set runtime path of "/home/jake/moveit2_ws_main/install/moveit_ros_planning/lib/libmoveit_plan_execution.so.2.11.0" to ""
-- Up-to-date: /home/jake/moveit2_ws_main/install/moveit_ros_planning/lib/libmoveit_plan_execution.so
-- Up-to-date: /home/jake/moveit2_ws_main/install/moveit_ros_planning/lib/libmoveit_planning_pipeline.so.2.11.0
-- Up-to-date: /home/jake/moveit2_ws_main/install/moveit_ros_planning/lib/libmoveit_planning_pipeline.so
-- Up-to-date: /home/jake/moveit2_ws_main/install/moveit_ros_planning/lib/libmoveit_planning_pipeline_interfaces.so.2.11.0
-- Up-to-date: /home/jake/moveit2_ws_main/install/moveit_ros_planning/lib/libmoveit_planning_pipeline_interfaces.so
-- Installing: /home/jake/moveit2_ws_main/install/moveit_ros_planning/lib/libmoveit_planning_scene_monitor.so.2.11.0
-- Set runtime path of "/home/jake/moveit2_ws_main/install/moveit_ros_planning/lib/libmoveit_planning_scene_monitor.so.2.11.0" to ""
-- Up-to-date: /home/jake/moveit2_ws_main/install/moveit_ros_planning/lib/libmoveit_planning_scene_monitor.so
-- Up-to-date: /home/jake/moveit2_ws_main/install/moveit_ros_planning/lib/libmoveit_rdf_loader.so.2.11.0
-- Up-to-date: /home/jake/moveit2_ws_main/install/moveit_ros_planning/lib/libmoveit_rdf_loader.so
-- Up-to-date: /home/jake/moveit2_ws_main/install/moveit_ros_planning/lib/libmoveit_robot_model_loader.so.2.11.0
-- Up-to-date: /home/jake/moveit2_ws_main/install/moveit_ros_planning/lib/libmoveit_robot_model_loader.so
-- Installing: /home/jake/moveit2_ws_main/install/moveit_ros_planning/lib/libmoveit_trajectory_execution_manager.so.2.11.0
-- Set runtime path of "/home/jake/moveit2_ws_main/install/moveit_ros_planning/lib/libmoveit_trajectory_execution_manager.so.2.11.0" to ""
-- Up-to-date: /home/jake/moveit2_ws_main/install/moveit_ros_planning/lib/libmoveit_trajectory_execution_manager.so
-- Up-to-date: /home/jake/moveit2_ws_main/install/moveit_ros_planning/lib/libsrdf_publisher_node.so
-- Up-to-date: /home/jake/moveit2_ws_main/install/moveit_ros_planning/share/moveit_ros_planning/environment/library_path.sh
-- Up-to-date: /home/jake/moveit2_ws_main/install/moveit_ros_planning/share/moveit_ros_planning/environment/library_path.dsv
-- Up-to-date: /home/jake/moveit2_ws_main/install/moveit_ros_planning/lib/moveit_ros_planning/srdf_publisher
-- Up-to-date: /home/jake/moveit2_ws_main/install/moveit_ros_planning/share/moveit_ros_planning/default_request_adapters_plugin_description.xml
-- Up-to-date: /home/jake/moveit2_ws_main/install/moveit_ros_planning/share/moveit_ros_planning/default_response_adapters_plugin_description.xml
-- Up-to-date: /home/jake/moveit2_ws_main/install/moveit_ros_planning/share/moveit_ros_planning/planning_pipeline_test_plugins_description.xml
-- Up-to-date: /home/jake/moveit2_ws_main/install/moveit_ros_planning/share/ament_index/resource_index/package_run_dependencies/moveit_ros_planning
-- Up-to-date: /home/jake/moveit2_ws_main/install/moveit_ros_planning/share/ament_index/resource_index/parent_prefix_path/moveit_ros_planning
-- Up-to-date: /home/jake/moveit2_ws_main/install/moveit_ros_planning/share/moveit_ros_planning/environment/ament_prefix_path.dsv
-- Up-to-date: /home/jake/moveit2_ws_main/install/moveit_ros_planning/share/moveit_ros_planning/environment/path.dsv
-- Up-to-date: /home/jake/moveit2_ws_main/install/moveit_ros_planning/share/moveit_ros_planning/local_setup.bash
-- Up-to-date: /home/jake/moveit2_ws_main/install/moveit_ros_planning/share/moveit_ros_planning/local_setup.sh
-- Up-to-date: /home/jake/moveit2_ws_main/install/moveit_ros_planning/share/moveit_ros_planning/local_setup.zsh
-- Up-to-date: /home/jake/moveit2_ws_main/install/moveit_ros_planning/share/moveit_ros_planning/local_setup.dsv
-- Installing: /home/jake/moveit2_ws_main/install/moveit_ros_planning/share/moveit_ros_planning/package.dsv
-- Up-to-date: /home/jake/moveit2_ws_main/install/moveit_ros_planning/share/ament_index/resource_index/packages/moveit_ros_planning
-- Up-to-date: /home/jake/moveit2_ws_main/install/moveit_ros_planning/share/ament_index/resource_index/moveit_core__pluginlib__plugin/moveit_ros_planning
-- Up-to-date: /home/jake/moveit2_ws_main/install/moveit_ros_planning/share/moveit_ros_planning/cmake/moveit_ros_planningTargetsExport.cmake
-- Up-to-date: /home/jake/moveit2_ws_main/install/moveit_ros_planning/share/moveit_ros_planning/cmake/moveit_ros_planningTargetsExport-release.cmake
-- Up-to-date: /home/jake/moveit2_ws_main/install/moveit_ros_planning/share/ament_index/resource_index/rclcpp_components/moveit_ros_planning
-- Up-to-date: /home/jake/moveit2_ws_main/install/moveit_ros_planning/share/moveit_ros_planning/cmake/ConfigExtras.cmake
-- Up-to-date: /home/jake/moveit2_ws_main/install/moveit_ros_planning/share/moveit_ros_planning/cmake/ament_cmake_export_targets-extras.cmake
-- Up-to-date: /home/jake/moveit2_ws_main/install/moveit_ros_planning/share/moveit_ros_planning/cmake/ament_cmake_export_dependencies-extras.cmake
-- Up-to-date: /home/jake/moveit2_ws_main/install/moveit_ros_planning/share/moveit_ros_planning/cmake/moveit_ros_planningConfig.cmake
-- Up-to-date: /home/jake/moveit2_ws_main/install/moveit_ros_planning/share/moveit_ros_planning/cmake/moveit_ros_planningConfig-version.cmake
-- Up-to-date: /home/jake/moveit2_ws_main/install/moveit_ros_planning/share/moveit_ros_planning/package.xml
