[3.957s] Invoking command in '/home/jake/moveit2_ws_main/src/moveit2/moveit_configs_utils': PYTHONPATH=/home/jake/moveit2_ws_main/build/moveit_configs_utils/prefix_override:/usr/lib/python3/dist-packages/colcon_core/task/python/colcon_distutils_commands:/home/jake/moveit2_ws_main/install/moveit_configs_utils/lib/python3.10/site-packages:${PYTHONPATH} /usr/bin/python3 -W ignore:setup.py install is deprecated setup.py egg_info --egg-base ../../../build/moveit_configs_utils build --build-base /home/jake/moveit2_ws_main/build/moveit_configs_utils/build install --record /home/jake/moveit2_ws_main/build/moveit_configs_utils/install.log --single-version-externally-managed install_data
[4.813s] running egg_info
[4.814s] writing ../../../build/moveit_configs_utils/moveit_configs_utils.egg-info/PKG-INFO
[4.814s] writing dependency_links to ../../../build/moveit_configs_utils/moveit_configs_utils.egg-info/dependency_links.txt
[4.815s] writing entry points to ../../../build/moveit_configs_utils/moveit_configs_utils.egg-info/entry_points.txt
[4.815s] writing requirements to ../../../build/moveit_configs_utils/moveit_configs_utils.egg-info/requires.txt
[4.815s] writing top-level names to ../../../build/moveit_configs_utils/moveit_configs_utils.egg-info/top_level.txt
[4.818s] reading manifest file '../../../build/moveit_configs_utils/moveit_configs_utils.egg-info/SOURCES.txt'
[4.819s] writing manifest file '../../../build/moveit_configs_utils/moveit_configs_utils.egg-info/SOURCES.txt'
[4.820s] running build
[4.820s] running build_py
[4.821s] running install
[4.821s] running install_lib
[4.826s] running install_data
[4.827s] running install_egg_info
[4.832s] removing '/home/jake/moveit2_ws_main/install/moveit_configs_utils/lib/python3.10/site-packages/moveit_configs_utils-2.11.0-py3.10.egg-info' (and everything under it)
[4.832s] Copying ../../../build/moveit_configs_utils/moveit_configs_utils.egg-info to /home/jake/moveit2_ws_main/install/moveit_configs_utils/lib/python3.10/site-packages/moveit_configs_utils-2.11.0-py3.10.egg-info
[4.833s] running install_scripts
[4.891s] writing list of installed files to '/home/jake/moveit2_ws_main/build/moveit_configs_utils/install.log'
[4.936s] Invoked command in '/home/jake/moveit2_ws_main/src/moveit2/moveit_configs_utils' returned '0': PYTHONPATH=/home/jake/moveit2_ws_main/build/moveit_configs_utils/prefix_override:/usr/lib/python3/dist-packages/colcon_core/task/python/colcon_distutils_commands:/home/jake/moveit2_ws_main/install/moveit_configs_utils/lib/python3.10/site-packages:${PYTHONPATH} /usr/bin/python3 -W ignore:setup.py install is deprecated setup.py egg_info --egg-base ../../../build/moveit_configs_utils build --build-base /home/jake/moveit2_ws_main/build/moveit_configs_utils/build install --record /home/jake/moveit2_ws_main/build/moveit_configs_utils/install.log --single-version-externally-managed install_data
