[35m[1mConsolidate compiler generated dependencies of target gtest_main[0m
[35m[1mConsolidate compiler generated dependencies of target gtest[0m
[35m[1mConsolidate compiler generated dependencies of target gmock_main[0m
[35m[1mConsolidate compiler generated dependencies of target moveit_collision_plugin_loader[0m
[  1%] Built target planning_pipeline_parameters
[  2%] Built target default_response_adapter_parameters
[  3%] Built target kinematics_parameters
[  4%] Built target default_request_adapter_parameters
[  7%] Built target gmock_main
[  9%] Built target gtest_main
[ 10%] [32mBuilding CXX object gmock/CMakeFiles/gmock.dir/home/jake/ros2_iron/install/gtest_vendor/src/gtest_vendor/src/gtest-all.cc.o[0m
[ 13%] Built target gtest
[ 14%] [32mBuilding CXX object gmock/CMakeFiles/gmock.dir/src/gmock-all.cc.o[0m
[ 15%] [32mBuilding CXX object rdf_loader/CMakeFiles/moveit_rdf_loader.dir/src/rdf_loader.cpp.o[0m
[ 18%] Built target srdf_publisher
[ 20%] [32mBuilding CXX object planning_pipeline/CMakeFiles/moveit_pipeline_test_plugins.dir/test/planning_pipeline_test_plugins.cpp.o[0m
[ 20%] [32mBuilding CXX object rdf_loader/CMakeFiles/moveit_rdf_loader.dir/src/synchronized_string_parameter.cpp.o[0m
[ 22%] Built target moveit_collision_plugin_loader
[35m[1mConsolidate compiler generated dependencies of target moveit_default_planning_response_adapter_plugins[0m
[35m[1mConsolidate compiler generated dependencies of target moveit_default_planning_request_adapter_plugins[0m
[ 24%] [32mBuilding CXX object srdf_publisher_node/CMakeFiles/srdf_publisher_node.dir/src/srdf_publisher_node.cpp.o[0m
[ 25%] [32mBuilding CXX object planning_pipeline/CMakeFiles/moveit_planning_pipeline.dir/src/planning_pipeline.cpp.o[0m
[ 26%] [32mBuilding CXX object planning_response_adapter_plugins/CMakeFiles/moveit_default_planning_response_adapter_plugins.dir/src/add_ruckig_traj_smoothing.cpp.o[0m
[ 28%] [32mBuilding CXX object planning_request_adapter_plugins/CMakeFiles/moveit_default_planning_request_adapter_plugins.dir/src/check_for_stacked_constraints.cpp.o[0m
[ 28%] [32mBuilding CXX object planning_response_adapter_plugins/CMakeFiles/moveit_default_planning_response_adapter_plugins.dir/src/add_time_optimal_parameterization.cpp.o[0m
[ 30%] [32mBuilding CXX object planning_response_adapter_plugins/CMakeFiles/moveit_default_planning_response_adapter_plugins.dir/src/display_motion_path.cpp.o[0m
[ 31%] [32mBuilding CXX object planning_response_adapter_plugins/CMakeFiles/moveit_default_planning_response_adapter_plugins.dir/src/validate_path.cpp.o[0m
[ 32%] [32mBuilding CXX object planning_request_adapter_plugins/CMakeFiles/moveit_default_planning_request_adapter_plugins.dir/src/check_start_state_bounds.cpp.o[0m
[ 33%] [32mBuilding CXX object planning_request_adapter_plugins/CMakeFiles/moveit_default_planning_request_adapter_plugins.dir/src/check_start_state_collision.cpp.o[0m
[ 34%] [32m[1mLinking CXX shared library libsrdf_publisher_node.so[0m
[ 34%] Built target srdf_publisher_node
[ 36%] [32mBuilding CXX object planning_request_adapter_plugins/CMakeFiles/moveit_default_planning_request_adapter_plugins.dir/src/validate_workspace_bounds.cpp.o[0m
[ 37%] [32m[1mLinking CXX static library libgmock.a[0m
[ 37%] Built target gmock
[ 38%] [32mBuilding CXX object planning_request_adapter_plugins/CMakeFiles/moveit_default_planning_request_adapter_plugins.dir/src/resolve_constraint_frames.cpp.o[0m
[ 39%] [32m[1mLinking CXX shared library libmoveit_pipeline_test_plugins.so[0m
[ 39%] Built target moveit_pipeline_test_plugins
[ 40%] [32m[1mLinking CXX shared library libmoveit_rdf_loader.so[0m
[ 42%] [32m[1mLinking CXX shared library libmoveit_default_planning_response_adapter_plugins.so[0m
[ 42%] Built target moveit_rdf_loader
[35m[1mConsolidate compiler generated dependencies of target moveit_kinematics_plugin_loader[0m
[35m[1mConsolidate compiler generated dependencies of target moveit_constraint_sampler_manager_loader[0m
[ 43%] [32mBuilding CXX object kinematics_plugin_loader/CMakeFiles/moveit_kinematics_plugin_loader.dir/src/kinematics_plugin_loader.cpp.o[0m
[ 44%] [32mBuilding CXX object constraint_sampler_manager_loader/CMakeFiles/moveit_constraint_sampler_manager_loader.dir/src/constraint_sampler_manager_loader.cpp.o[0m
[ 44%] Built target moveit_default_planning_response_adapter_plugins
[ 45%] [32m[1mLinking CXX shared library libmoveit_default_planning_request_adapter_plugins.so[0m
[ 45%] Built target moveit_default_planning_request_adapter_plugins
[ 46%] [32m[1mLinking CXX shared library libmoveit_planning_pipeline.so[0m
[ 46%] Built target moveit_planning_pipeline
[35m[1mConsolidate compiler generated dependencies of target moveit_planning_pipeline_test[0m
[35m[1mConsolidate compiler generated dependencies of target moveit_planning_pipeline_interfaces[0m
[ 48%] [32mBuilding CXX object planning_pipeline/CMakeFiles/moveit_planning_pipeline_test.dir/test/planning_pipeline_tests.cpp.o[0m
[ 49%] [32mBuilding CXX object planning_pipeline_interfaces/CMakeFiles/moveit_planning_pipeline_interfaces.dir/src/solution_selection_functions.cpp.o[0m
[ 50%] [32mBuilding CXX object planning_pipeline_interfaces/CMakeFiles/moveit_planning_pipeline_interfaces.dir/src/planning_pipeline_interfaces.cpp.o[0m
[ 51%] [32mBuilding CXX object planning_pipeline_interfaces/CMakeFiles/moveit_planning_pipeline_interfaces.dir/src/stopping_criterion_function.cpp.o[0m
[ 53%] [32mBuilding CXX object planning_pipeline_interfaces/CMakeFiles/moveit_planning_pipeline_interfaces.dir/src/plan_responses_container.cpp.o[0m
[ 54%] [32m[1mLinking CXX shared library libmoveit_kinematics_plugin_loader.so[0m
[ 55%] [32m[1mLinking CXX shared library libmoveit_constraint_sampler_manager_loader.so[0m
[ 55%] Built target moveit_kinematics_plugin_loader
[ 55%] Built target moveit_constraint_sampler_manager_loader
[35m[1mConsolidate compiler generated dependencies of target moveit_robot_model_loader[0m
[ 56%] [32mBuilding CXX object robot_model_loader/CMakeFiles/moveit_robot_model_loader.dir/src/robot_model_loader.cpp.o[0m
[ 57%] [32m[1mLinking CXX shared library libmoveit_robot_model_loader.so[0m
[ 57%] Built target moveit_robot_model_loader
[35m[1mConsolidate compiler generated dependencies of target moveit_print_planning_model_info[0m
[35m[1mConsolidate compiler generated dependencies of target moveit_planning_scene_monitor[0m
[ 59%] [32mBuilding CXX object planning_components_tools/CMakeFiles/moveit_print_planning_model_info.dir/src/print_planning_model_info.cpp.o[0m
[ 60%] [32mBuilding CXX object planning_scene_monitor/CMakeFiles/moveit_planning_scene_monitor.dir/src/planning_scene_monitor.cpp.o[0m
[ 61%] [32mBuilding CXX object planning_scene_monitor/CMakeFiles/moveit_planning_scene_monitor.dir/src/current_state_monitor.cpp.o[0m
[ 62%] [32mBuilding CXX object planning_scene_monitor/CMakeFiles/moveit_planning_scene_monitor.dir/src/trajectory_monitor_middleware_handle.cpp.o[0m
[ 63%] [32mBuilding CXX object planning_scene_monitor/CMakeFiles/moveit_planning_scene_monitor.dir/src/current_state_monitor_middleware_handle.cpp.o[0m
[ 65%] [32mBuilding CXX object planning_scene_monitor/CMakeFiles/moveit_planning_scene_monitor.dir/src/trajectory_monitor.cpp.o[0m
[ 66%] [32m[1mLinking CXX shared library libmoveit_planning_pipeline_interfaces.so[0m
[ 66%] Built target moveit_planning_pipeline_interfaces
[ 67%] [32m[1mLinking CXX executable moveit_planning_pipeline_test[0m
[ 67%] Built target moveit_planning_pipeline_test
[ 68%] [32m[1mLinking CXX executable moveit_print_planning_model_info[0m
[ 68%] Built target moveit_print_planning_model_info
[ 69%] [32m[1mLinking CXX shared library libmoveit_planning_scene_monitor.so[0m
[ 69%] Built target moveit_planning_scene_monitor
[35m[1mConsolidate compiler generated dependencies of target current_state_monitor_tests[0m
[35m[1mConsolidate compiler generated dependencies of target planning_scene_monitor_test[0m
[35m[1mConsolidate compiler generated dependencies of target moveit_visualize_robot_collision_volume[0m
[35m[1mConsolidate compiler generated dependencies of target moveit_publish_scene_from_text[0m
[35m[1mConsolidate compiler generated dependencies of target moveit_trajectory_execution_manager[0m
[35m[1mConsolidate compiler generated dependencies of target moveit_evaluate_collision_checking_speed[0m
[35m[1mConsolidate compiler generated dependencies of target moveit_print_planning_scene_info[0m
[35m[1mConsolidate compiler generated dependencies of target moveit_display_random_state[0m
[35m[1mConsolidate compiler generated dependencies of target demo_scene[0m
[35m[1mConsolidate compiler generated dependencies of target trajectory_monitor_tests[0m
[ 71%] [32mBuilding CXX object planning_scene_monitor/CMakeFiles/current_state_monitor_tests.dir/test/current_state_monitor_tests.cpp.o[0m
[ 72%] [32mBuilding CXX object planning_scene_monitor/CMakeFiles/planning_scene_monitor_test.dir/test/planning_scene_monitor_test.cpp.o[0m
[ 73%] [32mBuilding CXX object planning_scene_monitor/CMakeFiles/trajectory_monitor_tests.dir/test/trajectory_monitor_tests.cpp.o[0m
[ 74%] [32mBuilding CXX object trajectory_execution_manager/CMakeFiles/moveit_trajectory_execution_manager.dir/src/trajectory_execution_manager.cpp.o[0m
[ 75%] [32mBuilding CXX object planning_components_tools/CMakeFiles/moveit_print_planning_scene_info.dir/src/print_planning_scene_info.cpp.o[0m
[ 77%] [32mBuilding CXX object planning_scene_monitor/CMakeFiles/demo_scene.dir/demos/demo_scene.cpp.o[0m
[ 78%] [32mBuilding CXX object planning_components_tools/CMakeFiles/moveit_visualize_robot_collision_volume.dir/src/visualize_robot_collision_volume.cpp.o[0m
[ 79%] [32mBuilding CXX object planning_components_tools/CMakeFiles/moveit_display_random_state.dir/src/display_random_state.cpp.o[0m
[ 80%] [32mBuilding CXX object planning_components_tools/CMakeFiles/moveit_publish_scene_from_text.dir/src/publish_scene_from_text.cpp.o[0m
[ 81%] [32mBuilding CXX object planning_components_tools/CMakeFiles/moveit_evaluate_collision_checking_speed.dir/src/evaluate_collision_checking_speed.cpp.o[0m
[ 83%] [32m[1mLinking CXX executable current_state_monitor_tests[0m
[ 83%] Built target current_state_monitor_tests
[ 84%] [32m[1mLinking CXX executable demo_scene[0m
[ 84%] Built target demo_scene
[ 85%] [32m[1mLinking CXX executable moveit_print_planning_scene_info[0m
[ 85%] Built target moveit_print_planning_scene_info
[ 86%] [32m[1mLinking CXX executable moveit_publish_scene_from_text[0m
[ 87%] [32m[1mLinking CXX executable moveit_visualize_robot_collision_volume[0m
[ 89%] [32m[1mLinking CXX executable moveit_display_random_state[0m
[ 90%] [32m[1mLinking CXX executable planning_scene_monitor_test[0m
[ 91%] [32m[1mLinking CXX executable trajectory_monitor_tests[0m
[ 92%] [32m[1mLinking CXX executable moveit_evaluate_collision_checking_speed[0m
[ 92%] Built target moveit_publish_scene_from_text
[ 92%] Built target moveit_display_random_state
[ 92%] Built target moveit_visualize_robot_collision_volume
[ 92%] Built target planning_scene_monitor_test
[ 92%] Built target moveit_evaluate_collision_checking_speed
[ 92%] Built target trajectory_monitor_tests
[ 93%] [32m[1mLinking CXX shared library libmoveit_trajectory_execution_manager.so[0m
[ 93%] Built target moveit_trajectory_execution_manager
[35m[1mConsolidate compiler generated dependencies of target moveit_plan_execution[0m
[35m[1mConsolidate compiler generated dependencies of target moveit_cpp[0m
[ 95%] [32mBuilding CXX object plan_execution/CMakeFiles/moveit_plan_execution.dir/src/plan_execution.cpp.o[0m
[ 96%] [32mBuilding CXX object moveit_cpp/CMakeFiles/moveit_cpp.dir/src/moveit_cpp.cpp.o[0m
[ 97%] [32mBuilding CXX object moveit_cpp/CMakeFiles/moveit_cpp.dir/src/planning_component.cpp.o[0m
[ 98%] [32m[1mLinking CXX shared library libmoveit_plan_execution.so[0m
[ 98%] Built target moveit_plan_execution
[100%] [32m[1mLinking CXX shared library libmoveit_cpp.so[0m
[100%] Built target moveit_cpp
-- Install configuration: "Release"
-- Installing: /home/jake/moveit2_ws_main/install/moveit_ros_planning/include/moveit_ros_planning
-- Installing: /home/jake/moveit2_ws_main/install/moveit_ros_planning/include/moveit_ros_planning/moveit
-- Installing: /home/jake/moveit2_ws_main/install/moveit_ros_planning/include/moveit_ros_planning/moveit/collision_plugin_loader
-- Installing: /home/jake/moveit2_ws_main/install/moveit_ros_planning/include/moveit_ros_planning/moveit/collision_plugin_loader/collision_plugin_loader.h
-- Up-to-date: /home/jake/moveit2_ws_main/install/moveit_ros_planning/include/moveit_ros_planning
-- Up-to-date: /home/jake/moveit2_ws_main/install/moveit_ros_planning/include/moveit_ros_planning/moveit
-- Installing: /home/jake/moveit2_ws_main/install/moveit_ros_planning/include/moveit_ros_planning/moveit/constraint_sampler_manager_loader
-- Installing: /home/jake/moveit2_ws_main/install/moveit_ros_planning/include/moveit_ros_planning/moveit/constraint_sampler_manager_loader/constraint_sampler_manager_loader.h
-- Installing: /home/jake/moveit2_ws_main/install/moveit_ros_planning/include/kinematics_parameters
-- Installing: /home/jake/moveit2_ws_main/install/moveit_ros_planning/include/kinematics_parameters/kinematics_parameters.hpp
-- Up-to-date: /home/jake/moveit2_ws_main/install/moveit_ros_planning/include/moveit_ros_planning
-- Up-to-date: /home/jake/moveit2_ws_main/install/moveit_ros_planning/include/moveit_ros_planning/moveit
-- Installing: /home/jake/moveit2_ws_main/install/moveit_ros_planning/include/moveit_ros_planning/moveit/kinematics_plugin_loader
-- Installing: /home/jake/moveit2_ws_main/install/moveit_ros_planning/include/moveit_ros_planning/moveit/kinematics_plugin_loader/kinematics_plugin_loader.h
-- Up-to-date: /home/jake/moveit2_ws_main/install/moveit_ros_planning/include/moveit_ros_planning
-- Up-to-date: /home/jake/moveit2_ws_main/install/moveit_ros_planning/include/moveit_ros_planning/moveit
-- Installing: /home/jake/moveit2_ws_main/install/moveit_ros_planning/include/moveit_ros_planning/moveit/moveit_cpp
-- Installing: /home/jake/moveit2_ws_main/install/moveit_ros_planning/include/moveit_ros_planning/moveit/moveit_cpp/moveit_cpp.h
-- Installing: /home/jake/moveit2_ws_main/install/moveit_ros_planning/include/moveit_ros_planning/moveit/moveit_cpp/planning_component.h
-- Up-to-date: /home/jake/moveit2_ws_main/install/moveit_ros_planning/include/moveit_ros_planning
-- Up-to-date: /home/jake/moveit2_ws_main/install/moveit_ros_planning/include/moveit_ros_planning/moveit
-- Installing: /home/jake/moveit2_ws_main/install/moveit_ros_planning/include/moveit_ros_planning/moveit/plan_execution
-- Installing: /home/jake/moveit2_ws_main/install/moveit_ros_planning/include/moveit_ros_planning/moveit/plan_execution/plan_execution.h
-- Installing: /home/jake/moveit2_ws_main/install/moveit_ros_planning/include/moveit_ros_planning/moveit/plan_execution/plan_representation.h
-- Installing: /home/jake/moveit2_ws_main/install/moveit_ros_planning/lib/moveit_ros_planning/moveit_print_planning_model_info
-- Set runtime path of "/home/jake/moveit2_ws_main/install/moveit_ros_planning/lib/moveit_ros_planning/moveit_print_planning_model_info" to ""
-- Installing: /home/jake/moveit2_ws_main/install/moveit_ros_planning/lib/moveit_ros_planning/moveit_print_planning_scene_info
-- Set runtime path of "/home/jake/moveit2_ws_main/install/moveit_ros_planning/lib/moveit_ros_planning/moveit_print_planning_scene_info" to ""
-- Installing: /home/jake/moveit2_ws_main/install/moveit_ros_planning/lib/moveit_ros_planning/moveit_display_random_state
-- Set runtime path of "/home/jake/moveit2_ws_main/install/moveit_ros_planning/lib/moveit_ros_planning/moveit_display_random_state" to ""
-- Installing: /home/jake/moveit2_ws_main/install/moveit_ros_planning/lib/moveit_ros_planning/moveit_visualize_robot_collision_volume
-- Set runtime path of "/home/jake/moveit2_ws_main/install/moveit_ros_planning/lib/moveit_ros_planning/moveit_visualize_robot_collision_volume" to ""
-- Installing: /home/jake/moveit2_ws_main/install/moveit_ros_planning/lib/moveit_ros_planning/moveit_evaluate_collision_checking_speed
-- Set runtime path of "/home/jake/moveit2_ws_main/install/moveit_ros_planning/lib/moveit_ros_planning/moveit_evaluate_collision_checking_speed" to ""
-- Installing: /home/jake/moveit2_ws_main/install/moveit_ros_planning/lib/moveit_ros_planning/moveit_publish_scene_from_text
-- Set runtime path of "/home/jake/moveit2_ws_main/install/moveit_ros_planning/lib/moveit_ros_planning/moveit_publish_scene_from_text" to ""
-- Up-to-date: /home/jake/moveit2_ws_main/install/moveit_ros_planning/include/moveit_ros_planning
-- Up-to-date: /home/jake/moveit2_ws_main/install/moveit_ros_planning/include/moveit_ros_planning/moveit
-- Installing: /home/jake/moveit2_ws_main/install/moveit_ros_planning/include/moveit_ros_planning/moveit/planning_pipeline_interfaces
-- Installing: /home/jake/moveit2_ws_main/install/moveit_ros_planning/include/moveit_ros_planning/moveit/planning_pipeline_interfaces/planning_pipeline_interfaces.hpp
-- Installing: /home/jake/moveit2_ws_main/install/moveit_ros_planning/include/moveit_ros_planning/moveit/planning_pipeline_interfaces/solution_selection_functions.hpp
-- Installing: /home/jake/moveit2_ws_main/install/moveit_ros_planning/include/moveit_ros_planning/moveit/planning_pipeline_interfaces/stopping_criterion_functions.hpp
-- Installing: /home/jake/moveit2_ws_main/install/moveit_ros_planning/include/moveit_ros_planning/moveit/planning_pipeline_interfaces/plan_responses_container.hpp
-- Installing: /home/jake/moveit2_ws_main/install/moveit_ros_planning/include/moveit_ros_planning/moveit_planning_pipeline_interfaces_export.h
-- Installing: /home/jake/moveit2_ws_main/install/moveit_ros_planning/include/planning_pipeline_parameters
-- Installing: /home/jake/moveit2_ws_main/install/moveit_ros_planning/include/planning_pipeline_parameters/planning_pipeline_parameters.hpp
-- Installing: /home/jake/moveit2_ws_main/install/moveit_ros_planning/lib/libmoveit_pipeline_test_plugins.so.2.11.0
-- Set runtime path of "/home/jake/moveit2_ws_main/install/moveit_ros_planning/lib/libmoveit_pipeline_test_plugins.so.2.11.0" to ""
-- Installing: /home/jake/moveit2_ws_main/install/moveit_ros_planning/lib/libmoveit_pipeline_test_plugins.so
-- Up-to-date: /home/jake/moveit2_ws_main/install/moveit_ros_planning/include/moveit_ros_planning
-- Up-to-date: /home/jake/moveit2_ws_main/install/moveit_ros_planning/include/moveit_ros_planning/moveit
-- Installing: /home/jake/moveit2_ws_main/install/moveit_ros_planning/include/moveit_ros_planning/moveit/planning_pipeline
-- Installing: /home/jake/moveit2_ws_main/install/moveit_ros_planning/include/moveit_ros_planning/moveit/planning_pipeline/planning_pipeline.h
-- Installing: /home/jake/moveit2_ws_main/install/moveit_ros_planning/include/moveit_ros_planning/moveit_planning_pipeline_export.h
-- Installing: /home/jake/moveit2_ws_main/install/moveit_ros_planning/include/default_request_adapter_parameters
-- Installing: /home/jake/moveit2_ws_main/install/moveit_ros_planning/include/default_request_adapter_parameters/default_request_adapter_parameters.hpp
-- Installing: /home/jake/moveit2_ws_main/install/moveit_ros_planning/include/default_response_adapter_parameters
-- Installing: /home/jake/moveit2_ws_main/install/moveit_ros_planning/include/default_response_adapter_parameters/default_response_adapter_parameters.hpp
-- Installing: /home/jake/moveit2_ws_main/install/moveit_ros_planning/lib/moveit_ros_planning/demo_scene
-- Set runtime path of "/home/jake/moveit2_ws_main/install/moveit_ros_planning/lib/moveit_ros_planning/demo_scene" to ""
-- Up-to-date: /home/jake/moveit2_ws_main/install/moveit_ros_planning/include/moveit_ros_planning
-- Up-to-date: /home/jake/moveit2_ws_main/install/moveit_ros_planning/include/moveit_ros_planning/moveit
-- Installing: /home/jake/moveit2_ws_main/install/moveit_ros_planning/include/moveit_ros_planning/moveit/planning_scene_monitor
-- Installing: /home/jake/moveit2_ws_main/install/moveit_ros_planning/include/moveit_ros_planning/moveit/planning_scene_monitor/trajectory_monitor_middleware_handle.hpp
-- Installing: /home/jake/moveit2_ws_main/install/moveit_ros_planning/include/moveit_ros_planning/moveit/planning_scene_monitor/current_state_monitor_middleware_handle.hpp
-- Installing: /home/jake/moveit2_ws_main/install/moveit_ros_planning/include/moveit_ros_planning/moveit/planning_scene_monitor/trajectory_monitor.h
-- Installing: /home/jake/moveit2_ws_main/install/moveit_ros_planning/include/moveit_ros_planning/moveit/planning_scene_monitor/current_state_monitor.h
-- Installing: /home/jake/moveit2_ws_main/install/moveit_ros_planning/include/moveit_ros_planning/moveit/planning_scene_monitor/planning_scene_monitor.h
-- Installing: /home/jake/moveit2_ws_main/install/moveit_ros_planning/include/moveit_ros_planning/moveit_planning_scene_monitor_export.h
-- Up-to-date: /home/jake/moveit2_ws_main/install/moveit_ros_planning/include/moveit_ros_planning
-- Up-to-date: /home/jake/moveit2_ws_main/install/moveit_ros_planning/include/moveit_ros_planning/moveit
-- Installing: /home/jake/moveit2_ws_main/install/moveit_ros_planning/include/moveit_ros_planning/moveit/rdf_loader
-- Installing: /home/jake/moveit2_ws_main/install/moveit_ros_planning/include/moveit_ros_planning/moveit/rdf_loader/synchronized_string_parameter.h
-- Installing: /home/jake/moveit2_ws_main/install/moveit_ros_planning/include/moveit_ros_planning/moveit/rdf_loader/rdf_loader.h
-- Installing: /home/jake/moveit2_ws_main/install/moveit_ros_planning/share/moveit_ros_planning/rdf_loader/test/data
-- Installing: /home/jake/moveit2_ws_main/install/moveit_ros_planning/share/moveit_ros_planning/rdf_loader/test/data/gonzo.srdf
-- Installing: /home/jake/moveit2_ws_main/install/moveit_ros_planning/share/moveit_ros_planning/rdf_loader/test/data/kermit.urdf
-- Installing: /home/jake/moveit2_ws_main/install/moveit_ros_planning/share/moveit_ros_planning/rdf_loader/test/data/robin.srdf.xacro
-- Installing: /home/jake/moveit2_ws_main/install/moveit_ros_planning/share/moveit_ros_planning/rdf_loader/test/data/gonzo.urdf
-- Installing: /home/jake/moveit2_ws_main/install/moveit_ros_planning/share/moveit_ros_planning/rdf_loader/test/data/kermit.srdf
-- Installing: /home/jake/moveit2_ws_main/install/moveit_ros_planning/share/moveit_ros_planning/rdf_loader/test/launch
-- Installing: /home/jake/moveit2_ws_main/install/moveit_ros_planning/share/moveit_ros_planning/rdf_loader/test/launch/test_rdf_integration.test.py
-- Up-to-date: /home/jake/moveit2_ws_main/install/moveit_ros_planning/include/moveit_ros_planning
-- Up-to-date: /home/jake/moveit2_ws_main/install/moveit_ros_planning/include/moveit_ros_planning/moveit
-- Installing: /home/jake/moveit2_ws_main/install/moveit_ros_planning/include/moveit_ros_planning/moveit/robot_model_loader
-- Installing: /home/jake/moveit2_ws_main/install/moveit_ros_planning/include/moveit_ros_planning/moveit/robot_model_loader/robot_model_loader.h
-- Up-to-date: /home/jake/moveit2_ws_main/install/moveit_ros_planning/include/moveit_ros_planning
-- Up-to-date: /home/jake/moveit2_ws_main/install/moveit_ros_planning/include/moveit_ros_planning/moveit
-- Installing: /home/jake/moveit2_ws_main/install/moveit_ros_planning/include/moveit_ros_planning/moveit/trajectory_execution_manager
-- Installing: /home/jake/moveit2_ws_main/install/moveit_ros_planning/include/moveit_ros_planning/moveit/trajectory_execution_manager/trajectory_execution_manager.h
-- Installing: /home/jake/moveit2_ws_main/install/moveit_ros_planning/include/moveit_ros_planning/moveit_trajectory_execution_manager_export.h
-- Installing: /home/jake/moveit2_ws_main/install/moveit_ros_planning/lib/libmoveit_collision_plugin_loader.so.2.11.0
-- Set runtime path of "/home/jake/moveit2_ws_main/install/moveit_ros_planning/lib/libmoveit_collision_plugin_loader.so.2.11.0" to ""
-- Installing: /home/jake/moveit2_ws_main/install/moveit_ros_planning/lib/libmoveit_collision_plugin_loader.so
-- Installing: /home/jake/moveit2_ws_main/install/moveit_ros_planning/lib/libmoveit_constraint_sampler_manager_loader.so.2.11.0
-- Set runtime path of "/home/jake/moveit2_ws_main/install/moveit_ros_planning/lib/libmoveit_constraint_sampler_manager_loader.so.2.11.0" to ""
-- Installing: /home/jake/moveit2_ws_main/install/moveit_ros_planning/lib/libmoveit_constraint_sampler_manager_loader.so
-- Installing: /home/jake/moveit2_ws_main/install/moveit_ros_planning/lib/libmoveit_cpp.so.2.11.0
-- Set runtime path of "/home/jake/moveit2_ws_main/install/moveit_ros_planning/lib/libmoveit_cpp.so.2.11.0" to ""
-- Installing: /home/jake/moveit2_ws_main/install/moveit_ros_planning/lib/libmoveit_cpp.so
-- Installing: /home/jake/moveit2_ws_main/install/moveit_ros_planning/lib/libmoveit_default_planning_request_adapter_plugins.so.2.11.0
-- Set runtime path of "/home/jake/moveit2_ws_main/install/moveit_ros_planning/lib/libmoveit_default_planning_request_adapter_plugins.so.2.11.0" to ""
-- Installing: /home/jake/moveit2_ws_main/install/moveit_ros_planning/lib/libmoveit_default_planning_request_adapter_plugins.so
-- Installing: /home/jake/moveit2_ws_main/install/moveit_ros_planning/lib/libmoveit_default_planning_response_adapter_plugins.so.2.11.0
-- Set runtime path of "/home/jake/moveit2_ws_main/install/moveit_ros_planning/lib/libmoveit_default_planning_response_adapter_plugins.so.2.11.0" to ""
-- Installing: /home/jake/moveit2_ws_main/install/moveit_ros_planning/lib/libmoveit_default_planning_response_adapter_plugins.so
-- Installing: /home/jake/moveit2_ws_main/install/moveit_ros_planning/lib/libmoveit_kinematics_plugin_loader.so.2.11.0
-- Set runtime path of "/home/jake/moveit2_ws_main/install/moveit_ros_planning/lib/libmoveit_kinematics_plugin_loader.so.2.11.0" to ""
-- Installing: /home/jake/moveit2_ws_main/install/moveit_ros_planning/lib/libmoveit_kinematics_plugin_loader.so
-- Installing: /home/jake/moveit2_ws_main/install/moveit_ros_planning/lib/libmoveit_plan_execution.so.2.11.0
-- Set runtime path of "/home/jake/moveit2_ws_main/install/moveit_ros_planning/lib/libmoveit_plan_execution.so.2.11.0" to ""
-- Installing: /home/jake/moveit2_ws_main/install/moveit_ros_planning/lib/libmoveit_plan_execution.so
-- Installing: /home/jake/moveit2_ws_main/install/moveit_ros_planning/lib/libmoveit_planning_pipeline.so.2.11.0
-- Set runtime path of "/home/jake/moveit2_ws_main/install/moveit_ros_planning/lib/libmoveit_planning_pipeline.so.2.11.0" to ""
-- Installing: /home/jake/moveit2_ws_main/install/moveit_ros_planning/lib/libmoveit_planning_pipeline.so
-- Installing: /home/jake/moveit2_ws_main/install/moveit_ros_planning/lib/libmoveit_planning_pipeline_interfaces.so.2.11.0
-- Set runtime path of "/home/jake/moveit2_ws_main/install/moveit_ros_planning/lib/libmoveit_planning_pipeline_interfaces.so.2.11.0" to ""
-- Installing: /home/jake/moveit2_ws_main/install/moveit_ros_planning/lib/libmoveit_planning_pipeline_interfaces.so
-- Installing: /home/jake/moveit2_ws_main/install/moveit_ros_planning/lib/libmoveit_planning_scene_monitor.so.2.11.0
-- Set runtime path of "/home/jake/moveit2_ws_main/install/moveit_ros_planning/lib/libmoveit_planning_scene_monitor.so.2.11.0" to ""
-- Installing: /home/jake/moveit2_ws_main/install/moveit_ros_planning/lib/libmoveit_planning_scene_monitor.so
-- Installing: /home/jake/moveit2_ws_main/install/moveit_ros_planning/lib/libmoveit_rdf_loader.so.2.11.0
-- Set runtime path of "/home/jake/moveit2_ws_main/install/moveit_ros_planning/lib/libmoveit_rdf_loader.so.2.11.0" to ""
-- Installing: /home/jake/moveit2_ws_main/install/moveit_ros_planning/lib/libmoveit_rdf_loader.so
-- Installing: /home/jake/moveit2_ws_main/install/moveit_ros_planning/lib/libmoveit_robot_model_loader.so.2.11.0
-- Set runtime path of "/home/jake/moveit2_ws_main/install/moveit_ros_planning/lib/libmoveit_robot_model_loader.so.2.11.0" to ""
-- Installing: /home/jake/moveit2_ws_main/install/moveit_ros_planning/lib/libmoveit_robot_model_loader.so
-- Installing: /home/jake/moveit2_ws_main/install/moveit_ros_planning/lib/libmoveit_trajectory_execution_manager.so.2.11.0
-- Set runtime path of "/home/jake/moveit2_ws_main/install/moveit_ros_planning/lib/libmoveit_trajectory_execution_manager.so.2.11.0" to ""
-- Installing: /home/jake/moveit2_ws_main/install/moveit_ros_planning/lib/libmoveit_trajectory_execution_manager.so
-- Installing: /home/jake/moveit2_ws_main/install/moveit_ros_planning/lib/libsrdf_publisher_node.so
-- Set runtime path of "/home/jake/moveit2_ws_main/install/moveit_ros_planning/lib/libsrdf_publisher_node.so" to ""
-- Installing: /home/jake/moveit2_ws_main/install/moveit_ros_planning/share/moveit_ros_planning/environment/library_path.sh
-- Installing: /home/jake/moveit2_ws_main/install/moveit_ros_planning/share/moveit_ros_planning/environment/library_path.dsv
-- Installing: /home/jake/moveit2_ws_main/install/moveit_ros_planning/lib/moveit_ros_planning/srdf_publisher
-- Set runtime path of "/home/jake/moveit2_ws_main/install/moveit_ros_planning/lib/moveit_ros_planning/srdf_publisher" to ""
-- Installing: /home/jake/moveit2_ws_main/install/moveit_ros_planning/share/moveit_ros_planning/default_request_adapters_plugin_description.xml
-- Installing: /home/jake/moveit2_ws_main/install/moveit_ros_planning/share/moveit_ros_planning/default_response_adapters_plugin_description.xml
-- Installing: /home/jake/moveit2_ws_main/install/moveit_ros_planning/share/moveit_ros_planning/planning_pipeline_test_plugins_description.xml
-- Installing: /home/jake/moveit2_ws_main/install/moveit_ros_planning/share/ament_index/resource_index/package_run_dependencies/moveit_ros_planning
-- Installing: /home/jake/moveit2_ws_main/install/moveit_ros_planning/share/ament_index/resource_index/parent_prefix_path/moveit_ros_planning
-- Installing: /home/jake/moveit2_ws_main/install/moveit_ros_planning/share/moveit_ros_planning/environment/ament_prefix_path.sh
-- Installing: /home/jake/moveit2_ws_main/install/moveit_ros_planning/share/moveit_ros_planning/environment/ament_prefix_path.dsv
-- Installing: /home/jake/moveit2_ws_main/install/moveit_ros_planning/share/moveit_ros_planning/environment/path.sh
-- Installing: /home/jake/moveit2_ws_main/install/moveit_ros_planning/share/moveit_ros_planning/environment/path.dsv
-- Installing: /home/jake/moveit2_ws_main/install/moveit_ros_planning/share/moveit_ros_planning/local_setup.bash
-- Installing: /home/jake/moveit2_ws_main/install/moveit_ros_planning/share/moveit_ros_planning/local_setup.sh
-- Installing: /home/jake/moveit2_ws_main/install/moveit_ros_planning/share/moveit_ros_planning/local_setup.zsh
-- Installing: /home/jake/moveit2_ws_main/install/moveit_ros_planning/share/moveit_ros_planning/local_setup.dsv
-- Installing: /home/jake/moveit2_ws_main/install/moveit_ros_planning/share/moveit_ros_planning/package.dsv
-- Installing: /home/jake/moveit2_ws_main/install/moveit_ros_planning/share/ament_index/resource_index/packages/moveit_ros_planning
-- Installing: /home/jake/moveit2_ws_main/install/moveit_ros_planning/share/ament_index/resource_index/moveit_core__pluginlib__plugin/moveit_ros_planning
-- Installing: /home/jake/moveit2_ws_main/install/moveit_ros_planning/share/moveit_ros_planning/cmake/moveit_ros_planningTargetsExport.cmake
-- Installing: /home/jake/moveit2_ws_main/install/moveit_ros_planning/share/moveit_ros_planning/cmake/moveit_ros_planningTargetsExport-release.cmake
-- Installing: /home/jake/moveit2_ws_main/install/moveit_ros_planning/share/ament_index/resource_index/rclcpp_components/moveit_ros_planning
-- Installing: /home/jake/moveit2_ws_main/install/moveit_ros_planning/share/moveit_ros_planning/cmake/ConfigExtras.cmake
-- Installing: /home/jake/moveit2_ws_main/install/moveit_ros_planning/share/moveit_ros_planning/cmake/ament_cmake_export_targets-extras.cmake
-- Installing: /home/jake/moveit2_ws_main/install/moveit_ros_planning/share/moveit_ros_planning/cmake/ament_cmake_export_dependencies-extras.cmake
-- Installing: /home/jake/moveit2_ws_main/install/moveit_ros_planning/share/moveit_ros_planning/cmake/moveit_ros_planningConfig.cmake
-- Installing: /home/jake/moveit2_ws_main/install/moveit_ros_planning/share/moveit_ros_planning/cmake/moveit_ros_planningConfig-version.cmake
-- Installing: /home/jake/moveit2_ws_main/install/moveit_ros_planning/share/moveit_ros_planning/package.xml
