[0.886s] Invoking command in '/home/jake/moveit2_ws_main/build/moveit_resources_pr2_description': CMAKE_PREFIX_PATH=${CMAKE_PREFIX_PATH}:/home/jake/ros2_iron/install/rqt_bag_plugins:/home/jake/ros2_iron/install/rqt_bag:/home/jake/ros2_iron/install/rosbag2_examples_py:/home/jake/ros2_iron/install/launch_testing_examples:/home/jake/ros2_iron/install/ros2bag:/home/jake/ros2_iron/install/tracetools_test:/home/jake/ros2_iron/install/tracetools_launch:/home/jake/ros2_iron/install/topic_monitor:/home/jake/ros2_iron/install/tf2_tools:/home/jake/ros2_iron/install/examples_tf2_py:/home/jake/ros2_iron/install/tf2_ros_py:/home/jake/ros2_iron/install/examples_rclpy_pointcloud_publisher:/home/jake/ros2_iron/install/sensor_msgs_py:/home/jake/ros2_iron/install/quality_of_service_demo_py:/home/jake/ros2_iron/install/rqt_plot:/home/jake/ros2_iron/install/ros2doctor:/home/jake/ros2_iron/install/lifecycle_py:/home/jake/ros2_iron/install/examples_rclpy_minimal_subscriber:/home/jake/ros2_iron/install/examples_rclpy_minimal_service:/home/jake/ros2_iron/install/examples_rclpy_minimal_publisher:/home/jake/ros2_iron/install/examples_rclpy_minimal_client:/home/jake/ros2_iron/install/examples_rclpy_executors:/home/jake/ros2_iron/install/demo_nodes_py:/home/jake/ros2_iron/install/rqt:/home/jake/ros2_iron/install/ros2component:/home/jake/ros2_iron/install/sros2:/home/jake/ros2_iron/install/rqt_topic:/home/jake/ros2_iron/install/rqt_srv:/home/jake/ros2_iron/install/rqt_shell:/home/jake/ros2_iron/install/rqt_service_caller:/home/jake/ros2_iron/install/rqt_reconfigure:/home/jake/ros2_iron/install/rqt_py_console:/home/jake/ros2_iron/install/rqt_publisher:/home/jake/ros2_iron/install/rqt_action:/home/jake/ros2_iron/install/rqt_msg:/home/jake/ros2_iron/install/rqt_console:/home/jake/ros2_iron/install/rqt_graph:/home/jake/ros2_iron/install/rqt_gui_py:/home/jake/ros2_iron/install/rqt_gui:/home/jake/ros2_iron/install/ros2trace:/home/jake/ros2_iron/install/ros2topic:/home/jake/ros2_iron/install/ros2test:/home/jake/ros2_iron/install/ros2param:/home/jake/ros2_iron/install/ros2lifecycle:/home/jake/ros2_iron/install/ros2service:/home/jake/ros2_iron/install/ros2run:/home/jake/ros2_iron/install/ros2launch:/home/jake/ros2_iron/install/ros2pkg:/home/jake/ros2_iron/install/ros2node:/home/jake/ros2_iron/install/ros2multicast:/home/jake/ros2_iron/install/ros2interface:/home/jake/ros2_iron/install/ros2action:/home/jake/ros2_iron/install/ros2cli:/home/jake/ros2_iron/install/launch_testing_ros:/home/jake/ros2_iron/install/launch_ros:/home/jake/ros2_iron/install/examples_rclpy_minimal_action_server:/home/jake/ros2_iron/install/examples_rclpy_minimal_action_client:/home/jake/ros2_iron/install/examples_rclpy_guard_conditions:/home/jake/ros2_iron/install/action_tutorials_py:/home/jake/ros2_iron/install/ament_uncrustify:/home/jake/ros2_iron/install/tracetools_trace:/home/jake/ros2_iron/install/tracetools_read:/home/jake/ros2_iron/install/test_tracetools_launch:/home/jake/ros2_iron/install/test_ros2trace:/home/jake/ros2_iron/install/test_launch_ros:/home/jake/ros2_iron/install/rpyutils:/home/jake/ros2_iron/install/rosidl_runtime_py:/home/jake/ros2_iron/install/rosidl_pycommon:/home/jake/ros2_iron/install/rosidl_cli:/home/jake/ros2_iron/install/launch_pytest:/home/jake/ros2_iron/install/launch_testing:/home/jake/ros2_iron/install/launch_yaml:/home/jake/ros2_iron/install/launch_xml:/home/jake/ros2_iron/install/launch:/home/jake/ros2_iron/install/osrf_pycommon:/home/jake/ros2_iron/install/domain_coordinator:/home/jake/ros2_iron/install/ament_xmllint:/home/jake/ros2_iron/install/ament_pyflakes:/home/jake/ros2_iron/install/ament_pycodestyle:/home/jake/ros2_iron/install/ament_pep257:/home/jake/ros2_iron/install/ament_pclint:/home/jake/ros2_iron/install/ament_package:/home/jake/ros2_iron/install/ament_mypy:/home/jake/ros2_iron/install/ament_lint_cmake:/home/jake/ros2_iron/install/ament_flake8:/home/jake/ros2_iron/install/ament_copyright:/home/jake/ros2_iron/install/ament_lint:/home/jake/ros2_iron/install/ament_index_python:/home/jake/ros2_iron/install/ament_cpplint:/home/jake/ros2_iron/install/ament_cppcheck:/home/jake/ros2_iron/install/ament_clang_tidy:/home/jake/ros2_iron/install/ament_clang_format:/opt/ros/iron /usr/bin/cmake --build /home/jake/moveit2_ws_main/build/moveit_resources_pr2_description
[2.055s] Invoked command in '/home/jake/moveit2_ws_main/build/moveit_resources_pr2_description' returned '0': CMAKE_PREFIX_PATH=${CMAKE_PREFIX_PATH}:/home/jake/ros2_iron/install/rqt_bag_plugins:/home/jake/ros2_iron/install/rqt_bag:/home/jake/ros2_iron/install/rosbag2_examples_py:/home/jake/ros2_iron/install/launch_testing_examples:/home/jake/ros2_iron/install/ros2bag:/home/jake/ros2_iron/install/tracetools_test:/home/jake/ros2_iron/install/tracetools_launch:/home/jake/ros2_iron/install/topic_monitor:/home/jake/ros2_iron/install/tf2_tools:/home/jake/ros2_iron/install/examples_tf2_py:/home/jake/ros2_iron/install/tf2_ros_py:/home/jake/ros2_iron/install/examples_rclpy_pointcloud_publisher:/home/jake/ros2_iron/install/sensor_msgs_py:/home/jake/ros2_iron/install/quality_of_service_demo_py:/home/jake/ros2_iron/install/rqt_plot:/home/jake/ros2_iron/install/ros2doctor:/home/jake/ros2_iron/install/lifecycle_py:/home/jake/ros2_iron/install/examples_rclpy_minimal_subscriber:/home/jake/ros2_iron/install/examples_rclpy_minimal_service:/home/jake/ros2_iron/install/examples_rclpy_minimal_publisher:/home/jake/ros2_iron/install/examples_rclpy_minimal_client:/home/jake/ros2_iron/install/examples_rclpy_executors:/home/jake/ros2_iron/install/demo_nodes_py:/home/jake/ros2_iron/install/rqt:/home/jake/ros2_iron/install/ros2component:/home/jake/ros2_iron/install/sros2:/home/jake/ros2_iron/install/rqt_topic:/home/jake/ros2_iron/install/rqt_srv:/home/jake/ros2_iron/install/rqt_shell:/home/jake/ros2_iron/install/rqt_service_caller:/home/jake/ros2_iron/install/rqt_reconfigure:/home/jake/ros2_iron/install/rqt_py_console:/home/jake/ros2_iron/install/rqt_publisher:/home/jake/ros2_iron/install/rqt_action:/home/jake/ros2_iron/install/rqt_msg:/home/jake/ros2_iron/install/rqt_console:/home/jake/ros2_iron/install/rqt_graph:/home/jake/ros2_iron/install/rqt_gui_py:/home/jake/ros2_iron/install/rqt_gui:/home/jake/ros2_iron/install/ros2trace:/home/jake/ros2_iron/install/ros2topic:/home/jake/ros2_iron/install/ros2test:/home/jake/ros2_iron/install/ros2param:/home/jake/ros2_iron/install/ros2lifecycle:/home/jake/ros2_iron/install/ros2service:/home/jake/ros2_iron/install/ros2run:/home/jake/ros2_iron/install/ros2launch:/home/jake/ros2_iron/install/ros2pkg:/home/jake/ros2_iron/install/ros2node:/home/jake/ros2_iron/install/ros2multicast:/home/jake/ros2_iron/install/ros2interface:/home/jake/ros2_iron/install/ros2action:/home/jake/ros2_iron/install/ros2cli:/home/jake/ros2_iron/install/launch_testing_ros:/home/jake/ros2_iron/install/launch_ros:/home/jake/ros2_iron/install/examples_rclpy_minimal_action_server:/home/jake/ros2_iron/install/examples_rclpy_minimal_action_client:/home/jake/ros2_iron/install/examples_rclpy_guard_conditions:/home/jake/ros2_iron/install/action_tutorials_py:/home/jake/ros2_iron/install/ament_uncrustify:/home/jake/ros2_iron/install/tracetools_trace:/home/jake/ros2_iron/install/tracetools_read:/home/jake/ros2_iron/install/test_tracetools_launch:/home/jake/ros2_iron/install/test_ros2trace:/home/jake/ros2_iron/install/test_launch_ros:/home/jake/ros2_iron/install/rpyutils:/home/jake/ros2_iron/install/rosidl_runtime_py:/home/jake/ros2_iron/install/rosidl_pycommon:/home/jake/ros2_iron/install/rosidl_cli:/home/jake/ros2_iron/install/launch_pytest:/home/jake/ros2_iron/install/launch_testing:/home/jake/ros2_iron/install/launch_yaml:/home/jake/ros2_iron/install/launch_xml:/home/jake/ros2_iron/install/launch:/home/jake/ros2_iron/install/osrf_pycommon:/home/jake/ros2_iron/install/domain_coordinator:/home/jake/ros2_iron/install/ament_xmllint:/home/jake/ros2_iron/install/ament_pyflakes:/home/jake/ros2_iron/install/ament_pycodestyle:/home/jake/ros2_iron/install/ament_pep257:/home/jake/ros2_iron/install/ament_pclint:/home/jake/ros2_iron/install/ament_package:/home/jake/ros2_iron/install/ament_mypy:/home/jake/ros2_iron/install/ament_lint_cmake:/home/jake/ros2_iron/install/ament_flake8:/home/jake/ros2_iron/install/ament_copyright:/home/jake/ros2_iron/install/ament_lint:/home/jake/ros2_iron/install/ament_index_python:/home/jake/ros2_iron/install/ament_cpplint:/home/jake/ros2_iron/install/ament_cppcheck:/home/jake/ros2_iron/install/ament_clang_tidy:/home/jake/ros2_iron/install/ament_clang_format:/opt/ros/iron /usr/bin/cmake --build /home/jake/moveit2_ws_main/build/moveit_resources_pr2_description
[2.382s] Invoking command in '/home/jake/moveit2_ws_main/build/moveit_resources_pr2_description': CMAKE_PREFIX_PATH=${CMAKE_PREFIX_PATH}:/home/jake/ros2_iron/install/rqt_bag_plugins:/home/jake/ros2_iron/install/rqt_bag:/home/jake/ros2_iron/install/rosbag2_examples_py:/home/jake/ros2_iron/install/launch_testing_examples:/home/jake/ros2_iron/install/ros2bag:/home/jake/ros2_iron/install/tracetools_test:/home/jake/ros2_iron/install/tracetools_launch:/home/jake/ros2_iron/install/topic_monitor:/home/jake/ros2_iron/install/tf2_tools:/home/jake/ros2_iron/install/examples_tf2_py:/home/jake/ros2_iron/install/tf2_ros_py:/home/jake/ros2_iron/install/examples_rclpy_pointcloud_publisher:/home/jake/ros2_iron/install/sensor_msgs_py:/home/jake/ros2_iron/install/quality_of_service_demo_py:/home/jake/ros2_iron/install/rqt_plot:/home/jake/ros2_iron/install/ros2doctor:/home/jake/ros2_iron/install/lifecycle_py:/home/jake/ros2_iron/install/examples_rclpy_minimal_subscriber:/home/jake/ros2_iron/install/examples_rclpy_minimal_service:/home/jake/ros2_iron/install/examples_rclpy_minimal_publisher:/home/jake/ros2_iron/install/examples_rclpy_minimal_client:/home/jake/ros2_iron/install/examples_rclpy_executors:/home/jake/ros2_iron/install/demo_nodes_py:/home/jake/ros2_iron/install/rqt:/home/jake/ros2_iron/install/ros2component:/home/jake/ros2_iron/install/sros2:/home/jake/ros2_iron/install/rqt_topic:/home/jake/ros2_iron/install/rqt_srv:/home/jake/ros2_iron/install/rqt_shell:/home/jake/ros2_iron/install/rqt_service_caller:/home/jake/ros2_iron/install/rqt_reconfigure:/home/jake/ros2_iron/install/rqt_py_console:/home/jake/ros2_iron/install/rqt_publisher:/home/jake/ros2_iron/install/rqt_action:/home/jake/ros2_iron/install/rqt_msg:/home/jake/ros2_iron/install/rqt_console:/home/jake/ros2_iron/install/rqt_graph:/home/jake/ros2_iron/install/rqt_gui_py:/home/jake/ros2_iron/install/rqt_gui:/home/jake/ros2_iron/install/ros2trace:/home/jake/ros2_iron/install/ros2topic:/home/jake/ros2_iron/install/ros2test:/home/jake/ros2_iron/install/ros2param:/home/jake/ros2_iron/install/ros2lifecycle:/home/jake/ros2_iron/install/ros2service:/home/jake/ros2_iron/install/ros2run:/home/jake/ros2_iron/install/ros2launch:/home/jake/ros2_iron/install/ros2pkg:/home/jake/ros2_iron/install/ros2node:/home/jake/ros2_iron/install/ros2multicast:/home/jake/ros2_iron/install/ros2interface:/home/jake/ros2_iron/install/ros2action:/home/jake/ros2_iron/install/ros2cli:/home/jake/ros2_iron/install/launch_testing_ros:/home/jake/ros2_iron/install/launch_ros:/home/jake/ros2_iron/install/examples_rclpy_minimal_action_server:/home/jake/ros2_iron/install/examples_rclpy_minimal_action_client:/home/jake/ros2_iron/install/examples_rclpy_guard_conditions:/home/jake/ros2_iron/install/action_tutorials_py:/home/jake/ros2_iron/install/ament_uncrustify:/home/jake/ros2_iron/install/tracetools_trace:/home/jake/ros2_iron/install/tracetools_read:/home/jake/ros2_iron/install/test_tracetools_launch:/home/jake/ros2_iron/install/test_ros2trace:/home/jake/ros2_iron/install/test_launch_ros:/home/jake/ros2_iron/install/rpyutils:/home/jake/ros2_iron/install/rosidl_runtime_py:/home/jake/ros2_iron/install/rosidl_pycommon:/home/jake/ros2_iron/install/rosidl_cli:/home/jake/ros2_iron/install/launch_pytest:/home/jake/ros2_iron/install/launch_testing:/home/jake/ros2_iron/install/launch_yaml:/home/jake/ros2_iron/install/launch_xml:/home/jake/ros2_iron/install/launch:/home/jake/ros2_iron/install/osrf_pycommon:/home/jake/ros2_iron/install/domain_coordinator:/home/jake/ros2_iron/install/ament_xmllint:/home/jake/ros2_iron/install/ament_pyflakes:/home/jake/ros2_iron/install/ament_pycodestyle:/home/jake/ros2_iron/install/ament_pep257:/home/jake/ros2_iron/install/ament_pclint:/home/jake/ros2_iron/install/ament_package:/home/jake/ros2_iron/install/ament_mypy:/home/jake/ros2_iron/install/ament_lint_cmake:/home/jake/ros2_iron/install/ament_flake8:/home/jake/ros2_iron/install/ament_copyright:/home/jake/ros2_iron/install/ament_lint:/home/jake/ros2_iron/install/ament_index_python:/home/jake/ros2_iron/install/ament_cpplint:/home/jake/ros2_iron/install/ament_cppcheck:/home/jake/ros2_iron/install/ament_clang_tidy:/home/jake/ros2_iron/install/ament_clang_format:/opt/ros/iron /usr/bin/cmake --install /home/jake/moveit2_ws_main/build/moveit_resources_pr2_description
[2.450s] -- Install configuration: "Release"
[2.450s] -- Up-to-date: /home/jake/moveit2_ws_main/install/moveit_resources_pr2_description/share/ament_index/resource_index/package_run_dependencies/moveit_resources_pr2_description
[2.450s] -- Up-to-date: /home/jake/moveit2_ws_main/install/moveit_resources_pr2_description/share/ament_index/resource_index/parent_prefix_path/moveit_resources_pr2_description
[2.451s] -- Up-to-date: /home/jake/moveit2_ws_main/install/moveit_resources_pr2_description/share/moveit_resources_pr2_description/environment/ament_prefix_path.dsv
[2.451s] -- Up-to-date: /home/jake/moveit2_ws_main/install/moveit_resources_pr2_description/share/moveit_resources_pr2_description/environment/path.dsv
[2.451s] -- Up-to-date: /home/jake/moveit2_ws_main/install/moveit_resources_pr2_description/share/moveit_resources_pr2_description/local_setup.bash
[2.451s] -- Up-to-date: /home/jake/moveit2_ws_main/install/moveit_resources_pr2_description/share/moveit_resources_pr2_description/local_setup.sh
[2.452s] -- Up-to-date: /home/jake/moveit2_ws_main/install/moveit_resources_pr2_description/share/moveit_resources_pr2_description/local_setup.zsh
[2.452s] -- Up-to-date: /home/jake/moveit2_ws_main/install/moveit_resources_pr2_description/share/moveit_resources_pr2_description/local_setup.dsv
[2.452s] -- Installing: /home/jake/moveit2_ws_main/install/moveit_resources_pr2_description/share/moveit_resources_pr2_description/package.dsv
[2.452s] -- Up-to-date: /home/jake/moveit2_ws_main/install/moveit_resources_pr2_description/share/ament_index/resource_index/packages/moveit_resources_pr2_description
[2.453s] -- Up-to-date: /home/jake/moveit2_ws_main/install/moveit_resources_pr2_description/share/moveit_resources_pr2_description/cmake/moveit_resources_pr2_descriptionConfig.cmake
[2.454s] -- Up-to-date: /home/jake/moveit2_ws_main/install/moveit_resources_pr2_description/share/moveit_resources_pr2_description/cmake/moveit_resources_pr2_descriptionConfig-version.cmake
[2.454s] -- Up-to-date: /home/jake/moveit2_ws_main/install/moveit_resources_pr2_description/share/moveit_resources_pr2_description/package.xml
[2.454s] -- Up-to-date: /home/jake/moveit2_ws_main/install/moveit_resources_pr2_description/share/moveit_resources_pr2_description/srdf
[2.454s] -- Up-to-date: /home/jake/moveit2_ws_main/install/moveit_resources_pr2_description/share/moveit_resources_pr2_description/srdf/robot.xml
[2.458s] -- Up-to-date: /home/jake/moveit2_ws_main/install/moveit_resources_pr2_description/share/moveit_resources_pr2_description/urdf
[2.458s] -- Up-to-date: /home/jake/moveit2_ws_main/install/moveit_resources_pr2_description/share/moveit_resources_pr2_description/urdf/meshes
[2.459s] -- Up-to-date: /home/jake/moveit2_ws_main/install/moveit_resources_pr2_description/share/moveit_resources_pr2_description/urdf/meshes/gripper_v0
[2.459s] -- Up-to-date: /home/jake/moveit2_ws_main/install/moveit_resources_pr2_description/share/moveit_resources_pr2_description/urdf/meshes/gripper_v0/finger_tip_pad2_r.stl
[2.460s] -- Up-to-date: /home/jake/moveit2_ws_main/install/moveit_resources_pr2_description/share/moveit_resources_pr2_description/urdf/meshes/gripper_v0/l_finger_tip.dae
[2.460s] -- Up-to-date: /home/jake/moveit2_ws_main/install/moveit_resources_pr2_description/share/moveit_resources_pr2_description/urdf/meshes/gripper_v0/finger_tip_H_UV_100430.dae
[2.460s] -- Up-to-date: /home/jake/moveit2_ws_main/install/moveit_resources_pr2_description/share/moveit_resources_pr2_description/urdf/meshes/gripper_v0/float_H_UV_100430.dae
[2.460s] -- Up-to-date: /home/jake/moveit2_ws_main/install/moveit_resources_pr2_description/share/moveit_resources_pr2_description/urdf/meshes/gripper_v0/l_finger_normals.tif
[2.460s] -- Up-to-date: /home/jake/moveit2_ws_main/install/moveit_resources_pr2_description/share/moveit_resources_pr2_description/urdf/meshes/gripper_v0/finger_H_Color_100430.tif
[2.460s] -- Up-to-date: /home/jake/moveit2_ws_main/install/moveit_resources_pr2_description/share/moveit_resources_pr2_description/urdf/meshes/gripper_v0/upper_finger_r.stl
[2.460s] -- Up-to-date: /home/jake/moveit2_ws_main/install/moveit_resources_pr2_description/share/moveit_resources_pr2_description/urdf/meshes/gripper_v0/palm_H_Color_100430.tif
[2.461s] -- Up-to-date: /home/jake/moveit2_ws_main/install/moveit_resources_pr2_description/share/moveit_resources_pr2_description/urdf/meshes/gripper_v0/l_floating.stl
[2.461s] -- Up-to-date: /home/jake/moveit2_ws_main/install/moveit_resources_pr2_description/share/moveit_resources_pr2_description/urdf/meshes/gripper_v0/gripper_palm.stl
[2.461s] -- Up-to-date: /home/jake/moveit2_ws_main/install/moveit_resources_pr2_description/share/moveit_resources_pr2_description/urdf/meshes/gripper_v0/finger_tip_pad2_l.stl
[2.461s] -- Up-to-date: /home/jake/moveit2_ws_main/install/moveit_resources_pr2_description/share/moveit_resources_pr2_description/urdf/meshes/gripper_v0/l_float_normals.tif
[2.461s] -- Up-to-date: /home/jake/moveit2_ws_main/install/moveit_resources_pr2_description/share/moveit_resources_pr2_description/urdf/meshes/gripper_v0/gripper_palm.dae
[2.461s] -- Up-to-date: /home/jake/moveit2_ws_main/install/moveit_resources_pr2_description/share/moveit_resources_pr2_description/urdf/meshes/gripper_v0/l_finger_color.tif
[2.462s] -- Up-to-date: /home/jake/moveit2_ws_main/install/moveit_resources_pr2_description/share/moveit_resources_pr2_description/urdf/meshes/gripper_v0/upper_finger_l.stl
[2.462s] -- Up-to-date: /home/jake/moveit2_ws_main/install/moveit_resources_pr2_description/share/moveit_resources_pr2_description/urdf/meshes/gripper_v0/finger_tip_r.stl
[2.467s] -- Up-to-date: /home/jake/moveit2_ws_main/install/moveit_resources_pr2_description/share/moveit_resources_pr2_description/urdf/meshes/gripper_v0/finger_tip_l.stl
[2.467s] -- Up-to-date: /home/jake/moveit2_ws_main/install/moveit_resources_pr2_description/share/moveit_resources_pr2_description/urdf/meshes/gripper_v0/gripper_palm_color.tif
[2.467s] -- Up-to-date: /home/jake/moveit2_ws_main/install/moveit_resources_pr2_description/share/moveit_resources_pr2_description/urdf/meshes/gripper_v0/l_float_color.tif
[2.467s] -- Up-to-date: /home/jake/moveit2_ws_main/install/moveit_resources_pr2_description/share/moveit_resources_pr2_description/urdf/meshes/gripper_v0/gripper_palm_normals.tif
[2.467s] -- Up-to-date: /home/jake/moveit2_ws_main/install/moveit_resources_pr2_description/share/moveit_resources_pr2_description/urdf/meshes/gripper_v0/l_finger_tip_color.tif
[2.467s] -- Up-to-date: /home/jake/moveit2_ws_main/install/moveit_resources_pr2_description/share/moveit_resources_pr2_description/urdf/meshes/gripper_v0/float_H_Color_100430.tif
[2.467s] -- Up-to-date: /home/jake/moveit2_ws_main/install/moveit_resources_pr2_description/share/moveit_resources_pr2_description/urdf/meshes/gripper_v0/l_finger_tip.stl
[2.467s] -- Up-to-date: /home/jake/moveit2_ws_main/install/moveit_resources_pr2_description/share/moveit_resources_pr2_description/urdf/meshes/gripper_v0/convex
[2.468s] -- Up-to-date: /home/jake/moveit2_ws_main/install/moveit_resources_pr2_description/share/moveit_resources_pr2_description/urdf/meshes/gripper_v0/convex/l_finger_tip.dae
[2.468s] -- Up-to-date: /home/jake/moveit2_ws_main/install/moveit_resources_pr2_description/share/moveit_resources_pr2_description/urdf/meshes/gripper_v0/convex/finger_tip_pad2_l.xml
[2.468s] -- Up-to-date: /home/jake/moveit2_ws_main/install/moveit_resources_pr2_description/share/moveit_resources_pr2_description/urdf/meshes/gripper_v0/convex/finger_tip_r_convex.stla
[2.468s] -- Up-to-date: /home/jake/moveit2_ws_main/install/moveit_resources_pr2_description/share/moveit_resources_pr2_description/urdf/meshes/gripper_v0/convex/l_finger_tip.xml
[2.468s] -- Up-to-date: /home/jake/moveit2_ws_main/install/moveit_resources_pr2_description/share/moveit_resources_pr2_description/urdf/meshes/gripper_v0/convex/gripper_palm_convex.stlb
[2.468s] -- Up-to-date: /home/jake/moveit2_ws_main/install/moveit_resources_pr2_description/share/moveit_resources_pr2_description/urdf/meshes/gripper_v0/convex/upper_finger_l.xml
[2.468s] -- Up-to-date: /home/jake/moveit2_ws_main/install/moveit_resources_pr2_description/share/moveit_resources_pr2_description/urdf/meshes/gripper_v0/convex/finger_tip_pad2_l_convex.stla
[2.468s] -- Up-to-date: /home/jake/moveit2_ws_main/install/moveit_resources_pr2_description/share/moveit_resources_pr2_description/urdf/meshes/gripper_v0/convex/upper_finger_r.dae
[2.468s] -- Up-to-date: /home/jake/moveit2_ws_main/install/moveit_resources_pr2_description/share/moveit_resources_pr2_description/urdf/meshes/gripper_v0/convex/l_finger_tip_convex.stlb
[2.469s] -- Up-to-date: /home/jake/moveit2_ws_main/install/moveit_resources_pr2_description/share/moveit_resources_pr2_description/urdf/meshes/gripper_v0/convex/finger_tip_r.xml
[2.469s] -- Up-to-date: /home/jake/moveit2_ws_main/install/moveit_resources_pr2_description/share/moveit_resources_pr2_description/urdf/meshes/gripper_v0/convex/finger_tip_pad2_r_convex.stla
[2.469s] -- Up-to-date: /home/jake/moveit2_ws_main/install/moveit_resources_pr2_description/share/moveit_resources_pr2_description/urdf/meshes/gripper_v0/convex/upper_finger_l_convex.stla
[2.469s] -- Up-to-date: /home/jake/moveit2_ws_main/install/moveit_resources_pr2_description/share/moveit_resources_pr2_description/urdf/meshes/gripper_v0/convex/finger_tip_l_convex.stla
[2.470s] -- Up-to-date: /home/jake/moveit2_ws_main/install/moveit_resources_pr2_description/share/moveit_resources_pr2_description/urdf/meshes/gripper_v0/convex/l_floating_convex.stlb
[2.470s] -- Up-to-date: /home/jake/moveit2_ws_main/install/moveit_resources_pr2_description/share/moveit_resources_pr2_description/urdf/meshes/gripper_v0/convex/upper_finger_r_convex.stla
[2.470s] -- Up-to-date: /home/jake/moveit2_ws_main/install/moveit_resources_pr2_description/share/moveit_resources_pr2_description/urdf/meshes/gripper_v0/convex/upper_finger_l_convex.stlb
[2.470s] -- Up-to-date: /home/jake/moveit2_ws_main/install/moveit_resources_pr2_description/share/moveit_resources_pr2_description/urdf/meshes/gripper_v0/convex/l_floating.dae
[2.470s] -- Up-to-date: /home/jake/moveit2_ws_main/install/moveit_resources_pr2_description/share/moveit_resources_pr2_description/urdf/meshes/gripper_v0/convex/gripper_palm.dae
[2.471s] -- Up-to-date: /home/jake/moveit2_ws_main/install/moveit_resources_pr2_description/share/moveit_resources_pr2_description/urdf/meshes/gripper_v0/convex/upper_finger_r.xml
[2.471s] -- Up-to-date: /home/jake/moveit2_ws_main/install/moveit_resources_pr2_description/share/moveit_resources_pr2_description/urdf/meshes/gripper_v0/convex/finger_tip_l.dae
[2.471s] -- Up-to-date: /home/jake/moveit2_ws_main/install/moveit_resources_pr2_description/share/moveit_resources_pr2_description/urdf/meshes/gripper_v0/convex/upper_finger_r_convex.stlb
[2.471s] -- Up-to-date: /home/jake/moveit2_ws_main/install/moveit_resources_pr2_description/share/moveit_resources_pr2_description/urdf/meshes/gripper_v0/convex/l_finger_tip_convex.stla
[2.471s] -- Up-to-date: /home/jake/moveit2_ws_main/install/moveit_resources_pr2_description/share/moveit_resources_pr2_description/urdf/meshes/gripper_v0/convex/l_floating_convex.stla
[2.471s] -- Up-to-date: /home/jake/moveit2_ws_main/install/moveit_resources_pr2_description/share/moveit_resources_pr2_description/urdf/meshes/gripper_v0/convex/finger_tip_l_convex.stlb
[2.473s] -- Up-to-date: /home/jake/moveit2_ws_main/install/moveit_resources_pr2_description/share/moveit_resources_pr2_description/urdf/meshes/gripper_v0/convex/upper_finger_l.dae
[2.474s] -- Up-to-date: /home/jake/moveit2_ws_main/install/moveit_resources_pr2_description/share/moveit_resources_pr2_description/urdf/meshes/gripper_v0/convex/finger_tip_pad2_l.dae
[2.479s] -- Up-to-date: /home/jake/moveit2_ws_main/install/moveit_resources_pr2_description/share/moveit_resources_pr2_description/urdf/meshes/gripper_v0/convex/finger_tip_r_convex.stlb
[2.479s] -- Up-to-date: /home/jake/moveit2_ws_main/install/moveit_resources_pr2_description/share/moveit_resources_pr2_description/urdf/meshes/gripper_v0/convex/gripper_palm.xml
[2.480s] -- Up-to-date: /home/jake/moveit2_ws_main/install/moveit_resources_pr2_description/share/moveit_resources_pr2_description/urdf/meshes/gripper_v0/convex/finger_tip_pad2_r.dae
[2.480s] -- Up-to-date: /home/jake/moveit2_ws_main/install/moveit_resources_pr2_description/share/moveit_resources_pr2_description/urdf/meshes/gripper_v0/convex/finger_tip_pad2_r.xml
[2.480s] -- Up-to-date: /home/jake/moveit2_ws_main/install/moveit_resources_pr2_description/share/moveit_resources_pr2_description/urdf/meshes/gripper_v0/convex/l_finger_convex.stla
[2.480s] -- Up-to-date: /home/jake/moveit2_ws_main/install/moveit_resources_pr2_description/share/moveit_resources_pr2_description/urdf/meshes/gripper_v0/convex/finger_tip_pad2_l_convex.stlb
[2.481s] -- Up-to-date: /home/jake/moveit2_ws_main/install/moveit_resources_pr2_description/share/moveit_resources_pr2_description/urdf/meshes/gripper_v0/convex/l_floating.xml
[2.486s] -- Up-to-date: /home/jake/moveit2_ws_main/install/moveit_resources_pr2_description/share/moveit_resources_pr2_description/urdf/meshes/gripper_v0/convex/l_finger.xml
[2.487s] -- Up-to-date: /home/jake/moveit2_ws_main/install/moveit_resources_pr2_description/share/moveit_resources_pr2_description/urdf/meshes/gripper_v0/convex/l_finger_convex.stlb
[2.487s] -- Up-to-date: /home/jake/moveit2_ws_main/install/moveit_resources_pr2_description/share/moveit_resources_pr2_description/urdf/meshes/gripper_v0/convex/finger_tip_pad2_r_convex.stlb
[2.488s] -- Up-to-date: /home/jake/moveit2_ws_main/install/moveit_resources_pr2_description/share/moveit_resources_pr2_description/urdf/meshes/gripper_v0/convex/gripper_palm_convex.stla
[2.488s] -- Up-to-date: /home/jake/moveit2_ws_main/install/moveit_resources_pr2_description/share/moveit_resources_pr2_description/urdf/meshes/gripper_v0/convex/finger_tip_r.dae
[2.488s] -- Up-to-date: /home/jake/moveit2_ws_main/install/moveit_resources_pr2_description/share/moveit_resources_pr2_description/urdf/meshes/gripper_v0/convex/l_finger.dae
[2.489s] -- Up-to-date: /home/jake/moveit2_ws_main/install/moveit_resources_pr2_description/share/moveit_resources_pr2_description/urdf/meshes/gripper_v0/convex/finger_tip_l.xml
[2.489s] -- Up-to-date: /home/jake/moveit2_ws_main/install/moveit_resources_pr2_description/share/moveit_resources_pr2_description/urdf/meshes/gripper_v0/l_finger_tip_normals.tif
[2.489s] -- Up-to-date: /home/jake/moveit2_ws_main/install/moveit_resources_pr2_description/share/moveit_resources_pr2_description/urdf/meshes/gripper_v0/l_finger.stl
[2.490s] -- Up-to-date: /home/jake/moveit2_ws_main/install/moveit_resources_pr2_description/share/moveit_resources_pr2_description/urdf/meshes/gripper_v0/finger_H_UV_100430.dae
[2.490s] -- Up-to-date: /home/jake/moveit2_ws_main/install/moveit_resources_pr2_description/share/moveit_resources_pr2_description/urdf/meshes/gripper_v0/palm_H_UV_100430.dae
[2.490s] -- Up-to-date: /home/jake/moveit2_ws_main/install/moveit_resources_pr2_description/share/moveit_resources_pr2_description/urdf/meshes/gripper_v0/fingertip_H_Color_100430.tif
[2.495s] -- Up-to-date: /home/jake/moveit2_ws_main/install/moveit_resources_pr2_description/share/moveit_resources_pr2_description/urdf/meshes/gripper_v0/l_float.dae
[2.495s] -- Up-to-date: /home/jake/moveit2_ws_main/install/moveit_resources_pr2_description/share/moveit_resources_pr2_description/urdf/meshes/gripper_v0/l_finger.dae
[2.495s] -- Up-to-date: /home/jake/moveit2_ws_main/install/moveit_resources_pr2_description/share/moveit_resources_pr2_description/urdf/meshes/base_v0
[2.496s] -- Up-to-date: /home/jake/moveit2_ws_main/install/moveit_resources_pr2_description/share/moveit_resources_pr2_description/urdf/meshes/base_v0/wheel_h.dae
[2.500s] -- Up-to-date: /home/jake/moveit2_ws_main/install/moveit_resources_pr2_description/share/moveit_resources_pr2_description/urdf/meshes/base_v0/base_color.tif
[2.500s] -- Up-to-date: /home/jake/moveit2_ws_main/install/moveit_resources_pr2_description/share/moveit_resources_pr2_description/urdf/meshes/base_v0/caster_L.stl
[2.500s] -- Up-to-date: /home/jake/moveit2_ws_main/install/moveit_resources_pr2_description/share/moveit_resources_pr2_description/urdf/meshes/base_v0/wheel.dae
[2.500s] -- Up-to-date: /home/jake/moveit2_ws_main/install/moveit_resources_pr2_description/share/moveit_resources_pr2_description/urdf/meshes/base_v0/base_normals.tif
[2.501s] -- Up-to-date: /home/jake/moveit2_ws_main/install/moveit_resources_pr2_description/share/moveit_resources_pr2_description/urdf/meshes/base_v0/base.stl
[2.501s] -- Up-to-date: /home/jake/moveit2_ws_main/install/moveit_resources_pr2_description/share/moveit_resources_pr2_description/urdf/meshes/base_v0/caster.stl
[2.501s] -- Up-to-date: /home/jake/moveit2_ws_main/install/moveit_resources_pr2_description/share/moveit_resources_pr2_description/urdf/meshes/base_v0/pr2_wheel.stl
[2.501s] -- Up-to-date: /home/jake/moveit2_ws_main/install/moveit_resources_pr2_description/share/moveit_resources_pr2_description/urdf/meshes/base_v0/wheel_normals.tif
[2.501s] -- Up-to-date: /home/jake/moveit2_ws_main/install/moveit_resources_pr2_description/share/moveit_resources_pr2_description/urdf/meshes/base_v0/base_L.stl
[2.502s] -- Up-to-date: /home/jake/moveit2_ws_main/install/moveit_resources_pr2_description/share/moveit_resources_pr2_description/urdf/meshes/base_v0/wheel.stl
[2.502s] -- Up-to-date: /home/jake/moveit2_ws_main/install/moveit_resources_pr2_description/share/moveit_resources_pr2_description/urdf/meshes/base_v0/base.dae
[2.502s] -- Up-to-date: /home/jake/moveit2_ws_main/install/moveit_resources_pr2_description/share/moveit_resources_pr2_description/urdf/meshes/base_v0/convex
[2.502s] -- Up-to-date: /home/jake/moveit2_ws_main/install/moveit_resources_pr2_description/share/moveit_resources_pr2_description/urdf/meshes/base_v0/convex/pr2_wheel.xml
[2.502s] -- Up-to-date: /home/jake/moveit2_ws_main/install/moveit_resources_pr2_description/share/moveit_resources_pr2_description/urdf/meshes/base_v0/convex/pr2_wheel.dae
[2.503s] -- Up-to-date: /home/jake/moveit2_ws_main/install/moveit_resources_pr2_description/share/moveit_resources_pr2_description/urdf/meshes/base_v0/convex/wheel_convex.stlb
[2.503s] -- Up-to-date: /home/jake/moveit2_ws_main/install/moveit_resources_pr2_description/share/moveit_resources_pr2_description/urdf/meshes/base_v0/convex/caster_L.xml
[2.503s] -- Up-to-date: /home/jake/moveit2_ws_main/install/moveit_resources_pr2_description/share/moveit_resources_pr2_description/urdf/meshes/base_v0/convex/base_L.dae
[2.503s] -- Up-to-date: /home/jake/moveit2_ws_main/install/moveit_resources_pr2_description/share/moveit_resources_pr2_description/urdf/meshes/base_v0/convex/wheel.dae
[2.508s] -- Up-to-date: /home/jake/moveit2_ws_main/install/moveit_resources_pr2_description/share/moveit_resources_pr2_description/urdf/meshes/base_v0/convex/base_L_convex.stlb
[2.509s] -- Up-to-date: /home/jake/moveit2_ws_main/install/moveit_resources_pr2_description/share/moveit_resources_pr2_description/urdf/meshes/base_v0/convex/caster.xml
[2.510s] -- Up-to-date: /home/jake/moveit2_ws_main/install/moveit_resources_pr2_description/share/moveit_resources_pr2_description/urdf/meshes/base_v0/convex/caster.dae
[2.510s] -- Up-to-date: /home/jake/moveit2_ws_main/install/moveit_resources_pr2_description/share/moveit_resources_pr2_description/urdf/meshes/base_v0/convex/caster_convex.stlb
[2.510s] -- Up-to-date: /home/jake/moveit2_ws_main/install/moveit_resources_pr2_description/share/moveit_resources_pr2_description/urdf/meshes/base_v0/convex/pr2_wheel_convex.stla
[2.510s] -- Up-to-date: /home/jake/moveit2_ws_main/install/moveit_resources_pr2_description/share/moveit_resources_pr2_description/urdf/meshes/base_v0/convex/base.xml
[2.511s] -- Up-to-date: /home/jake/moveit2_ws_main/install/moveit_resources_pr2_description/share/moveit_resources_pr2_description/urdf/meshes/base_v0/convex/pr2_wheel_convex.stlb
[2.511s] -- Up-to-date: /home/jake/moveit2_ws_main/install/moveit_resources_pr2_description/share/moveit_resources_pr2_description/urdf/meshes/base_v0/convex/caster_L_convex.stlb
[2.511s] -- Up-to-date: /home/jake/moveit2_ws_main/install/moveit_resources_pr2_description/share/moveit_resources_pr2_description/urdf/meshes/base_v0/convex/wheel_convex.stla
[2.511s] -- Up-to-date: /home/jake/moveit2_ws_main/install/moveit_resources_pr2_description/share/moveit_resources_pr2_description/urdf/meshes/base_v0/convex/wheel.xml
[2.511s] -- Up-to-date: /home/jake/moveit2_ws_main/install/moveit_resources_pr2_description/share/moveit_resources_pr2_description/urdf/meshes/base_v0/convex/base.dae
[2.511s] -- Up-to-date: /home/jake/moveit2_ws_main/install/moveit_resources_pr2_description/share/moveit_resources_pr2_description/urdf/meshes/base_v0/convex/base_L.xml
[2.512s] -- Up-to-date: /home/jake/moveit2_ws_main/install/moveit_resources_pr2_description/share/moveit_resources_pr2_description/urdf/meshes/base_v0/convex/base_convex.stla
[2.512s] -- Up-to-date: /home/jake/moveit2_ws_main/install/moveit_resources_pr2_description/share/moveit_resources_pr2_description/urdf/meshes/base_v0/convex/caster_L_convex.stla
[2.512s] -- Up-to-date: /home/jake/moveit2_ws_main/install/moveit_resources_pr2_description/share/moveit_resources_pr2_description/urdf/meshes/base_v0/convex/caster_L.dae
[2.512s] -- Up-to-date: /home/jake/moveit2_ws_main/install/moveit_resources_pr2_description/share/moveit_resources_pr2_description/urdf/meshes/base_v0/convex/caster_convex.stla
[2.512s] -- Up-to-date: /home/jake/moveit2_ws_main/install/moveit_resources_pr2_description/share/moveit_resources_pr2_description/urdf/meshes/base_v0/convex/base_L_convex.stla
[2.516s] -- Up-to-date: /home/jake/moveit2_ws_main/install/moveit_resources_pr2_description/share/moveit_resources_pr2_description/urdf/meshes/base_v0/convex/base_convex.stlb
[2.516s] -- Up-to-date: /home/jake/moveit2_ws_main/install/moveit_resources_pr2_description/share/moveit_resources_pr2_description/urdf/meshes/base_v0/wheel_color.tif
[2.516s] -- Up-to-date: /home/jake/moveit2_ws_main/install/moveit_resources_pr2_description/share/moveit_resources_pr2_description/urdf/meshes/base_v0/wheel_h_color.tif
[2.516s] -- Up-to-date: /home/jake/moveit2_ws_main/install/moveit_resources_pr2_description/share/moveit_resources_pr2_description/urdf/meshes/shoulder_v0
[2.516s] -- Up-to-date: /home/jake/moveit2_ws_main/install/moveit_resources_pr2_description/share/moveit_resources_pr2_description/urdf/meshes/shoulder_v0/upper_arm_roll.stl
[2.517s] -- Up-to-date: /home/jake/moveit2_ws_main/install/moveit_resources_pr2_description/share/moveit_resources_pr2_description/urdf/meshes/shoulder_v0/upper_arm_roll_normals.tif
[2.517s] -- Up-to-date: /home/jake/moveit2_ws_main/install/moveit_resources_pr2_description/share/moveit_resources_pr2_description/urdf/meshes/shoulder_v0/upper_arm_roll_L.stl
[2.517s] -- Up-to-date: /home/jake/moveit2_ws_main/install/moveit_resources_pr2_description/share/moveit_resources_pr2_description/urdf/meshes/shoulder_v0/shoulder_pan_color.tif
[2.517s] -- Up-to-date: /home/jake/moveit2_ws_main/install/moveit_resources_pr2_description/share/moveit_resources_pr2_description/urdf/meshes/shoulder_v0/shoulder_lift_normals.tif
[2.517s] -- Up-to-date: /home/jake/moveit2_ws_main/install/moveit_resources_pr2_description/share/moveit_resources_pr2_description/urdf/meshes/shoulder_v0/shoulder_yaw.stl
[2.517s] -- Up-to-date: /home/jake/moveit2_ws_main/install/moveit_resources_pr2_description/share/moveit_resources_pr2_description/urdf/meshes/shoulder_v0/shoulder_pan.stl
[2.517s] -- Up-to-date: /home/jake/moveit2_ws_main/install/moveit_resources_pr2_description/share/moveit_resources_pr2_description/urdf/meshes/shoulder_v0/upper_arm_roll_color.tif
[2.518s] -- Up-to-date: /home/jake/moveit2_ws_main/install/moveit_resources_pr2_description/share/moveit_resources_pr2_description/urdf/meshes/shoulder_v0/shoulder_pan_normals.tif
[2.518s] -- Up-to-date: /home/jake/moveit2_ws_main/install/moveit_resources_pr2_description/share/moveit_resources_pr2_description/urdf/meshes/shoulder_v0/shoulder_lift_color.tif
[2.518s] -- Up-to-date: /home/jake/moveit2_ws_main/install/moveit_resources_pr2_description/share/moveit_resources_pr2_description/urdf/meshes/shoulder_v0/shoulder_pan.dae
[2.518s] -- Up-to-date: /home/jake/moveit2_ws_main/install/moveit_resources_pr2_description/share/moveit_resources_pr2_description/urdf/meshes/shoulder_v0/convex
[2.518s] -- Up-to-date: /home/jake/moveit2_ws_main/install/moveit_resources_pr2_description/share/moveit_resources_pr2_description/urdf/meshes/shoulder_v0/convex/shoulder_yaw_convex.stlb
[2.518s] -- Up-to-date: /home/jake/moveit2_ws_main/install/moveit_resources_pr2_description/share/moveit_resources_pr2_description/urdf/meshes/shoulder_v0/convex/shoulder_lift_convex.stlb
[2.519s] -- Up-to-date: /home/jake/moveit2_ws_main/install/moveit_resources_pr2_description/share/moveit_resources_pr2_description/urdf/meshes/shoulder_v0/convex/shoulder_pan.xml
[2.519s] -- Up-to-date: /home/jake/moveit2_ws_main/install/moveit_resources_pr2_description/share/moveit_resources_pr2_description/urdf/meshes/shoulder_v0/convex/shoulder_yaw.dae
[2.519s] -- Up-to-date: /home/jake/moveit2_ws_main/install/moveit_resources_pr2_description/share/moveit_resources_pr2_description/urdf/meshes/shoulder_v0/convex/shoulder_yaw_convex.stla
[2.519s] -- Up-to-date: /home/jake/moveit2_ws_main/install/moveit_resources_pr2_description/share/moveit_resources_pr2_description/urdf/meshes/shoulder_v0/convex/upper_arm_roll.xml
[2.519s] -- Up-to-date: /home/jake/moveit2_ws_main/install/moveit_resources_pr2_description/share/moveit_resources_pr2_description/urdf/meshes/shoulder_v0/convex/upper_arm_roll_convex.stlb
[2.519s] -- Up-to-date: /home/jake/moveit2_ws_main/install/moveit_resources_pr2_description/share/moveit_resources_pr2_description/urdf/meshes/shoulder_v0/convex/upper_arm_roll_L_convex.stlb
[2.523s] -- Up-to-date: /home/jake/moveit2_ws_main/install/moveit_resources_pr2_description/share/moveit_resources_pr2_description/urdf/meshes/shoulder_v0/convex/shoulder_pan_convex.stla
[2.524s] -- Up-to-date: /home/jake/moveit2_ws_main/install/moveit_resources_pr2_description/share/moveit_resources_pr2_description/urdf/meshes/shoulder_v0/convex/shoulder_pan.dae
[2.524s] -- Up-to-date: /home/jake/moveit2_ws_main/install/moveit_resources_pr2_description/share/moveit_resources_pr2_description/urdf/meshes/shoulder_v0/convex/shoulder_lift.xml
[2.524s] -- Up-to-date: /home/jake/moveit2_ws_main/install/moveit_resources_pr2_description/share/moveit_resources_pr2_description/urdf/meshes/shoulder_v0/convex/shoulder_lift_convex.stla
[2.524s] -- Up-to-date: /home/jake/moveit2_ws_main/install/moveit_resources_pr2_description/share/moveit_resources_pr2_description/urdf/meshes/shoulder_v0/convex/upper_arm_roll_L.dae
[2.524s] -- Up-to-date: /home/jake/moveit2_ws_main/install/moveit_resources_pr2_description/share/moveit_resources_pr2_description/urdf/meshes/shoulder_v0/convex/upper_arm_roll.dae
[2.524s] -- Up-to-date: /home/jake/moveit2_ws_main/install/moveit_resources_pr2_description/share/moveit_resources_pr2_description/urdf/meshes/shoulder_v0/convex/upper_arm_roll_L_convex.stla
[2.525s] -- Up-to-date: /home/jake/moveit2_ws_main/install/moveit_resources_pr2_description/share/moveit_resources_pr2_description/urdf/meshes/shoulder_v0/convex/shoulder_pan_convex.stlb
[2.525s] -- Up-to-date: /home/jake/moveit2_ws_main/install/moveit_resources_pr2_description/share/moveit_resources_pr2_description/urdf/meshes/shoulder_v0/convex/shoulder_yaw.xml
[2.525s] -- Up-to-date: /home/jake/moveit2_ws_main/install/moveit_resources_pr2_description/share/moveit_resources_pr2_description/urdf/meshes/shoulder_v0/convex/upper_arm_roll_L.xml
[2.525s] -- Up-to-date: /home/jake/moveit2_ws_main/install/moveit_resources_pr2_description/share/moveit_resources_pr2_description/urdf/meshes/shoulder_v0/convex/shoulder_lift.dae
[2.525s] -- Up-to-date: /home/jake/moveit2_ws_main/install/moveit_resources_pr2_description/share/moveit_resources_pr2_description/urdf/meshes/shoulder_v0/convex/upper_arm_roll_convex.stla
[2.525s] -- Up-to-date: /home/jake/moveit2_ws_main/install/moveit_resources_pr2_description/share/moveit_resources_pr2_description/urdf/meshes/shoulder_v0/upper_arm_roll.dae
[2.525s] -- Up-to-date: /home/jake/moveit2_ws_main/install/moveit_resources_pr2_description/share/moveit_resources_pr2_description/urdf/meshes/shoulder_v0/shoulder_lift.stl
[2.526s] -- Up-to-date: /home/jake/moveit2_ws_main/install/moveit_resources_pr2_description/share/moveit_resources_pr2_description/urdf/meshes/shoulder_v0/shoulder_lift.dae
[2.526s] -- Up-to-date: /home/jake/moveit2_ws_main/install/moveit_resources_pr2_description/share/moveit_resources_pr2_description/urdf/meshes/forearm_v0
[2.526s] -- Up-to-date: /home/jake/moveit2_ws_main/install/moveit_resources_pr2_description/share/moveit_resources_pr2_description/urdf/meshes/forearm_v0/forearm.jpg
[2.526s] -- Up-to-date: /home/jake/moveit2_ws_main/install/moveit_resources_pr2_description/share/moveit_resources_pr2_description/urdf/meshes/forearm_v0/wrist_flex.stl
[2.526s] -- Up-to-date: /home/jake/moveit2_ws_main/install/moveit_resources_pr2_description/share/moveit_resources_pr2_description/urdf/meshes/forearm_v0/forearm_normals.tif
[2.526s] -- Up-to-date: /home/jake/moveit2_ws_main/install/moveit_resources_pr2_description/share/moveit_resources_pr2_description/urdf/meshes/forearm_v0/wrist_roll_L.stl
[2.526s] -- Up-to-date: /home/jake/moveit2_ws_main/install/moveit_resources_pr2_description/share/moveit_resources_pr2_description/urdf/meshes/forearm_v0/wrist_roll.stl
[2.544s] -- Up-to-date: /home/jake/moveit2_ws_main/install/moveit_resources_pr2_description/share/moveit_resources_pr2_description/urdf/meshes/forearm_v0/forearm_color.tif
[2.545s] -- Up-to-date: /home/jake/moveit2_ws_main/install/moveit_resources_pr2_description/share/moveit_resources_pr2_description/urdf/meshes/forearm_v0/wrist_color.tif
[2.546s] -- Up-to-date: /home/jake/moveit2_ws_main/install/moveit_resources_pr2_description/share/moveit_resources_pr2_description/urdf/meshes/forearm_v0/forearm.dae
[2.546s] -- Up-to-date: /home/jake/moveit2_ws_main/install/moveit_resources_pr2_description/share/moveit_resources_pr2_description/urdf/meshes/forearm_v0/wrist_flex.dae
[2.546s] -- Up-to-date: /home/jake/moveit2_ws_main/install/moveit_resources_pr2_description/share/moveit_resources_pr2_description/urdf/meshes/forearm_v0/wrist_normals.tif
[2.547s] -- Up-to-date: /home/jake/moveit2_ws_main/install/moveit_resources_pr2_description/share/moveit_resources_pr2_description/urdf/meshes/forearm_v0/convex
[2.547s] -- Up-to-date: /home/jake/moveit2_ws_main/install/moveit_resources_pr2_description/share/moveit_resources_pr2_description/urdf/meshes/forearm_v0/convex/forearm_convex.stla
[2.553s] -- Up-to-date: /home/jake/moveit2_ws_main/install/moveit_resources_pr2_description/share/moveit_resources_pr2_description/urdf/meshes/forearm_v0/convex/wrist_roll.dae
[2.554s] -- Up-to-date: /home/jake/moveit2_ws_main/install/moveit_resources_pr2_description/share/moveit_resources_pr2_description/urdf/meshes/forearm_v0/convex/wrist_flex_convex.stla
[2.554s] -- Up-to-date: /home/jake/moveit2_ws_main/install/moveit_resources_pr2_description/share/moveit_resources_pr2_description/urdf/meshes/forearm_v0/convex/wrist_roll_convex.stla
[2.554s] -- Up-to-date: /home/jake/moveit2_ws_main/install/moveit_resources_pr2_description/share/moveit_resources_pr2_description/urdf/meshes/forearm_v0/convex/forearm.dae
[2.555s] -- Up-to-date: /home/jake/moveit2_ws_main/install/moveit_resources_pr2_description/share/moveit_resources_pr2_description/urdf/meshes/forearm_v0/convex/wrist_roll_L_convex.stlb
[2.555s] -- Up-to-date: /home/jake/moveit2_ws_main/install/moveit_resources_pr2_description/share/moveit_resources_pr2_description/urdf/meshes/forearm_v0/convex/forearm.xml
[2.555s] -- Up-to-date: /home/jake/moveit2_ws_main/install/moveit_resources_pr2_description/share/moveit_resources_pr2_description/urdf/meshes/forearm_v0/convex/wrist_flex.dae
[2.555s] -- Up-to-date: /home/jake/moveit2_ws_main/install/moveit_resources_pr2_description/share/moveit_resources_pr2_description/urdf/meshes/forearm_v0/convex/wrist_flex.xml
[2.556s] -- Up-to-date: /home/jake/moveit2_ws_main/install/moveit_resources_pr2_description/share/moveit_resources_pr2_description/urdf/meshes/forearm_v0/convex/wrist_roll_L.xml
[2.556s] -- Up-to-date: /home/jake/moveit2_ws_main/install/moveit_resources_pr2_description/share/moveit_resources_pr2_description/urdf/meshes/forearm_v0/convex/wrist_flex_convex.stlb
[2.556s] -- Up-to-date: /home/jake/moveit2_ws_main/install/moveit_resources_pr2_description/share/moveit_resources_pr2_description/urdf/meshes/forearm_v0/convex/wrist_roll_L_convex.stla
[2.560s] -- Up-to-date: /home/jake/moveit2_ws_main/install/moveit_resources_pr2_description/share/moveit_resources_pr2_description/urdf/meshes/forearm_v0/convex/wrist_roll_L.dae
[2.561s] -- Up-to-date: /home/jake/moveit2_ws_main/install/moveit_resources_pr2_description/share/moveit_resources_pr2_description/urdf/meshes/forearm_v0/convex/forearm_convex.stlb
[2.561s] -- Up-to-date: /home/jake/moveit2_ws_main/install/moveit_resources_pr2_description/share/moveit_resources_pr2_description/urdf/meshes/forearm_v0/convex/wrist_roll_convex.stlb
[2.561s] -- Up-to-date: /home/jake/moveit2_ws_main/install/moveit_resources_pr2_description/share/moveit_resources_pr2_description/urdf/meshes/forearm_v0/convex/wrist_roll.xml
[2.562s] -- Up-to-date: /home/jake/moveit2_ws_main/install/moveit_resources_pr2_description/share/moveit_resources_pr2_description/urdf/meshes/forearm_v0/forearm.stl
[2.562s] -- Up-to-date: /home/jake/moveit2_ws_main/install/moveit_resources_pr2_description/share/moveit_resources_pr2_description/urdf/meshes/sensors
[2.562s] -- Up-to-date: /home/jake/moveit2_ws_main/install/moveit_resources_pr2_description/share/moveit_resources_pr2_description/urdf/meshes/sensors/kinect_v0
[2.562s] -- Up-to-date: /home/jake/moveit2_ws_main/install/moveit_resources_pr2_description/share/moveit_resources_pr2_description/urdf/meshes/sensors/kinect_v0/kinect.tga
[2.562s] -- Up-to-date: /home/jake/moveit2_ws_main/install/moveit_resources_pr2_description/share/moveit_resources_pr2_description/urdf/meshes/sensors/kinect_v0/kinect_color.tga
[2.563s] -- Up-to-date: /home/jake/moveit2_ws_main/install/moveit_resources_pr2_description/share/moveit_resources_pr2_description/urdf/meshes/sensors/kinect_v0/kinect.dae
[2.563s] -- Up-to-date: /home/jake/moveit2_ws_main/install/moveit_resources_pr2_description/share/moveit_resources_pr2_description/urdf/meshes/sensors/kinect_v0/kinect_mount.stl
[2.563s] -- Up-to-date: /home/jake/moveit2_ws_main/install/moveit_resources_pr2_description/share/moveit_resources_pr2_description/urdf/meshes/sensors/kinect_prosilica_v0
[2.563s] -- Up-to-date: /home/jake/moveit2_ws_main/install/moveit_resources_pr2_description/share/moveit_resources_pr2_description/urdf/meshes/sensors/kinect_prosilica_v0/115x100_swept_fwd--coarse.STL
[2.571s] -- Up-to-date: /home/jake/moveit2_ws_main/install/moveit_resources_pr2_description/share/moveit_resources_pr2_description/urdf/meshes/sensors/kinect_prosilica_v0/115x100_swept_fwd_no_sensors--coarse.STL
[2.572s] -- Up-to-date: /home/jake/moveit2_ws_main/install/moveit_resources_pr2_description/share/moveit_resources_pr2_description/urdf/meshes/sensors/kinect_prosilica_v0/68-04546_Kinect_Sensor--coarse.STL
[2.572s] -- Up-to-date: /home/jake/moveit2_ws_main/install/moveit_resources_pr2_description/share/moveit_resources_pr2_description/urdf/meshes/sensors/kinect_prosilica_v0/115x100_swept_back--coarse.STL
[2.572s] -- Up-to-date: /home/jake/moveit2_ws_main/install/moveit_resources_pr2_description/share/moveit_resources_pr2_description/urdf/meshes/sensors/kinect_prosilica_v0/115x100_swept_back_no_sensors--coarse.STL
[2.572s] -- Up-to-date: /home/jake/moveit2_ws_main/install/moveit_resources_pr2_description/share/moveit_resources_pr2_description/urdf/meshes/sensors/kinect_prosilica_v0/Prosilica_w_Lens--coarse.STL
[2.572s] -- Up-to-date: /home/jake/moveit2_ws_main/install/moveit_resources_pr2_description/share/moveit_resources_pr2_description/urdf/meshes/upper_arm_v0
[2.573s] -- Up-to-date: /home/jake/moveit2_ws_main/install/moveit_resources_pr2_description/share/moveit_resources_pr2_description/urdf/meshes/upper_arm_v0/forearm_roll_L.stl
[2.573s] -- Up-to-date: /home/jake/moveit2_ws_main/install/moveit_resources_pr2_description/share/moveit_resources_pr2_description/urdf/meshes/upper_arm_v0/upper_arm_normals.tif
[2.573s] -- Up-to-date: /home/jake/moveit2_ws_main/install/moveit_resources_pr2_description/share/moveit_resources_pr2_description/urdf/meshes/upper_arm_v0/elbow_flex_normals.tif
[2.573s] -- Up-to-date: /home/jake/moveit2_ws_main/install/moveit_resources_pr2_description/share/moveit_resources_pr2_description/urdf/meshes/upper_arm_v0/upper_arm.jpg
[2.573s] -- Up-to-date: /home/jake/moveit2_ws_main/install/moveit_resources_pr2_description/share/moveit_resources_pr2_description/urdf/meshes/upper_arm_v0/elbow_flex_color.tif
[2.573s] -- Up-to-date: /home/jake/moveit2_ws_main/install/moveit_resources_pr2_description/share/moveit_resources_pr2_description/urdf/meshes/upper_arm_v0/upper_arm.dae
[2.574s] -- Up-to-date: /home/jake/moveit2_ws_main/install/moveit_resources_pr2_description/share/moveit_resources_pr2_description/urdf/meshes/upper_arm_v0/forearm_roll.stl
[2.574s] -- Up-to-date: /home/jake/moveit2_ws_main/install/moveit_resources_pr2_description/share/moveit_resources_pr2_description/urdf/meshes/upper_arm_v0/elbow_flex.dae
[2.574s] -- Up-to-date: /home/jake/moveit2_ws_main/install/moveit_resources_pr2_description/share/moveit_resources_pr2_description/urdf/meshes/upper_arm_v0/convex
[2.574s] -- Up-to-date: /home/jake/moveit2_ws_main/install/moveit_resources_pr2_description/share/moveit_resources_pr2_description/urdf/meshes/upper_arm_v0/convex/forearm_roll_L.xml
[2.574s] -- Up-to-date: /home/jake/moveit2_ws_main/install/moveit_resources_pr2_description/share/moveit_resources_pr2_description/urdf/meshes/upper_arm_v0/convex/elbow_flex_convex.stla
[2.574s] -- Up-to-date: /home/jake/moveit2_ws_main/install/moveit_resources_pr2_description/share/moveit_resources_pr2_description/urdf/meshes/upper_arm_v0/convex/elbow_flex.xml
[2.575s] -- Up-to-date: /home/jake/moveit2_ws_main/install/moveit_resources_pr2_description/share/moveit_resources_pr2_description/urdf/meshes/upper_arm_v0/convex/forearm_roll.dae
[2.575s] -- Up-to-date: /home/jake/moveit2_ws_main/install/moveit_resources_pr2_description/share/moveit_resources_pr2_description/urdf/meshes/upper_arm_v0/convex/forearm_roll_L_convex.stla
[2.579s] -- Up-to-date: /home/jake/moveit2_ws_main/install/moveit_resources_pr2_description/share/moveit_resources_pr2_description/urdf/meshes/upper_arm_v0/convex/upper_arm_convex.stla
[2.579s] -- Up-to-date: /home/jake/moveit2_ws_main/install/moveit_resources_pr2_description/share/moveit_resources_pr2_description/urdf/meshes/upper_arm_v0/convex/forearm_roll_L_convex.stlb
[2.579s] -- Up-to-date: /home/jake/moveit2_ws_main/install/moveit_resources_pr2_description/share/moveit_resources_pr2_description/urdf/meshes/upper_arm_v0/convex/upper_arm.dae
[2.580s] -- Up-to-date: /home/jake/moveit2_ws_main/install/moveit_resources_pr2_description/share/moveit_resources_pr2_description/urdf/meshes/upper_arm_v0/convex/upper_arm.xml
[2.580s] -- Up-to-date: /home/jake/moveit2_ws_main/install/moveit_resources_pr2_description/share/moveit_resources_pr2_description/urdf/meshes/upper_arm_v0/convex/upper_arm_convex.stlb
[2.580s] -- Up-to-date: /home/jake/moveit2_ws_main/install/moveit_resources_pr2_description/share/moveit_resources_pr2_description/urdf/meshes/upper_arm_v0/convex/elbow_flex.dae
[2.580s] -- Up-to-date: /home/jake/moveit2_ws_main/install/moveit_resources_pr2_description/share/moveit_resources_pr2_description/urdf/meshes/upper_arm_v0/convex/forearm_roll_convex.stlb
[2.580s] -- Up-to-date: /home/jake/moveit2_ws_main/install/moveit_resources_pr2_description/share/moveit_resources_pr2_description/urdf/meshes/upper_arm_v0/convex/elbow_flex_convex.stlb
[2.580s] -- Up-to-date: /home/jake/moveit2_ws_main/install/moveit_resources_pr2_description/share/moveit_resources_pr2_description/urdf/meshes/upper_arm_v0/convex/forearm_roll_L.dae
[2.581s] -- Up-to-date: /home/jake/moveit2_ws_main/install/moveit_resources_pr2_description/share/moveit_resources_pr2_description/urdf/meshes/upper_arm_v0/convex/forearm_roll_convex.stla
[2.581s] -- Up-to-date: /home/jake/moveit2_ws_main/install/moveit_resources_pr2_description/share/moveit_resources_pr2_description/urdf/meshes/upper_arm_v0/convex/forearm_roll.xml
[2.581s] -- Up-to-date: /home/jake/moveit2_ws_main/install/moveit_resources_pr2_description/share/moveit_resources_pr2_description/urdf/meshes/upper_arm_v0/upper_arm.stl
[2.581s] -- Up-to-date: /home/jake/moveit2_ws_main/install/moveit_resources_pr2_description/share/moveit_resources_pr2_description/urdf/meshes/upper_arm_v0/elbow_flex.stl
[2.581s] -- Up-to-date: /home/jake/moveit2_ws_main/install/moveit_resources_pr2_description/share/moveit_resources_pr2_description/urdf/meshes/upper_arm_v0/upper_arm_color.tif
[2.581s] -- Up-to-date: /home/jake/moveit2_ws_main/install/moveit_resources_pr2_description/share/moveit_resources_pr2_description/urdf/meshes/tilting_laser_v0
[2.581s] -- Up-to-date: /home/jake/moveit2_ws_main/install/moveit_resources_pr2_description/share/moveit_resources_pr2_description/urdf/meshes/tilting_laser_v0/tilting_hokuyo.stl
[2.582s] -- Up-to-date: /home/jake/moveit2_ws_main/install/moveit_resources_pr2_description/share/moveit_resources_pr2_description/urdf/meshes/tilting_laser_v0/hok_tilt.stl
[2.582s] -- Up-to-date: /home/jake/moveit2_ws_main/install/moveit_resources_pr2_description/share/moveit_resources_pr2_description/urdf/meshes/tilting_laser_v0/tilting_hokuyo_normals.tif
[2.582s] -- Up-to-date: /home/jake/moveit2_ws_main/install/moveit_resources_pr2_description/share/moveit_resources_pr2_description/urdf/meshes/tilting_laser_v0/tilting_hokuyo_L.stl
[2.582s] -- Up-to-date: /home/jake/moveit2_ws_main/install/moveit_resources_pr2_description/share/moveit_resources_pr2_description/urdf/meshes/tilting_laser_v0/tilting_hokuyo_color.tif
[2.582s] -- Up-to-date: /home/jake/moveit2_ws_main/install/moveit_resources_pr2_description/share/moveit_resources_pr2_description/urdf/meshes/tilting_laser_v0/tilting_hokuyo.dae
[2.582s] -- Up-to-date: /home/jake/moveit2_ws_main/install/moveit_resources_pr2_description/share/moveit_resources_pr2_description/urdf/meshes/tilting_laser_v0/convex
[2.586s] -- Up-to-date: /home/jake/moveit2_ws_main/install/moveit_resources_pr2_description/share/moveit_resources_pr2_description/urdf/meshes/tilting_laser_v0/convex/hok_tilt_convex.stla
[2.586s] -- Up-to-date: /home/jake/moveit2_ws_main/install/moveit_resources_pr2_description/share/moveit_resources_pr2_description/urdf/meshes/tilting_laser_v0/convex/tilting_hokuyo_L.dae
[2.586s] -- Up-to-date: /home/jake/moveit2_ws_main/install/moveit_resources_pr2_description/share/moveit_resources_pr2_description/urdf/meshes/tilting_laser_v0/convex/tilting_hokuyo_L.xml
[2.586s] -- Up-to-date: /home/jake/moveit2_ws_main/install/moveit_resources_pr2_description/share/moveit_resources_pr2_description/urdf/meshes/tilting_laser_v0/convex/tilting_hokuyo.dae
[2.586s] -- Up-to-date: /home/jake/moveit2_ws_main/install/moveit_resources_pr2_description/share/moveit_resources_pr2_description/urdf/meshes/tilting_laser_v0/convex/tilting_hokuyo_convex.stla
[2.586s] -- Up-to-date: /home/jake/moveit2_ws_main/install/moveit_resources_pr2_description/share/moveit_resources_pr2_description/urdf/meshes/tilting_laser_v0/convex/hok_tilt_convex.stlb
[2.587s] -- Up-to-date: /home/jake/moveit2_ws_main/install/moveit_resources_pr2_description/share/moveit_resources_pr2_description/urdf/meshes/tilting_laser_v0/convex/tilting_hokuyo_convex.stlb
[2.587s] -- Up-to-date: /home/jake/moveit2_ws_main/install/moveit_resources_pr2_description/share/moveit_resources_pr2_description/urdf/meshes/tilting_laser_v0/convex/hok_tilt.dae
[2.587s] -- Up-to-date: /home/jake/moveit2_ws_main/install/moveit_resources_pr2_description/share/moveit_resources_pr2_description/urdf/meshes/tilting_laser_v0/convex/tilting_hokuyo_L_convex.stlb
[2.587s] -- Up-to-date: /home/jake/moveit2_ws_main/install/moveit_resources_pr2_description/share/moveit_resources_pr2_description/urdf/meshes/tilting_laser_v0/convex/tilting_hokuyo.xml
[2.587s] -- Up-to-date: /home/jake/moveit2_ws_main/install/moveit_resources_pr2_description/share/moveit_resources_pr2_description/urdf/meshes/tilting_laser_v0/convex/hok_tilt.xml
[2.587s] -- Up-to-date: /home/jake/moveit2_ws_main/install/moveit_resources_pr2_description/share/moveit_resources_pr2_description/urdf/meshes/tilting_laser_v0/convex/tilting_hokuyo_L_convex.stla
[2.588s] -- Up-to-date: /home/jake/moveit2_ws_main/install/moveit_resources_pr2_description/share/moveit_resources_pr2_description/urdf/meshes/head_v0
[2.588s] -- Up-to-date: /home/jake/moveit2_ws_main/install/moveit_resources_pr2_description/share/moveit_resources_pr2_description/urdf/meshes/head_v0/head_tilt_green.tif
[2.588s] -- Up-to-date: /home/jake/moveit2_ws_main/install/moveit_resources_pr2_description/share/moveit_resources_pr2_description/urdf/meshes/head_v0/head_pan_color.tif
[2.588s] -- Up-to-date: /home/jake/moveit2_ws_main/install/moveit_resources_pr2_description/share/moveit_resources_pr2_description/urdf/meshes/head_v0/head_pan_L.stl
[2.588s] -- Up-to-date: /home/jake/moveit2_ws_main/install/moveit_resources_pr2_description/share/moveit_resources_pr2_description/urdf/meshes/head_v0/head_pan_normals.tif
[2.588s] -- Up-to-date: /home/jake/moveit2_ws_main/install/moveit_resources_pr2_description/share/moveit_resources_pr2_description/urdf/meshes/head_v0/head_tilt.dae
[2.588s] -- Up-to-date: /home/jake/moveit2_ws_main/install/moveit_resources_pr2_description/share/moveit_resources_pr2_description/urdf/meshes/head_v0/head_tilt_color_yellow.tif
[2.589s] -- Up-to-date: /home/jake/moveit2_ws_main/install/moveit_resources_pr2_description/share/moveit_resources_pr2_description/urdf/meshes/head_v0/head_pan.stl
[2.589s] -- Up-to-date: /home/jake/moveit2_ws_main/install/moveit_resources_pr2_description/share/moveit_resources_pr2_description/urdf/meshes/head_v0/head_tilt_normals.tif
[2.589s] -- Up-to-date: /home/jake/moveit2_ws_main/install/moveit_resources_pr2_description/share/moveit_resources_pr2_description/urdf/meshes/head_v0/head_tilt.stl
[2.589s] -- Up-to-date: /home/jake/moveit2_ws_main/install/moveit_resources_pr2_description/share/moveit_resources_pr2_description/urdf/meshes/head_v0/convex
[2.589s] -- Up-to-date: /home/jake/moveit2_ws_main/install/moveit_resources_pr2_description/share/moveit_resources_pr2_description/urdf/meshes/head_v0/convex/head_pan_L.xml
[2.589s] -- Up-to-date: /home/jake/moveit2_ws_main/install/moveit_resources_pr2_description/share/moveit_resources_pr2_description/urdf/meshes/head_v0/convex/head_tilt_L_convex.stla
[2.596s] -- Up-to-date: /home/jake/moveit2_ws_main/install/moveit_resources_pr2_description/share/moveit_resources_pr2_description/urdf/meshes/head_v0/convex/head_pan_L_convex.stlb
[2.597s] -- Up-to-date: /home/jake/moveit2_ws_main/install/moveit_resources_pr2_description/share/moveit_resources_pr2_description/urdf/meshes/head_v0/convex/head_pan_convex.stla
[2.597s] -- Up-to-date: /home/jake/moveit2_ws_main/install/moveit_resources_pr2_description/share/moveit_resources_pr2_description/urdf/meshes/head_v0/convex/head_tilt_L.dae
[2.597s] -- Up-to-date: /home/jake/moveit2_ws_main/install/moveit_resources_pr2_description/share/moveit_resources_pr2_description/urdf/meshes/head_v0/convex/head_pan_L_convex.stla
[2.597s] -- Up-to-date: /home/jake/moveit2_ws_main/install/moveit_resources_pr2_description/share/moveit_resources_pr2_description/urdf/meshes/head_v0/convex/head_tilt.dae
[2.597s] -- Up-to-date: /home/jake/moveit2_ws_main/install/moveit_resources_pr2_description/share/moveit_resources_pr2_description/urdf/meshes/head_v0/convex/head_pan_L.dae
[2.597s] -- Up-to-date: /home/jake/moveit2_ws_main/install/moveit_resources_pr2_description/share/moveit_resources_pr2_description/urdf/meshes/head_v0/convex/head_pan_convex.stlb
[2.597s] -- Up-to-date: /home/jake/moveit2_ws_main/install/moveit_resources_pr2_description/share/moveit_resources_pr2_description/urdf/meshes/head_v0/convex/head_tilt_convex.stlb
[2.598s] -- Up-to-date: /home/jake/moveit2_ws_main/install/moveit_resources_pr2_description/share/moveit_resources_pr2_description/urdf/meshes/head_v0/convex/head_pan.dae
[2.598s] -- Up-to-date: /home/jake/moveit2_ws_main/install/moveit_resources_pr2_description/share/moveit_resources_pr2_description/urdf/meshes/head_v0/convex/head_tilt_L.xml
[2.598s] -- Up-to-date: /home/jake/moveit2_ws_main/install/moveit_resources_pr2_description/share/moveit_resources_pr2_description/urdf/meshes/head_v0/convex/head_pan.xml
[2.598s] -- Up-to-date: /home/jake/moveit2_ws_main/install/moveit_resources_pr2_description/share/moveit_resources_pr2_description/urdf/meshes/head_v0/convex/head_tilt_L_convex.stlb
[2.603s] -- Up-to-date: /home/jake/moveit2_ws_main/install/moveit_resources_pr2_description/share/moveit_resources_pr2_description/urdf/meshes/head_v0/convex/head_tilt_convex.stla
[2.606s] -- Up-to-date: /home/jake/moveit2_ws_main/install/moveit_resources_pr2_description/share/moveit_resources_pr2_description/urdf/meshes/head_v0/convex/head_tilt.xml
[2.606s] -- Up-to-date: /home/jake/moveit2_ws_main/install/moveit_resources_pr2_description/share/moveit_resources_pr2_description/urdf/meshes/head_v0/head_tilt_color_red.tif
[2.607s] -- Up-to-date: /home/jake/moveit2_ws_main/install/moveit_resources_pr2_description/share/moveit_resources_pr2_description/urdf/meshes/head_v0/head_tilt_L.stl
[2.607s] -- Up-to-date: /home/jake/moveit2_ws_main/install/moveit_resources_pr2_description/share/moveit_resources_pr2_description/urdf/meshes/head_v0/head_pan.dae
[2.608s] -- Up-to-date: /home/jake/moveit2_ws_main/install/moveit_resources_pr2_description/share/moveit_resources_pr2_description/urdf/meshes/head_v0/head_tilt_color.tif
[2.608s] -- Up-to-date: /home/jake/moveit2_ws_main/install/moveit_resources_pr2_description/share/moveit_resources_pr2_description/urdf/meshes/torso_v0
[2.608s] -- Up-to-date: /home/jake/moveit2_ws_main/install/moveit_resources_pr2_description/share/moveit_resources_pr2_description/urdf/meshes/torso_v0/torso_lift_color.tif
[2.609s] -- Up-to-date: /home/jake/moveit2_ws_main/install/moveit_resources_pr2_description/share/moveit_resources_pr2_description/urdf/meshes/torso_v0/torso_lift_normals.tif
[2.609s] -- Up-to-date: /home/jake/moveit2_ws_main/install/moveit_resources_pr2_description/share/moveit_resources_pr2_description/urdf/meshes/torso_v0/torso_lift.stl
[2.609s] -- Up-to-date: /home/jake/moveit2_ws_main/install/moveit_resources_pr2_description/share/moveit_resources_pr2_description/urdf/meshes/torso_v0/torso.stl
[2.624s] -- Up-to-date: /home/jake/moveit2_ws_main/install/moveit_resources_pr2_description/share/moveit_resources_pr2_description/urdf/meshes/torso_v0/torso_lift_L.stl
[2.625s] -- Up-to-date: /home/jake/moveit2_ws_main/install/moveit_resources_pr2_description/share/moveit_resources_pr2_description/urdf/meshes/torso_v0/convex
[2.625s] -- Up-to-date: /home/jake/moveit2_ws_main/install/moveit_resources_pr2_description/share/moveit_resources_pr2_description/urdf/meshes/torso_v0/convex/torso_lift_L.xml
[2.625s] -- Up-to-date: /home/jake/moveit2_ws_main/install/moveit_resources_pr2_description/share/moveit_resources_pr2_description/urdf/meshes/torso_v0/convex/torso.xml
[2.625s] -- Up-to-date: /home/jake/moveit2_ws_main/install/moveit_resources_pr2_description/share/moveit_resources_pr2_description/urdf/meshes/torso_v0/convex/torso_lift_L_convex.stla
[2.626s] -- Up-to-date: /home/jake/moveit2_ws_main/install/moveit_resources_pr2_description/share/moveit_resources_pr2_description/urdf/meshes/torso_v0/convex/torso.dae
[2.626s] -- Up-to-date: /home/jake/moveit2_ws_main/install/moveit_resources_pr2_description/share/moveit_resources_pr2_description/urdf/meshes/torso_v0/convex/torso_lift.xml
[2.626s] -- Up-to-date: /home/jake/moveit2_ws_main/install/moveit_resources_pr2_description/share/moveit_resources_pr2_description/urdf/meshes/torso_v0/convex/torso_lift_convex.stla
[2.626s] -- Up-to-date: /home/jake/moveit2_ws_main/install/moveit_resources_pr2_description/share/moveit_resources_pr2_description/urdf/meshes/torso_v0/convex/torso_lift_L_convex.stlb
[2.626s] -- Up-to-date: /home/jake/moveit2_ws_main/install/moveit_resources_pr2_description/share/moveit_resources_pr2_description/urdf/meshes/torso_v0/convex/torso_convex.stlb
[2.627s] -- Up-to-date: /home/jake/moveit2_ws_main/install/moveit_resources_pr2_description/share/moveit_resources_pr2_description/urdf/meshes/torso_v0/convex/torso_lift_L.dae
[2.627s] -- Up-to-date: /home/jake/moveit2_ws_main/install/moveit_resources_pr2_description/share/moveit_resources_pr2_description/urdf/meshes/torso_v0/convex/torso_convex.stla
[2.627s] -- Up-to-date: /home/jake/moveit2_ws_main/install/moveit_resources_pr2_description/share/moveit_resources_pr2_description/urdf/meshes/torso_v0/convex/torso_lift_convex.stlb
[2.630s] -- Up-to-date: /home/jake/moveit2_ws_main/install/moveit_resources_pr2_description/share/moveit_resources_pr2_description/urdf/meshes/torso_v0/convex/torso_lift.dae
[2.630s] -- Up-to-date: /home/jake/moveit2_ws_main/install/moveit_resources_pr2_description/share/moveit_resources_pr2_description/urdf/meshes/torso_v0/torso_lift.dae
[2.630s] -- Up-to-date: /home/jake/moveit2_ws_main/install/moveit_resources_pr2_description/share/moveit_resources_pr2_description/urdf/materials
[2.631s] -- Up-to-date: /home/jake/moveit2_ws_main/install/moveit_resources_pr2_description/share/moveit_resources_pr2_description/urdf/materials/textures
[2.631s] -- Up-to-date: /home/jake/moveit2_ws_main/install/moveit_resources_pr2_description/share/moveit_resources_pr2_description/urdf/materials/textures/pr2_wheel_right.png
[2.631s] -- Up-to-date: /home/jake/moveit2_ws_main/install/moveit_resources_pr2_description/share/moveit_resources_pr2_description/urdf/materials/textures/pr2_wheel_left.png
[2.631s] -- Up-to-date: /home/jake/moveit2_ws_main/install/moveit_resources_pr2_description/share/moveit_resources_pr2_description/urdf/materials/textures/pr2_caster_texture.png
[2.631s] -- Up-to-date: /home/jake/moveit2_ws_main/install/moveit_resources_pr2_description/share/moveit_resources_pr2_description/urdf/robot.xml
[2.632s] -- Up-to-date: /home/jake/moveit2_ws_main/install/moveit_resources_pr2_description/share/moveit_resources_pr2_description/kinect.dae
[2.632s] Invoked command in '/home/jake/moveit2_ws_main/build/moveit_resources_pr2_description' returned '0': CMAKE_PREFIX_PATH=${CMAKE_PREFIX_PATH}:/home/jake/ros2_iron/install/rqt_bag_plugins:/home/jake/ros2_iron/install/rqt_bag:/home/jake/ros2_iron/install/rosbag2_examples_py:/home/jake/ros2_iron/install/launch_testing_examples:/home/jake/ros2_iron/install/ros2bag:/home/jake/ros2_iron/install/tracetools_test:/home/jake/ros2_iron/install/tracetools_launch:/home/jake/ros2_iron/install/topic_monitor:/home/jake/ros2_iron/install/tf2_tools:/home/jake/ros2_iron/install/examples_tf2_py:/home/jake/ros2_iron/install/tf2_ros_py:/home/jake/ros2_iron/install/examples_rclpy_pointcloud_publisher:/home/jake/ros2_iron/install/sensor_msgs_py:/home/jake/ros2_iron/install/quality_of_service_demo_py:/home/jake/ros2_iron/install/rqt_plot:/home/jake/ros2_iron/install/ros2doctor:/home/jake/ros2_iron/install/lifecycle_py:/home/jake/ros2_iron/install/examples_rclpy_minimal_subscriber:/home/jake/ros2_iron/install/examples_rclpy_minimal_service:/home/jake/ros2_iron/install/examples_rclpy_minimal_publisher:/home/jake/ros2_iron/install/examples_rclpy_minimal_client:/home/jake/ros2_iron/install/examples_rclpy_executors:/home/jake/ros2_iron/install/demo_nodes_py:/home/jake/ros2_iron/install/rqt:/home/jake/ros2_iron/install/ros2component:/home/jake/ros2_iron/install/sros2:/home/jake/ros2_iron/install/rqt_topic:/home/jake/ros2_iron/install/rqt_srv:/home/jake/ros2_iron/install/rqt_shell:/home/jake/ros2_iron/install/rqt_service_caller:/home/jake/ros2_iron/install/rqt_reconfigure:/home/jake/ros2_iron/install/rqt_py_console:/home/jake/ros2_iron/install/rqt_publisher:/home/jake/ros2_iron/install/rqt_action:/home/jake/ros2_iron/install/rqt_msg:/home/jake/ros2_iron/install/rqt_console:/home/jake/ros2_iron/install/rqt_graph:/home/jake/ros2_iron/install/rqt_gui_py:/home/jake/ros2_iron/install/rqt_gui:/home/jake/ros2_iron/install/ros2trace:/home/jake/ros2_iron/install/ros2topic:/home/jake/ros2_iron/install/ros2test:/home/jake/ros2_iron/install/ros2param:/home/jake/ros2_iron/install/ros2lifecycle:/home/jake/ros2_iron/install/ros2service:/home/jake/ros2_iron/install/ros2run:/home/jake/ros2_iron/install/ros2launch:/home/jake/ros2_iron/install/ros2pkg:/home/jake/ros2_iron/install/ros2node:/home/jake/ros2_iron/install/ros2multicast:/home/jake/ros2_iron/install/ros2interface:/home/jake/ros2_iron/install/ros2action:/home/jake/ros2_iron/install/ros2cli:/home/jake/ros2_iron/install/launch_testing_ros:/home/jake/ros2_iron/install/launch_ros:/home/jake/ros2_iron/install/examples_rclpy_minimal_action_server:/home/jake/ros2_iron/install/examples_rclpy_minimal_action_client:/home/jake/ros2_iron/install/examples_rclpy_guard_conditions:/home/jake/ros2_iron/install/action_tutorials_py:/home/jake/ros2_iron/install/ament_uncrustify:/home/jake/ros2_iron/install/tracetools_trace:/home/jake/ros2_iron/install/tracetools_read:/home/jake/ros2_iron/install/test_tracetools_launch:/home/jake/ros2_iron/install/test_ros2trace:/home/jake/ros2_iron/install/test_launch_ros:/home/jake/ros2_iron/install/rpyutils:/home/jake/ros2_iron/install/rosidl_runtime_py:/home/jake/ros2_iron/install/rosidl_pycommon:/home/jake/ros2_iron/install/rosidl_cli:/home/jake/ros2_iron/install/launch_pytest:/home/jake/ros2_iron/install/launch_testing:/home/jake/ros2_iron/install/launch_yaml:/home/jake/ros2_iron/install/launch_xml:/home/jake/ros2_iron/install/launch:/home/jake/ros2_iron/install/osrf_pycommon:/home/jake/ros2_iron/install/domain_coordinator:/home/jake/ros2_iron/install/ament_xmllint:/home/jake/ros2_iron/install/ament_pyflakes:/home/jake/ros2_iron/install/ament_pycodestyle:/home/jake/ros2_iron/install/ament_pep257:/home/jake/ros2_iron/install/ament_pclint:/home/jake/ros2_iron/install/ament_package:/home/jake/ros2_iron/install/ament_mypy:/home/jake/ros2_iron/install/ament_lint_cmake:/home/jake/ros2_iron/install/ament_flake8:/home/jake/ros2_iron/install/ament_copyright:/home/jake/ros2_iron/install/ament_lint:/home/jake/ros2_iron/install/ament_index_python:/home/jake/ros2_iron/install/ament_cpplint:/home/jake/ros2_iron/install/ament_cppcheck:/home/jake/ros2_iron/install/ament_clang_tidy:/home/jake/ros2_iron/install/ament_clang_format:/opt/ros/iron /usr/bin/cmake --install /home/jake/moveit2_ws_main/build/moveit_resources_pr2_description
