[1.924s] Invoking command in '/home/jake/moveit2_ws_main/build/rviz_visual_tools': CMAKE_PREFIX_PATH=${CMAKE_PREFIX_PATH}:/home/jake/ros2_iron/install/rqt_bag_plugins:/home/jake/ros2_iron/install/rqt_bag:/home/jake/ros2_iron/install/rosbag2_examples_py:/home/jake/ros2_iron/install/launch_testing_examples:/home/jake/ros2_iron/install/ros2bag:/home/jake/ros2_iron/install/tracetools_test:/home/jake/ros2_iron/install/tracetools_launch:/home/jake/ros2_iron/install/topic_monitor:/home/jake/ros2_iron/install/tf2_tools:/home/jake/ros2_iron/install/examples_tf2_py:/home/jake/ros2_iron/install/tf2_ros_py:/home/jake/ros2_iron/install/examples_rclpy_pointcloud_publisher:/home/jake/ros2_iron/install/sensor_msgs_py:/home/jake/ros2_iron/install/quality_of_service_demo_py:/home/jake/ros2_iron/install/rqt_plot:/home/jake/ros2_iron/install/ros2doctor:/home/jake/ros2_iron/install/lifecycle_py:/home/jake/ros2_iron/install/examples_rclpy_minimal_subscriber:/home/jake/ros2_iron/install/examples_rclpy_minimal_service:/home/jake/ros2_iron/install/examples_rclpy_minimal_publisher:/home/jake/ros2_iron/install/examples_rclpy_minimal_client:/home/jake/ros2_iron/install/examples_rclpy_executors:/home/jake/ros2_iron/install/demo_nodes_py:/home/jake/ros2_iron/install/rqt:/home/jake/ros2_iron/install/ros2component:/home/jake/ros2_iron/install/sros2:/home/jake/ros2_iron/install/rqt_topic:/home/jake/ros2_iron/install/rqt_srv:/home/jake/ros2_iron/install/rqt_shell:/home/jake/ros2_iron/install/rqt_service_caller:/home/jake/ros2_iron/install/rqt_reconfigure:/home/jake/ros2_iron/install/rqt_py_console:/home/jake/ros2_iron/install/rqt_publisher:/home/jake/ros2_iron/install/rqt_action:/home/jake/ros2_iron/install/rqt_msg:/home/jake/ros2_iron/install/rqt_console:/home/jake/ros2_iron/install/rqt_graph:/home/jake/ros2_iron/install/rqt_gui_py:/home/jake/ros2_iron/install/rqt_gui:/home/jake/ros2_iron/install/ros2trace:/home/jake/ros2_iron/install/ros2topic:/home/jake/ros2_iron/install/ros2test:/home/jake/ros2_iron/install/ros2param:/home/jake/ros2_iron/install/ros2lifecycle:/home/jake/ros2_iron/install/ros2service:/home/jake/ros2_iron/install/ros2run:/home/jake/ros2_iron/install/ros2launch:/home/jake/ros2_iron/install/ros2pkg:/home/jake/ros2_iron/install/ros2node:/home/jake/ros2_iron/install/ros2multicast:/home/jake/ros2_iron/install/ros2interface:/home/jake/ros2_iron/install/ros2action:/home/jake/ros2_iron/install/ros2cli:/home/jake/ros2_iron/install/launch_testing_ros:/home/jake/ros2_iron/install/launch_ros:/home/jake/ros2_iron/install/examples_rclpy_minimal_action_server:/home/jake/ros2_iron/install/examples_rclpy_minimal_action_client:/home/jake/ros2_iron/install/examples_rclpy_guard_conditions:/home/jake/ros2_iron/install/action_tutorials_py:/home/jake/ros2_iron/install/ament_uncrustify:/home/jake/ros2_iron/install/tracetools_trace:/home/jake/ros2_iron/install/tracetools_read:/home/jake/ros2_iron/install/test_tracetools_launch:/home/jake/ros2_iron/install/test_ros2trace:/home/jake/ros2_iron/install/test_launch_ros:/home/jake/ros2_iron/install/rpyutils:/home/jake/ros2_iron/install/rosidl_runtime_py:/home/jake/ros2_iron/install/rosidl_pycommon:/home/jake/ros2_iron/install/rosidl_cli:/home/jake/ros2_iron/install/launch_pytest:/home/jake/ros2_iron/install/launch_testing:/home/jake/ros2_iron/install/launch_yaml:/home/jake/ros2_iron/install/launch_xml:/home/jake/ros2_iron/install/launch:/home/jake/ros2_iron/install/osrf_pycommon:/home/jake/ros2_iron/install/domain_coordinator:/home/jake/ros2_iron/install/ament_xmllint:/home/jake/ros2_iron/install/ament_pyflakes:/home/jake/ros2_iron/install/ament_pycodestyle:/home/jake/ros2_iron/install/ament_pep257:/home/jake/ros2_iron/install/ament_pclint:/home/jake/ros2_iron/install/ament_package:/home/jake/ros2_iron/install/ament_mypy:/home/jake/ros2_iron/install/ament_lint_cmake:/home/jake/ros2_iron/install/ament_flake8:/home/jake/ros2_iron/install/ament_copyright:/home/jake/ros2_iron/install/ament_lint:/home/jake/ros2_iron/install/ament_index_python:/home/jake/ros2_iron/install/ament_cpplint:/home/jake/ros2_iron/install/ament_cppcheck:/home/jake/ros2_iron/install/ament_clang_tidy:/home/jake/ros2_iron/install/ament_clang_format:/opt/ros/iron /usr/bin/cmake /home/jake/moveit2_ws_main/src/rviz_visual_tools -DCMAKE_BUILD_TYPE=Release -DCMAKE_INSTALL_PREFIX=/home/jake/moveit2_ws_main/install/rviz_visual_tools
[5.974s] -- The C compiler identification is GNU 11.4.0
[5.974s] -- The CXX compiler identification is GNU 11.4.0
[5.974s] -- Detecting C compiler ABI info
[5.974s] -- Detecting C compiler ABI info - done
[5.975s] -- Check for working C compiler: /usr/bin/cc - skipped
[5.975s] -- Detecting C compile features
[5.975s] -- Detecting C compile features - done
[5.975s] -- Detecting CXX compiler ABI info
[5.975s] -- Detecting CXX compiler ABI info - done
[5.976s] -- Check for working CXX compiler: /usr/bin/c++ - skipped
[5.976s] -- Detecting CXX compile features
[5.977s] -- Detecting CXX compile features - done
[5.977s] -- Found ament_cmake: 2.0.6 (/home/jake/ros2_iron/install/ament_cmake/share/ament_cmake/cmake)
[6.380s] -- Found Python3: /usr/bin/python3.10 (found version "3.10.12") found components: Interpreter 
[8.170s] -- Found rclcpp: 21.0.7 (/home/jake/ros2_iron/install/rclcpp/share/rclcpp/cmake)
[8.729s] -- Found rosidl_generator_c: 4.0.1 (/home/jake/ros2_iron/install/rosidl_generator_c/share/rosidl_generator_c/cmake)
[8.853s] -- Found rosidl_generator_cpp: 4.0.1 (/home/jake/ros2_iron/install/rosidl_generator_cpp/share/rosidl_generator_cpp/cmake)
[9.056s] -- Using all available rosidl_typesupport_c: rosidl_typesupport_introspection_c;rosidl_typesupport_fastrtps_c
[9.269s] -- Using all available rosidl_typesupport_cpp: rosidl_typesupport_introspection_cpp;rosidl_typesupport_fastrtps_cpp
[9.941s] -- Found rmw_implementation_cmake: 7.1.0 (/home/jake/ros2_iron/install/rmw_implementation_cmake/share/rmw_implementation_cmake/cmake)
[10.012s] -- Found rmw_fastrtps_cpp: 7.1.4 (/home/jake/ros2_iron/install/rmw_fastrtps_cpp/share/rmw_fastrtps_cpp/cmake)
[10.773s] -- Found OpenSSL: /usr/lib/x86_64-linux-gnu/libcrypto.so (found version "3.0.2")  
[10.925s] -- Found FastRTPS: /home/jake/ros2_iron/install/fastrtps/include  
[11.276s] -- Using RMW implementation 'rmw_fastrtps_cpp' as default
[12.017s] -- Found rclcpp_components: 21.0.7 (/home/jake/ros2_iron/install/rclcpp_components/share/rclcpp_components/cmake)
[12.407s] -- Found rviz_ogre_vendor: 12.4.8 (/home/jake/ros2_iron/install/rviz_ogre_vendor/share/rviz_ogre_vendor/cmake)
[12.407s] -- Setting OGRE_DIR to: '/home/jake/ros2_iron/install/rviz_ogre_vendor/share/rviz_ogre_vendor/cmake/../../../opt/rviz_ogre_vendor/lib/OGRE/cmake'
[12.410s] -- Found OGRE
[12.410s] --   static     : OFF
[12.410s] --   components : MeshLodGenerator;Overlay;Paging;Property;RTShaderSystem;Terrain;Volume
[12.411s] --   plugins    : Plugin_BSPSceneManager;Plugin_OctreeSceneManager;Plugin_PCZSceneManager;Plugin_ParticleFX;RenderSystem_GL;RenderSystem_GL3Plus;Codec_STBI;Codec_EXR
[12.411s] --   media      : /home/jake/ros2_iron/install/rviz_ogre_vendor/opt/rviz_ogre_vendor/share/OGRE/Media
[12.411s] -- OGRE_LIBRARIES: OgreMeshLodGenerator;OgreOverlay;OgrePaging;OgreProperty;OgreRTShaderSystem;OgreTerrain;OgreVolume;OgreMain
[12.411s] -- OGRE_LIBRARY_DIRS: /home/jake/ros2_iron/install/rviz_ogre_vendor/opt/rviz_ogre_vendor/lib
[12.411s] -- OGRE_PLUGINS: Plugin_BSPSceneManager;Plugin_OctreeSceneManager;Plugin_PCZSceneManager;Plugin_ParticleFX;RenderSystem_GL;RenderSystem_GL3Plus;Codec_STBI;Codec_EXR
[12.411s] -- OGRE_PLUGIN_DIR: /home/jake/ros2_iron/install/rviz_ogre_vendor/opt/rviz_ogre_vendor/lib/OGRE
[12.411s] -- rviz_ogre_vendor::OgreOverlay for IMPORTED_LOCATION_RELEASE: /home/jake/ros2_iron/install/rviz_ogre_vendor/opt/rviz_ogre_vendor/lib/libOgreOverlay.so
[12.411s] -- rviz_ogre_vendor::OgreOverlay for IMPORTED_LOCATION_DEBUG: /home/jake/ros2_iron/install/rviz_ogre_vendor/opt/rviz_ogre_vendor/lib/libOgreOverlay.so
[12.411s] -- rviz_ogre_vendor::OgreMain for IMPORTED_LOCATION_RELEASE: /home/jake/ros2_iron/install/rviz_ogre_vendor/opt/rviz_ogre_vendor/lib/libOgreMain.so
[12.411s] -- rviz_ogre_vendor::OgreMain for IMPORTED_LOCATION_DEBUG: /home/jake/ros2_iron/install/rviz_ogre_vendor/opt/rviz_ogre_vendor/lib/libOgreMain.so
[12.417s] -- Could not find freeimage library
[12.620s] -- Found ZLIB: /usr/lib/x86_64-linux-gnu/libz.so (found version "1.2.11") 
[12.690s] -- Found OpenGL: /usr/lib/x86_64-linux-gnu/libOpenGL.so   
[13.201s] -- Found X11: /usr/include   
[13.202s] -- Looking for XOpenDisplay in /usr/lib/x86_64-linux-gnu/libX11.so;/usr/lib/x86_64-linux-gnu/libXext.so
[13.440s] -- Looking for XOpenDisplay in /usr/lib/x86_64-linux-gnu/libX11.so;/usr/lib/x86_64-linux-gnu/libXext.so - found
[13.441s] -- Looking for gethostbyname
[13.667s] -- Looking for gethostbyname - found
[13.667s] -- Looking for connect
[13.877s] -- Looking for connect - found
[13.878s] -- Looking for remove
[14.105s] -- Looking for remove - found
[14.105s] -- Looking for shmat
[14.337s] -- Looking for shmat - found
[14.337s] -- Looking for IceConnectionNumber in ICE
[14.569s] -- Looking for IceConnectionNumber in ICE - found
[14.593s] -- Found sensor_msgs: 5.0.1 (/home/jake/ros2_iron/install/sensor_msgs/share/sensor_msgs/cmake)
[15.015s] -- Found shape_msgs: 5.0.1 (/home/jake/ros2_iron/install/shape_msgs/share/shape_msgs/cmake)
[15.103s] -- Found visualization_msgs: 5.0.1 (/home/jake/ros2_iron/install/visualization_msgs/share/visualization_msgs/cmake)
[15.395s] -- Found trajectory_msgs: 5.0.1 (/home/jake/ros2_iron/install/trajectory_msgs/share/trajectory_msgs/cmake)
[15.600s] -- Found eigen3_cmake_module: 0.2.2 (/home/jake/ros2_iron/install/eigen3_cmake_module/share/eigen3_cmake_module/cmake)
[15.713s] -- Found eigen_stl_containers: 1.0.0 (/opt/ros/iron/share/eigen_stl_containers/cmake)
[15.848s] -- Found Eigen3: TRUE (found version "3.4.0") 
[15.890s] -- Found PkgConfig: /usr/bin/pkg-config (found version "0.29.2") 
[15.934s] -- Found tf2: 0.31.8 (/home/jake/ros2_iron/install/tf2/share/tf2/cmake)
[15.996s] -- Found tf2_eigen: 0.31.8 (/home/jake/ros2_iron/install/tf2_eigen/share/tf2_eigen/cmake)
[17.790s] -- Found tf2_geometry_msgs: 0.31.8 (/home/jake/ros2_iron/install/tf2_geometry_msgs/share/tf2_geometry_msgs/cmake)
[18.032s] -- Ensuring Eigen3 include directory is part of orocos-kdl CMake target
[18.108s] -- Found pluginlib: 5.2.2 (/home/jake/ros2_iron/install/pluginlib/share/pluginlib/cmake)
[18.355s] -- Found interactive_markers: 2.4.0 (/home/jake/ros2_iron/install/interactive_markers/share/interactive_markers/cmake)
[18.418s] -- Found rviz_common: 12.4.8 (/home/jake/ros2_iron/install/rviz_common/share/rviz_common/cmake)
[18.730s] -- Setting assimp_DIR to: '/home/jake/ros2_iron/install/rviz_assimp_vendor/share/rviz_assimp_vendor/cmake/../../../opt/rviz_assimp_vendor/lib/cmake/assimp-4.1'
[19.837s] -- library: /usr/lib/x86_64-linux-gnu/libcurl.so
[20.370s] -- Found rviz_default_plugins: 12.4.8 (/home/jake/ros2_iron/install/rviz_default_plugins/share/rviz_default_plugins/cmake)
[24.808s] -- Found ament_cmake_gtest: 2.0.6 (/home/jake/ros2_iron/install/ament_cmake_gtest/share/ament_cmake_gtest/cmake)
[24.853s] -- Found gtest sources under '/home/jake/ros2_iron/install/gtest_vendor/src/gtest_vendor': C++ tests using 'Google Test' will be built
[24.861s] -- Looking for pthread.h
[25.153s] -- Looking for pthread.h - found
[25.153s] -- Performing Test CMAKE_HAVE_LIBC_PTHREAD
[25.450s] -- Performing Test CMAKE_HAVE_LIBC_PTHREAD - Success
[25.453s] -- Found Threads: TRUE  
[25.880s] -- Configuring done
[26.609s] -- Generating done
[26.616s] -- Build files have been written to: /home/jake/moveit2_ws_main/build/rviz_visual_tools
[26.664s] Invoked command in '/home/jake/moveit2_ws_main/build/rviz_visual_tools' returned '0': CMAKE_PREFIX_PATH=${CMAKE_PREFIX_PATH}:/home/jake/ros2_iron/install/rqt_bag_plugins:/home/jake/ros2_iron/install/rqt_bag:/home/jake/ros2_iron/install/rosbag2_examples_py:/home/jake/ros2_iron/install/launch_testing_examples:/home/jake/ros2_iron/install/ros2bag:/home/jake/ros2_iron/install/tracetools_test:/home/jake/ros2_iron/install/tracetools_launch:/home/jake/ros2_iron/install/topic_monitor:/home/jake/ros2_iron/install/tf2_tools:/home/jake/ros2_iron/install/examples_tf2_py:/home/jake/ros2_iron/install/tf2_ros_py:/home/jake/ros2_iron/install/examples_rclpy_pointcloud_publisher:/home/jake/ros2_iron/install/sensor_msgs_py:/home/jake/ros2_iron/install/quality_of_service_demo_py:/home/jake/ros2_iron/install/rqt_plot:/home/jake/ros2_iron/install/ros2doctor:/home/jake/ros2_iron/install/lifecycle_py:/home/jake/ros2_iron/install/examples_rclpy_minimal_subscriber:/home/jake/ros2_iron/install/examples_rclpy_minimal_service:/home/jake/ros2_iron/install/examples_rclpy_minimal_publisher:/home/jake/ros2_iron/install/examples_rclpy_minimal_client:/home/jake/ros2_iron/install/examples_rclpy_executors:/home/jake/ros2_iron/install/demo_nodes_py:/home/jake/ros2_iron/install/rqt:/home/jake/ros2_iron/install/ros2component:/home/jake/ros2_iron/install/sros2:/home/jake/ros2_iron/install/rqt_topic:/home/jake/ros2_iron/install/rqt_srv:/home/jake/ros2_iron/install/rqt_shell:/home/jake/ros2_iron/install/rqt_service_caller:/home/jake/ros2_iron/install/rqt_reconfigure:/home/jake/ros2_iron/install/rqt_py_console:/home/jake/ros2_iron/install/rqt_publisher:/home/jake/ros2_iron/install/rqt_action:/home/jake/ros2_iron/install/rqt_msg:/home/jake/ros2_iron/install/rqt_console:/home/jake/ros2_iron/install/rqt_graph:/home/jake/ros2_iron/install/rqt_gui_py:/home/jake/ros2_iron/install/rqt_gui:/home/jake/ros2_iron/install/ros2trace:/home/jake/ros2_iron/install/ros2topic:/home/jake/ros2_iron/install/ros2test:/home/jake/ros2_iron/install/ros2param:/home/jake/ros2_iron/install/ros2lifecycle:/home/jake/ros2_iron/install/ros2service:/home/jake/ros2_iron/install/ros2run:/home/jake/ros2_iron/install/ros2launch:/home/jake/ros2_iron/install/ros2pkg:/home/jake/ros2_iron/install/ros2node:/home/jake/ros2_iron/install/ros2multicast:/home/jake/ros2_iron/install/ros2interface:/home/jake/ros2_iron/install/ros2action:/home/jake/ros2_iron/install/ros2cli:/home/jake/ros2_iron/install/launch_testing_ros:/home/jake/ros2_iron/install/launch_ros:/home/jake/ros2_iron/install/examples_rclpy_minimal_action_server:/home/jake/ros2_iron/install/examples_rclpy_minimal_action_client:/home/jake/ros2_iron/install/examples_rclpy_guard_conditions:/home/jake/ros2_iron/install/action_tutorials_py:/home/jake/ros2_iron/install/ament_uncrustify:/home/jake/ros2_iron/install/tracetools_trace:/home/jake/ros2_iron/install/tracetools_read:/home/jake/ros2_iron/install/test_tracetools_launch:/home/jake/ros2_iron/install/test_ros2trace:/home/jake/ros2_iron/install/test_launch_ros:/home/jake/ros2_iron/install/rpyutils:/home/jake/ros2_iron/install/rosidl_runtime_py:/home/jake/ros2_iron/install/rosidl_pycommon:/home/jake/ros2_iron/install/rosidl_cli:/home/jake/ros2_iron/install/launch_pytest:/home/jake/ros2_iron/install/launch_testing:/home/jake/ros2_iron/install/launch_yaml:/home/jake/ros2_iron/install/launch_xml:/home/jake/ros2_iron/install/launch:/home/jake/ros2_iron/install/osrf_pycommon:/home/jake/ros2_iron/install/domain_coordinator:/home/jake/ros2_iron/install/ament_xmllint:/home/jake/ros2_iron/install/ament_pyflakes:/home/jake/ros2_iron/install/ament_pycodestyle:/home/jake/ros2_iron/install/ament_pep257:/home/jake/ros2_iron/install/ament_pclint:/home/jake/ros2_iron/install/ament_package:/home/jake/ros2_iron/install/ament_mypy:/home/jake/ros2_iron/install/ament_lint_cmake:/home/jake/ros2_iron/install/ament_flake8:/home/jake/ros2_iron/install/ament_copyright:/home/jake/ros2_iron/install/ament_lint:/home/jake/ros2_iron/install/ament_index_python:/home/jake/ros2_iron/install/ament_cpplint:/home/jake/ros2_iron/install/ament_cppcheck:/home/jake/ros2_iron/install/ament_clang_tidy:/home/jake/ros2_iron/install/ament_clang_format:/opt/ros/iron /usr/bin/cmake /home/jake/moveit2_ws_main/src/rviz_visual_tools -DCMAKE_BUILD_TYPE=Release -DCMAKE_INSTALL_PREFIX=/home/jake/moveit2_ws_main/install/rviz_visual_tools
[26.668s] Invoking command in '/home/jake/moveit2_ws_main/build/rviz_visual_tools': CMAKE_PREFIX_PATH=${CMAKE_PREFIX_PATH}:/home/jake/ros2_iron/install/rqt_bag_plugins:/home/jake/ros2_iron/install/rqt_bag:/home/jake/ros2_iron/install/rosbag2_examples_py:/home/jake/ros2_iron/install/launch_testing_examples:/home/jake/ros2_iron/install/ros2bag:/home/jake/ros2_iron/install/tracetools_test:/home/jake/ros2_iron/install/tracetools_launch:/home/jake/ros2_iron/install/topic_monitor:/home/jake/ros2_iron/install/tf2_tools:/home/jake/ros2_iron/install/examples_tf2_py:/home/jake/ros2_iron/install/tf2_ros_py:/home/jake/ros2_iron/install/examples_rclpy_pointcloud_publisher:/home/jake/ros2_iron/install/sensor_msgs_py:/home/jake/ros2_iron/install/quality_of_service_demo_py:/home/jake/ros2_iron/install/rqt_plot:/home/jake/ros2_iron/install/ros2doctor:/home/jake/ros2_iron/install/lifecycle_py:/home/jake/ros2_iron/install/examples_rclpy_minimal_subscriber:/home/jake/ros2_iron/install/examples_rclpy_minimal_service:/home/jake/ros2_iron/install/examples_rclpy_minimal_publisher:/home/jake/ros2_iron/install/examples_rclpy_minimal_client:/home/jake/ros2_iron/install/examples_rclpy_executors:/home/jake/ros2_iron/install/demo_nodes_py:/home/jake/ros2_iron/install/rqt:/home/jake/ros2_iron/install/ros2component:/home/jake/ros2_iron/install/sros2:/home/jake/ros2_iron/install/rqt_topic:/home/jake/ros2_iron/install/rqt_srv:/home/jake/ros2_iron/install/rqt_shell:/home/jake/ros2_iron/install/rqt_service_caller:/home/jake/ros2_iron/install/rqt_reconfigure:/home/jake/ros2_iron/install/rqt_py_console:/home/jake/ros2_iron/install/rqt_publisher:/home/jake/ros2_iron/install/rqt_action:/home/jake/ros2_iron/install/rqt_msg:/home/jake/ros2_iron/install/rqt_console:/home/jake/ros2_iron/install/rqt_graph:/home/jake/ros2_iron/install/rqt_gui_py:/home/jake/ros2_iron/install/rqt_gui:/home/jake/ros2_iron/install/ros2trace:/home/jake/ros2_iron/install/ros2topic:/home/jake/ros2_iron/install/ros2test:/home/jake/ros2_iron/install/ros2param:/home/jake/ros2_iron/install/ros2lifecycle:/home/jake/ros2_iron/install/ros2service:/home/jake/ros2_iron/install/ros2run:/home/jake/ros2_iron/install/ros2launch:/home/jake/ros2_iron/install/ros2pkg:/home/jake/ros2_iron/install/ros2node:/home/jake/ros2_iron/install/ros2multicast:/home/jake/ros2_iron/install/ros2interface:/home/jake/ros2_iron/install/ros2action:/home/jake/ros2_iron/install/ros2cli:/home/jake/ros2_iron/install/launch_testing_ros:/home/jake/ros2_iron/install/launch_ros:/home/jake/ros2_iron/install/examples_rclpy_minimal_action_server:/home/jake/ros2_iron/install/examples_rclpy_minimal_action_client:/home/jake/ros2_iron/install/examples_rclpy_guard_conditions:/home/jake/ros2_iron/install/action_tutorials_py:/home/jake/ros2_iron/install/ament_uncrustify:/home/jake/ros2_iron/install/tracetools_trace:/home/jake/ros2_iron/install/tracetools_read:/home/jake/ros2_iron/install/test_tracetools_launch:/home/jake/ros2_iron/install/test_ros2trace:/home/jake/ros2_iron/install/test_launch_ros:/home/jake/ros2_iron/install/rpyutils:/home/jake/ros2_iron/install/rosidl_runtime_py:/home/jake/ros2_iron/install/rosidl_pycommon:/home/jake/ros2_iron/install/rosidl_cli:/home/jake/ros2_iron/install/launch_pytest:/home/jake/ros2_iron/install/launch_testing:/home/jake/ros2_iron/install/launch_yaml:/home/jake/ros2_iron/install/launch_xml:/home/jake/ros2_iron/install/launch:/home/jake/ros2_iron/install/osrf_pycommon:/home/jake/ros2_iron/install/domain_coordinator:/home/jake/ros2_iron/install/ament_xmllint:/home/jake/ros2_iron/install/ament_pyflakes:/home/jake/ros2_iron/install/ament_pycodestyle:/home/jake/ros2_iron/install/ament_pep257:/home/jake/ros2_iron/install/ament_pclint:/home/jake/ros2_iron/install/ament_package:/home/jake/ros2_iron/install/ament_mypy:/home/jake/ros2_iron/install/ament_lint_cmake:/home/jake/ros2_iron/install/ament_flake8:/home/jake/ros2_iron/install/ament_copyright:/home/jake/ros2_iron/install/ament_lint:/home/jake/ros2_iron/install/ament_index_python:/home/jake/ros2_iron/install/ament_cpplint:/home/jake/ros2_iron/install/ament_cppcheck:/home/jake/ros2_iron/install/ament_clang_tidy:/home/jake/ros2_iron/install/ament_clang_format:/opt/ros/iron /usr/bin/cmake --build /home/jake/moveit2_ws_main/build/rviz_visual_tools -- -j12 -l12
[27.027s] [  2%] [34m[1mAutomatic MOC for target rviz_visual_tools_gui[0m
[27.048s] [  5%] [34m[1mAutomatic MOC for target gtest[0m
[27.063s] [  7%] [34m[1mAutomatic MOC for target gtest_main[0m
[27.104s] [ 10%] [34m[1mAutomatic MOC for target rviz_visual_tools_remote_control[0m
[27.172s] [ 10%] Built target gtest_autogen
[27.208s] [ 10%] Built target gtest_main_autogen
[27.241s] [ 10%] Built target rviz_visual_tools_remote_control_autogen
[27.347s] [ 12%] [32mBuilding CXX object gtest/CMakeFiles/gtest.dir/gtest_autogen/mocs_compilation.cpp.o[0m
[27.376s] [ 15%] [32mBuilding CXX object gtest/CMakeFiles/gtest.dir/src/gtest-all.cc.o[0m
[27.385s] [ 17%] [32mBuilding CXX object gtest/CMakeFiles/gtest_main.dir/gtest_main_autogen/mocs_compilation.cpp.o[0m
[27.406s] [ 20%] [32mBuilding CXX object gtest/CMakeFiles/gtest_main.dir/src/gtest_main.cc.o[0m
[27.444s] [ 23%] [32mBuilding CXX object CMakeFiles/rviz_visual_tools_remote_control.dir/rviz_visual_tools_remote_control_autogen/mocs_compilation.cpp.o[0m
[27.447s] [ 25%] [32mBuilding CXX object CMakeFiles/rviz_visual_tools_remote_control.dir/src/remote_control.cpp.o[0m
[28.476s] [ 25%] Built target rviz_visual_tools_gui_autogen
[28.624s] [ 28%] [32mBuilding CXX object CMakeFiles/rviz_visual_tools_gui.dir/rviz_visual_tools_gui_autogen/mocs_compilation.cpp.o[0m
[28.670s] [ 30%] [32mBuilding CXX object CMakeFiles/rviz_visual_tools_gui.dir/src/rviz_visual_tools_gui.cpp.o[0m
[28.707s] [ 33%] [32mBuilding CXX object CMakeFiles/rviz_visual_tools_gui.dir/src/key_tool.cpp.o[0m
[28.707s] [ 35%] [32mBuilding CXX object CMakeFiles/rviz_visual_tools_gui.dir/src/remote_control.cpp.o[0m
[29.452s] [ 38%] [32m[1mLinking CXX static library libgtest_main.a[0m
[29.905s] [ 38%] Built target gtest_main
[56.359s] [ 41%] [32m[1mLinking CXX static library libgtest.a[0m
[57.036s] [ 41%] Built target gtest
[63.587s] [ 43%] [32m[1mLinking CXX shared library librviz_visual_tools_remote_control.so[0m
[66.299s] [ 46%] [32m[1mLinking CXX shared library librviz_visual_tools_gui.so[0m
[66.624s] [ 46%] Built target rviz_visual_tools_remote_control
[66.780s] [ 48%] [34m[1mAutomatic MOC for target rviz_visual_tools[0m
[66.919s] [ 48%] Built target rviz_visual_tools_autogen
[67.071s] [ 51%] [32mBuilding CXX object CMakeFiles/rviz_visual_tools.dir/rviz_visual_tools_autogen/mocs_compilation.cpp.o[0m
[67.073s] [ 53%] [32mBuilding CXX object CMakeFiles/rviz_visual_tools.dir/src/rviz_visual_tools.cpp.o[0m
[67.085s] [ 56%] [32mBuilding CXX object CMakeFiles/rviz_visual_tools.dir/src/tf_visual_tools.cpp.o[0m
[90.327s] [ 56%] Built target rviz_visual_tools_gui
[106.651s] [ 58%] [32m[1mLinking CXX shared library librviz_visual_tools.so[0m
[109.504s] [ 58%] Built target rviz_visual_tools
[109.708s] [ 61%] [34m[1mAutomatic MOC for target rviz_visual_tools_imarker_simple[0m
[109.775s] [ 64%] [34m[1mAutomatic MOC for target rviz_visual_tools_demo[0m
[109.808s] [ 66%] [34m[1mAutomatic MOC for target rviz_visual_tools_rvt_test[0m
[109.947s] [ 66%] Built target rviz_visual_tools_imarker_simple_autogen
[110.000s] [ 66%] Built target rviz_visual_tools_rvt_test_autogen
[110.008s] [ 66%] Built target rviz_visual_tools_demo_autogen
[110.202s] [ 69%] [32mBuilding CXX object CMakeFiles/rviz_visual_tools_imarker_simple.dir/rviz_visual_tools_imarker_simple_autogen/mocs_compilation.cpp.o[0m
[110.261s] [ 71%] [32mBuilding CXX object CMakeFiles/rviz_visual_tools_imarker_simple.dir/src/imarker_simple.cpp.o[0m
[110.273s] [ 74%] [32mBuilding CXX object CMakeFiles/rviz_visual_tools_rvt_test.dir/rviz_visual_tools_rvt_test_autogen/mocs_compilation.cpp.o[0m
[110.288s] [ 76%] [32mBuilding CXX object CMakeFiles/rviz_visual_tools_demo.dir/src/rviz_visual_tools_demo.cpp.o[0m
[110.300s] [ 79%] [32mBuilding CXX object CMakeFiles/rviz_visual_tools_demo.dir/rviz_visual_tools_demo_autogen/mocs_compilation.cpp.o[0m
[110.312s] [ 82%] [32mBuilding CXX object CMakeFiles/rviz_visual_tools_rvt_test.dir/tests/rvt_test.cpp.o[0m
[120.162s] [ 84%] [32m[1mLinking CXX shared library librviz_visual_tools_imarker_simple.so[0m
[121.751s] [ 87%] [32m[1mLinking CXX executable rviz_visual_tools_demo[0m
[121.829s] [ 87%] Built target rviz_visual_tools_imarker_simple
[121.935s] [ 89%] [34m[1mAutomatic MOC for target rviz_visual_tools_imarker_simple_demo[0m
[122.028s] [ 89%] Built target rviz_visual_tools_imarker_simple_demo_autogen
[122.145s] [ 92%] [32mBuilding CXX object CMakeFiles/rviz_visual_tools_imarker_simple_demo.dir/rviz_visual_tools_imarker_simple_demo_autogen/mocs_compilation.cpp.o[0m
[122.156s] [ 94%] [32mBuilding CXX object CMakeFiles/rviz_visual_tools_imarker_simple_demo.dir/src/imarker_simple_demo.cpp.o[0m
[123.781s] [ 97%] [32m[1mLinking CXX executable rviz_visual_tools_rvt_test[0m
[123.916s] [ 97%] Built target rviz_visual_tools_demo
[125.402s] [ 97%] Built target rviz_visual_tools_rvt_test
[131.761s] [100%] [32m[1mLinking CXX executable rviz_visual_tools_imarker_simple_demo[0m
[133.937s] [100%] Built target rviz_visual_tools_imarker_simple_demo
[133.985s] Invoked command in '/home/jake/moveit2_ws_main/build/rviz_visual_tools' returned '0': CMAKE_PREFIX_PATH=${CMAKE_PREFIX_PATH}:/home/jake/ros2_iron/install/rqt_bag_plugins:/home/jake/ros2_iron/install/rqt_bag:/home/jake/ros2_iron/install/rosbag2_examples_py:/home/jake/ros2_iron/install/launch_testing_examples:/home/jake/ros2_iron/install/ros2bag:/home/jake/ros2_iron/install/tracetools_test:/home/jake/ros2_iron/install/tracetools_launch:/home/jake/ros2_iron/install/topic_monitor:/home/jake/ros2_iron/install/tf2_tools:/home/jake/ros2_iron/install/examples_tf2_py:/home/jake/ros2_iron/install/tf2_ros_py:/home/jake/ros2_iron/install/examples_rclpy_pointcloud_publisher:/home/jake/ros2_iron/install/sensor_msgs_py:/home/jake/ros2_iron/install/quality_of_service_demo_py:/home/jake/ros2_iron/install/rqt_plot:/home/jake/ros2_iron/install/ros2doctor:/home/jake/ros2_iron/install/lifecycle_py:/home/jake/ros2_iron/install/examples_rclpy_minimal_subscriber:/home/jake/ros2_iron/install/examples_rclpy_minimal_service:/home/jake/ros2_iron/install/examples_rclpy_minimal_publisher:/home/jake/ros2_iron/install/examples_rclpy_minimal_client:/home/jake/ros2_iron/install/examples_rclpy_executors:/home/jake/ros2_iron/install/demo_nodes_py:/home/jake/ros2_iron/install/rqt:/home/jake/ros2_iron/install/ros2component:/home/jake/ros2_iron/install/sros2:/home/jake/ros2_iron/install/rqt_topic:/home/jake/ros2_iron/install/rqt_srv:/home/jake/ros2_iron/install/rqt_shell:/home/jake/ros2_iron/install/rqt_service_caller:/home/jake/ros2_iron/install/rqt_reconfigure:/home/jake/ros2_iron/install/rqt_py_console:/home/jake/ros2_iron/install/rqt_publisher:/home/jake/ros2_iron/install/rqt_action:/home/jake/ros2_iron/install/rqt_msg:/home/jake/ros2_iron/install/rqt_console:/home/jake/ros2_iron/install/rqt_graph:/home/jake/ros2_iron/install/rqt_gui_py:/home/jake/ros2_iron/install/rqt_gui:/home/jake/ros2_iron/install/ros2trace:/home/jake/ros2_iron/install/ros2topic:/home/jake/ros2_iron/install/ros2test:/home/jake/ros2_iron/install/ros2param:/home/jake/ros2_iron/install/ros2lifecycle:/home/jake/ros2_iron/install/ros2service:/home/jake/ros2_iron/install/ros2run:/home/jake/ros2_iron/install/ros2launch:/home/jake/ros2_iron/install/ros2pkg:/home/jake/ros2_iron/install/ros2node:/home/jake/ros2_iron/install/ros2multicast:/home/jake/ros2_iron/install/ros2interface:/home/jake/ros2_iron/install/ros2action:/home/jake/ros2_iron/install/ros2cli:/home/jake/ros2_iron/install/launch_testing_ros:/home/jake/ros2_iron/install/launch_ros:/home/jake/ros2_iron/install/examples_rclpy_minimal_action_server:/home/jake/ros2_iron/install/examples_rclpy_minimal_action_client:/home/jake/ros2_iron/install/examples_rclpy_guard_conditions:/home/jake/ros2_iron/install/action_tutorials_py:/home/jake/ros2_iron/install/ament_uncrustify:/home/jake/ros2_iron/install/tracetools_trace:/home/jake/ros2_iron/install/tracetools_read:/home/jake/ros2_iron/install/test_tracetools_launch:/home/jake/ros2_iron/install/test_ros2trace:/home/jake/ros2_iron/install/test_launch_ros:/home/jake/ros2_iron/install/rpyutils:/home/jake/ros2_iron/install/rosidl_runtime_py:/home/jake/ros2_iron/install/rosidl_pycommon:/home/jake/ros2_iron/install/rosidl_cli:/home/jake/ros2_iron/install/launch_pytest:/home/jake/ros2_iron/install/launch_testing:/home/jake/ros2_iron/install/launch_yaml:/home/jake/ros2_iron/install/launch_xml:/home/jake/ros2_iron/install/launch:/home/jake/ros2_iron/install/osrf_pycommon:/home/jake/ros2_iron/install/domain_coordinator:/home/jake/ros2_iron/install/ament_xmllint:/home/jake/ros2_iron/install/ament_pyflakes:/home/jake/ros2_iron/install/ament_pycodestyle:/home/jake/ros2_iron/install/ament_pep257:/home/jake/ros2_iron/install/ament_pclint:/home/jake/ros2_iron/install/ament_package:/home/jake/ros2_iron/install/ament_mypy:/home/jake/ros2_iron/install/ament_lint_cmake:/home/jake/ros2_iron/install/ament_flake8:/home/jake/ros2_iron/install/ament_copyright:/home/jake/ros2_iron/install/ament_lint:/home/jake/ros2_iron/install/ament_index_python:/home/jake/ros2_iron/install/ament_cpplint:/home/jake/ros2_iron/install/ament_cppcheck:/home/jake/ros2_iron/install/ament_clang_tidy:/home/jake/ros2_iron/install/ament_clang_format:/opt/ros/iron /usr/bin/cmake --build /home/jake/moveit2_ws_main/build/rviz_visual_tools -- -j12 -l12
[134.921s] Invoking command in '/home/jake/moveit2_ws_main/build/rviz_visual_tools': CMAKE_PREFIX_PATH=${CMAKE_PREFIX_PATH}:/home/jake/ros2_iron/install/rqt_bag_plugins:/home/jake/ros2_iron/install/rqt_bag:/home/jake/ros2_iron/install/rosbag2_examples_py:/home/jake/ros2_iron/install/launch_testing_examples:/home/jake/ros2_iron/install/ros2bag:/home/jake/ros2_iron/install/tracetools_test:/home/jake/ros2_iron/install/tracetools_launch:/home/jake/ros2_iron/install/topic_monitor:/home/jake/ros2_iron/install/tf2_tools:/home/jake/ros2_iron/install/examples_tf2_py:/home/jake/ros2_iron/install/tf2_ros_py:/home/jake/ros2_iron/install/examples_rclpy_pointcloud_publisher:/home/jake/ros2_iron/install/sensor_msgs_py:/home/jake/ros2_iron/install/quality_of_service_demo_py:/home/jake/ros2_iron/install/rqt_plot:/home/jake/ros2_iron/install/ros2doctor:/home/jake/ros2_iron/install/lifecycle_py:/home/jake/ros2_iron/install/examples_rclpy_minimal_subscriber:/home/jake/ros2_iron/install/examples_rclpy_minimal_service:/home/jake/ros2_iron/install/examples_rclpy_minimal_publisher:/home/jake/ros2_iron/install/examples_rclpy_minimal_client:/home/jake/ros2_iron/install/examples_rclpy_executors:/home/jake/ros2_iron/install/demo_nodes_py:/home/jake/ros2_iron/install/rqt:/home/jake/ros2_iron/install/ros2component:/home/jake/ros2_iron/install/sros2:/home/jake/ros2_iron/install/rqt_topic:/home/jake/ros2_iron/install/rqt_srv:/home/jake/ros2_iron/install/rqt_shell:/home/jake/ros2_iron/install/rqt_service_caller:/home/jake/ros2_iron/install/rqt_reconfigure:/home/jake/ros2_iron/install/rqt_py_console:/home/jake/ros2_iron/install/rqt_publisher:/home/jake/ros2_iron/install/rqt_action:/home/jake/ros2_iron/install/rqt_msg:/home/jake/ros2_iron/install/rqt_console:/home/jake/ros2_iron/install/rqt_graph:/home/jake/ros2_iron/install/rqt_gui_py:/home/jake/ros2_iron/install/rqt_gui:/home/jake/ros2_iron/install/ros2trace:/home/jake/ros2_iron/install/ros2topic:/home/jake/ros2_iron/install/ros2test:/home/jake/ros2_iron/install/ros2param:/home/jake/ros2_iron/install/ros2lifecycle:/home/jake/ros2_iron/install/ros2service:/home/jake/ros2_iron/install/ros2run:/home/jake/ros2_iron/install/ros2launch:/home/jake/ros2_iron/install/ros2pkg:/home/jake/ros2_iron/install/ros2node:/home/jake/ros2_iron/install/ros2multicast:/home/jake/ros2_iron/install/ros2interface:/home/jake/ros2_iron/install/ros2action:/home/jake/ros2_iron/install/ros2cli:/home/jake/ros2_iron/install/launch_testing_ros:/home/jake/ros2_iron/install/launch_ros:/home/jake/ros2_iron/install/examples_rclpy_minimal_action_server:/home/jake/ros2_iron/install/examples_rclpy_minimal_action_client:/home/jake/ros2_iron/install/examples_rclpy_guard_conditions:/home/jake/ros2_iron/install/action_tutorials_py:/home/jake/ros2_iron/install/ament_uncrustify:/home/jake/ros2_iron/install/tracetools_trace:/home/jake/ros2_iron/install/tracetools_read:/home/jake/ros2_iron/install/test_tracetools_launch:/home/jake/ros2_iron/install/test_ros2trace:/home/jake/ros2_iron/install/test_launch_ros:/home/jake/ros2_iron/install/rpyutils:/home/jake/ros2_iron/install/rosidl_runtime_py:/home/jake/ros2_iron/install/rosidl_pycommon:/home/jake/ros2_iron/install/rosidl_cli:/home/jake/ros2_iron/install/launch_pytest:/home/jake/ros2_iron/install/launch_testing:/home/jake/ros2_iron/install/launch_yaml:/home/jake/ros2_iron/install/launch_xml:/home/jake/ros2_iron/install/launch:/home/jake/ros2_iron/install/osrf_pycommon:/home/jake/ros2_iron/install/domain_coordinator:/home/jake/ros2_iron/install/ament_xmllint:/home/jake/ros2_iron/install/ament_pyflakes:/home/jake/ros2_iron/install/ament_pycodestyle:/home/jake/ros2_iron/install/ament_pep257:/home/jake/ros2_iron/install/ament_pclint:/home/jake/ros2_iron/install/ament_package:/home/jake/ros2_iron/install/ament_mypy:/home/jake/ros2_iron/install/ament_lint_cmake:/home/jake/ros2_iron/install/ament_flake8:/home/jake/ros2_iron/install/ament_copyright:/home/jake/ros2_iron/install/ament_lint:/home/jake/ros2_iron/install/ament_index_python:/home/jake/ros2_iron/install/ament_cpplint:/home/jake/ros2_iron/install/ament_cppcheck:/home/jake/ros2_iron/install/ament_clang_tidy:/home/jake/ros2_iron/install/ament_clang_format:/opt/ros/iron /usr/bin/cmake --install /home/jake/moveit2_ws_main/build/rviz_visual_tools
[134.976s] -- Install configuration: "Release"
[134.976s] -- Installing: /home/jake/moveit2_ws_main/install/rviz_visual_tools/share/rviz_visual_tools/plugin_description.xml
[134.983s] -- Installing: /home/jake/moveit2_ws_main/install/rviz_visual_tools/lib/librviz_visual_tools.so
[134.985s] -- Set runtime path of "/home/jake/moveit2_ws_main/install/rviz_visual_tools/lib/librviz_visual_tools.so" to ""
[134.985s] -- Installing: /home/jake/moveit2_ws_main/install/rviz_visual_tools/lib/librviz_visual_tools_remote_control.so
[134.986s] -- Set runtime path of "/home/jake/moveit2_ws_main/install/rviz_visual_tools/lib/librviz_visual_tools_remote_control.so" to ""
[134.987s] -- Installing: /home/jake/moveit2_ws_main/install/rviz_visual_tools/lib/librviz_visual_tools_gui.so
[134.991s] -- Set runtime path of "/home/jake/moveit2_ws_main/install/rviz_visual_tools/lib/librviz_visual_tools_gui.so" to ""
[134.992s] -- Installing: /home/jake/moveit2_ws_main/install/rviz_visual_tools/lib/librviz_visual_tools_imarker_simple.so
[134.993s] -- Set runtime path of "/home/jake/moveit2_ws_main/install/rviz_visual_tools/lib/librviz_visual_tools_imarker_simple.so" to ""
[134.994s] -- Installing: /home/jake/moveit2_ws_main/install/rviz_visual_tools/lib/rviz_visual_tools/rviz_visual_tools_demo
[134.996s] -- Set runtime path of "/home/jake/moveit2_ws_main/install/rviz_visual_tools/lib/rviz_visual_tools/rviz_visual_tools_demo" to ""
[134.996s] -- Installing: /home/jake/moveit2_ws_main/install/rviz_visual_tools/lib/rviz_visual_tools/rviz_visual_tools_imarker_simple_demo
[134.999s] -- Set runtime path of "/home/jake/moveit2_ws_main/install/rviz_visual_tools/lib/rviz_visual_tools/rviz_visual_tools_imarker_simple_demo" to ""
[134.999s] -- Installing: /home/jake/moveit2_ws_main/install/rviz_visual_tools/include
[135.000s] -- Installing: /home/jake/moveit2_ws_main/install/rviz_visual_tools/include/rviz_visual_tools
[135.001s] -- Installing: /home/jake/moveit2_ws_main/install/rviz_visual_tools/include/rviz_visual_tools/remote_control.hpp
[135.001s] -- Installing: /home/jake/moveit2_ws_main/install/rviz_visual_tools/include/rviz_visual_tools/key_tool.hpp
[135.002s] -- Installing: /home/jake/moveit2_ws_main/install/rviz_visual_tools/include/rviz_visual_tools/remote_reciever.hpp
[135.002s] -- Installing: /home/jake/moveit2_ws_main/install/rviz_visual_tools/include/rviz_visual_tools/tf_visual_tools.hpp
[135.003s] -- Installing: /home/jake/moveit2_ws_main/install/rviz_visual_tools/include/rviz_visual_tools/rviz_visual_tools_gui.hpp
[135.003s] -- Installing: /home/jake/moveit2_ws_main/install/rviz_visual_tools/include/rviz_visual_tools/imarker_simple.hpp
[135.004s] -- Installing: /home/jake/moveit2_ws_main/install/rviz_visual_tools/include/rviz_visual_tools/rviz_visual_tools.hpp
[135.005s] -- Installing: /home/jake/moveit2_ws_main/install/rviz_visual_tools/share/rviz_visual_tools/launch
[135.005s] -- Installing: /home/jake/moveit2_ws_main/install/rviz_visual_tools/share/rviz_visual_tools/launch/rvt_test.launch
[135.006s] -- Installing: /home/jake/moveit2_ws_main/install/rviz_visual_tools/share/rviz_visual_tools/launch/demo_rviz.launch.py
[135.006s] -- Installing: /home/jake/moveit2_ws_main/install/rviz_visual_tools/share/rviz_visual_tools/launch/demo_combined.launch.py
[135.007s] -- Installing: /home/jake/moveit2_ws_main/install/rviz_visual_tools/share/rviz_visual_tools/launch/demo.rviz
[135.008s] -- Installing: /home/jake/moveit2_ws_main/install/rviz_visual_tools/share/rviz_visual_tools/environment/library_path.sh
[135.009s] -- Installing: /home/jake/moveit2_ws_main/install/rviz_visual_tools/share/rviz_visual_tools/environment/library_path.dsv
[135.009s] -- Installing: /home/jake/moveit2_ws_main/install/rviz_visual_tools/share/ament_index/resource_index/package_run_dependencies/rviz_visual_tools
[135.010s] -- Installing: /home/jake/moveit2_ws_main/install/rviz_visual_tools/share/ament_index/resource_index/parent_prefix_path/rviz_visual_tools
[135.011s] -- Installing: /home/jake/moveit2_ws_main/install/rviz_visual_tools/share/rviz_visual_tools/environment/ament_prefix_path.sh
[135.011s] -- Installing: /home/jake/moveit2_ws_main/install/rviz_visual_tools/share/rviz_visual_tools/environment/ament_prefix_path.dsv
[135.012s] -- Installing: /home/jake/moveit2_ws_main/install/rviz_visual_tools/share/rviz_visual_tools/environment/path.sh
[135.012s] -- Installing: /home/jake/moveit2_ws_main/install/rviz_visual_tools/share/rviz_visual_tools/environment/path.dsv
[135.013s] -- Installing: /home/jake/moveit2_ws_main/install/rviz_visual_tools/share/rviz_visual_tools/local_setup.bash
[135.014s] -- Installing: /home/jake/moveit2_ws_main/install/rviz_visual_tools/share/rviz_visual_tools/local_setup.sh
[135.014s] -- Installing: /home/jake/moveit2_ws_main/install/rviz_visual_tools/share/rviz_visual_tools/local_setup.zsh
[135.014s] -- Installing: /home/jake/moveit2_ws_main/install/rviz_visual_tools/share/rviz_visual_tools/local_setup.dsv
[135.015s] -- Installing: /home/jake/moveit2_ws_main/install/rviz_visual_tools/share/rviz_visual_tools/package.dsv
[135.016s] -- Installing: /home/jake/moveit2_ws_main/install/rviz_visual_tools/share/ament_index/resource_index/packages/rviz_visual_tools
[135.016s] -- Installing: /home/jake/moveit2_ws_main/install/rviz_visual_tools/share/ament_index/resource_index/rviz_common__pluginlib__plugin/rviz_visual_tools
[135.017s] -- Installing: /home/jake/moveit2_ws_main/install/rviz_visual_tools/share/rviz_visual_tools/cmake/export_rviz_visual_toolsExport.cmake
[135.017s] -- Installing: /home/jake/moveit2_ws_main/install/rviz_visual_tools/share/rviz_visual_tools/cmake/export_rviz_visual_toolsExport-release.cmake
[135.018s] -- Installing: /home/jake/moveit2_ws_main/install/rviz_visual_tools/share/rviz_visual_tools/cmake/ament_cmake_export_targets-extras.cmake
[135.018s] -- Installing: /home/jake/moveit2_ws_main/install/rviz_visual_tools/share/rviz_visual_tools/cmake/ament_cmake_export_dependencies-extras.cmake
[135.019s] -- Installing: /home/jake/moveit2_ws_main/install/rviz_visual_tools/share/rviz_visual_tools/cmake/ament_cmake_export_include_directories-extras.cmake
[135.020s] -- Installing: /home/jake/moveit2_ws_main/install/rviz_visual_tools/share/rviz_visual_tools/cmake/ament_cmake_export_libraries-extras.cmake
[135.020s] -- Installing: /home/jake/moveit2_ws_main/install/rviz_visual_tools/share/rviz_visual_tools/cmake/rviz_visual_toolsConfig.cmake
[135.021s] -- Installing: /home/jake/moveit2_ws_main/install/rviz_visual_tools/share/rviz_visual_tools/cmake/rviz_visual_toolsConfig-version.cmake
[135.021s] -- Installing: /home/jake/moveit2_ws_main/install/rviz_visual_tools/share/rviz_visual_tools/package.xml
[135.028s] Invoked command in '/home/jake/moveit2_ws_main/build/rviz_visual_tools' returned '0': CMAKE_PREFIX_PATH=${CMAKE_PREFIX_PATH}:/home/jake/ros2_iron/install/rqt_bag_plugins:/home/jake/ros2_iron/install/rqt_bag:/home/jake/ros2_iron/install/rosbag2_examples_py:/home/jake/ros2_iron/install/launch_testing_examples:/home/jake/ros2_iron/install/ros2bag:/home/jake/ros2_iron/install/tracetools_test:/home/jake/ros2_iron/install/tracetools_launch:/home/jake/ros2_iron/install/topic_monitor:/home/jake/ros2_iron/install/tf2_tools:/home/jake/ros2_iron/install/examples_tf2_py:/home/jake/ros2_iron/install/tf2_ros_py:/home/jake/ros2_iron/install/examples_rclpy_pointcloud_publisher:/home/jake/ros2_iron/install/sensor_msgs_py:/home/jake/ros2_iron/install/quality_of_service_demo_py:/home/jake/ros2_iron/install/rqt_plot:/home/jake/ros2_iron/install/ros2doctor:/home/jake/ros2_iron/install/lifecycle_py:/home/jake/ros2_iron/install/examples_rclpy_minimal_subscriber:/home/jake/ros2_iron/install/examples_rclpy_minimal_service:/home/jake/ros2_iron/install/examples_rclpy_minimal_publisher:/home/jake/ros2_iron/install/examples_rclpy_minimal_client:/home/jake/ros2_iron/install/examples_rclpy_executors:/home/jake/ros2_iron/install/demo_nodes_py:/home/jake/ros2_iron/install/rqt:/home/jake/ros2_iron/install/ros2component:/home/jake/ros2_iron/install/sros2:/home/jake/ros2_iron/install/rqt_topic:/home/jake/ros2_iron/install/rqt_srv:/home/jake/ros2_iron/install/rqt_shell:/home/jake/ros2_iron/install/rqt_service_caller:/home/jake/ros2_iron/install/rqt_reconfigure:/home/jake/ros2_iron/install/rqt_py_console:/home/jake/ros2_iron/install/rqt_publisher:/home/jake/ros2_iron/install/rqt_action:/home/jake/ros2_iron/install/rqt_msg:/home/jake/ros2_iron/install/rqt_console:/home/jake/ros2_iron/install/rqt_graph:/home/jake/ros2_iron/install/rqt_gui_py:/home/jake/ros2_iron/install/rqt_gui:/home/jake/ros2_iron/install/ros2trace:/home/jake/ros2_iron/install/ros2topic:/home/jake/ros2_iron/install/ros2test:/home/jake/ros2_iron/install/ros2param:/home/jake/ros2_iron/install/ros2lifecycle:/home/jake/ros2_iron/install/ros2service:/home/jake/ros2_iron/install/ros2run:/home/jake/ros2_iron/install/ros2launch:/home/jake/ros2_iron/install/ros2pkg:/home/jake/ros2_iron/install/ros2node:/home/jake/ros2_iron/install/ros2multicast:/home/jake/ros2_iron/install/ros2interface:/home/jake/ros2_iron/install/ros2action:/home/jake/ros2_iron/install/ros2cli:/home/jake/ros2_iron/install/launch_testing_ros:/home/jake/ros2_iron/install/launch_ros:/home/jake/ros2_iron/install/examples_rclpy_minimal_action_server:/home/jake/ros2_iron/install/examples_rclpy_minimal_action_client:/home/jake/ros2_iron/install/examples_rclpy_guard_conditions:/home/jake/ros2_iron/install/action_tutorials_py:/home/jake/ros2_iron/install/ament_uncrustify:/home/jake/ros2_iron/install/tracetools_trace:/home/jake/ros2_iron/install/tracetools_read:/home/jake/ros2_iron/install/test_tracetools_launch:/home/jake/ros2_iron/install/test_ros2trace:/home/jake/ros2_iron/install/test_launch_ros:/home/jake/ros2_iron/install/rpyutils:/home/jake/ros2_iron/install/rosidl_runtime_py:/home/jake/ros2_iron/install/rosidl_pycommon:/home/jake/ros2_iron/install/rosidl_cli:/home/jake/ros2_iron/install/launch_pytest:/home/jake/ros2_iron/install/launch_testing:/home/jake/ros2_iron/install/launch_yaml:/home/jake/ros2_iron/install/launch_xml:/home/jake/ros2_iron/install/launch:/home/jake/ros2_iron/install/osrf_pycommon:/home/jake/ros2_iron/install/domain_coordinator:/home/jake/ros2_iron/install/ament_xmllint:/home/jake/ros2_iron/install/ament_pyflakes:/home/jake/ros2_iron/install/ament_pycodestyle:/home/jake/ros2_iron/install/ament_pep257:/home/jake/ros2_iron/install/ament_pclint:/home/jake/ros2_iron/install/ament_package:/home/jake/ros2_iron/install/ament_mypy:/home/jake/ros2_iron/install/ament_lint_cmake:/home/jake/ros2_iron/install/ament_flake8:/home/jake/ros2_iron/install/ament_copyright:/home/jake/ros2_iron/install/ament_lint:/home/jake/ros2_iron/install/ament_index_python:/home/jake/ros2_iron/install/ament_cpplint:/home/jake/ros2_iron/install/ament_cppcheck:/home/jake/ros2_iron/install/ament_clang_tidy:/home/jake/ros2_iron/install/ament_clang_format:/opt/ros/iron /usr/bin/cmake --install /home/jake/moveit2_ws_main/build/rviz_visual_tools
