[35m[1mConsolidate compiler generated dependencies of target pendulum_motion_planning_pipeline_tutorial[0m
[ 33%] Built target motion_planning_pipeline_tutorial
[ 66%] Built target move_group_interface_tutorial
[ 83%] [32mBuilding CXX object motion_planning_pipeline/CMakeFiles/pendulum_motion_planning_pipeline_tutorial.dir/src/pendulum_motion_planning_pipeline_tutorial.cpp.o[0m
[100%] [32m[1mLinking CXX executable pendulum_motion_planning_pipeline_tutorial[0m
[100%] Built target pendulum_motion_planning_pipeline_tutorial
-- Install configuration: "Release"
-- Up-to-date: /home/jake/moveit2_ws_main/install/moveit2_tutorials/lib/moveit2_tutorials/move_group_interface_tutorial
-- Up-to-date: /home/jake/moveit2_ws_main/install/moveit2_tutorials/share/moveit2_tutorials/launch
-- Up-to-date: /home/jake/moveit2_ws_main/install/moveit2_tutorials/share/moveit2_tutorials/launch/move_group.launch.py
-- Up-to-date: /home/jake/moveit2_ws_main/install/moveit2_tutorials/share/moveit2_tutorials/launch/move_group_interface_tutorial.launch.py
-- Up-to-date: /home/jake/moveit2_ws_main/install/moveit2_tutorials/share/moveit2_tutorials/launch/move_group_pendulum.launch.py
-- Up-to-date: /home/jake/moveit2_ws_main/install/moveit2_tutorials/share/moveit2_tutorials/launch/diy_move_group_pendulum.launch.py
-- Up-to-date: /home/jake/moveit2_ws_main/install/moveit2_tutorials/share/moveit2_tutorials/launch/move_group.rviz
-- Up-to-date: /home/jake/moveit2_ws_main/install/moveit2_tutorials/lib/moveit2_tutorials/motion_planning_pipeline_tutorial
-- Installing: /home/jake/moveit2_ws_main/install/moveit2_tutorials/lib/moveit2_tutorials/pendulum_motion_planning_pipeline_tutorial
-- Set runtime path of "/home/jake/moveit2_ws_main/install/moveit2_tutorials/lib/moveit2_tutorials/pendulum_motion_planning_pipeline_tutorial" to ""
-- Up-to-date: /home/jake/moveit2_ws_main/install/moveit2_tutorials/share/moveit2_tutorials/launch
-- Up-to-date: /home/jake/moveit2_ws_main/install/moveit2_tutorials/share/moveit2_tutorials/launch/motion_planning_pipeline_tutorial.launch.py
-- Up-to-date: /home/jake/moveit2_ws_main/install/moveit2_tutorials/share/moveit2_tutorials/launch/pendulum_motion_planning_pipeline_tutorial.launch.py
-- Up-to-date: /home/jake/moveit2_ws_main/install/moveit2_tutorials/share/moveit2_tutorials/config
-- Up-to-date: /home/jake/moveit2_ws_main/install/moveit2_tutorials/share/moveit2_tutorials/config/pendulum_motion_planning_tutorial.yaml
-- Up-to-date: /home/jake/moveit2_ws_main/install/moveit2_tutorials/share/ament_index/resource_index/package_run_dependencies/moveit2_tutorials
-- Up-to-date: /home/jake/moveit2_ws_main/install/moveit2_tutorials/share/ament_index/resource_index/parent_prefix_path/moveit2_tutorials
-- Up-to-date: /home/jake/moveit2_ws_main/install/moveit2_tutorials/share/moveit2_tutorials/environment/ament_prefix_path.dsv
-- Up-to-date: /home/jake/moveit2_ws_main/install/moveit2_tutorials/share/moveit2_tutorials/environment/path.dsv
-- Up-to-date: /home/jake/moveit2_ws_main/install/moveit2_tutorials/share/moveit2_tutorials/local_setup.bash
-- Up-to-date: /home/jake/moveit2_ws_main/install/moveit2_tutorials/share/moveit2_tutorials/local_setup.sh
-- Up-to-date: /home/jake/moveit2_ws_main/install/moveit2_tutorials/share/moveit2_tutorials/local_setup.zsh
-- Up-to-date: /home/jake/moveit2_ws_main/install/moveit2_tutorials/share/moveit2_tutorials/local_setup.dsv
-- Installing: /home/jake/moveit2_ws_main/install/moveit2_tutorials/share/moveit2_tutorials/package.dsv
-- Up-to-date: /home/jake/moveit2_ws_main/install/moveit2_tutorials/share/ament_index/resource_index/packages/moveit2_tutorials
-- Up-to-date: /home/jake/moveit2_ws_main/install/moveit2_tutorials/share/moveit2_tutorials/cmake/ament_cmake_export_dependencies-extras.cmake
-- Up-to-date: /home/jake/moveit2_ws_main/install/moveit2_tutorials/share/moveit2_tutorials/cmake/ament_cmake_export_include_directories-extras.cmake
-- Up-to-date: /home/jake/moveit2_ws_main/install/moveit2_tutorials/share/moveit2_tutorials/cmake/moveit2_tutorialsConfig.cmake
-- Up-to-date: /home/jake/moveit2_ws_main/install/moveit2_tutorials/share/moveit2_tutorials/cmake/moveit2_tutorialsConfig-version.cmake
-- Up-to-date: /home/jake/moveit2_ws_main/install/moveit2_tutorials/share/moveit2_tutorials/package.xml
