-- Found moveit_common: 2.11.0 (/home/jake/moveit2_ws_main/install/moveit_common/share/moveit_common/cmake)
-- Found ament_cmake: 2.0.6 (/home/jake/ros2_iron/install/ament_cmake/share/ament_cmake/cmake)
-- Found ament_index_cpp: 1.5.2 (/home/jake/ros2_iron/install/ament_index_cpp/share/ament_index_cpp/cmake)
-- Found generate_parameter_library: 0.3.7 (/home/jake/moveit2_ws_main/install/generate_parameter_library/share/generate_parameter_library/cmake)
-- Found parameter_traits: 0.3.7 (/home/jake/moveit2_ws_main/install/parameter_traits/share/parameter_traits/cmake)
-- Found rosidl_generator_c: 4.0.1 (/home/jake/ros2_iron/install/rosidl_generator_c/share/rosidl_generator_c/cmake)
-- Found rosidl_generator_cpp: 4.0.1 (/home/jake/ros2_iron/install/rosidl_generator_cpp/share/rosidl_generator_cpp/cmake)
-- Using all available rosidl_typesupport_c: rosidl_typesupport_introspection_c;rosidl_typesupport_fastrtps_c
-- Using all available rosidl_typesupport_cpp: rosidl_typesupport_introspection_cpp;rosidl_typesupport_fastrtps_cpp
-- Found rmw_implementation_cmake: 7.1.0 (/home/jake/ros2_iron/install/rmw_implementation_cmake/share/rmw_implementation_cmake/cmake)
-- Found rmw_fastrtps_cpp: 7.1.4 (/home/jake/ros2_iron/install/rmw_fastrtps_cpp/share/rmw_fastrtps_cpp/cmake)
-- Using RMW implementation 'rmw_fastrtps_cpp' as default
-- Found rclcpp_lifecycle: 21.0.7 (/home/jake/ros2_iron/install/rclcpp_lifecycle/share/rclcpp_lifecycle/cmake)
-- Found message_filters: 4.7.1 (/home/jake/ros2_iron/install/message_filters/share/message_filters/cmake)
-- Found moveit_core: 2.11.0 (/home/jake/moveit2_ws_main/install/moveit_core/share/moveit_core/cmake)
-- Found Boost: /usr/lib/x86_64-linux-gnu/cmake/Boost-1.74.0/BoostConfig.cmake (found version "1.74.0") found components: chrono date_time filesystem iostreams program_options regex serialization system thread 
-- Found Boost: /usr/lib/x86_64-linux-gnu/cmake/Boost-1.74.0/BoostConfig.cmake (found version "1.74.0") found components: filesystem 
-- library: /usr/lib/x86_64-linux-gnu/libcurl.so
-- Ensuring Eigen3 include directory is part of orocos-kdl CMake target
-- Found moveit_ros_occupancy_map_monitor: 2.11.0 (/home/jake/moveit2_ws_main/install/moveit_ros_occupancy_map_monitor/share/moveit_ros_occupancy_map_monitor/cmake)
-- Found Boost: /usr/lib/x86_64-linux-gnu/cmake/Boost-1.74.0/BoostConfig.cmake (found version "1.74.0") found components: system filesystem date_time program_options thread chrono 
-- Found ament_cmake_gtest: 2.0.6 (/home/jake/ros2_iron/install/ament_cmake_gtest/share/ament_cmake_gtest/cmake)
-- Found gtest sources under '/home/jake/ros2_iron/install/gtest_vendor/src/gtest_vendor': C++ tests using 'Google Test' will be built
-- Found ament_cmake_gtest: 2.0.6 (/home/jake/ros2_iron/install/ament_cmake_gtest/share/ament_cmake_gtest/cmake)
-- Found ament_cmake_gmock: 2.0.6 (/home/jake/ros2_iron/install/ament_cmake_gmock/share/ament_cmake_gmock/cmake)
-- Found ros_testing: 0.5.2 (/home/jake/ros2_iron/install/ros_testing/share/ros_testing/cmake)
-- Found launch_testing_ament_cmake: 2.0.4 (/home/jake/ros2_iron/install/launch_testing_ament_cmake/share/launch_testing_ament_cmake/cmake)
-- Found python_cmake_module: 0.10.2 (/home/jake/ros2_iron/install/python_cmake_module/share/python_cmake_module/cmake)
-- Using PYTHON_EXECUTABLE: /usr/bin/python3
-- Using PYTHON_INCLUDE_DIRS: /usr/include/python3.10
-- Using PYTHON_LIBRARIES: /usr/lib/x86_64-linux-gnu/libpython3.10.so
-- Found gmock sources under '/home/jake/ros2_iron/install/gmock_vendor/src/gmock_vendor': C++ tests using 'Google Mock' will be built
-- Found gtest sources under '/home/jake/ros2_iron/install/gtest_vendor/src/gtest_vendor': C++ tests using 'Google Test' will be built
-- Found launch_testing_ament_cmake: 2.0.4 (/home/jake/ros2_iron/install/launch_testing_ament_cmake/share/launch_testing_ament_cmake/cmake)
-- Found python_cmake_module: 0.10.2 (/home/jake/ros2_iron/install/python_cmake_module/share/python_cmake_module/cmake)
-- Using PYTHON_EXECUTABLE: /usr/bin/python3
-- Using PYTHON_INCLUDE_DIRS: /usr/include/python3.10
-- Using PYTHON_LIBRARIES: /usr/lib/x86_64-linux-gnu/libpython3.10.so
-- Configuring done
-- Generating done
-- Build files have been written to: /home/jake/moveit2_ws_main/build/moveit_ros_planning
[35m[1mConsolidate compiler generated dependencies of target srdf_publisher[0m
[35m[1mConsolidate compiler generated dependencies of target gtest_main[0m
[35m[1mConsolidate compiler generated dependencies of target gtest[0m
[35m[1mConsolidate compiler generated dependencies of target gmock[0m
[35m[1mConsolidate compiler generated dependencies of target moveit_rdf_loader[0m
[35m[1mConsolidate compiler generated dependencies of target moveit_collision_plugin_loader[0m
[35m[1mConsolidate compiler generated dependencies of target moveit_pipeline_test_plugins[0m
[35m[1mConsolidate compiler generated dependencies of target gmock_main[0m
[  1%] Built target planning_pipeline_parameters
[  2%] Built target default_request_adapter_parameters
[  3%] Built target kinematics_parameters
[  4%] Built target default_response_adapter_parameters
[  7%] [32mBuilding CXX object gtest/CMakeFiles/gtest.dir/src/gtest-all.cc.o[0m
[  6%] [32mBuilding CXX object gtest/CMakeFiles/gtest_main.dir/src/gtest_main.cc.o[0m
[  8%] [32mBuilding CXX object gmock/CMakeFiles/gmock.dir/home/jake/ros2_iron/install/gtest_vendor/src/gtest_vendor/src/gtest-all.cc.o[0m
[  9%] [32mBuilding CXX object CMakeFiles/srdf_publisher.dir/rclcpp_components/node_main_srdf_publisher.cpp.o[0m
[ 10%] [32mBuilding CXX object gmock/CMakeFiles/gmock_main.dir/src/gmock_main.cc.o[0m
[ 12%] [32mBuilding CXX object rdf_loader/CMakeFiles/moveit_rdf_loader.dir/src/rdf_loader.cpp.o[0m
[ 13%] [32mBuilding CXX object collision_plugin_loader/CMakeFiles/moveit_collision_plugin_loader.dir/src/collision_plugin_loader.cpp.o[0m
[ 14%] [32mBuilding CXX object planning_pipeline/CMakeFiles/moveit_pipeline_test_plugins.dir/test/planning_pipeline_test_plugins.cpp.o[0m
[ 15%] [32mBuilding CXX object rdf_loader/CMakeFiles/moveit_rdf_loader.dir/src/synchronized_string_parameter.cpp.o[0m
[ 16%] [32mBuilding CXX object gmock/CMakeFiles/gmock.dir/src/gmock-all.cc.o[0m
[35m[1mConsolidate compiler generated dependencies of target srdf_publisher_node[0m
[35m[1mConsolidate compiler generated dependencies of target moveit_planning_pipeline[0m
[ 18%] [32mBuilding CXX object srdf_publisher_node/CMakeFiles/srdf_publisher_node.dir/src/srdf_publisher_node.cpp.o[0m
[ 19%] [32mBuilding CXX object planning_pipeline/CMakeFiles/moveit_planning_pipeline.dir/src/planning_pipeline.cpp.o[0m
[ 20%] [32m[1mLinking CXX static library libgtest_main.a[0m
[ 20%] Built target gtest_main
[ 21%] [32m[1mLinking CXX static library libgmock_main.a[0m
[ 21%] Built target gmock_main
[ 22%] [32m[1mLinking CXX static library libgtest.a[0m
[ 22%] Built target gtest
