-- The C compiler identification is GNU 11.4.0
-- The CXX compiler identification is GNU 11.4.0
-- Detecting C compiler ABI info
-- Detecting C compiler ABI info - done
-- Check for working C compiler: /usr/bin/cc - skipped
-- Detecting C compile features
-- Detecting C compile features - done
-- Detecting CXX compiler ABI info
-- Detecting CXX compiler ABI info - done
-- Check for working CXX compiler: /usr/bin/c++ - skipped
-- Detecting CXX compile features
-- Detecting CXX compile features - done
-- Found ament_cmake: 2.0.6 (/home/jake/ros2_iron/install/ament_cmake/share/ament_cmake/cmake)
-- Found Python3: /usr/bin/python3.10 (found version "3.10.12") found components: Interpreter 
-- Found generate_parameter_library: 0.3.7 (/home/jake/moveit2_ws_main/install/generate_parameter_library/share/generate_parameter_library/cmake)
-- Found parameter_traits: 0.3.7 (/home/jake/moveit2_ws_main/install/parameter_traits/share/parameter_traits/cmake)
-- Found rosidl_generator_c: 4.0.1 (/home/jake/ros2_iron/install/rosidl_generator_c/share/rosidl_generator_c/cmake)
-- Found rosidl_generator_cpp: 4.0.1 (/home/jake/ros2_iron/install/rosidl_generator_cpp/share/rosidl_generator_cpp/cmake)
-- Using all available rosidl_typesupport_c: rosidl_typesupport_introspection_c;rosidl_typesupport_fastrtps_c
-- Using all available rosidl_typesupport_cpp: rosidl_typesupport_introspection_cpp;rosidl_typesupport_fastrtps_cpp
-- Found rmw_implementation_cmake: 7.1.0 (/home/jake/ros2_iron/install/rmw_implementation_cmake/share/rmw_implementation_cmake/cmake)
-- Found rmw_fastrtps_cpp: 7.1.4 (/home/jake/ros2_iron/install/rmw_fastrtps_cpp/share/rmw_fastrtps_cpp/cmake)
-- Found OpenSSL: /usr/lib/x86_64-linux-gnu/libcrypto.so (found version "3.0.2")  
-- Found FastRTPS: /home/jake/ros2_iron/install/fastrtps/include  
-- Using RMW implementation 'rmw_fastrtps_cpp' as default
-- Found rclcpp_lifecycle: 21.0.7 (/home/jake/ros2_iron/install/rclcpp_lifecycle/share/rclcpp_lifecycle/cmake)
-- Found rclcpp_components: 21.0.7 (/home/jake/ros2_iron/install/rclcpp_components/share/rclcpp_components/cmake)
-- Found rclpy: 4.1.6 (/home/jake/ros2_iron/install/rclpy/share/rclpy/cmake)
-- Found ament_lint_auto: 0.14.4 (/home/jake/ros2_iron/install/ament_lint_auto/share/ament_lint_auto/cmake)
-- Found ament_cmake_gtest: 2.0.6 (/home/jake/ros2_iron/install/ament_cmake_gtest/share/ament_cmake_gtest/cmake)
-- Found gtest sources under '/home/jake/ros2_iron/install/gtest_vendor/src/gtest_vendor': C++ tests using 'Google Test' will be built
-- Found gtest sources under '/home/jake/ros2_iron/install/gtest_vendor/src/gtest_vendor': C++ tests using 'Google Test' will be built
-- Found ament_cmake_gmock: 2.0.6 (/home/jake/ros2_iron/install/ament_cmake_gmock/share/ament_cmake_gmock/cmake)
-- Found gmock sources under '/home/jake/ros2_iron/install/gmock_vendor/src/gmock_vendor': C++ tests using 'Google Mock' will be built
-- Found gtest sources under '/home/jake/ros2_iron/install/gtest_vendor/src/gtest_vendor': C++ tests using 'Google Test' will be built
-- Added test 'copyright' to check source files copyright and LICENSE
-- Added test 'cppcheck' to perform static code analysis on C / C++ code
-- Configured cppcheck include dirs: $<BUILD_INTERFACE:/home/jake/moveit2_ws_main/src/generate_parameter_library/example/include>;/home/jake/moveit2_ws_main/src/generate_parameter_library/example/include
-- Configured cppcheck exclude dirs and/or files: 
-- Added test 'lint_cmake' to check CMake code style
-- Added test 'xmllint' to check XML markup files
-- Configuring done
-- Generating done
-- Build files have been written to: /home/jake/moveit2_ws_main/build/generate_parameter_library_example
[  5%] [32mBuilding CXX object CMakeFiles/test_node.dir/rclcpp_components/node_main_test_node.cpp.o[0m
[ 11%] [32mBuilding CXX object gmock/CMakeFiles/gmock.dir/home/jake/ros2_iron/install/gtest_vendor/src/gtest_vendor/src/gtest-all.cc.o[0m
[ 17%] [34m[1mRunning `/usr/bin/cmake -E copy /home/jake/moveit2_ws_main/src/generate_parameter_library/example/include/generate_parameter_library_example/example_validators.hpp /home/jake/moveit2_ws_main/build/generate_parameter_library_example/admittance_controller_parameters/include/example_validators.hpp`[0m
[ 23%] [32mBuilding CXX object gtest/CMakeFiles/gtest.dir/src/gtest-all.cc.o[0m
[ 29%] [32mBuilding CXX object gmock/CMakeFiles/gmock.dir/src/gmock-all.cc.o[0m
[ 35%] [34m[1mRunning `/opt/ros/iron/bin/generate_parameter_library_cpp /home/jake/moveit2_ws_main/build/generate_parameter_library_example/admittance_controller_parameters/include//admittance_controller_parameters.hpp /home/jake/moveit2_ws_main/src/generate_parameter_library/example/src/parameters.yaml example_validators.hpp`[0m
In file included from [01m[K/home/jake/ros2_iron/install/gmock_vendor/src/gmock_vendor/include/gmock/gmock.h:66[m[K,
                 from [01m[K/home/jake/ros2_iron/install/gmock_vendor/src/gmock_vendor/src/gmock-all.cc:39[m[K:
[01m[K/home/jake/ros2_iron/install/gmock_vendor/src/gmock_vendor/include/gmock/gmock-more-actions.h:[m[K In member function ‘[01m[Ktypename testing::internal::Function<F>::Result testing::SetArgRefereeActionP<k, value_type>::gmock_Impl<F>::gmock_PerformImpl(const args_type&, const arg0_type&, const arg1_type&, const arg2_type&, const arg3_type&, const arg4_type&, const arg5_type&, const arg6_type&, const arg7_type&, const arg8_type&, const arg9_type&) const[m[K’:
[01m[K/home/jake/ros2_iron/install/gmock_vendor/src/gmock_vendor/include/gmock/gmock-more-actions.h:104:53:[m[K [01;35m[Kwarning: [m[Kconversion to ‘[01m[Klong unsigned int[m[K’ from ‘[01m[Kint[m[K’ may change the sign of the result [[01;35m[K]8;;https://gcc.gnu.org/onlinedocs/gcc/Warning-Options.html#index-Wsign-conversion-Wsign-conversion]8;;[m[K]
  104 |   typedef typename ::std::tuple_element<k, args_type[01;35m[K>[m[K::type argk_type;
      |                                                     [01;35m[K^[m[K
[ 35%] Built target admittance_controller_parameters
[ 41%] [32mBuilding CXX object CMakeFiles/minimal_publisher.dir/src/minimal_publisher.cpp.o[0m
[ 47%] [32m[1mLinking CXX executable test_node[0m
[ 47%] Built target test_node
[ 52%] [32m[1mLinking CXX static library libgtest.a[0m
[ 52%] Built target gtest
[ 58%] [32mBuilding CXX object CMakeFiles/test_descriptor_gtest.dir/test/descriptor_test_gtest.cpp.o[0m
[ 64%] [32mBuilding CXX object CMakeFiles/test_example_gtest.dir/test/example_test_gtest.cpp.o[0m
[ 70%] [32m[1mLinking CXX static library libgmock.a[0m
[ 70%] Built target gmock
[ 76%] [32mBuilding CXX object CMakeFiles/test_example_gmock.dir/test/example_test_gmock.cpp.o[0m
In file included from [01m[K/home/jake/ros2_iron/install/gmock_vendor/src/gmock_vendor/include/gmock/gmock.h:66[m[K,
                 from [01m[K/home/jake/moveit2_ws_main/src/generate_parameter_library/example/test/example_test_gmock.cpp:33[m[K:
[01m[K/home/jake/ros2_iron/install/gmock_vendor/src/gmock_vendor/include/gmock/gmock-more-actions.h:[m[K In member function ‘[01m[Ktypename testing::internal::Function<F>::Result testing::SetArgRefereeActionP<k, value_type>::gmock_Impl<F>::gmock_PerformImpl(const args_type&, const arg0_type&, const arg1_type&, const arg2_type&, const arg3_type&, const arg4_type&, const arg5_type&, const arg6_type&, const arg7_type&, const arg8_type&, const arg9_type&) const[m[K’:
[01m[K/home/jake/ros2_iron/install/gmock_vendor/src/gmock_vendor/include/gmock/gmock-more-actions.h:104:53:[m[K [01;35m[Kwarning: [m[Kconversion to ‘[01m[Klong unsigned int[m[K’ from ‘[01m[Kint[m[K’ may change the sign of the result [[01;35m[K]8;;https://gcc.gnu.org/onlinedocs/gcc/Warning-Options.html#index-Wsign-conversion-Wsign-conversion]8;;[m[K]
  104 |   typedef typename ::std::tuple_element<k, args_type[01;35m[K>[m[K::type argk_type;
      |                                                     [01;35m[K^[m[K
[ 82%] [32m[1mLinking CXX shared library libminimal_publisher.so[0m
[ 82%] Built target minimal_publisher
[ 88%] [32m[1mLinking CXX executable test_example_gmock[0m
[ 88%] Built target test_example_gmock
[ 94%] [32m[1mLinking CXX executable test_descriptor_gtest[0m
[ 94%] Built target test_descriptor_gtest
[100%] [32m[1mLinking CXX executable test_example_gtest[0m
[100%] Built target test_example_gtest
-- Install configuration: "Release"
-- Installing: /home/jake/moveit2_ws_main/install/generate_parameter_library_example/include/admittance_controller_parameters
-- Installing: /home/jake/moveit2_ws_main/install/generate_parameter_library_example/include/admittance_controller_parameters/example_validators.hpp
-- Installing: /home/jake/moveit2_ws_main/install/generate_parameter_library_example/include/admittance_controller_parameters/admittance_controller_parameters.hpp
-- Installing: /home/jake/moveit2_ws_main/install/generate_parameter_library_example/lib/generate_parameter_library_example/test_node
-- Set runtime path of "/home/jake/moveit2_ws_main/install/generate_parameter_library_example/lib/generate_parameter_library_example/test_node" to ""
-- Installing: /home/jake/moveit2_ws_main/install/generate_parameter_library_example/include/generate_parameter_library_example
-- Installing: /home/jake/moveit2_ws_main/install/generate_parameter_library_example/include/generate_parameter_library_example/generate_parameter_library_example
-- Installing: /home/jake/moveit2_ws_main/install/generate_parameter_library_example/include/generate_parameter_library_example/generate_parameter_library_example/example_validators.hpp
-- Installing: /home/jake/moveit2_ws_main/install/generate_parameter_library_example/include/generate_parameter_library_example/generate_parameter_library_example/minimal_publisher.hpp
-- Installing: /home/jake/moveit2_ws_main/install/generate_parameter_library_example/lib/libminimal_publisher.so
-- Set runtime path of "/home/jake/moveit2_ws_main/install/generate_parameter_library_example/lib/libminimal_publisher.so" to ""
-- Up-to-date: /home/jake/moveit2_ws_main/install/generate_parameter_library_example/lib/generate_parameter_library_example/test_node
-- Installing: /home/jake/moveit2_ws_main/install/generate_parameter_library_example/share/generate_parameter_library_example/environment/library_path.sh
-- Installing: /home/jake/moveit2_ws_main/install/generate_parameter_library_example/share/generate_parameter_library_example/environment/library_path.dsv
-- Installing: /home/jake/moveit2_ws_main/install/generate_parameter_library_example/share/ament_index/resource_index/package_run_dependencies/generate_parameter_library_example
-- Installing: /home/jake/moveit2_ws_main/install/generate_parameter_library_example/share/ament_index/resource_index/parent_prefix_path/generate_parameter_library_example
-- Installing: /home/jake/moveit2_ws_main/install/generate_parameter_library_example/share/generate_parameter_library_example/environment/ament_prefix_path.sh
-- Installing: /home/jake/moveit2_ws_main/install/generate_parameter_library_example/share/generate_parameter_library_example/environment/ament_prefix_path.dsv
-- Installing: /home/jake/moveit2_ws_main/install/generate_parameter_library_example/share/generate_parameter_library_example/environment/path.sh
-- Installing: /home/jake/moveit2_ws_main/install/generate_parameter_library_example/share/generate_parameter_library_example/environment/path.dsv
-- Installing: /home/jake/moveit2_ws_main/install/generate_parameter_library_example/share/generate_parameter_library_example/local_setup.bash
-- Installing: /home/jake/moveit2_ws_main/install/generate_parameter_library_example/share/generate_parameter_library_example/local_setup.sh
-- Installing: /home/jake/moveit2_ws_main/install/generate_parameter_library_example/share/generate_parameter_library_example/local_setup.zsh
-- Installing: /home/jake/moveit2_ws_main/install/generate_parameter_library_example/share/generate_parameter_library_example/local_setup.dsv
-- Installing: /home/jake/moveit2_ws_main/install/generate_parameter_library_example/share/generate_parameter_library_example/package.dsv
-- Installing: /home/jake/moveit2_ws_main/install/generate_parameter_library_example/share/ament_index/resource_index/packages/generate_parameter_library_example
-- Installing: /home/jake/moveit2_ws_main/install/generate_parameter_library_example/share/ament_index/resource_index/rclcpp_components/generate_parameter_library_example
-- Installing: /home/jake/moveit2_ws_main/install/generate_parameter_library_example/share/generate_parameter_library_example/cmake/export_generate_parameter_library_exampleExport.cmake
-- Installing: /home/jake/moveit2_ws_main/install/generate_parameter_library_example/share/generate_parameter_library_example/cmake/export_generate_parameter_library_exampleExport-release.cmake
-- Installing: /home/jake/moveit2_ws_main/install/generate_parameter_library_example/share/generate_parameter_library_example/cmake/ament_cmake_export_targets-extras.cmake
-- Installing: /home/jake/moveit2_ws_main/install/generate_parameter_library_example/share/generate_parameter_library_example/cmake/ament_cmake_export_dependencies-extras.cmake
-- Installing: /home/jake/moveit2_ws_main/install/generate_parameter_library_example/share/generate_parameter_library_example/cmake/generate_parameter_library_exampleConfig.cmake
-- Installing: /home/jake/moveit2_ws_main/install/generate_parameter_library_example/share/generate_parameter_library_example/cmake/generate_parameter_library_exampleConfig-version.cmake
-- Installing: /home/jake/moveit2_ws_main/install/generate_parameter_library_example/share/generate_parameter_library_example/package.xml
