[1.417s] Invoking command in '/home/jake/moveit2_ws_main/src/generate_parameter_library/example_python': AMENT_PREFIX_PATH=/home/jake/moveit2_ws_main/install/generate_parameter_library:/home/jake/moveit2_ws_main/install/parameter_traits:/home/jake/moveit2_ws_main/install/generate_parameter_library_py:${AMENT_PREFIX_PATH} CMAKE_PREFIX_PATH=/home/jake/moveit2_ws_main/install/generate_parameter_library:/home/jake/moveit2_ws_main/install/parameter_traits:${CMAKE_PREFIX_PATH} LD_LIBRARY_PATH=/home/jake/moveit2_ws_main/install/parameter_traits/lib:${LD_LIBRARY_PATH} PATH=/home/jake/moveit2_ws_main/install/generate_parameter_library_py/bin:${PATH} PYTHONPATH=/home/jake/moveit2_ws_main/build/generate_parameter_module_example/prefix_override:/usr/lib/python3/dist-packages/colcon_core/task/python/colcon_distutils_commands:/home/jake/moveit2_ws_main/install/generate_parameter_module_example/lib/python3.10/site-packages:/home/jake/moveit2_ws_main/install/generate_parameter_library_py/lib/python3.10/site-packages:${PYTHONPATH} /usr/bin/python3 -W ignore:setup.py install is deprecated setup.py egg_info --egg-base ../../../build/generate_parameter_module_example build --build-base /home/jake/moveit2_ws_main/build/generate_parameter_module_example/build install --record /home/jake/moveit2_ws_main/build/generate_parameter_module_example/install.log --single-version-externally-managed install_data
[3.444s] running egg_info
[3.444s] writing ../../../build/generate_parameter_module_example/generate_parameter_module_example.egg-info/PKG-INFO
[3.444s] writing dependency_links to ../../../build/generate_parameter_module_example/generate_parameter_module_example.egg-info/dependency_links.txt
[3.445s] writing entry points to ../../../build/generate_parameter_module_example/generate_parameter_module_example.egg-info/entry_points.txt
[3.445s] writing requirements to ../../../build/generate_parameter_module_example/generate_parameter_module_example.egg-info/requires.txt
[3.445s] writing top-level names to ../../../build/generate_parameter_module_example/generate_parameter_module_example.egg-info/top_level.txt
[3.446s] reading manifest file '../../../build/generate_parameter_module_example/generate_parameter_module_example.egg-info/SOURCES.txt'
[3.447s] writing manifest file '../../../build/generate_parameter_module_example/generate_parameter_module_example.egg-info/SOURCES.txt'
[3.447s] running build
[3.448s] running build_py
[3.448s] running install
[3.448s] running install_lib
[3.451s] running install_data
[3.451s] running install_egg_info
[3.456s] removing '/home/jake/moveit2_ws_main/install/generate_parameter_module_example/lib/python3.10/site-packages/generate_parameter_module_example-0.3.7-py3.10.egg-info' (and everything under it)
[3.456s] Copying ../../../build/generate_parameter_module_example/generate_parameter_module_example.egg-info to /home/jake/moveit2_ws_main/install/generate_parameter_module_example/lib/python3.10/site-packages/generate_parameter_module_example-0.3.7-py3.10.egg-info
[3.457s] running install_scripts
[3.483s] Installing test_node script to /home/jake/moveit2_ws_main/install/generate_parameter_module_example/lib/generate_parameter_module_example
[3.483s] writing list of installed files to '/home/jake/moveit2_ws_main/build/generate_parameter_module_example/install.log'
[3.507s] Invoked command in '/home/jake/moveit2_ws_main/src/generate_parameter_library/example_python' returned '0': AMENT_PREFIX_PATH=/home/jake/moveit2_ws_main/install/generate_parameter_library:/home/jake/moveit2_ws_main/install/parameter_traits:/home/jake/moveit2_ws_main/install/generate_parameter_library_py:${AMENT_PREFIX_PATH} CMAKE_PREFIX_PATH=/home/jake/moveit2_ws_main/install/generate_parameter_library:/home/jake/moveit2_ws_main/install/parameter_traits:${CMAKE_PREFIX_PATH} LD_LIBRARY_PATH=/home/jake/moveit2_ws_main/install/parameter_traits/lib:${LD_LIBRARY_PATH} PATH=/home/jake/moveit2_ws_main/install/generate_parameter_library_py/bin:${PATH} PYTHONPATH=/home/jake/moveit2_ws_main/build/generate_parameter_module_example/prefix_override:/usr/lib/python3/dist-packages/colcon_core/task/python/colcon_distutils_commands:/home/jake/moveit2_ws_main/install/generate_parameter_module_example/lib/python3.10/site-packages:/home/jake/moveit2_ws_main/install/generate_parameter_library_py/lib/python3.10/site-packages:${PYTHONPATH} /usr/bin/python3 -W ignore:setup.py install is deprecated setup.py egg_info --egg-base ../../../build/generate_parameter_module_example build --build-base /home/jake/moveit2_ws_main/build/generate_parameter_module_example/build install --record /home/jake/moveit2_ws_main/build/generate_parameter_module_example/install.log --single-version-externally-managed install_data
