[4.229s] Invoking command in '/home/jake/moveit2_ws_main/src/generate_parameter_library/generate_parameter_library_py': PYTHONPATH=/home/jake/moveit2_ws_main/build/generate_parameter_library_py/prefix_override:/usr/lib/python3/dist-packages/colcon_core/task/python/colcon_distutils_commands:/home/jake/moveit2_ws_main/install/generate_parameter_library_py/lib/python3.10/site-packages:${PYTHONPATH} /usr/bin/python3 -W ignore:setup.py install is deprecated setup.py egg_info --egg-base ../../../build/generate_parameter_library_py build --build-base /home/jake/moveit2_ws_main/build/generate_parameter_library_py/build install --record /home/jake/moveit2_ws_main/build/generate_parameter_library_py/install.log --single-version-externally-managed install_data
[5.050s] running egg_info
[5.051s] writing ../../../build/generate_parameter_library_py/generate_parameter_library_py.egg-info/PKG-INFO
[5.051s] writing dependency_links to ../../../build/generate_parameter_library_py/generate_parameter_library_py.egg-info/dependency_links.txt
[5.051s] writing entry points to ../../../build/generate_parameter_library_py/generate_parameter_library_py.egg-info/entry_points.txt
[5.052s] writing requirements to ../../../build/generate_parameter_library_py/generate_parameter_library_py.egg-info/requires.txt
[5.052s] writing top-level names to ../../../build/generate_parameter_library_py/generate_parameter_library_py.egg-info/top_level.txt
[5.056s] reading manifest file '../../../build/generate_parameter_library_py/generate_parameter_library_py.egg-info/SOURCES.txt'
[5.060s] writing manifest file '../../../build/generate_parameter_library_py/generate_parameter_library_py.egg-info/SOURCES.txt'
[5.061s] running build
[5.061s] running build_py
[5.073s] running install
[5.073s] running install_lib
[5.084s] running install_data
[5.084s] running install_egg_info
[5.090s] removing '/home/jake/moveit2_ws_main/install/generate_parameter_library_py/lib/python3.10/site-packages/generate_parameter_library_py-0.3.7-py3.10.egg-info' (and everything under it)
[5.090s] Copying ../../../build/generate_parameter_library_py/generate_parameter_library_py.egg-info to /home/jake/moveit2_ws_main/install/generate_parameter_library_py/lib/python3.10/site-packages/generate_parameter_library_py-0.3.7-py3.10.egg-info
[5.091s] running install_scripts
[5.143s] Installing generate_parameter_library_cpp script to /home/jake/moveit2_ws_main/install/generate_parameter_library_py/bin
[5.143s] Installing generate_parameter_library_markdown script to /home/jake/moveit2_ws_main/install/generate_parameter_library_py/bin
[5.144s] Installing generate_parameter_library_python script to /home/jake/moveit2_ws_main/install/generate_parameter_library_py/bin
[5.144s] writing list of installed files to '/home/jake/moveit2_ws_main/build/generate_parameter_library_py/install.log'
[5.187s] Invoked command in '/home/jake/moveit2_ws_main/src/generate_parameter_library/generate_parameter_library_py' returned '0': PYTHONPATH=/home/jake/moveit2_ws_main/build/generate_parameter_library_py/prefix_override:/usr/lib/python3/dist-packages/colcon_core/task/python/colcon_distutils_commands:/home/jake/moveit2_ws_main/install/generate_parameter_library_py/lib/python3.10/site-packages:${PYTHONPATH} /usr/bin/python3 -W ignore:setup.py install is deprecated setup.py egg_info --egg-base ../../../build/generate_parameter_library_py build --build-base /home/jake/moveit2_ws_main/build/generate_parameter_library_py/build install --record /home/jake/moveit2_ws_main/build/generate_parameter_library_py/install.log --single-version-externally-managed install_data
