[5.276s] Invoking command in '/home/jake/moveit2_ws_main/src/generate_parameter_library/example_python': AMENT_PREFIX_PATH=/home/jake/moveit2_ws_main/install/generate_parameter_library:/home/jake/moveit2_ws_main/install/parameter_traits:/home/jake/moveit2_ws_main/install/generate_parameter_library_py:${AMENT_PREFIX_PATH} CMAKE_PREFIX_PATH=/home/jake/moveit2_ws_main/install/generate_parameter_library:/home/jake/moveit2_ws_main/install/parameter_traits:${CMAKE_PREFIX_PATH} LD_LIBRARY_PATH=/home/jake/moveit2_ws_main/install/parameter_traits/lib:${LD_LIBRARY_PATH} PATH=/home/jake/moveit2_ws_main/install/generate_parameter_library_py/bin:${PATH} PYTHONPATH=/home/jake/moveit2_ws_main/build/generate_parameter_module_example/prefix_override:/usr/lib/python3/dist-packages/colcon_core/task/python/colcon_distutils_commands:/home/jake/moveit2_ws_main/install/generate_parameter_module_example/lib/python3.10/site-packages:/home/jake/moveit2_ws_main/install/generate_parameter_library_py/lib/python3.10/site-packages:${PYTHONPATH} /usr/bin/python3 -W ignore:setup.py install is deprecated setup.py egg_info --egg-base ../../../build/generate_parameter_module_example build --build-base /home/jake/moveit2_ws_main/build/generate_parameter_module_example/build install --record /home/jake/moveit2_ws_main/build/generate_parameter_module_example/install.log --single-version-externally-managed install_data
[13.229s] running egg_info
[13.230s] creating ../../../build/generate_parameter_module_example/generate_parameter_module_example.egg-info
[13.230s] writing ../../../build/generate_parameter_module_example/generate_parameter_module_example.egg-info/PKG-INFO
[13.231s] writing dependency_links to ../../../build/generate_parameter_module_example/generate_parameter_module_example.egg-info/dependency_links.txt
[13.231s] writing entry points to ../../../build/generate_parameter_module_example/generate_parameter_module_example.egg-info/entry_points.txt
[13.231s] writing requirements to ../../../build/generate_parameter_module_example/generate_parameter_module_example.egg-info/requires.txt
[13.232s] writing top-level names to ../../../build/generate_parameter_module_example/generate_parameter_module_example.egg-info/top_level.txt
[13.232s] writing manifest file '../../../build/generate_parameter_module_example/generate_parameter_module_example.egg-info/SOURCES.txt'
[13.251s] reading manifest file '../../../build/generate_parameter_module_example/generate_parameter_module_example.egg-info/SOURCES.txt'
[13.257s] writing manifest file '../../../build/generate_parameter_module_example/generate_parameter_module_example.egg-info/SOURCES.txt'
[13.258s] running build
[13.258s] running build_py
[13.259s] creating /home/jake/moveit2_ws_main/build/generate_parameter_module_example/build
[13.261s] creating /home/jake/moveit2_ws_main/build/generate_parameter_module_example/build/lib
[13.262s] creating /home/jake/moveit2_ws_main/build/generate_parameter_module_example/build/lib/generate_parameter_module_example
[13.263s] copying generate_parameter_module_example/custom_validation.py -> /home/jake/moveit2_ws_main/build/generate_parameter_module_example/build/lib/generate_parameter_module_example
[13.263s] copying generate_parameter_module_example/__init__.py -> /home/jake/moveit2_ws_main/build/generate_parameter_module_example/build/lib/generate_parameter_module_example
[13.263s] copying generate_parameter_module_example/minimal_publisher.py -> /home/jake/moveit2_ws_main/build/generate_parameter_module_example/build/lib/generate_parameter_module_example
[13.267s] running install
[13.268s] running install_lib
[13.272s] copying /home/jake/moveit2_ws_main/build/generate_parameter_module_example/build/lib/generate_parameter_module_example/custom_validation.py -> /home/jake/moveit2_ws_main/install/generate_parameter_module_example/lib/python3.10/site-packages/generate_parameter_module_example
[13.275s] copying /home/jake/moveit2_ws_main/build/generate_parameter_module_example/build/lib/generate_parameter_module_example/__init__.py -> /home/jake/moveit2_ws_main/install/generate_parameter_module_example/lib/python3.10/site-packages/generate_parameter_module_example
[13.275s] copying /home/jake/moveit2_ws_main/build/generate_parameter_module_example/build/lib/generate_parameter_module_example/minimal_publisher.py -> /home/jake/moveit2_ws_main/install/generate_parameter_module_example/lib/python3.10/site-packages/generate_parameter_module_example
[13.287s] byte-compiling /home/jake/moveit2_ws_main/install/generate_parameter_module_example/lib/python3.10/site-packages/generate_parameter_module_example/custom_validation.py to custom_validation.cpython-310.pyc
[13.288s] byte-compiling /home/jake/moveit2_ws_main/install/generate_parameter_module_example/lib/python3.10/site-packages/generate_parameter_module_example/__init__.py to __init__.cpython-310.pyc
[13.292s] byte-compiling /home/jake/moveit2_ws_main/install/generate_parameter_module_example/lib/python3.10/site-packages/generate_parameter_module_example/minimal_publisher.py to minimal_publisher.cpython-310.pyc
[13.293s] running install_data
[13.294s] creating /home/jake/moveit2_ws_main/install/generate_parameter_module_example/share/ament_index
[13.294s] creating /home/jake/moveit2_ws_main/install/generate_parameter_module_example/share/ament_index/resource_index
[13.295s] creating /home/jake/moveit2_ws_main/install/generate_parameter_module_example/share/ament_index/resource_index/packages
[13.295s] copying resource/generate_parameter_module_example -> /home/jake/moveit2_ws_main/install/generate_parameter_module_example/share/ament_index/resource_index/packages
[13.295s] copying package.xml -> /home/jake/moveit2_ws_main/install/generate_parameter_module_example/share/generate_parameter_module_example
[13.296s] running install_egg_info
[13.330s] Copying ../../../build/generate_parameter_module_example/generate_parameter_module_example.egg-info to /home/jake/moveit2_ws_main/install/generate_parameter_module_example/lib/python3.10/site-packages/generate_parameter_module_example-0.3.7-py3.10.egg-info
[13.333s] running install_scripts
[13.474s] Installing test_node script to /home/jake/moveit2_ws_main/install/generate_parameter_module_example/lib/generate_parameter_module_example
[13.474s] writing list of installed files to '/home/jake/moveit2_ws_main/build/generate_parameter_module_example/install.log'
[13.631s] Invoked command in '/home/jake/moveit2_ws_main/src/generate_parameter_library/example_python' returned '0': AMENT_PREFIX_PATH=/home/jake/moveit2_ws_main/install/generate_parameter_library:/home/jake/moveit2_ws_main/install/parameter_traits:/home/jake/moveit2_ws_main/install/generate_parameter_library_py:${AMENT_PREFIX_PATH} CMAKE_PREFIX_PATH=/home/jake/moveit2_ws_main/install/generate_parameter_library:/home/jake/moveit2_ws_main/install/parameter_traits:${CMAKE_PREFIX_PATH} LD_LIBRARY_PATH=/home/jake/moveit2_ws_main/install/parameter_traits/lib:${LD_LIBRARY_PATH} PATH=/home/jake/moveit2_ws_main/install/generate_parameter_library_py/bin:${PATH} PYTHONPATH=/home/jake/moveit2_ws_main/build/generate_parameter_module_example/prefix_override:/usr/lib/python3/dist-packages/colcon_core/task/python/colcon_distutils_commands:/home/jake/moveit2_ws_main/install/generate_parameter_module_example/lib/python3.10/site-packages:/home/jake/moveit2_ws_main/install/generate_parameter_library_py/lib/python3.10/site-packages:${PYTHONPATH} /usr/bin/python3 -W ignore:setup.py install is deprecated setup.py egg_info --egg-base ../../../build/generate_parameter_module_example build --build-base /home/jake/moveit2_ws_main/build/generate_parameter_module_example/build install --record /home/jake/moveit2_ws_main/build/generate_parameter_module_example/install.log --single-version-externally-managed install_data
