-- The C compiler identification is GNU 11.4.0
-- The CXX compiler identification is GNU 11.4.0
-- Detecting C compiler ABI info
-- Detecting C compiler ABI info - done
-- Check for working C compiler: /usr/bin/cc - skipped
-- Detecting C compile features
-- Detecting C compile features - done
-- Detecting CXX compiler ABI info
-- Detecting CXX compiler ABI info - done
-- Check for working CXX compiler: /usr/bin/c++ - skipped
-- Detecting CXX compile features
-- Detecting CXX compile features - done
-- Found ament_cmake: 2.0.6 (/home/jake/ros2_iron/install/ament_cmake/share/ament_cmake/cmake)
-- Found Python3: /usr/bin/python3.10 (found version "3.10.12") found components: Interpreter 
-- Found moveit_ros_planning_interface: 2.11.0 (/home/jake/moveit2_ws_main/install/moveit_ros_planning_interface/share/moveit_ros_planning_interface/cmake)
-- Found Boost: /usr/lib/x86_64-linux-gnu/cmake/Boost-1.74.0/BoostConfig.cmake (found version "1.74.0") found components: date_time filesystem program_options system thread 
-- Found rosidl_generator_c: 4.0.1 (/home/jake/ros2_iron/install/rosidl_generator_c/share/rosidl_generator_c/cmake)
-- Found rosidl_generator_cpp: 4.0.1 (/home/jake/ros2_iron/install/rosidl_generator_cpp/share/rosidl_generator_cpp/cmake)
-- Using all available rosidl_typesupport_c: rosidl_typesupport_introspection_c;rosidl_typesupport_fastrtps_c
-- Using all available rosidl_typesupport_cpp: rosidl_typesupport_introspection_cpp;rosidl_typesupport_fastrtps_cpp
-- Found Boost: /usr/lib/x86_64-linux-gnu/cmake/Boost-1.74.0/BoostConfig.cmake (found version "1.74.0") found components: chrono date_time filesystem iostreams program_options regex serialization system thread 
-- Found parameter_traits: 0.3.7 (/home/jake/moveit2_ws_main/install/parameter_traits/share/parameter_traits/cmake)
-- Found rmw_implementation_cmake: 7.1.0 (/home/jake/ros2_iron/install/rmw_implementation_cmake/share/rmw_implementation_cmake/cmake)
-- Found rmw_fastrtps_cpp: 7.1.4 (/home/jake/ros2_iron/install/rmw_fastrtps_cpp/share/rmw_fastrtps_cpp/cmake)
-- Found OpenSSL: /usr/lib/x86_64-linux-gnu/libcrypto.so (found version "3.0.2")  
-- Found FastRTPS: /home/jake/ros2_iron/install/fastrtps/include  
-- Using RMW implementation 'rmw_fastrtps_cpp' as default
-- Found Eigen3: TRUE (found version "3.4.0") 
-- Found rclcpp_lifecycle: 21.0.7 (/home/jake/ros2_iron/install/rclcpp_lifecycle/share/rclcpp_lifecycle/cmake)
-- Found Boost: /usr/lib/x86_64-linux-gnu/cmake/Boost-1.74.0/BoostConfig.cmake (found version "1.74.0") found components: filesystem 
-- library: /usr/lib/x86_64-linux-gnu/libcurl.so
-- Ensuring Eigen3 include directory is part of orocos-kdl CMake target
-- Found Boost: /usr/lib/x86_64-linux-gnu/cmake/Boost-1.74.0/BoostConfig.cmake (found version "1.74.0") found components: system filesystem date_time program_options thread chrono 
-- Found Boost: /usr/lib/x86_64-linux-gnu/cmake/Boost-1.74.0/BoostConfig.cmake (found version "1.74.0") found components: thread system filesystem regex date_time program_options 
-- Found Boost: /usr/lib/x86_64-linux-gnu/cmake/Boost-1.74.0/BoostConfig.cmake (found version "1.74.0") found components: system filesystem date_time program_options thread 
-- Found ament_lint_auto: 0.14.4 (/home/jake/ros2_iron/install/ament_lint_auto/share/ament_lint_auto/cmake)
-- Added test 'cppcheck' to perform static code analysis on C / C++ code
-- Configured cppcheck include dirs: $<BUILD_INTERFACE:/home/jake/moveit2_ws_main/src/hello_moveit/include>
-- Configured cppcheck exclude dirs and/or files: 
-- Added test 'lint_cmake' to check CMake code style
-- Added test 'uncrustify' to check C / C++ code style
-- Configured uncrustify additional arguments: 
-- Added test 'xmllint' to check XML markup files
-- Configuring done
-- Generating done
-- Build files have been written to: /home/jake/moveit2_ws_main/build/hello_moveit
[ 50%] [32mBuilding CXX object CMakeFiles/hello_moveit.dir/src/hello_moveit.cpp.o[0m
[100%] [32m[1mLinking CXX executable hello_moveit[0m
[100%] Built target hello_moveit
-- Install configuration: "Release"
-- Installing: /home/jake/moveit2_ws_main/install/hello_moveit/lib/hello_moveit/hello_moveit
-- Set runtime path of "/home/jake/moveit2_ws_main/install/hello_moveit/lib/hello_moveit/hello_moveit" to ""
-- Installing: /home/jake/moveit2_ws_main/install/hello_moveit/share/ament_index/resource_index/package_run_dependencies/hello_moveit
-- Installing: /home/jake/moveit2_ws_main/install/hello_moveit/share/ament_index/resource_index/parent_prefix_path/hello_moveit
-- Installing: /home/jake/moveit2_ws_main/install/hello_moveit/share/hello_moveit/environment/ament_prefix_path.sh
-- Installing: /home/jake/moveit2_ws_main/install/hello_moveit/share/hello_moveit/environment/ament_prefix_path.dsv
-- Installing: /home/jake/moveit2_ws_main/install/hello_moveit/share/hello_moveit/environment/path.sh
-- Installing: /home/jake/moveit2_ws_main/install/hello_moveit/share/hello_moveit/environment/path.dsv
-- Installing: /home/jake/moveit2_ws_main/install/hello_moveit/share/hello_moveit/local_setup.bash
-- Installing: /home/jake/moveit2_ws_main/install/hello_moveit/share/hello_moveit/local_setup.sh
-- Installing: /home/jake/moveit2_ws_main/install/hello_moveit/share/hello_moveit/local_setup.zsh
-- Installing: /home/jake/moveit2_ws_main/install/hello_moveit/share/hello_moveit/local_setup.dsv
-- Installing: /home/jake/moveit2_ws_main/install/hello_moveit/share/hello_moveit/package.dsv
-- Installing: /home/jake/moveit2_ws_main/install/hello_moveit/share/ament_index/resource_index/packages/hello_moveit
-- Installing: /home/jake/moveit2_ws_main/install/hello_moveit/share/hello_moveit/cmake/hello_moveitConfig.cmake
-- Installing: /home/jake/moveit2_ws_main/install/hello_moveit/share/hello_moveit/cmake/hello_moveitConfig-version.cmake
-- Installing: /home/jake/moveit2_ws_main/install/hello_moveit/share/hello_moveit/package.xml
