[35m[1mConsolidate compiler generated dependencies of target gmock[0m
[35m[1mConsolidate compiler generated dependencies of target moveit_rdf_loader[0m
[35m[1mConsolidate compiler generated dependencies of target moveit_pipeline_test_plugins[0m
[  1%] Built target default_request_adapter_parameters
[  3%] Built target planning_pipeline_parameters
[  6%] Built target gtest
[  3%] Built target default_response_adapter_parameters
[  8%] Built target gtest_main
[ 10%] Built target srdf_publisher
[ 14%] Built target gmock
[ 16%] Built target gmock_main
[ 19%] Built target moveit_collision_plugin_loader
[ 20%] Built target kinematics_parameters
[ 24%] Built target moveit_rdf_loader
[35m[1mConsolidate compiler generated dependencies of target moveit_planning_pipeline[0m
[35m[1mConsolidate compiler generated dependencies of target srdf_publisher_node[0m
[ 26%] Built target moveit_pipeline_test_plugins
[35m[1mConsolidate compiler generated dependencies of target moveit_default_planning_response_adapter_plugins[0m
[35m[1mConsolidate compiler generated dependencies of target moveit_default_planning_request_adapter_plugins[0m
[35m[1mConsolidate compiler generated dependencies of target moveit_kinematics_plugin_loader[0m
[35m[1mConsolidate compiler generated dependencies of target moveit_constraint_sampler_manager_loader[0m
[ 28%] Built target srdf_publisher_node
[ 31%] Built target moveit_planning_pipeline
[ 33%] Built target moveit_kinematics_plugin_loader
[ 39%] Built target moveit_default_planning_response_adapter_plugins
[ 42%] Built target moveit_constraint_sampler_manager_loader
[ 49%] Built target moveit_default_planning_request_adapter_plugins
[35m[1mConsolidate compiler generated dependencies of target moveit_planning_pipeline_test[0m
[35m[1mConsolidate compiler generated dependencies of target moveit_robot_model_loader[0m
[35m[1mConsolidate compiler generated dependencies of target moveit_planning_pipeline_interfaces[0m
[ 51%] Built target moveit_planning_pipeline_test
[ 54%] Built target moveit_robot_model_loader
[ 60%] Built target moveit_planning_pipeline_interfaces
[35m[1mConsolidate compiler generated dependencies of target moveit_print_planning_model_info[0m
[35m[1mConsolidate compiler generated dependencies of target moveit_planning_scene_monitor[0m
[ 62%] Built target moveit_print_planning_model_info
[ 63%] [32mBuilding CXX object planning_scene_monitor/CMakeFiles/moveit_planning_scene_monitor.dir/src/current_state_monitor.cpp.o[0m
In file included from [01m[K/usr/include/eigen3/Eigen/Core:273[m[K,
                 from [01m[K/usr/include/eigen3/Eigen/Geometry:11[m[K,
                 from [01m[K/home/jake/moveit2_ws_main/install/moveit_core/include/moveit_core/moveit/robot_model/joint_model.h:46[m[K,
                 from [01m[K/home/jake/moveit2_ws_main/install/moveit_core/include/moveit_core/moveit/robot_model/joint_model_group.h:40[m[K,
                 from [01m[K/home/jake/moveit2_ws_main/install/moveit_core/include/moveit_core/moveit/robot_model/robot_model.h:45[m[K,
                 from [01m[K/home/jake/moveit2_ws_main/install/moveit_core/include/moveit_core/moveit/robot_state/robot_state.h:40[m[K,
                 from [01m[K/home/jake/moveit2_ws_main/src/moveit2/moveit_ros/planning/planning_scene_monitor/include/moveit/planning_scene_monitor/current_state_monitor.h:53[m[K,
                 from [01m[K/home/jake/moveit2_ws_main/src/moveit2/moveit_ros/planning/planning_scene_monitor/src/current_state_monitor.cpp:37[m[K:
/usr/include/eigen3/Eigen/src/Core/MatrixBase.h: In instantiation of ‘[01m[Kclass Eigen::MatrixBase<Eigen::CwiseUnaryOp<Eigen::internal::scalar_abs_op<double>, const Eigen::Matrix<double, 3, 3> > >[m[K’:
[01m[K/usr/include/eigen3/Eigen/src/Core/CwiseUnaryOp.h:94:7:[m[K   required from ‘[01m[Kclass Eigen::CwiseUnaryOpImpl<Eigen::internal::scalar_abs_op<double>, const Eigen::Matrix<double, 3, 3>, Eigen::Dense>[m[K’
[01m[K/usr/include/eigen3/Eigen/src/Core/CwiseUnaryOp.h:55:7:[m[K   required from ‘[01m[Kclass Eigen::CwiseUnaryOp<Eigen::internal::scalar_abs_op<double>, const Eigen::Matrix<double, 3, 3> >[m[K’
[01m[K/usr/include/eigen3/Eigen/src/SVD/JacobiSVD.h:679:37:[m[K   required from ‘[01m[KEigen::JacobiSVD<MatrixType, QRPreconditioner>& Eigen::JacobiSVD<MatrixType, QRPreconditioner>::compute(const MatrixType&, unsigned int) [with _MatrixType = Eigen::Matrix<double, 3, 3>; int QRPreconditioner = 2; Eigen::JacobiSVD<MatrixType, QRPreconditioner>::MatrixType = Eigen::Matrix<double, 3, 3>][m[K’
[01m[K/usr/include/eigen3/Eigen/src/SVD/JacobiSVD.h:549:14:[m[K   required from ‘[01m[KEigen::JacobiSVD<MatrixType, QRPreconditioner>::JacobiSVD(const MatrixType&, unsigned int) [with _MatrixType = Eigen::Matrix<double, 3, 3>; int QRPreconditioner = 2; Eigen::JacobiSVD<MatrixType, QRPreconditioner>::MatrixType = Eigen::Matrix<double, 3, 3>][m[K’
[01m[K/usr/include/eigen3/Eigen/src/Geometry/Transform.h:1101:31:[m[K   required from ‘[01m[Kvoid Eigen::Transform<Scalar, Dim, Mode, _Options>::computeRotationScaling(RotationMatrixType*, ScalingMatrixType*) const [with RotationMatrixType = Eigen::Matrix<double, 3, 3>; ScalingMatrixType = Eigen::Matrix<double, 3, 3>; _Scalar = double; int _Dim = 3; int _Mode = 1; int _Options = 0][m[K’
[01m[K/opt/ros/iron/include/geometric_shapes/check_isometry.h:79:35:[m[K   required from here
[01m[K/usr/include/eigen3/Eigen/src/Core/MatrixBase.h:415:88:[m[K [01;31m[Kinternal compiler error: [m[KSegmentation fault
  415 | RYOP_SCALAR_RETURN_TYPE(ConstStartMinusOne,Scalar,quotient) [01;31m[KHNormalizedReturnType[m[K;
      |                                                             [01;31m[K^~~~~~~~~~~~~~~~~~~~~[m[K

0x798adc64251f ???
	./signal/../sysdeps/unix/sysv/linux/x86_64/libc_sigaction.c:0
0x798adc629d8f __libc_start_call_main
	../sysdeps/nptl/libc_start_call_main.h:58
0x798adc629e3f __libc_start_main_impl
	../csu/libc-start.c:392
Please submit a full bug report,
with preprocessed source if appropriate.
Please include the complete backtrace with any bug report.
See <file:///usr/share/doc/gcc-11/README.Bugs> for instructions.
gmake[2]: *** [planning_scene_monitor/CMakeFiles/moveit_planning_scene_monitor.dir/build.make:90: planning_scene_monitor/CMakeFiles/moveit_planning_scene_monitor.dir/src/current_state_monitor.cpp.o] Error 1
gmake[1]: *** [CMakeFiles/Makefile2:1150: planning_scene_monitor/CMakeFiles/moveit_planning_scene_monitor.dir/all] Error 2
gmake: *** [Makefile:146: all] Error 2
