-- The C compiler identification is GNU 11.4.0
-- The CXX compiler identification is GNU 11.4.0
-- Detecting C compiler ABI info
-- Detecting C compiler ABI info - done
-- Check for working C compiler: /usr/bin/cc - skipped
-- Detecting C compile features
-- Detecting C compile features - done
-- Detecting CXX compiler ABI info
-- Detecting CXX compiler ABI info - done
-- Check for working CXX compiler: /usr/bin/c++ - skipped
-- Detecting CXX compile features
-- Detecting CXX compile features - done
-- Found ament_cmake: 2.0.6 (/home/jake/ros2_iron/install/ament_cmake/share/ament_cmake/cmake)
-- Found Python3: /usr/bin/python3.10 (found version "3.10.12") found components: Interpreter 
-- Configuring done
-- Generating done
-- Build files have been written to: /home/jake/moveit2_ws_main/build/moveit_resources_jakes_pendulum_description
-- Install configuration: "Release"
-- Installing: /home/jake/moveit2_ws_main/install/moveit_resources_jakes_pendulum_description/share/ament_index/resource_index/package_run_dependencies/moveit_resources_jakes_pendulum_description
-- Installing: /home/jake/moveit2_ws_main/install/moveit_resources_jakes_pendulum_description/share/ament_index/resource_index/parent_prefix_path/moveit_resources_jakes_pendulum_description
-- Installing: /home/jake/moveit2_ws_main/install/moveit_resources_jakes_pendulum_description/share/moveit_resources_jakes_pendulum_description/environment/ament_prefix_path.sh
-- Installing: /home/jake/moveit2_ws_main/install/moveit_resources_jakes_pendulum_description/share/moveit_resources_jakes_pendulum_description/environment/ament_prefix_path.dsv
-- Installing: /home/jake/moveit2_ws_main/install/moveit_resources_jakes_pendulum_description/share/moveit_resources_jakes_pendulum_description/environment/path.sh
-- Installing: /home/jake/moveit2_ws_main/install/moveit_resources_jakes_pendulum_description/share/moveit_resources_jakes_pendulum_description/environment/path.dsv
-- Installing: /home/jake/moveit2_ws_main/install/moveit_resources_jakes_pendulum_description/share/moveit_resources_jakes_pendulum_description/local_setup.bash
-- Installing: /home/jake/moveit2_ws_main/install/moveit_resources_jakes_pendulum_description/share/moveit_resources_jakes_pendulum_description/local_setup.sh
-- Installing: /home/jake/moveit2_ws_main/install/moveit_resources_jakes_pendulum_description/share/moveit_resources_jakes_pendulum_description/local_setup.zsh
-- Installing: /home/jake/moveit2_ws_main/install/moveit_resources_jakes_pendulum_description/share/moveit_resources_jakes_pendulum_description/local_setup.dsv
-- Installing: /home/jake/moveit2_ws_main/install/moveit_resources_jakes_pendulum_description/share/moveit_resources_jakes_pendulum_description/package.dsv
-- Installing: /home/jake/moveit2_ws_main/install/moveit_resources_jakes_pendulum_description/share/ament_index/resource_index/packages/moveit_resources_jakes_pendulum_description
-- Installing: /home/jake/moveit2_ws_main/install/moveit_resources_jakes_pendulum_description/share/moveit_resources_jakes_pendulum_description/cmake/moveit_resources_jakes_pendulum_descriptionConfig.cmake
-- Installing: /home/jake/moveit2_ws_main/install/moveit_resources_jakes_pendulum_description/share/moveit_resources_jakes_pendulum_description/cmake/moveit_resources_jakes_pendulum_descriptionConfig-version.cmake
-- Installing: /home/jake/moveit2_ws_main/install/moveit_resources_jakes_pendulum_description/share/moveit_resources_jakes_pendulum_description/package.xml
-- Installing: /home/jake/moveit2_ws_main/install/moveit_resources_jakes_pendulum_description/share/moveit_resources_jakes_pendulum_description/urdf
-- Installing: /home/jake/moveit2_ws_main/install/moveit_resources_jakes_pendulum_description/share/moveit_resources_jakes_pendulum_description/urdf/jakes_pendulum.urdf
