[  3%] Built target moveit_servo_lib_parameters
[35m[1mConsolidate compiler generated dependencies of target moveit_servo_lib_cpp[0m
[  7%] [32mBuilding CXX object CMakeFiles/moveit_servo_lib_cpp.dir/src/servo.cpp.o[0m
[ 10%] [32mBuilding CXX object CMakeFiles/moveit_servo_lib_cpp.dir/src/utils/common.cpp.o[0m
[ 14%] [32mBuilding CXX object CMakeFiles/moveit_servo_lib_cpp.dir/src/utils/command.cpp.o[0m
[ 17%] [32m[1mLinking CXX shared library libmoveit_servo_lib_cpp.so[0m
[ 21%] Built target moveit_servo_lib_cpp
[ 25%] [32mBuilding CXX object CMakeFiles/moveit_servo_lib_ros.dir/src/servo_node.cpp.o[0m
[ 28%] [32m[1mLinking CXX shared library libmoveit_servo_lib_ros.so[0m
[ 28%] Built target moveit_servo_lib_ros
[35m[1mConsolidate compiler generated dependencies of target servo_node[0m
[ 35%] Built target servo_node
[ 39%] [32mBuilding CXX object CMakeFiles/demo_joint_jog.dir/demos/cpp_interface/demo_joint_jog.cpp.o[0m
[ 42%] [32m[1mLinking CXX executable demo_joint_jog[0m
[ 42%] Built target demo_joint_jog
[ 46%] [32mBuilding CXX object CMakeFiles/demo_twist.dir/demos/cpp_interface/demo_twist.cpp.o[0m
[ 50%] [32m[1mLinking CXX executable demo_twist[0m
[ 50%] Built target demo_twist
[ 53%] [32mBuilding CXX object CMakeFiles/demo_pose.dir/demos/cpp_interface/demo_pose.cpp.o[0m
[ 57%] [32m[1mLinking CXX executable demo_pose[0m
[ 57%] Built target demo_pose
[35m[1mConsolidate compiler generated dependencies of target servo_keyboard_input[0m
[ 64%] Built target servo_keyboard_input
[35m[1mConsolidate compiler generated dependencies of target gtest_main[0m
[ 71%] Built target gtest_main
[35m[1mConsolidate compiler generated dependencies of target gtest[0m
[ 78%] Built target gtest
[ 82%] [32mBuilding CXX object CMakeFiles/moveit_servo_utils_test.dir/tests/test_utils.cpp.o[0m
[ 85%] [32m[1mLinking CXX executable moveit_servo_utils_test[0m
[ 85%] Built target moveit_servo_utils_test
[ 89%] [32mBuilding CXX object CMakeFiles/moveit_servo_cpp_integration_test.dir/tests/test_integration.cpp.o[0m
[ 92%] [32m[1mLinking CXX executable moveit_servo_cpp_integration_test[0m
[ 92%] Built target moveit_servo_cpp_integration_test
[ 96%] [32mBuilding CXX object CMakeFiles/moveit_servo_ros_integration_test.dir/tests/test_ros_integration.cpp.o[0m
[100%] [32m[1mLinking CXX executable moveit_servo_ros_integration_test[0m
[100%] Built target moveit_servo_ros_integration_test
-- Install configuration: "Release"
-- Installing: /home/jake/moveit2_ws_main/install/moveit_servo/include/moveit_servo_lib_parameters
-- Installing: /home/jake/moveit2_ws_main/install/moveit_servo/include/moveit_servo_lib_parameters/moveit_servo_lib_parameters.hpp
-- Installing: /home/jake/moveit2_ws_main/install/moveit_servo/lib/moveit_servo/servo_node
-- Set runtime path of "/home/jake/moveit2_ws_main/install/moveit_servo/lib/moveit_servo/servo_node" to ""
-- Installing: /home/jake/moveit2_ws_main/install/moveit_servo/lib/libmoveit_servo_lib_cpp.so.2.11.0
-- Set runtime path of "/home/jake/moveit2_ws_main/install/moveit_servo/lib/libmoveit_servo_lib_cpp.so.2.11.0" to ""
-- Installing: /home/jake/moveit2_ws_main/install/moveit_servo/lib/libmoveit_servo_lib_cpp.so
-- Installing: /home/jake/moveit2_ws_main/install/moveit_servo/lib/libmoveit_servo_lib_ros.so.2.11.0
-- Set runtime path of "/home/jake/moveit2_ws_main/install/moveit_servo/lib/libmoveit_servo_lib_ros.so.2.11.0" to ""
-- Installing: /home/jake/moveit2_ws_main/install/moveit_servo/lib/libmoveit_servo_lib_ros.so
-- Installing: /home/jake/moveit2_ws_main/install/moveit_servo/lib/moveit_servo/demo_joint_jog
-- Set runtime path of "/home/jake/moveit2_ws_main/install/moveit_servo/lib/moveit_servo/demo_joint_jog" to ""
-- Installing: /home/jake/moveit2_ws_main/install/moveit_servo/lib/moveit_servo/demo_twist
-- Set runtime path of "/home/jake/moveit2_ws_main/install/moveit_servo/lib/moveit_servo/demo_twist" to ""
-- Installing: /home/jake/moveit2_ws_main/install/moveit_servo/lib/moveit_servo/demo_pose
-- Set runtime path of "/home/jake/moveit2_ws_main/install/moveit_servo/lib/moveit_servo/demo_pose" to ""
-- Up-to-date: /home/jake/moveit2_ws_main/install/moveit_servo/lib/moveit_servo/servo_node
-- Installing: /home/jake/moveit2_ws_main/install/moveit_servo/lib/moveit_servo/servo_keyboard_input
-- Set runtime path of "/home/jake/moveit2_ws_main/install/moveit_servo/lib/moveit_servo/servo_keyboard_input" to ""
-- Installing: /home/jake/moveit2_ws_main/install/moveit_servo/include/moveit_servo
-- Installing: /home/jake/moveit2_ws_main/install/moveit_servo/include/moveit_servo/moveit_servo
-- Installing: /home/jake/moveit2_ws_main/install/moveit_servo/include/moveit_servo/moveit_servo/utils
-- Installing: /home/jake/moveit2_ws_main/install/moveit_servo/include/moveit_servo/moveit_servo/utils/command.hpp
-- Installing: /home/jake/moveit2_ws_main/install/moveit_servo/include/moveit_servo/moveit_servo/utils/datatypes.hpp
-- Installing: /home/jake/moveit2_ws_main/install/moveit_servo/include/moveit_servo/moveit_servo/utils/common.hpp
-- Installing: /home/jake/moveit2_ws_main/install/moveit_servo/include/moveit_servo/moveit_servo/servo_node.hpp
-- Installing: /home/jake/moveit2_ws_main/install/moveit_servo/include/moveit_servo/moveit_servo/servo.hpp
-- Installing: /home/jake/moveit2_ws_main/install/moveit_servo/include/moveit_servo/moveit_servo/collision_monitor.hpp
-- Installing: /home/jake/moveit2_ws_main/install/moveit_servo/share/moveit_servo/launch
-- Installing: /home/jake/moveit2_ws_main/install/moveit_servo/share/moveit_servo/launch/demo_pose.launch.py
-- Installing: /home/jake/moveit2_ws_main/install/moveit_servo/share/moveit_servo/launch/demo_ros_api.launch.py
-- Installing: /home/jake/moveit2_ws_main/install/moveit_servo/share/moveit_servo/launch/demo_twist.launch.py
-- Installing: /home/jake/moveit2_ws_main/install/moveit_servo/share/moveit_servo/launch/demo_joint_jog.launch.py
-- Installing: /home/jake/moveit2_ws_main/install/moveit_servo/share/moveit_servo/config
-- Installing: /home/jake/moveit2_ws_main/install/moveit_servo/share/moveit_servo/config/panda_simulated_config.yaml
-- Installing: /home/jake/moveit2_ws_main/install/moveit_servo/share/moveit_servo/config/demo_rviz_config.rviz
-- Installing: /home/jake/moveit2_ws_main/install/moveit_servo/share/moveit_servo/config/test_config_panda.yaml
-- Installing: /home/jake/moveit2_ws_main/install/moveit_servo/share/moveit_servo/config/servo_parameters.yaml
-- Installing: /home/jake/moveit2_ws_main/install/moveit_servo/share/moveit_servo/config/demo_rviz_config_ros.rviz
-- Installing: /home/jake/moveit2_ws_main/install/moveit_servo/share/moveit_servo/environment/library_path.sh
-- Installing: /home/jake/moveit2_ws_main/install/moveit_servo/share/moveit_servo/environment/library_path.dsv
-- Installing: /home/jake/moveit2_ws_main/install/moveit_servo/share/ament_index/resource_index/package_run_dependencies/moveit_servo
-- Installing: /home/jake/moveit2_ws_main/install/moveit_servo/share/ament_index/resource_index/parent_prefix_path/moveit_servo
-- Installing: /home/jake/moveit2_ws_main/install/moveit_servo/share/moveit_servo/environment/ament_prefix_path.sh
-- Installing: /home/jake/moveit2_ws_main/install/moveit_servo/share/moveit_servo/environment/ament_prefix_path.dsv
-- Installing: /home/jake/moveit2_ws_main/install/moveit_servo/share/moveit_servo/environment/path.sh
-- Installing: /home/jake/moveit2_ws_main/install/moveit_servo/share/moveit_servo/environment/path.dsv
-- Installing: /home/jake/moveit2_ws_main/install/moveit_servo/share/moveit_servo/local_setup.bash
-- Installing: /home/jake/moveit2_ws_main/install/moveit_servo/share/moveit_servo/local_setup.sh
-- Installing: /home/jake/moveit2_ws_main/install/moveit_servo/share/moveit_servo/local_setup.zsh
-- Installing: /home/jake/moveit2_ws_main/install/moveit_servo/share/moveit_servo/local_setup.dsv
-- Installing: /home/jake/moveit2_ws_main/install/moveit_servo/share/moveit_servo/package.dsv
-- Installing: /home/jake/moveit2_ws_main/install/moveit_servo/share/ament_index/resource_index/packages/moveit_servo
-- Installing: /home/jake/moveit2_ws_main/install/moveit_servo/share/ament_index/resource_index/rclcpp_components/moveit_servo
-- Installing: /home/jake/moveit2_ws_main/install/moveit_servo/share/moveit_servo/cmake/moveit_servoTargetsExport.cmake
-- Installing: /home/jake/moveit2_ws_main/install/moveit_servo/share/moveit_servo/cmake/moveit_servoTargetsExport-release.cmake
-- Installing: /home/jake/moveit2_ws_main/install/moveit_servo/share/moveit_servo/cmake/ament_cmake_export_targets-extras.cmake
-- Installing: /home/jake/moveit2_ws_main/install/moveit_servo/share/moveit_servo/cmake/ament_cmake_export_dependencies-extras.cmake
-- Installing: /home/jake/moveit2_ws_main/install/moveit_servo/share/moveit_servo/cmake/moveit_servoConfig.cmake
-- Installing: /home/jake/moveit2_ws_main/install/moveit_servo/share/moveit_servo/cmake/moveit_servoConfig-version.cmake
-- Installing: /home/jake/moveit2_ws_main/install/moveit_servo/share/moveit_servo/package.xml
