-- The CXX compiler identification is GNU 11.4.0
-- Detecting CXX compiler ABI info
-- Detecting CXX compiler ABI info - done
-- Check for working CXX compiler: /usr/bin/c++ - skipped
-- Detecting CXX compile features
-- Detecting CXX compile features - done
-- Found moveit_common: 2.11.0 (/home/jake/moveit2_ws_main/install/moveit_common/share/moveit_common/cmake)
-- Found ament_cmake: 2.0.6 (/home/jake/ros2_iron/install/ament_cmake/share/ament_cmake/cmake)
-- Found Python3: /usr/bin/python3.10 (found version "3.10.12") found components: Interpreter 
-- Found moveit_msgs: 2.6.0 (/home/jake/moveit2_ws_main/install/moveit_msgs/share/moveit_msgs/cmake)
-- Found rosidl_generator_c: 4.0.1 (/home/jake/ros2_iron/install/rosidl_generator_c/share/rosidl_generator_c/cmake)
-- Found rosidl_generator_cpp: 4.0.1 (/home/jake/ros2_iron/install/rosidl_generator_cpp/share/rosidl_generator_cpp/cmake)
-- Using all available rosidl_typesupport_c: rosidl_typesupport_introspection_c;rosidl_typesupport_fastrtps_c
-- Using all available rosidl_typesupport_cpp: rosidl_typesupport_introspection_cpp;rosidl_typesupport_fastrtps_cpp
-- Found moveit_core: 2.11.0 (/home/jake/moveit2_ws_main/install/moveit_core/share/moveit_core/cmake)
-- Found Boost: /usr/lib/x86_64-linux-gnu/cmake/Boost-1.74.0/BoostConfig.cmake (found version "1.74.0") found components: chrono date_time filesystem iostreams program_options regex serialization system thread 
-- Found parameter_traits: 0.3.7 (/home/jake/moveit2_ws_main/install/parameter_traits/share/parameter_traits/cmake)
-- Found rmw_implementation_cmake: 7.1.0 (/home/jake/ros2_iron/install/rmw_implementation_cmake/share/rmw_implementation_cmake/cmake)
-- Found rmw_fastrtps_cpp: 7.1.4 (/home/jake/ros2_iron/install/rmw_fastrtps_cpp/share/rmw_fastrtps_cpp/cmake)
-- Found OpenSSL: /usr/lib/x86_64-linux-gnu/libcrypto.so (found version "3.0.2")  
-- Found FastRTPS: /home/jake/ros2_iron/install/fastrtps/include  
-- Using RMW implementation 'rmw_fastrtps_cpp' as default
-- Found Eigen3: TRUE (found version "3.4.0") 
-- Found rclcpp_lifecycle: 21.0.7 (/home/jake/ros2_iron/install/rclcpp_lifecycle/share/rclcpp_lifecycle/cmake)
-- Found Boost: /usr/lib/x86_64-linux-gnu/cmake/Boost-1.74.0/BoostConfig.cmake (found version "1.74.0") found components: filesystem 
-- library: /usr/lib/x86_64-linux-gnu/libcurl.so
-- Ensuring Eigen3 include directory is part of orocos-kdl CMake target
-- Found moveit_ros_planning: 2.11.0 (/home/jake/moveit2_ws_main/install/moveit_ros_planning/share/moveit_ros_planning/cmake)
-- Found Boost: /usr/lib/x86_64-linux-gnu/cmake/Boost-1.74.0/BoostConfig.cmake (found version "1.74.0") found components: system filesystem date_time program_options thread chrono 
-- Found moveit_ros_warehouse: 2.11.0 (/home/jake/moveit2_ws_main/install/moveit_ros_warehouse/share/moveit_ros_warehouse/cmake)
-- Found Boost: /usr/lib/x86_64-linux-gnu/cmake/Boost-1.74.0/BoostConfig.cmake (found version "1.74.0") found components: thread system filesystem regex date_time program_options 
-- Found moveit_ros_move_group: 2.11.0 (/home/jake/moveit2_ws_main/install/moveit_ros_move_group/share/moveit_ros_move_group/cmake)
-- Found Boost: /usr/lib/x86_64-linux-gnu/cmake/Boost-1.74.0/BoostConfig.cmake (found version "1.74.0") found components: system filesystem date_time program_options thread 
-- Performing Test COMPILER_HAS_HIDDEN_VISIBILITY
-- Performing Test COMPILER_HAS_HIDDEN_VISIBILITY - Success
-- Performing Test COMPILER_HAS_HIDDEN_INLINE_VISIBILITY
-- Performing Test COMPILER_HAS_HIDDEN_INLINE_VISIBILITY - Success
-- Performing Test COMPILER_HAS_DEPRECATED_ATTR
-- Performing Test COMPILER_HAS_DEPRECATED_ATTR - Success
-- Found ament_cmake_gtest: 2.0.6 (/home/jake/ros2_iron/install/ament_cmake_gtest/share/ament_cmake_gtest/cmake)
-- Found ros_testing: 0.5.2 (/home/jake/ros2_iron/install/ros_testing/share/ros_testing/cmake)
-- Found launch_testing_ament_cmake: 2.0.4 (/home/jake/ros2_iron/install/launch_testing_ament_cmake/share/launch_testing_ament_cmake/cmake)
-- Found python_cmake_module: 0.10.2 (/home/jake/ros2_iron/install/python_cmake_module/share/python_cmake_module/cmake)
-- Found PythonInterp: /usr/bin/python3 (found suitable version "3.10.12", minimum required is "3.6") 
-- Found PythonLibs: /usr/lib/x86_64-linux-gnu/libpython3.10.so (found suitable version "3.10.12", minimum required is "3.5") 
-- Using PYTHON_EXECUTABLE: /usr/bin/python3
-- Using PYTHON_INCLUDE_DIRS: /usr/include/python3.10
-- Using PYTHON_LIBRARIES: /usr/lib/x86_64-linux-gnu/libpython3.10.so
-- Found PythonExtra: .so  
-- Configuring done
-- Generating done
-- Build files have been written to: /home/jake/moveit2_ws_main/build/moveit_ros_planning_interface
[ 33%] [32mBuilding CXX object common_planning_interface_objects/CMakeFiles/moveit_common_planning_interface_objects.dir/src/common_objects.cpp.o[0m
[ 33%] [32mBuilding CXX object planning_scene_interface/CMakeFiles/moveit_planning_scene_interface.dir/src/planning_scene_interface.cpp.o[0m
[ 50%] [32m[1mLinking CXX shared library libmoveit_common_planning_interface_objects.so[0m
[ 50%] Built target moveit_common_planning_interface_objects
[ 66%] [32m[1mLinking CXX shared library libmoveit_planning_scene_interface.so[0m
[ 66%] Built target moveit_planning_scene_interface
[ 83%] [32mBuilding CXX object move_group_interface/CMakeFiles/moveit_move_group_interface.dir/src/move_group_interface.cpp.o[0m
[100%] [32m[1mLinking CXX shared library libmoveit_move_group_interface.so[0m
[100%] Built target moveit_move_group_interface
