[35m[1mConsolidate compiler generated dependencies of target srdf_publisher[0m
[  2%] Built target srdf_publisher
[  3%] [32mBuilding CXX object collision_plugin_loader/CMakeFiles/moveit_collision_plugin_loader.dir/src/collision_plugin_loader.cpp.o[0m
[  4%] [32m[1mLinking CXX shared library libmoveit_collision_plugin_loader.so[0m
[  4%] Built target moveit_collision_plugin_loader
[  6%] [32mBuilding CXX object rdf_loader/CMakeFiles/moveit_rdf_loader.dir/src/rdf_loader.cpp.o[0m
In file included from [01m[K/usr/include/c++/11/bits/move.h:57[m[K,
                 from [01m[K/usr/include/c++/11/bits/stl_pair.h:59[m[K,
                 from [01m[K/usr/include/c++/11/bits/stl_algobase.h:64[m[K,
                 from [01m[K/usr/include/c++/11/memory:63[m[K,
                 from [01m[K/home/jake/moveit2_ws_main/install/moveit_core/include/moveit_core/moveit/macros/declare_ptr.h:37[m[K,
                 from [01m[K/home/jake/moveit2_ws_main/install/moveit_core/include/moveit_core/moveit/macros/class_forward.h:39[m[K,
                 from [01m[K/home/jake/moveit2_ws_main/src/moveit2/moveit_ros/planning/rdf_loader/include/moveit/rdf_loader/rdf_loader.h:39[m[K,
                 from [01m[K/home/jake/moveit2_ws_main/src/moveit2/moveit_ros/planning/rdf_loader/src/rdf_loader.cpp:38[m[K:
/usr/include/c++/11/type_traits: In instantiation of ‘[01m[Kstruct std::__is_nt_destructible_impl<std::pair<const std::__cxx11::basic_string<char>, std::__cxx11::basic_string<char> > >[m[K’:
[01m[K/usr/include/c++/11/type_traits:920:12:[m[K   required from ‘[01m[Kstruct std::__is_nt_destructible_safe<std::pair<const std::__cxx11::basic_string<char>, std::__cxx11::basic_string<char> >, false, false>[m[K’
[01m[K/usr/include/c++/11/type_traits:936:12:[m[K   required from ‘[01m[Kstruct std::is_nothrow_destructible<std::pair<const std::__cxx11::basic_string<char>, std::__cxx11::basic_string<char> > >[m[K’
[01m[K/usr/include/c++/11/bits/alloc_traits.h:532:41:[m[K   required from ‘[01m[Kstatic void std::allocator_traits<std::allocator<_Tp1> >::destroy(std::allocator_traits<std::allocator<_Tp1> >::allocator_type&, _Up*) [with _Up = std::pair<const std::__cxx11::basic_string<char>, std::__cxx11::basic_string<char> >; _Tp = std::_Rb_tree_node<std::pair<const std::__cxx11::basic_string<char>, std::__cxx11::basic_string<char> > >; std::allocator_traits<std::allocator<_Tp1> >::allocator_type = std::allocator<std::_Rb_tree_node<std::pair<const std::__cxx11::basic_string<char>, std::__cxx11::basic_string<char> > > >][m[K’
[01m[K/usr/include/c++/11/bits/stl_tree.h:623:24:[m[K   required from ‘[01m[Kvoid std::_Rb_tree<_Key, _Val, _KeyOfValue, _Compare, _Alloc>::_M_destroy_node(std::_Rb_tree<_Key, _Val, _KeyOfValue, _Compare, _Alloc>::_Link_type) [with _Key = std::__cxx11::basic_string<char>; _Val = std::pair<const std::__cxx11::basic_string<char>, std::__cxx11::basic_string<char> >; _KeyOfValue = std::_Select1st<std::pair<const std::__cxx11::basic_string<char>, std::__cxx11::basic_string<char> > >; _Compare = std::less<std::__cxx11::basic_string<char> >; _Alloc = std::allocator<std::pair<const std::__cxx11::basic_string<char>, std::__cxx11::basic_string<char> > >; std::_Rb_tree<_Key, _Val, _KeyOfValue, _Compare, _Alloc>::_Link_type = std::_Rb_tree_node<std::pair<const std::__cxx11::basic_string<char>, std::__cxx11::basic_string<char> > >*][m[K’
[01m[K/usr/include/c++/11/bits/stl_tree.h:631:2:[m[K   required from ‘[01m[Kvoid std::_Rb_tree<_Key, _Val, _KeyOfValue, _Compare, _Alloc>::_M_drop_node(std::_Rb_tree<_Key, _Val, _KeyOfValue, _Compare, _Alloc>::_Link_type) [with _Key = std::__cxx11::basic_string<char>; _Val = std::pair<const std::__cxx11::basic_string<char>, std::__cxx11::basic_string<char> >; _KeyOfValue = std::_Select1st<std::pair<const std::__cxx11::basic_string<char>, std::__cxx11::basic_string<char> > >; _Compare = std::less<std::__cxx11::basic_string<char> >; _Alloc = std::allocator<std::pair<const std::__cxx11::basic_string<char>, std::__cxx11::basic_string<char> > >; std::_Rb_tree<_Key, _Val, _KeyOfValue, _Compare, _Alloc>::_Link_type = std::_Rb_tree_node<std::pair<const std::__cxx11::basic_string<char>, std::__cxx11::basic_string<char> > >*][m[K’
[01m[K/usr/include/c++/11/bits/stl_tree.h:2440:6:[m[K   required from ‘[01m[Kstd::_Rb_tree<_Key, _Val, _KeyOfValue, _Compare, _Alloc>::iterator std::_Rb_tree<_Key, _Val, _KeyOfValue, _Compare, _Alloc>::_M_emplace_hint_unique(std::_Rb_tree<_Key, _Val, _KeyOfValue, _Compare, _Alloc>::const_iterator, _Args&& ...) [with _Args = {const std::piecewise_construct_t&, std::tuple<const std::__cxx11::basic_string<char, std::char_traits<char>, std::allocator<char> >&>, std::tuple<>}; _Key = std::__cxx11::basic_string<char>; _Val = std::pair<const std::__cxx11::basic_string<char>, std::__cxx11::basic_string<char> >; _KeyOfValue = std::_Select1st<std::pair<const std::__cxx11::basic_string<char>, std::__cxx11::basic_string<char> > >; _Compare = std::less<std::__cxx11::basic_string<char> >; _Alloc = std::allocator<std::pair<const std::__cxx11::basic_string<char>, std::__cxx11::basic_string<char> > >; std::_Rb_tree<_Key, _Val, _KeyOfValue, _Compare, _Alloc>::iterator = std::_Rb_tree_iterator<std::pair<const std::__cxx11::basic_string<char>, std::__cxx11::basic_string<char> > >; std::_Rb_tree<_Key, _Val, _KeyOfValue, _Compare, _Alloc>::const_iterator = std::_Rb_tree_const_iterator<std::pair<const std::__cxx11::basic_string<char>, std::__cxx11::basic_string<char> > >][m[K’
[01m[K/usr/include/c++/11/bits/stl_map.h:501:37:[m[K   required from ‘[01m[Kstd::map<_Key, _Tp, _Compare, _Alloc>::mapped_type& std::map<_Key, _Tp, _Compare, _Alloc>::operator[](const key_type&) [with _Key = std::__cxx11::basic_string<char>; _Tp = std::__cxx11::basic_string<char>; _Compare = std::less<std::__cxx11::basic_string<char> >; _Alloc = std::allocator<std::pair<const std::__cxx11::basic_string<char>, std::__cxx11::basic_string<char> > >; std::map<_Key, _Tp, _Compare, _Alloc>::mapped_type = std::__cxx11::basic_string<char>; std::map<_Key, _Tp, _Compare, _Alloc>::key_type = std::__cxx11::basic_string<char>][m[K’
[01m[K/home/jake/ros2_iron/install/urdfdom_headers/include/urdfdom_headers/urdf_model/model.h:153:42:[m[K   required from here
[01m[K/usr/include/c++/11/type_traits:908:5:[m[K [01;31m[Kinternal compiler error: [m[KSegmentation fault
  908 |     [01;31m[K{[m[K
      |     [01;31m[K^[m[K
Please submit a full bug report,
with preprocessed source if appropriate.
See <file:///usr/share/doc/gcc-11/README.Bugs> for instructions.
gmake[2]: *** [rdf_loader/CMakeFiles/moveit_rdf_loader.dir/build.make:76: rdf_loader/CMakeFiles/moveit_rdf_loader.dir/src/rdf_loader.cpp.o] Error 1
gmake[1]: *** [CMakeFiles/Makefile2:1358: rdf_loader/CMakeFiles/moveit_rdf_loader.dir/all] Error 2
gmake: *** [Makefile:146: all] Error 2
