[1.283s] Invoking command in '/home/jake/moveit2_ws_main/src/generate_parameter_library/generate_parameter_library_py': PYTHONPATH=/home/jake/moveit2_ws_main/build/generate_parameter_library_py/prefix_override:/usr/lib/python3/dist-packages/colcon_core/task/python/colcon_distutils_commands:/home/jake/moveit2_ws_main/install/generate_parameter_library_py/lib/python3.10/site-packages:${PYTHONPATH} /usr/bin/python3 -W ignore:setup.py install is deprecated setup.py egg_info --egg-base ../../../build/generate_parameter_library_py build --build-base /home/jake/moveit2_ws_main/build/generate_parameter_library_py/build install --record /home/jake/moveit2_ws_main/build/generate_parameter_library_py/install.log --single-version-externally-managed install_data
[1.784s] running egg_info
[1.785s] writing ../../../build/generate_parameter_library_py/generate_parameter_library_py.egg-info/PKG-INFO
[1.785s] writing dependency_links to ../../../build/generate_parameter_library_py/generate_parameter_library_py.egg-info/dependency_links.txt
[1.785s] writing entry points to ../../../build/generate_parameter_library_py/generate_parameter_library_py.egg-info/entry_points.txt
[1.785s] writing requirements to ../../../build/generate_parameter_library_py/generate_parameter_library_py.egg-info/requires.txt
[1.785s] writing top-level names to ../../../build/generate_parameter_library_py/generate_parameter_library_py.egg-info/top_level.txt
[1.788s] reading manifest file '../../../build/generate_parameter_library_py/generate_parameter_library_py.egg-info/SOURCES.txt'
[1.789s] writing manifest file '../../../build/generate_parameter_library_py/generate_parameter_library_py.egg-info/SOURCES.txt'
[1.789s] running build
[1.789s] running build_py
[1.792s] running install
[1.792s] running install_lib
[1.796s] running install_data
[1.796s] running install_egg_info
[1.799s] removing '/home/jake/moveit2_ws_main/install/generate_parameter_library_py/lib/python3.10/site-packages/generate_parameter_library_py-0.3.7-py3.10.egg-info' (and everything under it)
[1.800s] Copying ../../../build/generate_parameter_library_py/generate_parameter_library_py.egg-info to /home/jake/moveit2_ws_main/install/generate_parameter_library_py/lib/python3.10/site-packages/generate_parameter_library_py-0.3.7-py3.10.egg-info
[1.801s] running install_scripts
[1.839s] Installing generate_parameter_library_cpp script to /home/jake/moveit2_ws_main/install/generate_parameter_library_py/bin
[1.839s] Installing generate_parameter_library_markdown script to /home/jake/moveit2_ws_main/install/generate_parameter_library_py/bin
[1.839s] Installing generate_parameter_library_python script to /home/jake/moveit2_ws_main/install/generate_parameter_library_py/bin
[1.839s] writing list of installed files to '/home/jake/moveit2_ws_main/build/generate_parameter_library_py/install.log'
[1.858s] Invoked command in '/home/jake/moveit2_ws_main/src/generate_parameter_library/generate_parameter_library_py' returned '0': PYTHONPATH=/home/jake/moveit2_ws_main/build/generate_parameter_library_py/prefix_override:/usr/lib/python3/dist-packages/colcon_core/task/python/colcon_distutils_commands:/home/jake/moveit2_ws_main/install/generate_parameter_library_py/lib/python3.10/site-packages:${PYTHONPATH} /usr/bin/python3 -W ignore:setup.py install is deprecated setup.py egg_info --egg-base ../../../build/generate_parameter_library_py build --build-base /home/jake/moveit2_ws_main/build/generate_parameter_library_py/build install --record /home/jake/moveit2_ws_main/build/generate_parameter_library_py/install.log --single-version-externally-managed install_data
